<?xml version="1.0" encoding="UTF-8"?>
<testsuite xmlns:xsi="http://www.w3.org/2001/XMLSchema-instance" xsi:noNamespaceSchemaLocation="https://maven.apache.org/surefire/maven-surefire-plugin/xsd/surefire-test-report-3.0.xsd" version="3.0" name="com.omar.database3.controllers.AuthorControllerIntegrationTest" time="17.005" tests="14" errors="0" skipped="0" failures="0">
  <properties>
    <property name="java.specification.version" value="17"/>
    <property name="sun.cpu.isalist" value="amd64"/>
    <property name="sun.jnu.encoding" value="Cp1252"/>
    <property name="java.class.path" value="D:\RestAPI\target\test-classes;D:\RestAPI\target\classes;C:\Users\omars\.m2\repository\org\springframework\boot\spring-boot-starter-data-jpa\3.3.0-M3\spring-boot-starter-data-jpa-3.3.0-M3.jar;C:\Users\omars\.m2\repository\org\springframework\boot\spring-boot-starter-aop\3.3.0-M3\spring-boot-starter-aop-3.3.0-M3.jar;C:\Users\omars\.m2\repository\org\springframework\spring-aop\6.1.5\spring-aop-6.1.5.jar;C:\Users\omars\.m2\repository\org\aspectj\aspectjweaver\1.9.21\aspectjweaver-1.9.21.jar;C:\Users\omars\.m2\repository\org\springframework\boot\spring-boot-starter-jdbc\3.3.0-M3\spring-boot-starter-jdbc-3.3.0-M3.jar;C:\Users\omars\.m2\repository\com\zaxxer\HikariCP\5.1.0\HikariCP-5.1.0.jar;C:\Users\omars\.m2\repository\org\springframework\spring-jdbc\6.1.5\spring-jdbc-6.1.5.jar;C:\Users\omars\.m2\repository\org\hibernate\orm\hibernate-core\6.4.4.Final\hibernate-core-6.4.4.Final.jar;C:\Users\omars\.m2\repository\jakarta\persistence\jakarta.persistence-api\3.1.0\jakarta.persistence-api-3.1.0.jar;C:\Users\omars\.m2\repository\jakarta\transaction\jakarta.transaction-api\2.0.1\jakarta.transaction-api-2.0.1.jar;C:\Users\omars\.m2\repository\org\jboss\logging\jboss-logging\3.5.3.Final\jboss-logging-3.5.3.Final.jar;C:\Users\omars\.m2\repository\org\hibernate\common\hibernate-commons-annotations\6.0.6.Final\hibernate-commons-annotations-6.0.6.Final.jar;C:\Users\omars\.m2\repository\io\smallrye\jandex\3.1.2\jandex-3.1.2.jar;C:\Users\omars\.m2\repository\com\fasterxml\classmate\1.7.0\classmate-1.7.0.jar;C:\Users\omars\.m2\repository\net\bytebuddy\byte-buddy\1.14.12\byte-buddy-1.14.12.jar;C:\Users\omars\.m2\repository\org\glassfish\jaxb\jaxb-runtime\4.0.5\jaxb-runtime-4.0.5.jar;C:\Users\omars\.m2\repository\org\glassfish\jaxb\jaxb-core\4.0.5\jaxb-core-4.0.5.jar;C:\Users\omars\.m2\repository\org\eclipse\angus\angus-activation\2.0.2\angus-activation-2.0.2.jar;C:\Users\omars\.m2\repository\org\glassfish\jaxb\txw2\4.0.5\txw2-4.0.5.jar;C:\Users\omars\.m2\repository\com\sun\istack\istack-commons-runtime\4.1.2\istack-commons-runtime-4.1.2.jar;C:\Users\omars\.m2\repository\jakarta\inject\jakarta.inject-api\2.0.1\jakarta.inject-api-2.0.1.jar;C:\Users\omars\.m2\repository\org\antlr\antlr4-runtime\4.13.0\antlr4-runtime-4.13.0.jar;C:\Users\omars\.m2\repository\org\springframework\data\spring-data-jpa\3.3.0-M2\spring-data-jpa-3.3.0-M2.jar;C:\Users\omars\.m2\repository\org\springframework\data\spring-data-commons\3.3.0-M2\spring-data-commons-3.3.0-M2.jar;C:\Users\omars\.m2\repository\org\springframework\spring-orm\6.1.5\spring-orm-6.1.5.jar;C:\Users\omars\.m2\repository\org\springframework\spring-context\6.1.5\spring-context-6.1.5.jar;C:\Users\omars\.m2\repository\org\springframework\spring-tx\6.1.5\spring-tx-6.1.5.jar;C:\Users\omars\.m2\repository\org\springframework\spring-beans\6.1.5\spring-beans-6.1.5.jar;C:\Users\omars\.m2\repository\jakarta\annotation\jakarta.annotation-api\2.1.1\jakarta.annotation-api-2.1.1.jar;C:\Users\omars\.m2\repository\org\slf4j\slf4j-api\2.0.12\slf4j-api-2.0.12.jar;C:\Users\omars\.m2\repository\org\springframework\spring-aspects\6.1.5\spring-aspects-6.1.5.jar;C:\Users\omars\.m2\repository\org\springframework\boot\spring-boot-starter-web\3.3.0-M3\spring-boot-starter-web-3.3.0-M3.jar;C:\Users\omars\.m2\repository\org\springframework\boot\spring-boot-starter\3.3.0-M3\spring-boot-starter-3.3.0-M3.jar;C:\Users\omars\.m2\repository\org\springframework\boot\spring-boot\3.3.0-M3\spring-boot-3.3.0-M3.jar;C:\Users\omars\.m2\repository\org\springframework\boot\spring-boot-autoconfigure\3.3.0-M3\spring-boot-autoconfigure-3.3.0-M3.jar;C:\Users\omars\.m2\repository\org\springframework\boot\spring-boot-starter-logging\3.3.0-M3\spring-boot-starter-logging-3.3.0-M3.jar;C:\Users\omars\.m2\repository\ch\qos\logback\logback-classic\1.4.14\logback-classic-1.4.14.jar;C:\Users\omars\.m2\repository\ch\qos\logback\logback-core\1.4.14\logback-core-1.4.14.jar;C:\Users\omars\.m2\repository\org\apache\logging\log4j\log4j-to-slf4j\2.23.1\log4j-to-slf4j-2.23.1.jar;C:\Users\omars\.m2\repository\org\apache\logging\log4j\log4j-api\2.23.1\log4j-api-2.23.1.jar;C:\Users\omars\.m2\repository\org\slf4j\jul-to-slf4j\2.0.12\jul-to-slf4j-2.0.12.jar;C:\Users\omars\.m2\repository\org\yaml\snakeyaml\2.2\snakeyaml-2.2.jar;C:\Users\omars\.m2\repository\org\springframework\boot\spring-boot-starter-json\3.3.0-M3\spring-boot-starter-json-3.3.0-M3.jar;C:\Users\omars\.m2\repository\com\fasterxml\jackson\core\jackson-databind\2.17.0\jackson-databind-2.17.0.jar;C:\Users\omars\.m2\repository\com\fasterxml\jackson\core\jackson-annotations\2.17.0\jackson-annotations-2.17.0.jar;C:\Users\omars\.m2\repository\com\fasterxml\jackson\core\jackson-core\2.17.0\jackson-core-2.17.0.jar;C:\Users\omars\.m2\repository\com\fasterxml\jackson\datatype\jackson-datatype-jdk8\2.17.0\jackson-datatype-jdk8-2.17.0.jar;C:\Users\omars\.m2\repository\com\fasterxml\jackson\datatype\jackson-datatype-jsr310\2.17.0\jackson-datatype-jsr310-2.17.0.jar;C:\Users\omars\.m2\repository\com\fasterxml\jackson\module\jackson-module-parameter-names\2.17.0\jackson-module-parameter-names-2.17.0.jar;C:\Users\omars\.m2\repository\org\springframework\boot\spring-boot-starter-tomcat\3.3.0-M3\spring-boot-starter-tomcat-3.3.0-M3.jar;C:\Users\omars\.m2\repository\org\apache\tomcat\embed\tomcat-embed-core\10.1.19\tomcat-embed-core-10.1.19.jar;C:\Users\omars\.m2\repository\org\apache\tomcat\embed\tomcat-embed-el\10.1.19\tomcat-embed-el-10.1.19.jar;C:\Users\omars\.m2\repository\org\apache\tomcat\embed\tomcat-embed-websocket\10.1.19\tomcat-embed-websocket-10.1.19.jar;C:\Users\omars\.m2\repository\org\springframework\spring-web\6.1.5\spring-web-6.1.5.jar;C:\Users\omars\.m2\repository\io\micrometer\micrometer-observation\1.13.0-M2\micrometer-observation-1.13.0-M2.jar;C:\Users\omars\.m2\repository\io\micrometer\micrometer-commons\1.13.0-M2\micrometer-commons-1.13.0-M2.jar;C:\Users\omars\.m2\repository\org\springframework\spring-webmvc\6.1.5\spring-webmvc-6.1.5.jar;C:\Users\omars\.m2\repository\org\springframework\spring-expression\6.1.5\spring-expression-6.1.5.jar;C:\Users\omars\.m2\repository\org\modelmapper\modelmapper\3.0.0\modelmapper-3.0.0.jar;C:\Users\omars\.m2\repository\org\postgresql\postgresql\42.7.3\postgresql-42.7.3.jar;C:\Users\omars\.m2\repository\org\checkerframework\checker-qual\3.42.0\checker-qual-3.42.0.jar;C:\Users\omars\.m2\repository\org\projectlombok\lombok\1.18.30\lombok-1.18.30.jar;C:\Users\omars\.m2\repository\org\springframework\boot\spring-boot-starter-test\3.3.0-M3\spring-boot-starter-test-3.3.0-M3.jar;C:\Users\omars\.m2\repository\org\springframework\boot\spring-boot-test\3.3.0-M3\spring-boot-test-3.3.0-M3.jar;C:\Users\omars\.m2\repository\org\springframework\boot\spring-boot-test-autoconfigure\3.3.0-M3\spring-boot-test-autoconfigure-3.3.0-M3.jar;C:\Users\omars\.m2\repository\com\jayway\jsonpath\json-path\2.9.0\json-path-2.9.0.jar;C:\Users\omars\.m2\repository\jakarta\xml\bind\jakarta.xml.bind-api\4.0.2\jakarta.xml.bind-api-4.0.2.jar;C:\Users\omars\.m2\repository\jakarta\activation\jakarta.activation-api\2.1.3\jakarta.activation-api-2.1.3.jar;C:\Users\omars\.m2\repository\net\minidev\json-smart\2.5.0\json-smart-2.5.0.jar;C:\Users\omars\.m2\repository\net\minidev\accessors-smart\2.5.0\accessors-smart-2.5.0.jar;C:\Users\omars\.m2\repository\org\ow2\asm\asm\9.3\asm-9.3.jar;C:\Users\omars\.m2\repository\org\assertj\assertj-core\3.25.3\assertj-core-3.25.3.jar;C:\Users\omars\.m2\repository\org\awaitility\awaitility\4.2.0\awaitility-4.2.0.jar;C:\Users\omars\.m2\repository\org\hamcrest\hamcrest\2.2\hamcrest-2.2.jar;C:\Users\omars\.m2\repository\org\junit\jupiter\junit-jupiter\5.10.2\junit-jupiter-5.10.2.jar;C:\Users\omars\.m2\repository\org\junit\jupiter\junit-jupiter-api\5.10.2\junit-jupiter-api-5.10.2.jar;C:\Users\omars\.m2\repository\org\opentest4j\opentest4j\1.3.0\opentest4j-1.3.0.jar;C:\Users\omars\.m2\repository\org\junit\platform\junit-platform-commons\1.10.2\junit-platform-commons-1.10.2.jar;C:\Users\omars\.m2\repository\org\apiguardian\apiguardian-api\1.1.2\apiguardian-api-1.1.2.jar;C:\Users\omars\.m2\repository\org\junit\jupiter\junit-jupiter-params\5.10.2\junit-jupiter-params-5.10.2.jar;C:\Users\omars\.m2\repository\org\junit\jupiter\junit-jupiter-engine\5.10.2\junit-jupiter-engine-5.10.2.jar;C:\Users\omars\.m2\repository\org\junit\platform\junit-platform-engine\1.10.2\junit-platform-engine-1.10.2.jar;C:\Users\omars\.m2\repository\org\mockito\mockito-core\5.11.0\mockito-core-5.11.0.jar;C:\Users\omars\.m2\repository\net\bytebuddy\byte-buddy-agent\1.14.12\byte-buddy-agent-1.14.12.jar;C:\Users\omars\.m2\repository\org\objenesis\objenesis\3.3\objenesis-3.3.jar;C:\Users\omars\.m2\repository\org\mockito\mockito-junit-jupiter\5.11.0\mockito-junit-jupiter-5.11.0.jar;C:\Users\omars\.m2\repository\org\skyscreamer\jsonassert\1.5.1\jsonassert-1.5.1.jar;C:\Users\omars\.m2\repository\com\vaadin\external\google\android-json\0.0.20131108.vaadin1\android-json-0.0.20131108.vaadin1.jar;C:\Users\omars\.m2\repository\org\springframework\spring-core\6.1.5\spring-core-6.1.5.jar;C:\Users\omars\.m2\repository\org\springframework\spring-jcl\6.1.5\spring-jcl-6.1.5.jar;C:\Users\omars\.m2\repository\org\springframework\spring-test\6.1.5\spring-test-6.1.5.jar;C:\Users\omars\.m2\repository\org\xmlunit\xmlunit-core\2.9.1\xmlunit-core-2.9.1.jar;C:\Users\omars\.m2\repository\com\h2database\h2\2.2.224\h2-2.2.224.jar;C:\Users\omars\.m2\repository\junit\junit\4.13.2\junit-4.13.2.jar;C:\Users\omars\.m2\repository\org\hamcrest\hamcrest-core\2.2\hamcrest-core-2.2.jar;"/>
    <property name="java.vm.vendor" value="Oracle Corporation"/>
    <property name="sun.arch.data.model" value="64"/>
    <property name="user.variant" value=""/>
    <property name="java.vendor.url" value="https://java.oracle.com/"/>
    <property name="user.timezone" value="Europe/Budapest"/>
    <property name="org.jboss.logging.provider" value="slf4j"/>
    <property name="os.name" value="Windows 11"/>
    <property name="java.vm.specification.version" value="17"/>
    <property name="sun.java.launcher" value="SUN_STANDARD"/>
    <property name="user.country" value="US"/>
    <property name="sun.boot.library.path" value="C:\Users\omars\tools\jdk-17\bin"/>
    <property name="sun.java.command" value="C:\Users\omars\AppData\Local\Temp\surefire10850048491688905604\surefirebooter-20240520094824940_3.jar C:\Users\omars\AppData\Local\Temp\surefire10850048491688905604 2024-05-20T09-48-24_772-jvmRun1 surefire-20240520094824940_1tmp surefire_0-20240520094824940_2tmp"/>
    <property name="jdk.debug" value="release"/>
    <property name="surefire.test.class.path" value="D:\RestAPI\target\test-classes;D:\RestAPI\target\classes;C:\Users\omars\.m2\repository\org\springframework\boot\spring-boot-starter-data-jpa\3.3.0-M3\spring-boot-starter-data-jpa-3.3.0-M3.jar;C:\Users\omars\.m2\repository\org\springframework\boot\spring-boot-starter-aop\3.3.0-M3\spring-boot-starter-aop-3.3.0-M3.jar;C:\Users\omars\.m2\repository\org\springframework\spring-aop\6.1.5\spring-aop-6.1.5.jar;C:\Users\omars\.m2\repository\org\aspectj\aspectjweaver\1.9.21\aspectjweaver-1.9.21.jar;C:\Users\omars\.m2\repository\org\springframework\boot\spring-boot-starter-jdbc\3.3.0-M3\spring-boot-starter-jdbc-3.3.0-M3.jar;C:\Users\omars\.m2\repository\com\zaxxer\HikariCP\5.1.0\HikariCP-5.1.0.jar;C:\Users\omars\.m2\repository\org\springframework\spring-jdbc\6.1.5\spring-jdbc-6.1.5.jar;C:\Users\omars\.m2\repository\org\hibernate\orm\hibernate-core\6.4.4.Final\hibernate-core-6.4.4.Final.jar;C:\Users\omars\.m2\repository\jakarta\persistence\jakarta.persistence-api\3.1.0\jakarta.persistence-api-3.1.0.jar;C:\Users\omars\.m2\repository\jakarta\transaction\jakarta.transaction-api\2.0.1\jakarta.transaction-api-2.0.1.jar;C:\Users\omars\.m2\repository\org\jboss\logging\jboss-logging\3.5.3.Final\jboss-logging-3.5.3.Final.jar;C:\Users\omars\.m2\repository\org\hibernate\common\hibernate-commons-annotations\6.0.6.Final\hibernate-commons-annotations-6.0.6.Final.jar;C:\Users\omars\.m2\repository\io\smallrye\jandex\3.1.2\jandex-3.1.2.jar;C:\Users\omars\.m2\repository\com\fasterxml\classmate\1.7.0\classmate-1.7.0.jar;C:\Users\omars\.m2\repository\net\bytebuddy\byte-buddy\1.14.12\byte-buddy-1.14.12.jar;C:\Users\omars\.m2\repository\org\glassfish\jaxb\jaxb-runtime\4.0.5\jaxb-runtime-4.0.5.jar;C:\Users\omars\.m2\repository\org\glassfish\jaxb\jaxb-core\4.0.5\jaxb-core-4.0.5.jar;C:\Users\omars\.m2\repository\org\eclipse\angus\angus-activation\2.0.2\angus-activation-2.0.2.jar;C:\Users\omars\.m2\repository\org\glassfish\jaxb\txw2\4.0.5\txw2-4.0.5.jar;C:\Users\omars\.m2\repository\com\sun\istack\istack-commons-runtime\4.1.2\istack-commons-runtime-4.1.2.jar;C:\Users\omars\.m2\repository\jakarta\inject\jakarta.inject-api\2.0.1\jakarta.inject-api-2.0.1.jar;C:\Users\omars\.m2\repository\org\antlr\antlr4-runtime\4.13.0\antlr4-runtime-4.13.0.jar;C:\Users\omars\.m2\repository\org\springframework\data\spring-data-jpa\3.3.0-M2\spring-data-jpa-3.3.0-M2.jar;C:\Users\omars\.m2\repository\org\springframework\data\spring-data-commons\3.3.0-M2\spring-data-commons-3.3.0-M2.jar;C:\Users\omars\.m2\repository\org\springframework\spring-orm\6.1.5\spring-orm-6.1.5.jar;C:\Users\omars\.m2\repository\org\springframework\spring-context\6.1.5\spring-context-6.1.5.jar;C:\Users\omars\.m2\repository\org\springframework\spring-tx\6.1.5\spring-tx-6.1.5.jar;C:\Users\omars\.m2\repository\org\springframework\spring-beans\6.1.5\spring-beans-6.1.5.jar;C:\Users\omars\.m2\repository\jakarta\annotation\jakarta.annotation-api\2.1.1\jakarta.annotation-api-2.1.1.jar;C:\Users\omars\.m2\repository\org\slf4j\slf4j-api\2.0.12\slf4j-api-2.0.12.jar;C:\Users\omars\.m2\repository\org\springframework\spring-aspects\6.1.5\spring-aspects-6.1.5.jar;C:\Users\omars\.m2\repository\org\springframework\boot\spring-boot-starter-web\3.3.0-M3\spring-boot-starter-web-3.3.0-M3.jar;C:\Users\omars\.m2\repository\org\springframework\boot\spring-boot-starter\3.3.0-M3\spring-boot-starter-3.3.0-M3.jar;C:\Users\omars\.m2\repository\org\springframework\boot\spring-boot\3.3.0-M3\spring-boot-3.3.0-M3.jar;C:\Users\omars\.m2\repository\org\springframework\boot\spring-boot-autoconfigure\3.3.0-M3\spring-boot-autoconfigure-3.3.0-M3.jar;C:\Users\omars\.m2\repository\org\springframework\boot\spring-boot-starter-logging\3.3.0-M3\spring-boot-starter-logging-3.3.0-M3.jar;C:\Users\omars\.m2\repository\ch\qos\logback\logback-classic\1.4.14\logback-classic-1.4.14.jar;C:\Users\omars\.m2\repository\ch\qos\logback\logback-core\1.4.14\logback-core-1.4.14.jar;C:\Users\omars\.m2\repository\org\apache\logging\log4j\log4j-to-slf4j\2.23.1\log4j-to-slf4j-2.23.1.jar;C:\Users\omars\.m2\repository\org\apache\logging\log4j\log4j-api\2.23.1\log4j-api-2.23.1.jar;C:\Users\omars\.m2\repository\org\slf4j\jul-to-slf4j\2.0.12\jul-to-slf4j-2.0.12.jar;C:\Users\omars\.m2\repository\org\yaml\snakeyaml\2.2\snakeyaml-2.2.jar;C:\Users\omars\.m2\repository\org\springframework\boot\spring-boot-starter-json\3.3.0-M3\spring-boot-starter-json-3.3.0-M3.jar;C:\Users\omars\.m2\repository\com\fasterxml\jackson\core\jackson-databind\2.17.0\jackson-databind-2.17.0.jar;C:\Users\omars\.m2\repository\com\fasterxml\jackson\core\jackson-annotations\2.17.0\jackson-annotations-2.17.0.jar;C:\Users\omars\.m2\repository\com\fasterxml\jackson\core\jackson-core\2.17.0\jackson-core-2.17.0.jar;C:\Users\omars\.m2\repository\com\fasterxml\jackson\datatype\jackson-datatype-jdk8\2.17.0\jackson-datatype-jdk8-2.17.0.jar;C:\Users\omars\.m2\repository\com\fasterxml\jackson\datatype\jackson-datatype-jsr310\2.17.0\jackson-datatype-jsr310-2.17.0.jar;C:\Users\omars\.m2\repository\com\fasterxml\jackson\module\jackson-module-parameter-names\2.17.0\jackson-module-parameter-names-2.17.0.jar;C:\Users\omars\.m2\repository\org\springframework\boot\spring-boot-starter-tomcat\3.3.0-M3\spring-boot-starter-tomcat-3.3.0-M3.jar;C:\Users\omars\.m2\repository\org\apache\tomcat\embed\tomcat-embed-core\10.1.19\tomcat-embed-core-10.1.19.jar;C:\Users\omars\.m2\repository\org\apache\tomcat\embed\tomcat-embed-el\10.1.19\tomcat-embed-el-10.1.19.jar;C:\Users\omars\.m2\repository\org\apache\tomcat\embed\tomcat-embed-websocket\10.1.19\tomcat-embed-websocket-10.1.19.jar;C:\Users\omars\.m2\repository\org\springframework\spring-web\6.1.5\spring-web-6.1.5.jar;C:\Users\omars\.m2\repository\io\micrometer\micrometer-observation\1.13.0-M2\micrometer-observation-1.13.0-M2.jar;C:\Users\omars\.m2\repository\io\micrometer\micrometer-commons\1.13.0-M2\micrometer-commons-1.13.0-M2.jar;C:\Users\omars\.m2\repository\org\springframework\spring-webmvc\6.1.5\spring-webmvc-6.1.5.jar;C:\Users\omars\.m2\repository\org\springframework\spring-expression\6.1.5\spring-expression-6.1.5.jar;C:\Users\omars\.m2\repository\org\modelmapper\modelmapper\3.0.0\modelmapper-3.0.0.jar;C:\Users\omars\.m2\repository\org\postgresql\postgresql\42.7.3\postgresql-42.7.3.jar;C:\Users\omars\.m2\repository\org\checkerframework\checker-qual\3.42.0\checker-qual-3.42.0.jar;C:\Users\omars\.m2\repository\org\projectlombok\lombok\1.18.30\lombok-1.18.30.jar;C:\Users\omars\.m2\repository\org\springframework\boot\spring-boot-starter-test\3.3.0-M3\spring-boot-starter-test-3.3.0-M3.jar;C:\Users\omars\.m2\repository\org\springframework\boot\spring-boot-test\3.3.0-M3\spring-boot-test-3.3.0-M3.jar;C:\Users\omars\.m2\repository\org\springframework\boot\spring-boot-test-autoconfigure\3.3.0-M3\spring-boot-test-autoconfigure-3.3.0-M3.jar;C:\Users\omars\.m2\repository\com\jayway\jsonpath\json-path\2.9.0\json-path-2.9.0.jar;C:\Users\omars\.m2\repository\jakarta\xml\bind\jakarta.xml.bind-api\4.0.2\jakarta.xml.bind-api-4.0.2.jar;C:\Users\omars\.m2\repository\jakarta\activation\jakarta.activation-api\2.1.3\jakarta.activation-api-2.1.3.jar;C:\Users\omars\.m2\repository\net\minidev\json-smart\2.5.0\json-smart-2.5.0.jar;C:\Users\omars\.m2\repository\net\minidev\accessors-smart\2.5.0\accessors-smart-2.5.0.jar;C:\Users\omars\.m2\repository\org\ow2\asm\asm\9.3\asm-9.3.jar;C:\Users\omars\.m2\repository\org\assertj\assertj-core\3.25.3\assertj-core-3.25.3.jar;C:\Users\omars\.m2\repository\org\awaitility\awaitility\4.2.0\awaitility-4.2.0.jar;C:\Users\omars\.m2\repository\org\hamcrest\hamcrest\2.2\hamcrest-2.2.jar;C:\Users\omars\.m2\repository\org\junit\jupiter\junit-jupiter\5.10.2\junit-jupiter-5.10.2.jar;C:\Users\omars\.m2\repository\org\junit\jupiter\junit-jupiter-api\5.10.2\junit-jupiter-api-5.10.2.jar;C:\Users\omars\.m2\repository\org\opentest4j\opentest4j\1.3.0\opentest4j-1.3.0.jar;C:\Users\omars\.m2\repository\org\junit\platform\junit-platform-commons\1.10.2\junit-platform-commons-1.10.2.jar;C:\Users\omars\.m2\repository\org\apiguardian\apiguardian-api\1.1.2\apiguardian-api-1.1.2.jar;C:\Users\omars\.m2\repository\org\junit\jupiter\junit-jupiter-params\5.10.2\junit-jupiter-params-5.10.2.jar;C:\Users\omars\.m2\repository\org\junit\jupiter\junit-jupiter-engine\5.10.2\junit-jupiter-engine-5.10.2.jar;C:\Users\omars\.m2\repository\org\junit\platform\junit-platform-engine\1.10.2\junit-platform-engine-1.10.2.jar;C:\Users\omars\.m2\repository\org\mockito\mockito-core\5.11.0\mockito-core-5.11.0.jar;C:\Users\omars\.m2\repository\net\bytebuddy\byte-buddy-agent\1.14.12\byte-buddy-agent-1.14.12.jar;C:\Users\omars\.m2\repository\org\objenesis\objenesis\3.3\objenesis-3.3.jar;C:\Users\omars\.m2\repository\org\mockito\mockito-junit-jupiter\5.11.0\mockito-junit-jupiter-5.11.0.jar;C:\Users\omars\.m2\repository\org\skyscreamer\jsonassert\1.5.1\jsonassert-1.5.1.jar;C:\Users\omars\.m2\repository\com\vaadin\external\google\android-json\0.0.20131108.vaadin1\android-json-0.0.20131108.vaadin1.jar;C:\Users\omars\.m2\repository\org\springframework\spring-core\6.1.5\spring-core-6.1.5.jar;C:\Users\omars\.m2\repository\org\springframework\spring-jcl\6.1.5\spring-jcl-6.1.5.jar;C:\Users\omars\.m2\repository\org\springframework\spring-test\6.1.5\spring-test-6.1.5.jar;C:\Users\omars\.m2\repository\org\xmlunit\xmlunit-core\2.9.1\xmlunit-core-2.9.1.jar;C:\Users\omars\.m2\repository\com\h2database\h2\2.2.224\h2-2.2.224.jar;C:\Users\omars\.m2\repository\junit\junit\4.13.2\junit-4.13.2.jar;C:\Users\omars\.m2\repository\org\hamcrest\hamcrest-core\2.2\hamcrest-core-2.2.jar;"/>
    <property name="sun.cpu.endian" value="little"/>
    <property name="user.home" value="C:\Users\omars"/>
    <property name="user.language" value="en"/>
    <property name="java.specification.vendor" value="Oracle Corporation"/>
    <property name="java.version.date" value="2023-07-18"/>
    <property name="java.home" value="C:\Users\omars\tools\jdk-17"/>
    <property name="file.separator" value="\"/>
    <property name="basedir" value="D:\RestAPI"/>
    <property name="java.vm.compressedOopsMode" value="32-bit"/>
    <property name="line.separator" value="&#10;"/>
    <property name="java.vm.specification.vendor" value="Oracle Corporation"/>
    <property name="java.specification.name" value="Java Platform API Specification"/>
    <property name="FILE_LOG_CHARSET" value="windows-1252"/>
    <property name="java.awt.headless" value="true"/>
    <property name="surefire.real.class.path" value="C:\Users\omars\AppData\Local\Temp\surefire10850048491688905604\surefirebooter-20240520094824940_3.jar"/>
    <property name="user.script" value=""/>
    <property name="sun.management.compiler" value="HotSpot 64-Bit Tiered Compilers"/>
    <property name="java.runtime.version" value="17.0.8+9-LTS-211"/>
    <property name="user.name" value="omars"/>
    <property name="path.separator" value=";"/>
    <property name="os.version" value="10.0"/>
    <property name="java.runtime.name" value="Java(TM) SE Runtime Environment"/>
    <property name="file.encoding" value="Cp1252"/>
    <property name="java.vm.name" value="Java HotSpot(TM) 64-Bit Server VM"/>
    <property name="localRepository" value="C:\Users\omars\.m2\repository"/>
    <property name="java.vendor.url.bug" value="https://bugreport.java.com/bugreport/"/>
    <property name="java.io.tmpdir" value="C:\Users\omars\AppData\Local\Temp\"/>
    <property name="com.zaxxer.hikari.pool_number" value="14"/>
    <property name="java.version" value="17.0.8"/>
    <property name="user.dir" value="D:\RestAPI"/>
    <property name="os.arch" value="amd64"/>
    <property name="java.vm.specification.name" value="Java Virtual Machine Specification"/>
    <property name="PID" value="16716"/>
    <property name="sun.os.patch.level" value=""/>
    <property name="CONSOLE_LOG_CHARSET" value="windows-1252"/>
    <property name="native.encoding" value="Cp1252"/>
    <property name="java.library.path" value="C:\Users\omars\tools\jdk-17\bin;C:\WINDOWS\Sun\Java\bin;C:\WINDOWS\system32;C:\WINDOWS;C:\Program Files\Eclipse Adoptium\jdk-21.0.2.13-hotspot\bin;C:\Program Files (x86)\OpenLogic\jre-8.0.382.05-hotspot\bin;C:\Program Files\Common Files\Oracle\Java\javapath;C:\Program Files (x86)\Common Files\Oracle\Java\javapath;C:\WINDOWS\system32;C:\WINDOWS;C:\WINDOWS\System32\Wbem;C:\WINDOWS\System32\WindowsPowerShell\v1.0\;C:\WINDOWS\System32\OpenSSH\;C:\Program Files\Git\cmd;C:\Users\omars\tools\jdk-17\bin;C:\Users\omars\tools\apache-maven-3.9.4\bin;C:\Program Files (x86)\Microsoft SQL Server\160\DTS\Binn\;C:\Program Files\PuTTY\;C:\Program Files\Docker\Docker\resources\bin;C:\Program Files\dotnet\;C:\Users\omars\AppData\Local\Microsoft\WindowsApps;C:\Program Files\JetBrains\PyCharm Community Edition 2022.3\bin;C:\Users\omars\AppData\Local\Programs\Microsoft VS Code\bin;C:\Users\omars\AppData\Local\GitHubDesktop\bin;C:\Program Files\Azure Data Studio\bin;C:\Program Files\Markdown Monster;."/>
    <property name="java.vm.info" value="mixed mode, sharing"/>
    <property name="java.vendor" value="Oracle Corporation"/>
    <property name="java.vm.version" value="17.0.8+9-LTS-211"/>
    <property name="sun.io.unicode.encoding" value="UnicodeLittle"/>
    <property name="java.class.version" value="61.0"/>
  </properties>
  <testcase name="testThatGetUpdateAuthorReturnsHttpStatus200WhenAuthorExist" classname="com.omar.database3.controllers.AuthorControllerIntegrationTest" time="1.179">
    <system-out><![CDATA[09:48:26.581 [main] INFO org.springframework.test.context.support.AnnotationConfigContextLoaderUtils -- Could not detect default configuration classes for test class [com.omar.database3.controllers.AuthorControllerIntegrationTest]: AuthorControllerIntegrationTest does not declare any static, non-private, non-final, nested classes annotated with @Configuration.
09:48:26.849 [main] INFO org.springframework.boot.test.context.SpringBootTestContextBootstrapper -- Found @SpringBootConfiguration com.omar.database3.BooksApiApplication for test class com.omar.database3.controllers.AuthorControllerIntegrationTest
  .   ____          _            __ _ _
 /\\ / ___'_ __ _ _(_)_ __  __ _ \ \ \ \
( ( )\___ | '_ | '_| | '_ \/ _` | \ \ \ \
 \\/  ___)| |_)| | | | | || (_| |  ) ) ) )
  '  |____| .__|_| |_|_| |_\__, | / / / /
 =========|_|==============|___/=/_/_/_/

 :: Spring Boot ::             (v3.3.0-M3)

2024-05-20T09:48:27.728+02:00  INFO 16716 --- [           main] c.o.d.c.AuthorControllerIntegrationTest  : Starting AuthorControllerIntegrationTest using Java 17.0.8 with PID 16716 (started by omars in D:\RestAPI)
2024-05-20T09:48:27.730+02:00  INFO 16716 --- [           main] c.o.d.c.AuthorControllerIntegrationTest  : No active profile set, falling back to 1 default profile: "default"
2024-05-20T09:48:28.857+02:00  INFO 16716 --- [           main] .s.d.r.c.RepositoryConfigurationDelegate : Bootstrapping Spring Data JPA repositories in DEFAULT mode.
2024-05-20T09:48:28.965+02:00  INFO 16716 --- [           main] .s.d.r.c.RepositoryConfigurationDelegate : Finished Spring Data repository scanning in 91 ms. Found 2 JPA repository interfaces.
2024-05-20T09:48:29.732+02:00  INFO 16716 --- [           main] com.zaxxer.hikari.HikariDataSource       : HikariPool-1 - Starting...
2024-05-20T09:48:30.383+02:00  INFO 16716 --- [           main] com.zaxxer.hikari.pool.HikariPool        : HikariPool-1 - Added connection conn0: url=jdbc:h2:mem:testdb user=SA
2024-05-20T09:48:30.387+02:00  INFO 16716 --- [           main] com.zaxxer.hikari.HikariDataSource       : HikariPool-1 - Start completed.
2024-05-20T09:48:30.481+02:00  INFO 16716 --- [           main] o.hibernate.jpa.internal.util.LogHelper  : HHH000204: Processing PersistenceUnitInfo [name: default]
2024-05-20T09:48:30.641+02:00  INFO 16716 --- [           main] org.hibernate.Version                    : HHH000412: Hibernate ORM core version 6.4.4.Final
2024-05-20T09:48:30.716+02:00  INFO 16716 --- [           main] o.h.c.internal.RegionFactoryInitiator    : HHH000026: Second-level cache disabled
2024-05-20T09:48:31.276+02:00  INFO 16716 --- [           main] o.s.o.j.p.SpringPersistenceUnitInfo      : No LoadTimeWeaver setup: ignoring JPA class transformer
2024-05-20T09:48:33.272+02:00  INFO 16716 --- [           main] o.h.e.t.j.p.i.JtaPlatformInitiator       : HHH000489: No JTA platform available (set 'hibernate.transaction.jta.platform' to enable JTA platform integration)
2024-05-20T09:48:33.343+02:00  INFO 16716 --- [           main] j.LocalContainerEntityManagerFactoryBean : Initialized JPA EntityManagerFactory for persistence unit 'default'
2024-05-20T09:48:34.088+02:00  WARN 16716 --- [           main] JpaBaseConfiguration$JpaWebConfiguration : spring.jpa.open-in-view is enabled by default. Therefore, database queries may be performed during view rendering. Explicitly configure spring.jpa.open-in-view to disable this warning
2024-05-20T09:48:34.669+02:00  INFO 16716 --- [           main] o.s.b.t.m.w.SpringBootMockServletContext : Initializing Spring TestDispatcherServlet ''
2024-05-20T09:48:34.669+02:00  INFO 16716 --- [           main] o.s.t.web.servlet.TestDispatcherServlet  : Initializing Servlet ''
2024-05-20T09:48:34.672+02:00  INFO 16716 --- [           main] o.s.t.web.servlet.TestDispatcherServlet  : Completed initialization in 1 ms
2024-05-20T09:48:34.702+02:00  INFO 16716 --- [           main] c.o.d.c.AuthorControllerIntegrationTest  : Started AuthorControllerIntegrationTest in 7.468 seconds (process running for 9.633)
2024-05-20T09:48:35.345+02:00  INFO 16716 --- [   scheduling-1] c.o.database3.scheduled.AuthorWatcher    : There are 0 many authors in the database
2024-05-20T09:48:35.352+02:00  INFO 16716 --- [   scheduling-1] c.omar.database3.scheduled.BookWatcher   : There are 0 many books in the database
2024-05-20T09:48:35.352+02:00  INFO 16716 --- [   scheduling-1] c.omar.database3.scheduled.BookWatcher   : Go to the Postman ----------->
2024-05-20T09:48:35.352+02:00  INFO 16716 --- [   scheduling-1] c.omar.database3.scheduled.BookWatcher   : Use: Get, Put, Patch, Delete
2024-05-20T09:48:35.900+02:00  INFO 16716 --- [           main] j.LocalContainerEntityManagerFactoryBean : Closing JPA EntityManagerFactory for persistence unit 'default'
2024-05-20T09:48:35.906+02:00  INFO 16716 --- [           main] com.zaxxer.hikari.HikariDataSource       : HikariPool-1 - Shutdown initiated...
2024-05-20T09:48:35.908+02:00  INFO 16716 --- [           main] com.zaxxer.hikari.HikariDataSource       : HikariPool-1 - Shutdown completed.
]]></system-out>
  </testcase>
  <testcase name="testThatGetPartialUpdateAuthorReturnsHttpStatus200Ok" classname="com.omar.database3.controllers.AuthorControllerIntegrationTest" time="0.068">
    <system-out><![CDATA[  .   ____          _            __ _ _
 /\\ / ___'_ __ _ _(_)_ __  __ _ \ \ \ \
( ( )\___ | '_ | '_| | '_ \/ _` | \ \ \ \
 \\/  ___)| |_)| | | | | || (_| |  ) ) ) )
  '  |____| .__|_| |_|_| |_\__, | / / / /
 =========|_|==============|___/=/_/_/_/

 :: Spring Boot ::             (v3.3.0-M3)

2024-05-20T09:48:35.945+02:00  INFO 16716 --- [           main] c.o.d.c.AuthorControllerIntegrationTest  : Starting AuthorControllerIntegrationTest using Java 17.0.8 with PID 16716 (started by omars in D:\RestAPI)
2024-05-20T09:48:35.945+02:00  INFO 16716 --- [           main] c.o.d.c.AuthorControllerIntegrationTest  : No active profile set, falling back to 1 default profile: "default"
2024-05-20T09:48:36.142+02:00  INFO 16716 --- [           main] .s.d.r.c.RepositoryConfigurationDelegate : Bootstrapping Spring Data JPA repositories in DEFAULT mode.
2024-05-20T09:48:36.154+02:00  INFO 16716 --- [           main] .s.d.r.c.RepositoryConfigurationDelegate : Finished Spring Data repository scanning in 12 ms. Found 2 JPA repository interfaces.
2024-05-20T09:48:36.266+02:00  INFO 16716 --- [           main] com.zaxxer.hikari.HikariDataSource       : HikariPool-2 - Starting...
2024-05-20T09:48:36.268+02:00  INFO 16716 --- [           main] com.zaxxer.hikari.pool.HikariPool        : HikariPool-2 - Added connection conn10: url=jdbc:h2:mem:testdb user=SA
2024-05-20T09:48:36.268+02:00  INFO 16716 --- [           main] com.zaxxer.hikari.HikariDataSource       : HikariPool-2 - Start completed.
2024-05-20T09:48:36.270+02:00  INFO 16716 --- [           main] o.hibernate.jpa.internal.util.LogHelper  : HHH000204: Processing PersistenceUnitInfo [name: default]
2024-05-20T09:48:36.273+02:00  INFO 16716 --- [           main] o.h.c.internal.RegionFactoryInitiator    : HHH000026: Second-level cache disabled
2024-05-20T09:48:36.277+02:00  INFO 16716 --- [           main] o.s.o.j.p.SpringPersistenceUnitInfo      : No LoadTimeWeaver setup: ignoring JPA class transformer
2024-05-20T09:48:36.333+02:00  INFO 16716 --- [           main] o.h.e.t.j.p.i.JtaPlatformInitiator       : HHH000489: No JTA platform available (set 'hibernate.transaction.jta.platform' to enable JTA platform integration)
2024-05-20T09:48:36.341+02:00  INFO 16716 --- [           main] j.LocalContainerEntityManagerFactoryBean : Initialized JPA EntityManagerFactory for persistence unit 'default'
2024-05-20T09:48:36.447+02:00  WARN 16716 --- [           main] JpaBaseConfiguration$JpaWebConfiguration : spring.jpa.open-in-view is enabled by default. Therefore, database queries may be performed during view rendering. Explicitly configure spring.jpa.open-in-view to disable this warning
2024-05-20T09:48:36.580+02:00  INFO 16716 --- [           main] o.s.b.t.m.w.SpringBootMockServletContext : Initializing Spring TestDispatcherServlet ''
2024-05-20T09:48:36.580+02:00  INFO 16716 --- [           main] o.s.t.web.servlet.TestDispatcherServlet  : Initializing Servlet ''
2024-05-20T09:48:36.581+02:00  INFO 16716 --- [           main] o.s.t.web.servlet.TestDispatcherServlet  : Completed initialization in 1 ms
2024-05-20T09:48:36.587+02:00  INFO 16716 --- [           main] c.o.d.c.AuthorControllerIntegrationTest  : Started AuthorControllerIntegrationTest in 0.667 seconds (process running for 11.519)
2024-05-20T09:48:36.593+02:00  INFO 16716 --- [   scheduling-1] c.o.database3.scheduled.AuthorWatcher    : There are 0 many authors in the database
2024-05-20T09:48:36.598+02:00  INFO 16716 --- [   scheduling-1] c.omar.database3.scheduled.BookWatcher   : There are 0 many books in the database
2024-05-20T09:48:36.598+02:00  INFO 16716 --- [   scheduling-1] c.omar.database3.scheduled.BookWatcher   : Go to the Postman ----------->
2024-05-20T09:48:36.598+02:00  INFO 16716 --- [   scheduling-1] c.omar.database3.scheduled.BookWatcher   : Use: Get, Put, Patch, Delete
2024-05-20T09:48:36.644+02:00  INFO 16716 --- [           main] j.LocalContainerEntityManagerFactoryBean : Closing JPA EntityManagerFactory for persistence unit 'default'
2024-05-20T09:48:36.648+02:00  INFO 16716 --- [           main] com.zaxxer.hikari.HikariDataSource       : HikariPool-2 - Shutdown initiated...
2024-05-20T09:48:36.658+02:00  INFO 16716 --- [           main] com.zaxxer.hikari.HikariDataSource       : HikariPool-2 - Shutdown completed.
]]></system-out>
  </testcase>
  <testcase name="testThatCreateAuthorSuccessfullyReturnsHttp201Created" classname="com.omar.database3.controllers.AuthorControllerIntegrationTest" time="0.056">
    <system-out><![CDATA[  .   ____          _            __ _ _
 /\\ / ___'_ __ _ _(_)_ __  __ _ \ \ \ \
( ( )\___ | '_ | '_| | '_ \/ _` | \ \ \ \
 \\/  ___)| |_)| | | | | || (_| |  ) ) ) )
  '  |____| .__|_| |_|_| |_\__, | / / / /
 =========|_|==============|___/=/_/_/_/

 :: Spring Boot ::             (v3.3.0-M3)

2024-05-20T09:48:36.686+02:00  INFO 16716 --- [           main] c.o.d.c.AuthorControllerIntegrationTest  : Starting AuthorControllerIntegrationTest using Java 17.0.8 with PID 16716 (started by omars in D:\RestAPI)
2024-05-20T09:48:36.687+02:00  INFO 16716 --- [           main] c.o.d.c.AuthorControllerIntegrationTest  : No active profile set, falling back to 1 default profile: "default"
2024-05-20T09:48:36.839+02:00  INFO 16716 --- [           main] .s.d.r.c.RepositoryConfigurationDelegate : Bootstrapping Spring Data JPA repositories in DEFAULT mode.
2024-05-20T09:48:36.851+02:00  INFO 16716 --- [           main] .s.d.r.c.RepositoryConfigurationDelegate : Finished Spring Data repository scanning in 10 ms. Found 2 JPA repository interfaces.
2024-05-20T09:48:36.949+02:00  INFO 16716 --- [           main] com.zaxxer.hikari.HikariDataSource       : HikariPool-3 - Starting...
2024-05-20T09:48:36.950+02:00  INFO 16716 --- [           main] com.zaxxer.hikari.pool.HikariPool        : HikariPool-3 - Added connection conn20: url=jdbc:h2:mem:testdb user=SA
2024-05-20T09:48:36.950+02:00  INFO 16716 --- [           main] com.zaxxer.hikari.HikariDataSource       : HikariPool-3 - Start completed.
2024-05-20T09:48:36.952+02:00  INFO 16716 --- [           main] o.hibernate.jpa.internal.util.LogHelper  : HHH000204: Processing PersistenceUnitInfo [name: default]
2024-05-20T09:48:36.954+02:00  INFO 16716 --- [           main] o.h.c.internal.RegionFactoryInitiator    : HHH000026: Second-level cache disabled
2024-05-20T09:48:36.958+02:00  INFO 16716 --- [           main] o.s.o.j.p.SpringPersistenceUnitInfo      : No LoadTimeWeaver setup: ignoring JPA class transformer
2024-05-20T09:48:37.020+02:00  INFO 16716 --- [           main] o.h.e.t.j.p.i.JtaPlatformInitiator       : HHH000489: No JTA platform available (set 'hibernate.transaction.jta.platform' to enable JTA platform integration)
2024-05-20T09:48:37.026+02:00  INFO 16716 --- [           main] j.LocalContainerEntityManagerFactoryBean : Initialized JPA EntityManagerFactory for persistence unit 'default'
2024-05-20T09:48:37.100+02:00  WARN 16716 --- [           main] JpaBaseConfiguration$JpaWebConfiguration : spring.jpa.open-in-view is enabled by default. Therefore, database queries may be performed during view rendering. Explicitly configure spring.jpa.open-in-view to disable this warning
2024-05-20T09:48:37.204+02:00  INFO 16716 --- [           main] o.s.b.t.m.w.SpringBootMockServletContext : Initializing Spring TestDispatcherServlet ''
2024-05-20T09:48:37.204+02:00  INFO 16716 --- [           main] o.s.t.web.servlet.TestDispatcherServlet  : Initializing Servlet ''
2024-05-20T09:48:37.206+02:00  INFO 16716 --- [           main] o.s.t.web.servlet.TestDispatcherServlet  : Completed initialization in 2 ms
2024-05-20T09:48:37.214+02:00  INFO 16716 --- [           main] c.o.d.c.AuthorControllerIntegrationTest  : Started AuthorControllerIntegrationTest in 0.552 seconds (process running for 12.146)
2024-05-20T09:48:37.219+02:00  INFO 16716 --- [   scheduling-1] c.o.database3.scheduled.AuthorWatcher    : There are 0 many authors in the database
2024-05-20T09:48:37.223+02:00  INFO 16716 --- [   scheduling-1] c.omar.database3.scheduled.BookWatcher   : There are 0 many books in the database
2024-05-20T09:48:37.223+02:00  INFO 16716 --- [   scheduling-1] c.omar.database3.scheduled.BookWatcher   : Go to the Postman ----------->
2024-05-20T09:48:37.223+02:00  INFO 16716 --- [   scheduling-1] c.omar.database3.scheduled.BookWatcher   : Use: Get, Put, Patch, Delete
2024-05-20T09:48:37.244+02:00  INFO 16716 --- [           main] j.LocalContainerEntityManagerFactoryBean : Closing JPA EntityManagerFactory for persistence unit 'default'
2024-05-20T09:48:37.247+02:00  INFO 16716 --- [           main] com.zaxxer.hikari.HikariDataSource       : HikariPool-3 - Shutdown initiated...
2024-05-20T09:48:37.274+02:00  INFO 16716 --- [           main] com.zaxxer.hikari.HikariDataSource       : HikariPool-3 - Shutdown completed.
]]></system-out>
  </testcase>
  <testcase name="testThatGetPartialUpdateAuthorReturnsUpdatedAuthor" classname="com.omar.database3.controllers.AuthorControllerIntegrationTest" time="0.135">
    <system-out><![CDATA[  .   ____          _            __ _ _
 /\\ / ___'_ __ _ _(_)_ __  __ _ \ \ \ \
( ( )\___ | '_ | '_| | '_ \/ _` | \ \ \ \
 \\/  ___)| |_)| | | | | || (_| |  ) ) ) )
  '  |____| .__|_| |_|_| |_\__, | / / / /
 =========|_|==============|___/=/_/_/_/

 :: Spring Boot ::             (v3.3.0-M3)

2024-05-20T09:48:37.302+02:00  INFO 16716 --- [           main] c.o.d.c.AuthorControllerIntegrationTest  : Starting AuthorControllerIntegrationTest using Java 17.0.8 with PID 16716 (started by omars in D:\RestAPI)
2024-05-20T09:48:37.302+02:00  INFO 16716 --- [           main] c.o.d.c.AuthorControllerIntegrationTest  : No active profile set, falling back to 1 default profile: "default"
2024-05-20T09:48:37.461+02:00  INFO 16716 --- [           main] .s.d.r.c.RepositoryConfigurationDelegate : Bootstrapping Spring Data JPA repositories in DEFAULT mode.
2024-05-20T09:48:37.470+02:00  INFO 16716 --- [           main] .s.d.r.c.RepositoryConfigurationDelegate : Finished Spring Data repository scanning in 8 ms. Found 2 JPA repository interfaces.
2024-05-20T09:48:37.546+02:00  INFO 16716 --- [           main] com.zaxxer.hikari.HikariDataSource       : HikariPool-4 - Starting...
2024-05-20T09:48:37.547+02:00  INFO 16716 --- [           main] com.zaxxer.hikari.pool.HikariPool        : HikariPool-4 - Added connection conn28: url=jdbc:h2:mem:testdb user=SA
2024-05-20T09:48:37.547+02:00  INFO 16716 --- [           main] com.zaxxer.hikari.HikariDataSource       : HikariPool-4 - Start completed.
2024-05-20T09:48:37.548+02:00  INFO 16716 --- [           main] o.hibernate.jpa.internal.util.LogHelper  : HHH000204: Processing PersistenceUnitInfo [name: default]
2024-05-20T09:48:37.550+02:00  INFO 16716 --- [           main] o.h.c.internal.RegionFactoryInitiator    : HHH000026: Second-level cache disabled
2024-05-20T09:48:37.554+02:00  INFO 16716 --- [           main] o.s.o.j.p.SpringPersistenceUnitInfo      : No LoadTimeWeaver setup: ignoring JPA class transformer
2024-05-20T09:48:37.608+02:00  INFO 16716 --- [           main] o.h.e.t.j.p.i.JtaPlatformInitiator       : HHH000489: No JTA platform available (set 'hibernate.transaction.jta.platform' to enable JTA platform integration)
2024-05-20T09:48:37.615+02:00  INFO 16716 --- [           main] j.LocalContainerEntityManagerFactoryBean : Initialized JPA EntityManagerFactory for persistence unit 'default'
2024-05-20T09:48:37.691+02:00  WARN 16716 --- [           main] JpaBaseConfiguration$JpaWebConfiguration : spring.jpa.open-in-view is enabled by default. Therefore, database queries may be performed during view rendering. Explicitly configure spring.jpa.open-in-view to disable this warning
2024-05-20T09:48:37.806+02:00  INFO 16716 --- [           main] o.s.b.t.m.w.SpringBootMockServletContext : Initializing Spring TestDispatcherServlet ''
2024-05-20T09:48:37.806+02:00  INFO 16716 --- [           main] o.s.t.web.servlet.TestDispatcherServlet  : Initializing Servlet ''
2024-05-20T09:48:37.807+02:00  INFO 16716 --- [           main] o.s.t.web.servlet.TestDispatcherServlet  : Completed initialization in 1 ms
2024-05-20T09:48:37.814+02:00  INFO 16716 --- [           main] c.o.d.c.AuthorControllerIntegrationTest  : Started AuthorControllerIntegrationTest in 0.536 seconds (process running for 12.746)
2024-05-20T09:48:37.821+02:00  INFO 16716 --- [   scheduling-1] c.o.database3.scheduled.AuthorWatcher    : There are 0 many authors in the database
2024-05-20T09:48:37.826+02:00  INFO 16716 --- [   scheduling-1] c.omar.database3.scheduled.BookWatcher   : There are 0 many books in the database
2024-05-20T09:48:37.826+02:00  INFO 16716 --- [   scheduling-1] c.omar.database3.scheduled.BookWatcher   : Go to the Postman ----------->
2024-05-20T09:48:37.826+02:00  INFO 16716 --- [   scheduling-1] c.omar.database3.scheduled.BookWatcher   : Use: Get, Put, Patch, Delete
2024-05-20T09:48:37.952+02:00  INFO 16716 --- [           main] j.LocalContainerEntityManagerFactoryBean : Closing JPA EntityManagerFactory for persistence unit 'default'
2024-05-20T09:48:37.954+02:00  INFO 16716 --- [           main] com.zaxxer.hikari.HikariDataSource       : HikariPool-4 - Shutdown initiated...
2024-05-20T09:48:37.955+02:00  INFO 16716 --- [           main] com.zaxxer.hikari.HikariDataSource       : HikariPool-4 - Shutdown completed.
]]></system-out>
  </testcase>
  <testcase name="testThatGetAuthorReturnsHttpStatus404WhenNoAuthorExist" classname="com.omar.database3.controllers.AuthorControllerIntegrationTest" time="0.048">
    <system-out><![CDATA[  .   ____          _            __ _ _
 /\\ / ___'_ __ _ _(_)_ __  __ _ \ \ \ \
( ( )\___ | '_ | '_| | '_ \/ _` | \ \ \ \
 \\/  ___)| |_)| | | | | || (_| |  ) ) ) )
  '  |____| .__|_| |_|_| |_\__, | / / / /
 =========|_|==============|___/=/_/_/_/

 :: Spring Boot ::             (v3.3.0-M3)

2024-05-20T09:48:37.981+02:00  INFO 16716 --- [           main] c.o.d.c.AuthorControllerIntegrationTest  : Starting AuthorControllerIntegrationTest using Java 17.0.8 with PID 16716 (started by omars in D:\RestAPI)
2024-05-20T09:48:37.982+02:00  INFO 16716 --- [           main] c.o.d.c.AuthorControllerIntegrationTest  : No active profile set, falling back to 1 default profile: "default"
2024-05-20T09:48:38.163+02:00  INFO 16716 --- [           main] .s.d.r.c.RepositoryConfigurationDelegate : Bootstrapping Spring Data JPA repositories in DEFAULT mode.
2024-05-20T09:48:38.174+02:00  INFO 16716 --- [           main] .s.d.r.c.RepositoryConfigurationDelegate : Finished Spring Data repository scanning in 10 ms. Found 2 JPA repository interfaces.
2024-05-20T09:48:38.254+02:00  INFO 16716 --- [           main] com.zaxxer.hikari.HikariDataSource       : HikariPool-5 - Starting...
2024-05-20T09:48:38.256+02:00  INFO 16716 --- [           main] com.zaxxer.hikari.pool.HikariPool        : HikariPool-5 - Added connection conn38: url=jdbc:h2:mem:testdb user=SA
2024-05-20T09:48:38.256+02:00  INFO 16716 --- [           main] com.zaxxer.hikari.HikariDataSource       : HikariPool-5 - Start completed.
2024-05-20T09:48:38.257+02:00  INFO 16716 --- [           main] o.hibernate.jpa.internal.util.LogHelper  : HHH000204: Processing PersistenceUnitInfo [name: default]
2024-05-20T09:48:38.259+02:00  INFO 16716 --- [           main] o.h.c.internal.RegionFactoryInitiator    : HHH000026: Second-level cache disabled
2024-05-20T09:48:38.263+02:00  INFO 16716 --- [           main] o.s.o.j.p.SpringPersistenceUnitInfo      : No LoadTimeWeaver setup: ignoring JPA class transformer
2024-05-20T09:48:38.318+02:00  INFO 16716 --- [           main] o.h.e.t.j.p.i.JtaPlatformInitiator       : HHH000489: No JTA platform available (set 'hibernate.transaction.jta.platform' to enable JTA platform integration)
2024-05-20T09:48:38.324+02:00  INFO 16716 --- [           main] j.LocalContainerEntityManagerFactoryBean : Initialized JPA EntityManagerFactory for persistence unit 'default'
2024-05-20T09:48:38.390+02:00  WARN 16716 --- [           main] JpaBaseConfiguration$JpaWebConfiguration : spring.jpa.open-in-view is enabled by default. Therefore, database queries may be performed during view rendering. Explicitly configure spring.jpa.open-in-view to disable this warning
2024-05-20T09:48:38.490+02:00  INFO 16716 --- [           main] o.s.b.t.m.w.SpringBootMockServletContext : Initializing Spring TestDispatcherServlet ''
2024-05-20T09:48:38.491+02:00  INFO 16716 --- [           main] o.s.t.web.servlet.TestDispatcherServlet  : Initializing Servlet ''
2024-05-20T09:48:38.491+02:00  INFO 16716 --- [           main] o.s.t.web.servlet.TestDispatcherServlet  : Completed initialization in 0 ms
2024-05-20T09:48:38.498+02:00  INFO 16716 --- [           main] c.o.d.c.AuthorControllerIntegrationTest  : Started AuthorControllerIntegrationTest in 0.539 seconds (process running for 13.431)
2024-05-20T09:48:38.504+02:00  INFO 16716 --- [   scheduling-1] c.o.database3.scheduled.AuthorWatcher    : There are 0 many authors in the database
2024-05-20T09:48:38.509+02:00  INFO 16716 --- [   scheduling-1] c.omar.database3.scheduled.BookWatcher   : There are 0 many books in the database
2024-05-20T09:48:38.510+02:00  INFO 16716 --- [   scheduling-1] c.omar.database3.scheduled.BookWatcher   : Go to the Postman ----------->
2024-05-20T09:48:38.510+02:00  INFO 16716 --- [   scheduling-1] c.omar.database3.scheduled.BookWatcher   : Use: Get, Put, Patch, Delete
2024-05-20T09:48:38.521+02:00  INFO 16716 --- [           main] j.LocalContainerEntityManagerFactoryBean : Closing JPA EntityManagerFactory for persistence unit 'default'
2024-05-20T09:48:38.524+02:00  INFO 16716 --- [           main] com.zaxxer.hikari.HikariDataSource       : HikariPool-5 - Shutdown initiated...
2024-05-20T09:48:38.549+02:00  INFO 16716 --- [           main] com.zaxxer.hikari.HikariDataSource       : HikariPool-5 - Shutdown completed.
]]></system-out>
  </testcase>
  <testcase name="testThatGetUpdateAuthorReturnsHttpStatus404WhenNoAuthorExist" classname="com.omar.database3.controllers.AuthorControllerIntegrationTest" time="0.028">
    <system-out><![CDATA[  .   ____          _            __ _ _
 /\\ / ___'_ __ _ _(_)_ __  __ _ \ \ \ \
( ( )\___ | '_ | '_| | '_ \/ _` | \ \ \ \
 \\/  ___)| |_)| | | | | || (_| |  ) ) ) )
  '  |____| .__|_| |_|_| |_\__, | / / / /
 =========|_|==============|___/=/_/_/_/

 :: Spring Boot ::             (v3.3.0-M3)

2024-05-20T09:48:38.581+02:00  INFO 16716 --- [           main] c.o.d.c.AuthorControllerIntegrationTest  : Starting AuthorControllerIntegrationTest using Java 17.0.8 with PID 16716 (started by omars in D:\RestAPI)
2024-05-20T09:48:38.582+02:00  INFO 16716 --- [           main] c.o.d.c.AuthorControllerIntegrationTest  : No active profile set, falling back to 1 default profile: "default"
2024-05-20T09:48:38.741+02:00  INFO 16716 --- [           main] .s.d.r.c.RepositoryConfigurationDelegate : Bootstrapping Spring Data JPA repositories in DEFAULT mode.
2024-05-20T09:48:38.752+02:00  INFO 16716 --- [           main] .s.d.r.c.RepositoryConfigurationDelegate : Finished Spring Data repository scanning in 10 ms. Found 2 JPA repository interfaces.
2024-05-20T09:48:38.824+02:00  INFO 16716 --- [           main] com.zaxxer.hikari.HikariDataSource       : HikariPool-6 - Starting...
2024-05-20T09:48:38.826+02:00  INFO 16716 --- [           main] com.zaxxer.hikari.pool.HikariPool        : HikariPool-6 - Added connection conn45: url=jdbc:h2:mem:testdb user=SA
2024-05-20T09:48:38.826+02:00  INFO 16716 --- [           main] com.zaxxer.hikari.HikariDataSource       : HikariPool-6 - Start completed.
2024-05-20T09:48:38.827+02:00  INFO 16716 --- [           main] o.hibernate.jpa.internal.util.LogHelper  : HHH000204: Processing PersistenceUnitInfo [name: default]
2024-05-20T09:48:38.830+02:00  INFO 16716 --- [           main] o.h.c.internal.RegionFactoryInitiator    : HHH000026: Second-level cache disabled
2024-05-20T09:48:38.834+02:00  INFO 16716 --- [           main] o.s.o.j.p.SpringPersistenceUnitInfo      : No LoadTimeWeaver setup: ignoring JPA class transformer
2024-05-20T09:48:38.884+02:00  INFO 16716 --- [           main] o.h.e.t.j.p.i.JtaPlatformInitiator       : HHH000489: No JTA platform available (set 'hibernate.transaction.jta.platform' to enable JTA platform integration)
2024-05-20T09:48:38.889+02:00  INFO 16716 --- [           main] j.LocalContainerEntityManagerFactoryBean : Initialized JPA EntityManagerFactory for persistence unit 'default'
2024-05-20T09:48:38.954+02:00  WARN 16716 --- [           main] JpaBaseConfiguration$JpaWebConfiguration : spring.jpa.open-in-view is enabled by default. Therefore, database queries may be performed during view rendering. Explicitly configure spring.jpa.open-in-view to disable this warning
2024-05-20T09:48:39.052+02:00  INFO 16716 --- [           main] o.s.b.t.m.w.SpringBootMockServletContext : Initializing Spring TestDispatcherServlet ''
2024-05-20T09:48:39.052+02:00  INFO 16716 --- [           main] o.s.t.web.servlet.TestDispatcherServlet  : Initializing Servlet ''
2024-05-20T09:48:39.052+02:00  INFO 16716 --- [           main] o.s.t.web.servlet.TestDispatcherServlet  : Completed initialization in 0 ms
2024-05-20T09:48:39.058+02:00  INFO 16716 --- [           main] c.o.d.c.AuthorControllerIntegrationTest  : Started AuthorControllerIntegrationTest in 0.505 seconds (process running for 13.99)
2024-05-20T09:48:39.063+02:00  INFO 16716 --- [   scheduling-1] c.o.database3.scheduled.AuthorWatcher    : There are 0 many authors in the database
2024-05-20T09:48:39.067+02:00  INFO 16716 --- [   scheduling-1] c.omar.database3.scheduled.BookWatcher   : There are 0 many books in the database
2024-05-20T09:48:39.067+02:00  INFO 16716 --- [   scheduling-1] c.omar.database3.scheduled.BookWatcher   : Go to the Postman ----------->
2024-05-20T09:48:39.067+02:00  INFO 16716 --- [   scheduling-1] c.omar.database3.scheduled.BookWatcher   : Use: Get, Put, Patch, Delete
2024-05-20T09:48:39.078+02:00  INFO 16716 --- [           main] j.LocalContainerEntityManagerFactoryBean : Closing JPA EntityManagerFactory for persistence unit 'default'
2024-05-20T09:48:39.081+02:00  INFO 16716 --- [           main] com.zaxxer.hikari.HikariDataSource       : HikariPool-6 - Shutdown initiated...
2024-05-20T09:48:39.088+02:00  INFO 16716 --- [           main] com.zaxxer.hikari.HikariDataSource       : HikariPool-6 - Shutdown completed.
]]></system-out>
  </testcase>
  <testcase name="testThatDeleteAuthorReturnsHttpStatus204ForNotExistingAuthor" classname="com.omar.database3.controllers.AuthorControllerIntegrationTest" time="0.048">
    <system-out><![CDATA[  .   ____          _            __ _ _
 /\\ / ___'_ __ _ _(_)_ __  __ _ \ \ \ \
( ( )\___ | '_ | '_| | '_ \/ _` | \ \ \ \
 \\/  ___)| |_)| | | | | || (_| |  ) ) ) )
  '  |____| .__|_| |_|_| |_\__, | / / / /
 =========|_|==============|___/=/_/_/_/

 :: Spring Boot ::             (v3.3.0-M3)

2024-05-20T09:48:39.112+02:00  INFO 16716 --- [           main] c.o.d.c.AuthorControllerIntegrationTest  : Starting AuthorControllerIntegrationTest using Java 17.0.8 with PID 16716 (started by omars in D:\RestAPI)
2024-05-20T09:48:39.112+02:00  INFO 16716 --- [           main] c.o.d.c.AuthorControllerIntegrationTest  : No active profile set, falling back to 1 default profile: "default"
2024-05-20T09:48:39.256+02:00  INFO 16716 --- [           main] .s.d.r.c.RepositoryConfigurationDelegate : Bootstrapping Spring Data JPA repositories in DEFAULT mode.
2024-05-20T09:48:39.265+02:00  INFO 16716 --- [           main] .s.d.r.c.RepositoryConfigurationDelegate : Finished Spring Data repository scanning in 7 ms. Found 2 JPA repository interfaces.
2024-05-20T09:48:39.331+02:00  INFO 16716 --- [           main] com.zaxxer.hikari.HikariDataSource       : HikariPool-7 - Starting...
2024-05-20T09:48:39.333+02:00  INFO 16716 --- [           main] com.zaxxer.hikari.pool.HikariPool        : HikariPool-7 - Added connection conn51: url=jdbc:h2:mem:testdb user=SA
2024-05-20T09:48:39.333+02:00  INFO 16716 --- [           main] com.zaxxer.hikari.HikariDataSource       : HikariPool-7 - Start completed.
2024-05-20T09:48:39.334+02:00  INFO 16716 --- [           main] o.hibernate.jpa.internal.util.LogHelper  : HHH000204: Processing PersistenceUnitInfo [name: default]
2024-05-20T09:48:39.336+02:00  INFO 16716 --- [           main] o.h.c.internal.RegionFactoryInitiator    : HHH000026: Second-level cache disabled
2024-05-20T09:48:39.341+02:00  INFO 16716 --- [           main] o.s.o.j.p.SpringPersistenceUnitInfo      : No LoadTimeWeaver setup: ignoring JPA class transformer
2024-05-20T09:48:39.399+02:00  INFO 16716 --- [           main] o.h.e.t.j.p.i.JtaPlatformInitiator       : HHH000489: No JTA platform available (set 'hibernate.transaction.jta.platform' to enable JTA platform integration)
2024-05-20T09:48:39.405+02:00  INFO 16716 --- [           main] j.LocalContainerEntityManagerFactoryBean : Initialized JPA EntityManagerFactory for persistence unit 'default'
2024-05-20T09:48:39.474+02:00  WARN 16716 --- [           main] JpaBaseConfiguration$JpaWebConfiguration : spring.jpa.open-in-view is enabled by default. Therefore, database queries may be performed during view rendering. Explicitly configure spring.jpa.open-in-view to disable this warning
2024-05-20T09:48:39.568+02:00  INFO 16716 --- [           main] o.s.b.t.m.w.SpringBootMockServletContext : Initializing Spring TestDispatcherServlet ''
2024-05-20T09:48:39.568+02:00  INFO 16716 --- [           main] o.s.t.web.servlet.TestDispatcherServlet  : Initializing Servlet ''
2024-05-20T09:48:39.569+02:00  INFO 16716 --- [           main] o.s.t.web.servlet.TestDispatcherServlet  : Completed initialization in 1 ms
2024-05-20T09:48:39.577+02:00  INFO 16716 --- [           main] c.o.d.c.AuthorControllerIntegrationTest  : Started AuthorControllerIntegrationTest in 0.485 seconds (process running for 14.509)
2024-05-20T09:48:39.584+02:00  INFO 16716 --- [   scheduling-1] c.o.database3.scheduled.AuthorWatcher    : There are 0 many authors in the database
2024-05-20T09:48:39.587+02:00  INFO 16716 --- [   scheduling-1] c.omar.database3.scheduled.BookWatcher   : There are 0 many books in the database
2024-05-20T09:48:39.588+02:00  INFO 16716 --- [   scheduling-1] c.omar.database3.scheduled.BookWatcher   : Go to the Postman ----------->
2024-05-20T09:48:39.588+02:00  INFO 16716 --- [   scheduling-1] c.omar.database3.scheduled.BookWatcher   : Use: Get, Put, Patch, Delete
2024-05-20T09:48:39.596+02:00  INFO 16716 --- [           main] j.LocalContainerEntityManagerFactoryBean : Closing JPA EntityManagerFactory for persistence unit 'default'
2024-05-20T09:48:39.599+02:00  INFO 16716 --- [           main] com.zaxxer.hikari.HikariDataSource       : HikariPool-7 - Shutdown initiated...
2024-05-20T09:48:39.627+02:00  INFO 16716 --- [           main] com.zaxxer.hikari.HikariDataSource       : HikariPool-7 - Shutdown completed.
]]></system-out>
  </testcase>
  <testcase name="testThatFullUpdateUpdateExistingAuthor" classname="com.omar.database3.controllers.AuthorControllerIntegrationTest" time="0.059">
    <system-out><![CDATA[  .   ____          _            __ _ _
 /\\ / ___'_ __ _ _(_)_ __  __ _ \ \ \ \
( ( )\___ | '_ | '_| | '_ \/ _` | \ \ \ \
 \\/  ___)| |_)| | | | | || (_| |  ) ) ) )
  '  |____| .__|_| |_|_| |_\__, | / / / /
 =========|_|==============|___/=/_/_/_/

 :: Spring Boot ::             (v3.3.0-M3)

2024-05-20T09:48:39.652+02:00  INFO 16716 --- [           main] c.o.d.c.AuthorControllerIntegrationTest  : Starting AuthorControllerIntegrationTest using Java 17.0.8 with PID 16716 (started by omars in D:\RestAPI)
2024-05-20T09:48:39.653+02:00  INFO 16716 --- [           main] c.o.d.c.AuthorControllerIntegrationTest  : No active profile set, falling back to 1 default profile: "default"
2024-05-20T09:48:39.785+02:00  INFO 16716 --- [           main] .s.d.r.c.RepositoryConfigurationDelegate : Bootstrapping Spring Data JPA repositories in DEFAULT mode.
2024-05-20T09:48:39.795+02:00  INFO 16716 --- [           main] .s.d.r.c.RepositoryConfigurationDelegate : Finished Spring Data repository scanning in 9 ms. Found 2 JPA repository interfaces.
2024-05-20T09:48:39.875+02:00  INFO 16716 --- [           main] com.zaxxer.hikari.HikariDataSource       : HikariPool-8 - Starting...
2024-05-20T09:48:39.876+02:00  INFO 16716 --- [           main] com.zaxxer.hikari.pool.HikariPool        : HikariPool-8 - Added connection conn58: url=jdbc:h2:mem:testdb user=SA
2024-05-20T09:48:39.877+02:00  INFO 16716 --- [           main] com.zaxxer.hikari.HikariDataSource       : HikariPool-8 - Start completed.
2024-05-20T09:48:39.880+02:00  INFO 16716 --- [           main] o.hibernate.jpa.internal.util.LogHelper  : HHH000204: Processing PersistenceUnitInfo [name: default]
2024-05-20T09:48:39.883+02:00  INFO 16716 --- [           main] o.h.c.internal.RegionFactoryInitiator    : HHH000026: Second-level cache disabled
2024-05-20T09:48:39.889+02:00  INFO 16716 --- [           main] o.s.o.j.p.SpringPersistenceUnitInfo      : No LoadTimeWeaver setup: ignoring JPA class transformer
2024-05-20T09:48:39.970+02:00  INFO 16716 --- [           main] o.h.e.t.j.p.i.JtaPlatformInitiator       : HHH000489: No JTA platform available (set 'hibernate.transaction.jta.platform' to enable JTA platform integration)
2024-05-20T09:48:39.977+02:00  INFO 16716 --- [           main] j.LocalContainerEntityManagerFactoryBean : Initialized JPA EntityManagerFactory for persistence unit 'default'
2024-05-20T09:48:40.045+02:00  WARN 16716 --- [           main] JpaBaseConfiguration$JpaWebConfiguration : spring.jpa.open-in-view is enabled by default. Therefore, database queries may be performed during view rendering. Explicitly configure spring.jpa.open-in-view to disable this warning
2024-05-20T09:48:40.135+02:00  INFO 16716 --- [           main] o.s.b.t.m.w.SpringBootMockServletContext : Initializing Spring TestDispatcherServlet ''
2024-05-20T09:48:40.135+02:00  INFO 16716 --- [           main] o.s.t.web.servlet.TestDispatcherServlet  : Initializing Servlet ''
2024-05-20T09:48:40.136+02:00  INFO 16716 --- [           main] o.s.t.web.servlet.TestDispatcherServlet  : Completed initialization in 1 ms
2024-05-20T09:48:40.141+02:00  INFO 16716 --- [           main] c.o.d.c.AuthorControllerIntegrationTest  : Started AuthorControllerIntegrationTest in 0.51 seconds (process running for 15.073)
2024-05-20T09:48:40.149+02:00  INFO 16716 --- [   scheduling-1] c.o.database3.scheduled.AuthorWatcher    : There are 0 many authors in the database
2024-05-20T09:48:40.153+02:00  INFO 16716 --- [   scheduling-1] c.omar.database3.scheduled.BookWatcher   : There are 0 many books in the database
2024-05-20T09:48:40.153+02:00  INFO 16716 --- [   scheduling-1] c.omar.database3.scheduled.BookWatcher   : Go to the Postman ----------->
2024-05-20T09:48:40.154+02:00  INFO 16716 --- [   scheduling-1] c.omar.database3.scheduled.BookWatcher   : Use: Get, Put, Patch, Delete
2024-05-20T09:48:40.191+02:00  INFO 16716 --- [           main] j.LocalContainerEntityManagerFactoryBean : Closing JPA EntityManagerFactory for persistence unit 'default'
2024-05-20T09:48:40.194+02:00  INFO 16716 --- [           main] com.zaxxer.hikari.HikariDataSource       : HikariPool-8 - Shutdown initiated...
2024-05-20T09:48:40.204+02:00  INFO 16716 --- [           main] com.zaxxer.hikari.HikariDataSource       : HikariPool-8 - Shutdown completed.
]]></system-out>
  </testcase>
  <testcase name="testThatListAuthorsReturnsHttpStatus200" classname="com.omar.database3.controllers.AuthorControllerIntegrationTest" time="0.046">
    <system-out><![CDATA[  .   ____          _            __ _ _
 /\\ / ___'_ __ _ _(_)_ __  __ _ \ \ \ \
( ( )\___ | '_ | '_| | '_ \/ _` | \ \ \ \
 \\/  ___)| |_)| | | | | || (_| |  ) ) ) )
  '  |____| .__|_| |_|_| |_\__, | / / / /
 =========|_|==============|___/=/_/_/_/

 :: Spring Boot ::             (v3.3.0-M3)

2024-05-20T09:48:40.235+02:00  INFO 16716 --- [           main] c.o.d.c.AuthorControllerIntegrationTest  : Starting AuthorControllerIntegrationTest using Java 17.0.8 with PID 16716 (started by omars in D:\RestAPI)
2024-05-20T09:48:40.236+02:00  INFO 16716 --- [           main] c.o.d.c.AuthorControllerIntegrationTest  : No active profile set, falling back to 1 default profile: "default"
2024-05-20T09:48:40.422+02:00  INFO 16716 --- [           main] .s.d.r.c.RepositoryConfigurationDelegate : Bootstrapping Spring Data JPA repositories in DEFAULT mode.
2024-05-20T09:48:40.433+02:00  INFO 16716 --- [           main] .s.d.r.c.RepositoryConfigurationDelegate : Finished Spring Data repository scanning in 10 ms. Found 2 JPA repository interfaces.
2024-05-20T09:48:40.491+02:00  INFO 16716 --- [           main] com.zaxxer.hikari.HikariDataSource       : HikariPool-9 - Starting...
2024-05-20T09:48:40.492+02:00  INFO 16716 --- [           main] com.zaxxer.hikari.pool.HikariPool        : HikariPool-9 - Added connection conn66: url=jdbc:h2:mem:testdb user=SA
2024-05-20T09:48:40.492+02:00  INFO 16716 --- [           main] com.zaxxer.hikari.HikariDataSource       : HikariPool-9 - Start completed.
2024-05-20T09:48:40.494+02:00  INFO 16716 --- [           main] o.hibernate.jpa.internal.util.LogHelper  : HHH000204: Processing PersistenceUnitInfo [name: default]
2024-05-20T09:48:40.496+02:00  INFO 16716 --- [           main] o.h.c.internal.RegionFactoryInitiator    : HHH000026: Second-level cache disabled
2024-05-20T09:48:40.500+02:00  INFO 16716 --- [           main] o.s.o.j.p.SpringPersistenceUnitInfo      : No LoadTimeWeaver setup: ignoring JPA class transformer
2024-05-20T09:48:40.553+02:00  INFO 16716 --- [           main] o.h.e.t.j.p.i.JtaPlatformInitiator       : HHH000489: No JTA platform available (set 'hibernate.transaction.jta.platform' to enable JTA platform integration)
2024-05-20T09:48:40.558+02:00  INFO 16716 --- [           main] j.LocalContainerEntityManagerFactoryBean : Initialized JPA EntityManagerFactory for persistence unit 'default'
2024-05-20T09:48:40.609+02:00  WARN 16716 --- [           main] JpaBaseConfiguration$JpaWebConfiguration : spring.jpa.open-in-view is enabled by default. Therefore, database queries may be performed during view rendering. Explicitly configure spring.jpa.open-in-view to disable this warning
2024-05-20T09:48:40.697+02:00  INFO 16716 --- [           main] o.s.b.t.m.w.SpringBootMockServletContext : Initializing Spring TestDispatcherServlet ''
2024-05-20T09:48:40.698+02:00  INFO 16716 --- [           main] o.s.t.web.servlet.TestDispatcherServlet  : Initializing Servlet ''
2024-05-20T09:48:40.699+02:00  INFO 16716 --- [           main] o.s.t.web.servlet.TestDispatcherServlet  : Completed initialization in 1 ms
2024-05-20T09:48:40.706+02:00  INFO 16716 --- [           main] c.o.d.c.AuthorControllerIntegrationTest  : Started AuthorControllerIntegrationTest in 0.498 seconds (process running for 15.638)
2024-05-20T09:48:40.710+02:00  INFO 16716 --- [   scheduling-1] c.o.database3.scheduled.AuthorWatcher    : There are 0 many authors in the database
2024-05-20T09:48:40.713+02:00  INFO 16716 --- [   scheduling-1] c.omar.database3.scheduled.BookWatcher   : There are 0 many books in the database
2024-05-20T09:48:40.713+02:00  INFO 16716 --- [   scheduling-1] c.omar.database3.scheduled.BookWatcher   : Go to the Postman ----------->
2024-05-20T09:48:40.713+02:00  INFO 16716 --- [   scheduling-1] c.omar.database3.scheduled.BookWatcher   : Use: Get, Put, Patch, Delete
2024-05-20T09:48:40.742+02:00  INFO 16716 --- [           main] j.LocalContainerEntityManagerFactoryBean : Closing JPA EntityManagerFactory for persistence unit 'default'
2024-05-20T09:48:40.744+02:00  INFO 16716 --- [           main] com.zaxxer.hikari.HikariDataSource       : HikariPool-9 - Shutdown initiated...
2024-05-20T09:48:40.754+02:00  INFO 16716 --- [           main] com.zaxxer.hikari.HikariDataSource       : HikariPool-9 - Shutdown completed.
]]></system-out>
  </testcase>
  <testcase name="testThatListAuthorsReturnsListOfAuthors" classname="com.omar.database3.controllers.AuthorControllerIntegrationTest" time="0.06">
    <system-out><![CDATA[  .   ____          _            __ _ _
 /\\ / ___'_ __ _ _(_)_ __  __ _ \ \ \ \
( ( )\___ | '_ | '_| | '_ \/ _` | \ \ \ \
 \\/  ___)| |_)| | | | | || (_| |  ) ) ) )
  '  |____| .__|_| |_|_| |_\__, | / / / /
 =========|_|==============|___/=/_/_/_/

 :: Spring Boot ::             (v3.3.0-M3)

2024-05-20T09:48:40.780+02:00  INFO 16716 --- [           main] c.o.d.c.AuthorControllerIntegrationTest  : Starting AuthorControllerIntegrationTest using Java 17.0.8 with PID 16716 (started by omars in D:\RestAPI)
2024-05-20T09:48:40.781+02:00  INFO 16716 --- [           main] c.o.d.c.AuthorControllerIntegrationTest  : No active profile set, falling back to 1 default profile: "default"
2024-05-20T09:48:40.950+02:00  INFO 16716 --- [           main] .s.d.r.c.RepositoryConfigurationDelegate : Bootstrapping Spring Data JPA repositories in DEFAULT mode.
2024-05-20T09:48:40.961+02:00  INFO 16716 --- [           main] .s.d.r.c.RepositoryConfigurationDelegate : Finished Spring Data repository scanning in 10 ms. Found 2 JPA repository interfaces.
2024-05-20T09:48:41.038+02:00  INFO 16716 --- [           main] com.zaxxer.hikari.HikariDataSource       : HikariPool-10 - Starting...
2024-05-20T09:48:41.039+02:00  INFO 16716 --- [           main] com.zaxxer.hikari.pool.HikariPool        : HikariPool-10 - Added connection conn72: url=jdbc:h2:mem:testdb user=SA
2024-05-20T09:48:41.039+02:00  INFO 16716 --- [           main] com.zaxxer.hikari.HikariDataSource       : HikariPool-10 - Start completed.
2024-05-20T09:48:41.041+02:00  INFO 16716 --- [           main] o.hibernate.jpa.internal.util.LogHelper  : HHH000204: Processing PersistenceUnitInfo [name: default]
2024-05-20T09:48:41.043+02:00  INFO 16716 --- [           main] o.h.c.internal.RegionFactoryInitiator    : HHH000026: Second-level cache disabled
2024-05-20T09:48:41.048+02:00  INFO 16716 --- [           main] o.s.o.j.p.SpringPersistenceUnitInfo      : No LoadTimeWeaver setup: ignoring JPA class transformer
2024-05-20T09:48:41.091+02:00  INFO 16716 --- [           main] o.h.e.t.j.p.i.JtaPlatformInitiator       : HHH000489: No JTA platform available (set 'hibernate.transaction.jta.platform' to enable JTA platform integration)
2024-05-20T09:48:41.095+02:00  INFO 16716 --- [           main] j.LocalContainerEntityManagerFactoryBean : Initialized JPA EntityManagerFactory for persistence unit 'default'
2024-05-20T09:48:41.146+02:00  WARN 16716 --- [           main] JpaBaseConfiguration$JpaWebConfiguration : spring.jpa.open-in-view is enabled by default. Therefore, database queries may be performed during view rendering. Explicitly configure spring.jpa.open-in-view to disable this warning
2024-05-20T09:48:41.228+02:00  INFO 16716 --- [           main] o.s.b.t.m.w.SpringBootMockServletContext : Initializing Spring TestDispatcherServlet ''
2024-05-20T09:48:41.229+02:00  INFO 16716 --- [           main] o.s.t.web.servlet.TestDispatcherServlet  : Initializing Servlet ''
2024-05-20T09:48:41.230+02:00  INFO 16716 --- [           main] o.s.t.web.servlet.TestDispatcherServlet  : Completed initialization in 1 ms
2024-05-20T09:48:41.238+02:00  INFO 16716 --- [           main] c.o.d.c.AuthorControllerIntegrationTest  : Started AuthorControllerIntegrationTest in 0.481 seconds (process running for 16.17)
2024-05-20T09:48:41.242+02:00  INFO 16716 --- [   scheduling-1] c.o.database3.scheduled.AuthorWatcher    : There are 0 many authors in the database
2024-05-20T09:48:41.248+02:00  INFO 16716 --- [   scheduling-1] c.omar.database3.scheduled.BookWatcher   : There are 0 many books in the database
2024-05-20T09:48:41.249+02:00  INFO 16716 --- [   scheduling-1] c.omar.database3.scheduled.BookWatcher   : Go to the Postman ----------->
2024-05-20T09:48:41.249+02:00  INFO 16716 --- [   scheduling-1] c.omar.database3.scheduled.BookWatcher   : Use: Get, Put, Patch, Delete
2024-05-20T09:48:41.271+02:00  INFO 16716 --- [           main] j.LocalContainerEntityManagerFactoryBean : Closing JPA EntityManagerFactory for persistence unit 'default'
2024-05-20T09:48:41.273+02:00  INFO 16716 --- [           main] com.zaxxer.hikari.HikariDataSource       : HikariPool-10 - Shutdown initiated...
2024-05-20T09:48:41.301+02:00  INFO 16716 --- [           main] com.zaxxer.hikari.HikariDataSource       : HikariPool-10 - Shutdown completed.
]]></system-out>
  </testcase>
  <testcase name="testThatDeleteAuthorReturnsHttpStatus204ForExistingAuthor" classname="com.omar.database3.controllers.AuthorControllerIntegrationTest" time="0.062">
    <system-out><![CDATA[  .   ____          _            __ _ _
 /\\ / ___'_ __ _ _(_)_ __  __ _ \ \ \ \
( ( )\___ | '_ | '_| | '_ \/ _` | \ \ \ \
 \\/  ___)| |_)| | | | | || (_| |  ) ) ) )
  '  |____| .__|_| |_|_| |_\__, | / / / /
 =========|_|==============|___/=/_/_/_/

 :: Spring Boot ::             (v3.3.0-M3)

2024-05-20T09:48:41.320+02:00  INFO 16716 --- [           main] c.o.d.c.AuthorControllerIntegrationTest  : Starting AuthorControllerIntegrationTest using Java 17.0.8 with PID 16716 (started by omars in D:\RestAPI)
2024-05-20T09:48:41.320+02:00  INFO 16716 --- [           main] c.o.d.c.AuthorControllerIntegrationTest  : No active profile set, falling back to 1 default profile: "default"
2024-05-20T09:48:41.445+02:00  INFO 16716 --- [           main] .s.d.r.c.RepositoryConfigurationDelegate : Bootstrapping Spring Data JPA repositories in DEFAULT mode.
2024-05-20T09:48:41.455+02:00  INFO 16716 --- [           main] .s.d.r.c.RepositoryConfigurationDelegate : Finished Spring Data repository scanning in 9 ms. Found 2 JPA repository interfaces.
2024-05-20T09:48:41.509+02:00  INFO 16716 --- [           main] com.zaxxer.hikari.HikariDataSource       : HikariPool-11 - Starting...
2024-05-20T09:48:41.510+02:00  INFO 16716 --- [           main] com.zaxxer.hikari.pool.HikariPool        : HikariPool-11 - Added connection conn78: url=jdbc:h2:mem:testdb user=SA
2024-05-20T09:48:41.510+02:00  INFO 16716 --- [           main] com.zaxxer.hikari.HikariDataSource       : HikariPool-11 - Start completed.
2024-05-20T09:48:41.512+02:00  INFO 16716 --- [           main] o.hibernate.jpa.internal.util.LogHelper  : HHH000204: Processing PersistenceUnitInfo [name: default]
2024-05-20T09:48:41.514+02:00  INFO 16716 --- [           main] o.h.c.internal.RegionFactoryInitiator    : HHH000026: Second-level cache disabled
2024-05-20T09:48:41.517+02:00  INFO 16716 --- [           main] o.s.o.j.p.SpringPersistenceUnitInfo      : No LoadTimeWeaver setup: ignoring JPA class transformer
2024-05-20T09:48:41.561+02:00  INFO 16716 --- [           main] o.h.e.t.j.p.i.JtaPlatformInitiator       : HHH000489: No JTA platform available (set 'hibernate.transaction.jta.platform' to enable JTA platform integration)
2024-05-20T09:48:41.567+02:00  INFO 16716 --- [           main] j.LocalContainerEntityManagerFactoryBean : Initialized JPA EntityManagerFactory for persistence unit 'default'
2024-05-20T09:48:41.617+02:00  WARN 16716 --- [           main] JpaBaseConfiguration$JpaWebConfiguration : spring.jpa.open-in-view is enabled by default. Therefore, database queries may be performed during view rendering. Explicitly configure spring.jpa.open-in-view to disable this warning
2024-05-20T09:48:41.703+02:00  INFO 16716 --- [           main] o.s.b.t.m.w.SpringBootMockServletContext : Initializing Spring TestDispatcherServlet ''
2024-05-20T09:48:41.703+02:00  INFO 16716 --- [           main] o.s.t.web.servlet.TestDispatcherServlet  : Initializing Servlet ''
2024-05-20T09:48:41.704+02:00  INFO 16716 --- [           main] o.s.t.web.servlet.TestDispatcherServlet  : Completed initialization in 1 ms
2024-05-20T09:48:41.708+02:00  INFO 16716 --- [           main] c.o.d.c.AuthorControllerIntegrationTest  : Started AuthorControllerIntegrationTest in 0.405 seconds (process running for 16.64)
2024-05-20T09:48:41.714+02:00  INFO 16716 --- [   scheduling-1] c.o.database3.scheduled.AuthorWatcher    : There are 0 many authors in the database
2024-05-20T09:48:41.718+02:00  INFO 16716 --- [   scheduling-1] c.omar.database3.scheduled.BookWatcher   : There are 0 many books in the database
2024-05-20T09:48:41.718+02:00  INFO 16716 --- [   scheduling-1] c.omar.database3.scheduled.BookWatcher   : Go to the Postman ----------->
2024-05-20T09:48:41.718+02:00  INFO 16716 --- [   scheduling-1] c.omar.database3.scheduled.BookWatcher   : Use: Get, Put, Patch, Delete
2024-05-20T09:48:41.741+02:00  INFO 16716 --- [           main] j.LocalContainerEntityManagerFactoryBean : Closing JPA EntityManagerFactory for persistence unit 'default'
2024-05-20T09:48:41.743+02:00  INFO 16716 --- [           main] com.zaxxer.hikari.HikariDataSource       : HikariPool-11 - Shutdown initiated...
2024-05-20T09:48:41.772+02:00  INFO 16716 --- [           main] com.zaxxer.hikari.HikariDataSource       : HikariPool-11 - Shutdown completed.
]]></system-out>
  </testcase>
  <testcase name="testThatGetAuthorReturnsHttpStatus200WhenAuthorExist" classname="com.omar.database3.controllers.AuthorControllerIntegrationTest" time="0.043">
    <system-out><![CDATA[  .   ____          _            __ _ _
 /\\ / ___'_ __ _ _(_)_ __  __ _ \ \ \ \
( ( )\___ | '_ | '_| | '_ \/ _` | \ \ \ \
 \\/  ___)| |_)| | | | | || (_| |  ) ) ) )
  '  |____| .__|_| |_|_| |_\__, | / / / /
 =========|_|==============|___/=/_/_/_/

 :: Spring Boot ::             (v3.3.0-M3)

2024-05-20T09:48:41.796+02:00  INFO 16716 --- [           main] c.o.d.c.AuthorControllerIntegrationTest  : Starting AuthorControllerIntegrationTest using Java 17.0.8 with PID 16716 (started by omars in D:\RestAPI)
2024-05-20T09:48:41.797+02:00  INFO 16716 --- [           main] c.o.d.c.AuthorControllerIntegrationTest  : No active profile set, falling back to 1 default profile: "default"
2024-05-20T09:48:41.988+02:00  INFO 16716 --- [           main] .s.d.r.c.RepositoryConfigurationDelegate : Bootstrapping Spring Data JPA repositories in DEFAULT mode.
2024-05-20T09:48:41.996+02:00  INFO 16716 --- [           main] .s.d.r.c.RepositoryConfigurationDelegate : Finished Spring Data repository scanning in 7 ms. Found 2 JPA repository interfaces.
2024-05-20T09:48:42.051+02:00  INFO 16716 --- [           main] com.zaxxer.hikari.HikariDataSource       : HikariPool-12 - Starting...
2024-05-20T09:48:42.052+02:00  INFO 16716 --- [           main] com.zaxxer.hikari.pool.HikariPool        : HikariPool-12 - Added connection conn84: url=jdbc:h2:mem:testdb user=SA
2024-05-20T09:48:42.052+02:00  INFO 16716 --- [           main] com.zaxxer.hikari.HikariDataSource       : HikariPool-12 - Start completed.
2024-05-20T09:48:42.054+02:00  INFO 16716 --- [           main] o.hibernate.jpa.internal.util.LogHelper  : HHH000204: Processing PersistenceUnitInfo [name: default]
2024-05-20T09:48:42.055+02:00  INFO 16716 --- [           main] o.h.c.internal.RegionFactoryInitiator    : HHH000026: Second-level cache disabled
2024-05-20T09:48:42.058+02:00  INFO 16716 --- [           main] o.s.o.j.p.SpringPersistenceUnitInfo      : No LoadTimeWeaver setup: ignoring JPA class transformer
2024-05-20T09:48:42.096+02:00  INFO 16716 --- [           main] o.h.e.t.j.p.i.JtaPlatformInitiator       : HHH000489: No JTA platform available (set 'hibernate.transaction.jta.platform' to enable JTA platform integration)
2024-05-20T09:48:42.102+02:00  INFO 16716 --- [           main] j.LocalContainerEntityManagerFactoryBean : Initialized JPA EntityManagerFactory for persistence unit 'default'
2024-05-20T09:48:42.153+02:00  WARN 16716 --- [           main] JpaBaseConfiguration$JpaWebConfiguration : spring.jpa.open-in-view is enabled by default. Therefore, database queries may be performed during view rendering. Explicitly configure spring.jpa.open-in-view to disable this warning
2024-05-20T09:48:42.227+02:00  INFO 16716 --- [           main] o.s.b.t.m.w.SpringBootMockServletContext : Initializing Spring TestDispatcherServlet ''
2024-05-20T09:48:42.227+02:00  INFO 16716 --- [           main] o.s.t.web.servlet.TestDispatcherServlet  : Initializing Servlet ''
2024-05-20T09:48:42.228+02:00  INFO 16716 --- [           main] o.s.t.web.servlet.TestDispatcherServlet  : Completed initialization in 1 ms
2024-05-20T09:48:42.235+02:00  INFO 16716 --- [           main] c.o.d.c.AuthorControllerIntegrationTest  : Started AuthorControllerIntegrationTest in 0.46 seconds (process running for 17.167)
2024-05-20T09:48:42.239+02:00  INFO 16716 --- [   scheduling-1] c.o.database3.scheduled.AuthorWatcher    : There are 0 many authors in the database
2024-05-20T09:48:42.242+02:00  INFO 16716 --- [   scheduling-1] c.omar.database3.scheduled.BookWatcher   : There are 0 many books in the database
2024-05-20T09:48:42.242+02:00  INFO 16716 --- [   scheduling-1] c.omar.database3.scheduled.BookWatcher   : Go to the Postman ----------->
2024-05-20T09:48:42.242+02:00  INFO 16716 --- [   scheduling-1] c.omar.database3.scheduled.BookWatcher   : Use: Get, Put, Patch, Delete
2024-05-20T09:48:42.256+02:00  INFO 16716 --- [           main] j.LocalContainerEntityManagerFactoryBean : Closing JPA EntityManagerFactory for persistence unit 'default'
2024-05-20T09:48:42.258+02:00  INFO 16716 --- [           main] com.zaxxer.hikari.HikariDataSource       : HikariPool-12 - Shutdown initiated...
2024-05-20T09:48:42.281+02:00  INFO 16716 --- [           main] com.zaxxer.hikari.HikariDataSource       : HikariPool-12 - Shutdown completed.
]]></system-out>
  </testcase>
  <testcase name="testThatGetAuthorReturnsAuthorWhenAuthorExist" classname="com.omar.database3.controllers.AuthorControllerIntegrationTest" time="0.031">
    <system-out><![CDATA[  .   ____          _            __ _ _
 /\\ / ___'_ __ _ _(_)_ __  __ _ \ \ \ \
( ( )\___ | '_ | '_| | '_ \/ _` | \ \ \ \
 \\/  ___)| |_)| | | | | || (_| |  ) ) ) )
  '  |____| .__|_| |_|_| |_\__, | / / / /
 =========|_|==============|___/=/_/_/_/

 :: Spring Boot ::             (v3.3.0-M3)

2024-05-20T09:48:42.305+02:00  INFO 16716 --- [           main] c.o.d.c.AuthorControllerIntegrationTest  : Starting AuthorControllerIntegrationTest using Java 17.0.8 with PID 16716 (started by omars in D:\RestAPI)
2024-05-20T09:48:42.306+02:00  INFO 16716 --- [           main] c.o.d.c.AuthorControllerIntegrationTest  : No active profile set, falling back to 1 default profile: "default"
2024-05-20T09:48:42.418+02:00  INFO 16716 --- [           main] .s.d.r.c.RepositoryConfigurationDelegate : Bootstrapping Spring Data JPA repositories in DEFAULT mode.
2024-05-20T09:48:42.426+02:00  INFO 16716 --- [           main] .s.d.r.c.RepositoryConfigurationDelegate : Finished Spring Data repository scanning in 7 ms. Found 2 JPA repository interfaces.
2024-05-20T09:48:42.482+02:00  INFO 16716 --- [           main] com.zaxxer.hikari.HikariDataSource       : HikariPool-13 - Starting...
2024-05-20T09:48:42.483+02:00  INFO 16716 --- [           main] com.zaxxer.hikari.pool.HikariPool        : HikariPool-13 - Added connection conn89: url=jdbc:h2:mem:testdb user=SA
2024-05-20T09:48:42.483+02:00  INFO 16716 --- [           main] com.zaxxer.hikari.HikariDataSource       : HikariPool-13 - Start completed.
2024-05-20T09:48:42.484+02:00  INFO 16716 --- [           main] o.hibernate.jpa.internal.util.LogHelper  : HHH000204: Processing PersistenceUnitInfo [name: default]
2024-05-20T09:48:42.486+02:00  INFO 16716 --- [           main] o.h.c.internal.RegionFactoryInitiator    : HHH000026: Second-level cache disabled
2024-05-20T09:48:42.489+02:00  INFO 16716 --- [           main] o.s.o.j.p.SpringPersistenceUnitInfo      : No LoadTimeWeaver setup: ignoring JPA class transformer
2024-05-20T09:48:42.537+02:00  INFO 16716 --- [           main] o.h.e.t.j.p.i.JtaPlatformInitiator       : HHH000489: No JTA platform available (set 'hibernate.transaction.jta.platform' to enable JTA platform integration)
2024-05-20T09:48:42.542+02:00  INFO 16716 --- [           main] j.LocalContainerEntityManagerFactoryBean : Initialized JPA EntityManagerFactory for persistence unit 'default'
2024-05-20T09:48:42.590+02:00  WARN 16716 --- [           main] JpaBaseConfiguration$JpaWebConfiguration : spring.jpa.open-in-view is enabled by default. Therefore, database queries may be performed during view rendering. Explicitly configure spring.jpa.open-in-view to disable this warning
2024-05-20T09:48:42.671+02:00  INFO 16716 --- [           main] o.s.b.t.m.w.SpringBootMockServletContext : Initializing Spring TestDispatcherServlet ''
2024-05-20T09:48:42.671+02:00  INFO 16716 --- [           main] o.s.t.web.servlet.TestDispatcherServlet  : Initializing Servlet ''
2024-05-20T09:48:42.672+02:00  INFO 16716 --- [           main] o.s.t.web.servlet.TestDispatcherServlet  : Completed initialization in 1 ms
2024-05-20T09:48:42.676+02:00  INFO 16716 --- [           main] c.o.d.c.AuthorControllerIntegrationTest  : Started AuthorControllerIntegrationTest in 0.393 seconds (process running for 17.608)
2024-05-20T09:48:42.681+02:00  INFO 16716 --- [   scheduling-1] c.o.database3.scheduled.AuthorWatcher    : There are 0 many authors in the database
2024-05-20T09:48:42.684+02:00  INFO 16716 --- [   scheduling-1] c.omar.database3.scheduled.BookWatcher   : There are 0 many books in the database
2024-05-20T09:48:42.684+02:00  INFO 16716 --- [   scheduling-1] c.omar.database3.scheduled.BookWatcher   : Go to the Postman ----------->
2024-05-20T09:48:42.684+02:00  INFO 16716 --- [   scheduling-1] c.omar.database3.scheduled.BookWatcher   : Use: Get, Put, Patch, Delete
2024-05-20T09:48:42.700+02:00  INFO 16716 --- [           main] j.LocalContainerEntityManagerFactoryBean : Closing JPA EntityManagerFactory for persistence unit 'default'
2024-05-20T09:48:42.703+02:00  INFO 16716 --- [           main] com.zaxxer.hikari.HikariDataSource       : HikariPool-13 - Shutdown initiated...
2024-05-20T09:48:42.710+02:00  INFO 16716 --- [           main] com.zaxxer.hikari.HikariDataSource       : HikariPool-13 - Shutdown completed.
]]></system-out>
  </testcase>
  <testcase name="testThatCreateAuthorSuccessfullyReturnsSavedAuthor" classname="com.omar.database3.controllers.AuthorControllerIntegrationTest" time="0.036">
    <system-out><![CDATA[  .   ____          _            __ _ _
 /\\ / ___'_ __ _ _(_)_ __  __ _ \ \ \ \
( ( )\___ | '_ | '_| | '_ \/ _` | \ \ \ \
 \\/  ___)| |_)| | | | | || (_| |  ) ) ) )
  '  |____| .__|_| |_|_| |_\__, | / / / /
 =========|_|==============|___/=/_/_/_/

 :: Spring Boot ::             (v3.3.0-M3)

2024-05-20T09:48:42.732+02:00  INFO 16716 --- [           main] c.o.d.c.AuthorControllerIntegrationTest  : Starting AuthorControllerIntegrationTest using Java 17.0.8 with PID 16716 (started by omars in D:\RestAPI)
2024-05-20T09:48:42.732+02:00  INFO 16716 --- [           main] c.o.d.c.AuthorControllerIntegrationTest  : No active profile set, falling back to 1 default profile: "default"
2024-05-20T09:48:42.840+02:00  INFO 16716 --- [           main] .s.d.r.c.RepositoryConfigurationDelegate : Bootstrapping Spring Data JPA repositories in DEFAULT mode.
2024-05-20T09:48:42.849+02:00  INFO 16716 --- [           main] .s.d.r.c.RepositoryConfigurationDelegate : Finished Spring Data repository scanning in 9 ms. Found 2 JPA repository interfaces.
2024-05-20T09:48:42.921+02:00  INFO 16716 --- [           main] com.zaxxer.hikari.HikariDataSource       : HikariPool-14 - Starting...
2024-05-20T09:48:42.923+02:00  INFO 16716 --- [           main] com.zaxxer.hikari.pool.HikariPool        : HikariPool-14 - Added connection conn94: url=jdbc:h2:mem:testdb user=SA
2024-05-20T09:48:42.923+02:00  INFO 16716 --- [           main] com.zaxxer.hikari.HikariDataSource       : HikariPool-14 - Start completed.
2024-05-20T09:48:42.925+02:00  INFO 16716 --- [           main] o.hibernate.jpa.internal.util.LogHelper  : HHH000204: Processing PersistenceUnitInfo [name: default]
2024-05-20T09:48:42.927+02:00  INFO 16716 --- [           main] o.h.c.internal.RegionFactoryInitiator    : HHH000026: Second-level cache disabled
2024-05-20T09:48:42.931+02:00  INFO 16716 --- [           main] o.s.o.j.p.SpringPersistenceUnitInfo      : No LoadTimeWeaver setup: ignoring JPA class transformer
2024-05-20T09:48:42.978+02:00  INFO 16716 --- [           main] o.h.e.t.j.p.i.JtaPlatformInitiator       : HHH000489: No JTA platform available (set 'hibernate.transaction.jta.platform' to enable JTA platform integration)
2024-05-20T09:48:42.987+02:00  INFO 16716 --- [           main] j.LocalContainerEntityManagerFactoryBean : Initialized JPA EntityManagerFactory for persistence unit 'default'
2024-05-20T09:48:43.053+02:00  WARN 16716 --- [           main] JpaBaseConfiguration$JpaWebConfiguration : spring.jpa.open-in-view is enabled by default. Therefore, database queries may be performed during view rendering. Explicitly configure spring.jpa.open-in-view to disable this warning
2024-05-20T09:48:43.138+02:00  INFO 16716 --- [           main] o.s.b.t.m.w.SpringBootMockServletContext : Initializing Spring TestDispatcherServlet ''
2024-05-20T09:48:43.138+02:00  INFO 16716 --- [           main] o.s.t.web.servlet.TestDispatcherServlet  : Initializing Servlet ''
2024-05-20T09:48:43.138+02:00  INFO 16716 --- [           main] o.s.t.web.servlet.TestDispatcherServlet  : Completed initialization in 0 ms
2024-05-20T09:48:43.145+02:00  INFO 16716 --- [           main] c.o.d.c.AuthorControllerIntegrationTest  : Started AuthorControllerIntegrationTest in 0.431 seconds (process running for 18.077)
2024-05-20T09:48:43.150+02:00  INFO 16716 --- [   scheduling-1] c.o.database3.scheduled.AuthorWatcher    : There are 0 many authors in the database
2024-05-20T09:48:43.153+02:00  INFO 16716 --- [   scheduling-1] c.omar.database3.scheduled.BookWatcher   : There are 0 many books in the database
2024-05-20T09:48:43.153+02:00  INFO 16716 --- [   scheduling-1] c.omar.database3.scheduled.BookWatcher   : Go to the Postman ----------->
2024-05-20T09:48:43.153+02:00  INFO 16716 --- [   scheduling-1] c.omar.database3.scheduled.BookWatcher   : Use: Get, Put, Patch, Delete
2024-05-20T09:48:43.168+02:00  INFO 16716 --- [           main] j.LocalContainerEntityManagerFactoryBean : Closing JPA EntityManagerFactory for persistence unit 'default'
2024-05-20T09:48:43.170+02:00  INFO 16716 --- [           main] com.zaxxer.hikari.HikariDataSource       : HikariPool-14 - Shutdown initiated...
2024-05-20T09:48:43.185+02:00  INFO 16716 --- [           main] com.zaxxer.hikari.HikariDataSource       : HikariPool-14 - Shutdown completed.
]]></system-out>
  </testcase>
</testsuite>