<?xml version="1.0" encoding="UTF-8"?>
<testsuite xmlns:xsi="http://www.w3.org/2001/XMLSchema-instance" xsi:noNamespaceSchemaLocation="https://maven.apache.org/surefire/maven-surefire-plugin/xsd/surefire-test-report-3.0.xsd" version="3.0" name="com.omar.database3.controllers.AuthorControllerIntegrationTest" time="16.395" tests="14" errors="0" skipped="0" failures="0">
  <properties>
    <property name="java.specification.version" value="17"/>
    <property name="sun.cpu.isalist" value="amd64"/>
    <property name="sun.jnu.encoding" value="Cp1252"/>
    <property name="java.class.path" value="D:\RestAPI\target\test-classes;D:\RestAPI\target\classes;C:\Users\omars\.m2\repository\org\springframework\boot\spring-boot-starter-data-jpa\3.3.0-M3\spring-boot-starter-data-jpa-3.3.0-M3.jar;C:\Users\omars\.m2\repository\org\springframework\boot\spring-boot-starter-aop\3.3.0-M3\spring-boot-starter-aop-3.3.0-M3.jar;C:\Users\omars\.m2\repository\org\springframework\spring-aop\6.1.5\spring-aop-6.1.5.jar;C:\Users\omars\.m2\repository\org\aspectj\aspectjweaver\1.9.21\aspectjweaver-1.9.21.jar;C:\Users\omars\.m2\repository\org\springframework\boot\spring-boot-starter-jdbc\3.3.0-M3\spring-boot-starter-jdbc-3.3.0-M3.jar;C:\Users\omars\.m2\repository\com\zaxxer\HikariCP\5.1.0\HikariCP-5.1.0.jar;C:\Users\omars\.m2\repository\org\springframework\spring-jdbc\6.1.5\spring-jdbc-6.1.5.jar;C:\Users\omars\.m2\repository\org\hibernate\orm\hibernate-core\6.4.4.Final\hibernate-core-6.4.4.Final.jar;C:\Users\omars\.m2\repository\jakarta\persistence\jakarta.persistence-api\3.1.0\jakarta.persistence-api-3.1.0.jar;C:\Users\omars\.m2\repository\jakarta\transaction\jakarta.transaction-api\2.0.1\jakarta.transaction-api-2.0.1.jar;C:\Users\omars\.m2\repository\org\jboss\logging\jboss-logging\3.5.3.Final\jboss-logging-3.5.3.Final.jar;C:\Users\omars\.m2\repository\org\hibernate\common\hibernate-commons-annotations\6.0.6.Final\hibernate-commons-annotations-6.0.6.Final.jar;C:\Users\omars\.m2\repository\io\smallrye\jandex\3.1.2\jandex-3.1.2.jar;C:\Users\omars\.m2\repository\com\fasterxml\classmate\1.7.0\classmate-1.7.0.jar;C:\Users\omars\.m2\repository\net\bytebuddy\byte-buddy\1.14.12\byte-buddy-1.14.12.jar;C:\Users\omars\.m2\repository\org\glassfish\jaxb\jaxb-runtime\4.0.5\jaxb-runtime-4.0.5.jar;C:\Users\omars\.m2\repository\org\glassfish\jaxb\jaxb-core\4.0.5\jaxb-core-4.0.5.jar;C:\Users\omars\.m2\repository\org\eclipse\angus\angus-activation\2.0.2\angus-activation-2.0.2.jar;C:\Users\omars\.m2\repository\org\glassfish\jaxb\txw2\4.0.5\txw2-4.0.5.jar;C:\Users\omars\.m2\repository\com\sun\istack\istack-commons-runtime\4.1.2\istack-commons-runtime-4.1.2.jar;C:\Users\omars\.m2\repository\jakarta\inject\jakarta.inject-api\2.0.1\jakarta.inject-api-2.0.1.jar;C:\Users\omars\.m2\repository\org\antlr\antlr4-runtime\4.13.0\antlr4-runtime-4.13.0.jar;C:\Users\omars\.m2\repository\org\springframework\data\spring-data-jpa\3.3.0-M2\spring-data-jpa-3.3.0-M2.jar;C:\Users\omars\.m2\repository\org\springframework\data\spring-data-commons\3.3.0-M2\spring-data-commons-3.3.0-M2.jar;C:\Users\omars\.m2\repository\org\springframework\spring-orm\6.1.5\spring-orm-6.1.5.jar;C:\Users\omars\.m2\repository\org\springframework\spring-context\6.1.5\spring-context-6.1.5.jar;C:\Users\omars\.m2\repository\org\springframework\spring-tx\6.1.5\spring-tx-6.1.5.jar;C:\Users\omars\.m2\repository\org\springframework\spring-beans\6.1.5\spring-beans-6.1.5.jar;C:\Users\omars\.m2\repository\jakarta\annotation\jakarta.annotation-api\2.1.1\jakarta.annotation-api-2.1.1.jar;C:\Users\omars\.m2\repository\org\slf4j\slf4j-api\2.0.12\slf4j-api-2.0.12.jar;C:\Users\omars\.m2\repository\org\springframework\spring-aspects\6.1.5\spring-aspects-6.1.5.jar;C:\Users\omars\.m2\repository\org\springframework\boot\spring-boot-starter-web\3.3.0-M3\spring-boot-starter-web-3.3.0-M3.jar;C:\Users\omars\.m2\repository\org\springframework\boot\spring-boot-starter\3.3.0-M3\spring-boot-starter-3.3.0-M3.jar;C:\Users\omars\.m2\repository\org\springframework\boot\spring-boot\3.3.0-M3\spring-boot-3.3.0-M3.jar;C:\Users\omars\.m2\repository\org\springframework\boot\spring-boot-autoconfigure\3.3.0-M3\spring-boot-autoconfigure-3.3.0-M3.jar;C:\Users\omars\.m2\repository\org\springframework\boot\spring-boot-starter-logging\3.3.0-M3\spring-boot-starter-logging-3.3.0-M3.jar;C:\Users\omars\.m2\repository\ch\qos\logback\logback-classic\1.4.14\logback-classic-1.4.14.jar;C:\Users\omars\.m2\repository\ch\qos\logback\logback-core\1.4.14\logback-core-1.4.14.jar;C:\Users\omars\.m2\repository\org\apache\logging\log4j\log4j-to-slf4j\2.23.1\log4j-to-slf4j-2.23.1.jar;C:\Users\omars\.m2\repository\org\apache\logging\log4j\log4j-api\2.23.1\log4j-api-2.23.1.jar;C:\Users\omars\.m2\repository\org\slf4j\jul-to-slf4j\2.0.12\jul-to-slf4j-2.0.12.jar;C:\Users\omars\.m2\repository\org\yaml\snakeyaml\2.2\snakeyaml-2.2.jar;C:\Users\omars\.m2\repository\org\springframework\boot\spring-boot-starter-json\3.3.0-M3\spring-boot-starter-json-3.3.0-M3.jar;C:\Users\omars\.m2\repository\com\fasterxml\jackson\core\jackson-databind\2.17.0\jackson-databind-2.17.0.jar;C:\Users\omars\.m2\repository\com\fasterxml\jackson\core\jackson-annotations\2.17.0\jackson-annotations-2.17.0.jar;C:\Users\omars\.m2\repository\com\fasterxml\jackson\core\jackson-core\2.17.0\jackson-core-2.17.0.jar;C:\Users\omars\.m2\repository\com\fasterxml\jackson\datatype\jackson-datatype-jdk8\2.17.0\jackson-datatype-jdk8-2.17.0.jar;C:\Users\omars\.m2\repository\com\fasterxml\jackson\datatype\jackson-datatype-jsr310\2.17.0\jackson-datatype-jsr310-2.17.0.jar;C:\Users\omars\.m2\repository\com\fasterxml\jackson\module\jackson-module-parameter-names\2.17.0\jackson-module-parameter-names-2.17.0.jar;C:\Users\omars\.m2\repository\org\springframework\boot\spring-boot-starter-tomcat\3.3.0-M3\spring-boot-starter-tomcat-3.3.0-M3.jar;C:\Users\omars\.m2\repository\org\apache\tomcat\embed\tomcat-embed-core\10.1.19\tomcat-embed-core-10.1.19.jar;C:\Users\omars\.m2\repository\org\apache\tomcat\embed\tomcat-embed-el\10.1.19\tomcat-embed-el-10.1.19.jar;C:\Users\omars\.m2\repository\org\apache\tomcat\embed\tomcat-embed-websocket\10.1.19\tomcat-embed-websocket-10.1.19.jar;C:\Users\omars\.m2\repository\org\springframework\spring-web\6.1.5\spring-web-6.1.5.jar;C:\Users\omars\.m2\repository\io\micrometer\micrometer-observation\1.13.0-M2\micrometer-observation-1.13.0-M2.jar;C:\Users\omars\.m2\repository\io\micrometer\micrometer-commons\1.13.0-M2\micrometer-commons-1.13.0-M2.jar;C:\Users\omars\.m2\repository\org\springframework\spring-webmvc\6.1.5\spring-webmvc-6.1.5.jar;C:\Users\omars\.m2\repository\org\springframework\spring-expression\6.1.5\spring-expression-6.1.5.jar;C:\Users\omars\.m2\repository\org\modelmapper\modelmapper\3.0.0\modelmapper-3.0.0.jar;C:\Users\omars\.m2\repository\org\postgresql\postgresql\42.7.3\postgresql-42.7.3.jar;C:\Users\omars\.m2\repository\org\checkerframework\checker-qual\3.42.0\checker-qual-3.42.0.jar;C:\Users\omars\.m2\repository\org\projectlombok\lombok\1.18.30\lombok-1.18.30.jar;C:\Users\omars\.m2\repository\org\springframework\boot\spring-boot-starter-test\3.3.0-M3\spring-boot-starter-test-3.3.0-M3.jar;C:\Users\omars\.m2\repository\org\springframework\boot\spring-boot-test\3.3.0-M3\spring-boot-test-3.3.0-M3.jar;C:\Users\omars\.m2\repository\org\springframework\boot\spring-boot-test-autoconfigure\3.3.0-M3\spring-boot-test-autoconfigure-3.3.0-M3.jar;C:\Users\omars\.m2\repository\com\jayway\jsonpath\json-path\2.9.0\json-path-2.9.0.jar;C:\Users\omars\.m2\repository\jakarta\xml\bind\jakarta.xml.bind-api\4.0.2\jakarta.xml.bind-api-4.0.2.jar;C:\Users\omars\.m2\repository\jakarta\activation\jakarta.activation-api\2.1.3\jakarta.activation-api-2.1.3.jar;C:\Users\omars\.m2\repository\net\minidev\json-smart\2.5.0\json-smart-2.5.0.jar;C:\Users\omars\.m2\repository\net\minidev\accessors-smart\2.5.0\accessors-smart-2.5.0.jar;C:\Users\omars\.m2\repository\org\ow2\asm\asm\9.3\asm-9.3.jar;C:\Users\omars\.m2\repository\org\assertj\assertj-core\3.25.3\assertj-core-3.25.3.jar;C:\Users\omars\.m2\repository\org\awaitility\awaitility\4.2.0\awaitility-4.2.0.jar;C:\Users\omars\.m2\repository\org\hamcrest\hamcrest\2.2\hamcrest-2.2.jar;C:\Users\omars\.m2\repository\org\junit\jupiter\junit-jupiter\5.10.2\junit-jupiter-5.10.2.jar;C:\Users\omars\.m2\repository\org\junit\jupiter\junit-jupiter-api\5.10.2\junit-jupiter-api-5.10.2.jar;C:\Users\omars\.m2\repository\org\opentest4j\opentest4j\1.3.0\opentest4j-1.3.0.jar;C:\Users\omars\.m2\repository\org\junit\platform\junit-platform-commons\1.10.2\junit-platform-commons-1.10.2.jar;C:\Users\omars\.m2\repository\org\apiguardian\apiguardian-api\1.1.2\apiguardian-api-1.1.2.jar;C:\Users\omars\.m2\repository\org\junit\jupiter\junit-jupiter-params\5.10.2\junit-jupiter-params-5.10.2.jar;C:\Users\omars\.m2\repository\org\junit\jupiter\junit-jupiter-engine\5.10.2\junit-jupiter-engine-5.10.2.jar;C:\Users\omars\.m2\repository\org\junit\platform\junit-platform-engine\1.10.2\junit-platform-engine-1.10.2.jar;C:\Users\omars\.m2\repository\org\mockito\mockito-core\5.11.0\mockito-core-5.11.0.jar;C:\Users\omars\.m2\repository\net\bytebuddy\byte-buddy-agent\1.14.12\byte-buddy-agent-1.14.12.jar;C:\Users\omars\.m2\repository\org\objenesis\objenesis\3.3\objenesis-3.3.jar;C:\Users\omars\.m2\repository\org\mockito\mockito-junit-jupiter\5.11.0\mockito-junit-jupiter-5.11.0.jar;C:\Users\omars\.m2\repository\org\skyscreamer\jsonassert\1.5.1\jsonassert-1.5.1.jar;C:\Users\omars\.m2\repository\com\vaadin\external\google\android-json\0.0.20131108.vaadin1\android-json-0.0.20131108.vaadin1.jar;C:\Users\omars\.m2\repository\org\springframework\spring-core\6.1.5\spring-core-6.1.5.jar;C:\Users\omars\.m2\repository\org\springframework\spring-jcl\6.1.5\spring-jcl-6.1.5.jar;C:\Users\omars\.m2\repository\org\springframework\spring-test\6.1.5\spring-test-6.1.5.jar;C:\Users\omars\.m2\repository\org\xmlunit\xmlunit-core\2.9.1\xmlunit-core-2.9.1.jar;C:\Users\omars\.m2\repository\com\h2database\h2\2.2.224\h2-2.2.224.jar;C:\Users\omars\.m2\repository\junit\junit\4.13.2\junit-4.13.2.jar;C:\Users\omars\.m2\repository\org\hamcrest\hamcrest-core\2.2\hamcrest-core-2.2.jar;"/>
    <property name="java.vm.vendor" value="Oracle Corporation"/>
    <property name="sun.arch.data.model" value="64"/>
    <property name="user.variant" value=""/>
    <property name="java.vendor.url" value="https://java.oracle.com/"/>
    <property name="user.timezone" value="Europe/Budapest"/>
    <property name="org.jboss.logging.provider" value="slf4j"/>
    <property name="os.name" value="Windows 11"/>
    <property name="java.vm.specification.version" value="17"/>
    <property name="sun.java.launcher" value="SUN_STANDARD"/>
    <property name="user.country" value="US"/>
    <property name="sun.boot.library.path" value="C:\Users\omars\tools\jdk-17\bin"/>
    <property name="sun.java.command" value="C:\Users\omars\AppData\Local\Temp\surefire15481750815915780817\surefirebooter-20240521213634677_3.jar C:\Users\omars\AppData\Local\Temp\surefire15481750815915780817 2024-05-21T21-36-34_513-jvmRun1 surefire-20240521213634677_1tmp surefire_0-20240521213634677_2tmp"/>
    <property name="jdk.debug" value="release"/>
    <property name="surefire.test.class.path" value="D:\RestAPI\target\test-classes;D:\RestAPI\target\classes;C:\Users\omars\.m2\repository\org\springframework\boot\spring-boot-starter-data-jpa\3.3.0-M3\spring-boot-starter-data-jpa-3.3.0-M3.jar;C:\Users\omars\.m2\repository\org\springframework\boot\spring-boot-starter-aop\3.3.0-M3\spring-boot-starter-aop-3.3.0-M3.jar;C:\Users\omars\.m2\repository\org\springframework\spring-aop\6.1.5\spring-aop-6.1.5.jar;C:\Users\omars\.m2\repository\org\aspectj\aspectjweaver\1.9.21\aspectjweaver-1.9.21.jar;C:\Users\omars\.m2\repository\org\springframework\boot\spring-boot-starter-jdbc\3.3.0-M3\spring-boot-starter-jdbc-3.3.0-M3.jar;C:\Users\omars\.m2\repository\com\zaxxer\HikariCP\5.1.0\HikariCP-5.1.0.jar;C:\Users\omars\.m2\repository\org\springframework\spring-jdbc\6.1.5\spring-jdbc-6.1.5.jar;C:\Users\omars\.m2\repository\org\hibernate\orm\hibernate-core\6.4.4.Final\hibernate-core-6.4.4.Final.jar;C:\Users\omars\.m2\repository\jakarta\persistence\jakarta.persistence-api\3.1.0\jakarta.persistence-api-3.1.0.jar;C:\Users\omars\.m2\repository\jakarta\transaction\jakarta.transaction-api\2.0.1\jakarta.transaction-api-2.0.1.jar;C:\Users\omars\.m2\repository\org\jboss\logging\jboss-logging\3.5.3.Final\jboss-logging-3.5.3.Final.jar;C:\Users\omars\.m2\repository\org\hibernate\common\hibernate-commons-annotations\6.0.6.Final\hibernate-commons-annotations-6.0.6.Final.jar;C:\Users\omars\.m2\repository\io\smallrye\jandex\3.1.2\jandex-3.1.2.jar;C:\Users\omars\.m2\repository\com\fasterxml\classmate\1.7.0\classmate-1.7.0.jar;C:\Users\omars\.m2\repository\net\bytebuddy\byte-buddy\1.14.12\byte-buddy-1.14.12.jar;C:\Users\omars\.m2\repository\org\glassfish\jaxb\jaxb-runtime\4.0.5\jaxb-runtime-4.0.5.jar;C:\Users\omars\.m2\repository\org\glassfish\jaxb\jaxb-core\4.0.5\jaxb-core-4.0.5.jar;C:\Users\omars\.m2\repository\org\eclipse\angus\angus-activation\2.0.2\angus-activation-2.0.2.jar;C:\Users\omars\.m2\repository\org\glassfish\jaxb\txw2\4.0.5\txw2-4.0.5.jar;C:\Users\omars\.m2\repository\com\sun\istack\istack-commons-runtime\4.1.2\istack-commons-runtime-4.1.2.jar;C:\Users\omars\.m2\repository\jakarta\inject\jakarta.inject-api\2.0.1\jakarta.inject-api-2.0.1.jar;C:\Users\omars\.m2\repository\org\antlr\antlr4-runtime\4.13.0\antlr4-runtime-4.13.0.jar;C:\Users\omars\.m2\repository\org\springframework\data\spring-data-jpa\3.3.0-M2\spring-data-jpa-3.3.0-M2.jar;C:\Users\omars\.m2\repository\org\springframework\data\spring-data-commons\3.3.0-M2\spring-data-commons-3.3.0-M2.jar;C:\Users\omars\.m2\repository\org\springframework\spring-orm\6.1.5\spring-orm-6.1.5.jar;C:\Users\omars\.m2\repository\org\springframework\spring-context\6.1.5\spring-context-6.1.5.jar;C:\Users\omars\.m2\repository\org\springframework\spring-tx\6.1.5\spring-tx-6.1.5.jar;C:\Users\omars\.m2\repository\org\springframework\spring-beans\6.1.5\spring-beans-6.1.5.jar;C:\Users\omars\.m2\repository\jakarta\annotation\jakarta.annotation-api\2.1.1\jakarta.annotation-api-2.1.1.jar;C:\Users\omars\.m2\repository\org\slf4j\slf4j-api\2.0.12\slf4j-api-2.0.12.jar;C:\Users\omars\.m2\repository\org\springframework\spring-aspects\6.1.5\spring-aspects-6.1.5.jar;C:\Users\omars\.m2\repository\org\springframework\boot\spring-boot-starter-web\3.3.0-M3\spring-boot-starter-web-3.3.0-M3.jar;C:\Users\omars\.m2\repository\org\springframework\boot\spring-boot-starter\3.3.0-M3\spring-boot-starter-3.3.0-M3.jar;C:\Users\omars\.m2\repository\org\springframework\boot\spring-boot\3.3.0-M3\spring-boot-3.3.0-M3.jar;C:\Users\omars\.m2\repository\org\springframework\boot\spring-boot-autoconfigure\3.3.0-M3\spring-boot-autoconfigure-3.3.0-M3.jar;C:\Users\omars\.m2\repository\org\springframework\boot\spring-boot-starter-logging\3.3.0-M3\spring-boot-starter-logging-3.3.0-M3.jar;C:\Users\omars\.m2\repository\ch\qos\logback\logback-classic\1.4.14\logback-classic-1.4.14.jar;C:\Users\omars\.m2\repository\ch\qos\logback\logback-core\1.4.14\logback-core-1.4.14.jar;C:\Users\omars\.m2\repository\org\apache\logging\log4j\log4j-to-slf4j\2.23.1\log4j-to-slf4j-2.23.1.jar;C:\Users\omars\.m2\repository\org\apache\logging\log4j\log4j-api\2.23.1\log4j-api-2.23.1.jar;C:\Users\omars\.m2\repository\org\slf4j\jul-to-slf4j\2.0.12\jul-to-slf4j-2.0.12.jar;C:\Users\omars\.m2\repository\org\yaml\snakeyaml\2.2\snakeyaml-2.2.jar;C:\Users\omars\.m2\repository\org\springframework\boot\spring-boot-starter-json\3.3.0-M3\spring-boot-starter-json-3.3.0-M3.jar;C:\Users\omars\.m2\repository\com\fasterxml\jackson\core\jackson-databind\2.17.0\jackson-databind-2.17.0.jar;C:\Users\omars\.m2\repository\com\fasterxml\jackson\core\jackson-annotations\2.17.0\jackson-annotations-2.17.0.jar;C:\Users\omars\.m2\repository\com\fasterxml\jackson\core\jackson-core\2.17.0\jackson-core-2.17.0.jar;C:\Users\omars\.m2\repository\com\fasterxml\jackson\datatype\jackson-datatype-jdk8\2.17.0\jackson-datatype-jdk8-2.17.0.jar;C:\Users\omars\.m2\repository\com\fasterxml\jackson\datatype\jackson-datatype-jsr310\2.17.0\jackson-datatype-jsr310-2.17.0.jar;C:\Users\omars\.m2\repository\com\fasterxml\jackson\module\jackson-module-parameter-names\2.17.0\jackson-module-parameter-names-2.17.0.jar;C:\Users\omars\.m2\repository\org\springframework\boot\spring-boot-starter-tomcat\3.3.0-M3\spring-boot-starter-tomcat-3.3.0-M3.jar;C:\Users\omars\.m2\repository\org\apache\tomcat\embed\tomcat-embed-core\10.1.19\tomcat-embed-core-10.1.19.jar;C:\Users\omars\.m2\repository\org\apache\tomcat\embed\tomcat-embed-el\10.1.19\tomcat-embed-el-10.1.19.jar;C:\Users\omars\.m2\repository\org\apache\tomcat\embed\tomcat-embed-websocket\10.1.19\tomcat-embed-websocket-10.1.19.jar;C:\Users\omars\.m2\repository\org\springframework\spring-web\6.1.5\spring-web-6.1.5.jar;C:\Users\omars\.m2\repository\io\micrometer\micrometer-observation\1.13.0-M2\micrometer-observation-1.13.0-M2.jar;C:\Users\omars\.m2\repository\io\micrometer\micrometer-commons\1.13.0-M2\micrometer-commons-1.13.0-M2.jar;C:\Users\omars\.m2\repository\org\springframework\spring-webmvc\6.1.5\spring-webmvc-6.1.5.jar;C:\Users\omars\.m2\repository\org\springframework\spring-expression\6.1.5\spring-expression-6.1.5.jar;C:\Users\omars\.m2\repository\org\modelmapper\modelmapper\3.0.0\modelmapper-3.0.0.jar;C:\Users\omars\.m2\repository\org\postgresql\postgresql\42.7.3\postgresql-42.7.3.jar;C:\Users\omars\.m2\repository\org\checkerframework\checker-qual\3.42.0\checker-qual-3.42.0.jar;C:\Users\omars\.m2\repository\org\projectlombok\lombok\1.18.30\lombok-1.18.30.jar;C:\Users\omars\.m2\repository\org\springframework\boot\spring-boot-starter-test\3.3.0-M3\spring-boot-starter-test-3.3.0-M3.jar;C:\Users\omars\.m2\repository\org\springframework\boot\spring-boot-test\3.3.0-M3\spring-boot-test-3.3.0-M3.jar;C:\Users\omars\.m2\repository\org\springframework\boot\spring-boot-test-autoconfigure\3.3.0-M3\spring-boot-test-autoconfigure-3.3.0-M3.jar;C:\Users\omars\.m2\repository\com\jayway\jsonpath\json-path\2.9.0\json-path-2.9.0.jar;C:\Users\omars\.m2\repository\jakarta\xml\bind\jakarta.xml.bind-api\4.0.2\jakarta.xml.bind-api-4.0.2.jar;C:\Users\omars\.m2\repository\jakarta\activation\jakarta.activation-api\2.1.3\jakarta.activation-api-2.1.3.jar;C:\Users\omars\.m2\repository\net\minidev\json-smart\2.5.0\json-smart-2.5.0.jar;C:\Users\omars\.m2\repository\net\minidev\accessors-smart\2.5.0\accessors-smart-2.5.0.jar;C:\Users\omars\.m2\repository\org\ow2\asm\asm\9.3\asm-9.3.jar;C:\Users\omars\.m2\repository\org\assertj\assertj-core\3.25.3\assertj-core-3.25.3.jar;C:\Users\omars\.m2\repository\org\awaitility\awaitility\4.2.0\awaitility-4.2.0.jar;C:\Users\omars\.m2\repository\org\hamcrest\hamcrest\2.2\hamcrest-2.2.jar;C:\Users\omars\.m2\repository\org\junit\jupiter\junit-jupiter\5.10.2\junit-jupiter-5.10.2.jar;C:\Users\omars\.m2\repository\org\junit\jupiter\junit-jupiter-api\5.10.2\junit-jupiter-api-5.10.2.jar;C:\Users\omars\.m2\repository\org\opentest4j\opentest4j\1.3.0\opentest4j-1.3.0.jar;C:\Users\omars\.m2\repository\org\junit\platform\junit-platform-commons\1.10.2\junit-platform-commons-1.10.2.jar;C:\Users\omars\.m2\repository\org\apiguardian\apiguardian-api\1.1.2\apiguardian-api-1.1.2.jar;C:\Users\omars\.m2\repository\org\junit\jupiter\junit-jupiter-params\5.10.2\junit-jupiter-params-5.10.2.jar;C:\Users\omars\.m2\repository\org\junit\jupiter\junit-jupiter-engine\5.10.2\junit-jupiter-engine-5.10.2.jar;C:\Users\omars\.m2\repository\org\junit\platform\junit-platform-engine\1.10.2\junit-platform-engine-1.10.2.jar;C:\Users\omars\.m2\repository\org\mockito\mockito-core\5.11.0\mockito-core-5.11.0.jar;C:\Users\omars\.m2\repository\net\bytebuddy\byte-buddy-agent\1.14.12\byte-buddy-agent-1.14.12.jar;C:\Users\omars\.m2\repository\org\objenesis\objenesis\3.3\objenesis-3.3.jar;C:\Users\omars\.m2\repository\org\mockito\mockito-junit-jupiter\5.11.0\mockito-junit-jupiter-5.11.0.jar;C:\Users\omars\.m2\repository\org\skyscreamer\jsonassert\1.5.1\jsonassert-1.5.1.jar;C:\Users\omars\.m2\repository\com\vaadin\external\google\android-json\0.0.20131108.vaadin1\android-json-0.0.20131108.vaadin1.jar;C:\Users\omars\.m2\repository\org\springframework\spring-core\6.1.5\spring-core-6.1.5.jar;C:\Users\omars\.m2\repository\org\springframework\spring-jcl\6.1.5\spring-jcl-6.1.5.jar;C:\Users\omars\.m2\repository\org\springframework\spring-test\6.1.5\spring-test-6.1.5.jar;C:\Users\omars\.m2\repository\org\xmlunit\xmlunit-core\2.9.1\xmlunit-core-2.9.1.jar;C:\Users\omars\.m2\repository\com\h2database\h2\2.2.224\h2-2.2.224.jar;C:\Users\omars\.m2\repository\junit\junit\4.13.2\junit-4.13.2.jar;C:\Users\omars\.m2\repository\org\hamcrest\hamcrest-core\2.2\hamcrest-core-2.2.jar;"/>
    <property name="sun.cpu.endian" value="little"/>
    <property name="user.home" value="C:\Users\omars"/>
    <property name="user.language" value="en"/>
    <property name="java.specification.vendor" value="Oracle Corporation"/>
    <property name="java.version.date" value="2023-07-18"/>
    <property name="java.home" value="C:\Users\omars\tools\jdk-17"/>
    <property name="file.separator" value="\"/>
    <property name="basedir" value="D:\RestAPI"/>
    <property name="java.vm.compressedOopsMode" value="32-bit"/>
    <property name="line.separator" value="&#10;"/>
    <property name="java.vm.specification.vendor" value="Oracle Corporation"/>
    <property name="java.specification.name" value="Java Platform API Specification"/>
    <property name="FILE_LOG_CHARSET" value="windows-1252"/>
    <property name="java.awt.headless" value="true"/>
    <property name="surefire.real.class.path" value="C:\Users\omars\AppData\Local\Temp\surefire15481750815915780817\surefirebooter-20240521213634677_3.jar"/>
    <property name="user.script" value=""/>
    <property name="sun.management.compiler" value="HotSpot 64-Bit Tiered Compilers"/>
    <property name="java.runtime.version" value="17.0.8+9-LTS-211"/>
    <property name="user.name" value="omars"/>
    <property name="path.separator" value=";"/>
    <property name="os.version" value="10.0"/>
    <property name="java.runtime.name" value="Java(TM) SE Runtime Environment"/>
    <property name="file.encoding" value="Cp1252"/>
    <property name="java.vm.name" value="Java HotSpot(TM) 64-Bit Server VM"/>
    <property name="localRepository" value="C:\Users\omars\.m2\repository"/>
    <property name="java.vendor.url.bug" value="https://bugreport.java.com/bugreport/"/>
    <property name="java.io.tmpdir" value="C:\Users\omars\AppData\Local\Temp\"/>
    <property name="com.zaxxer.hikari.pool_number" value="14"/>
    <property name="java.version" value="17.0.8"/>
    <property name="user.dir" value="D:\RestAPI"/>
    <property name="os.arch" value="amd64"/>
    <property name="java.vm.specification.name" value="Java Virtual Machine Specification"/>
    <property name="PID" value="1712"/>
    <property name="sun.os.patch.level" value=""/>
    <property name="CONSOLE_LOG_CHARSET" value="windows-1252"/>
    <property name="native.encoding" value="Cp1252"/>
    <property name="java.library.path" value="C:\Users\omars\tools\jdk-17\bin;C:\WINDOWS\Sun\Java\bin;C:\WINDOWS\system32;C:\WINDOWS;C:\Program Files\Eclipse Adoptium\jdk-21.0.2.13-hotspot\bin;C:\Program Files (x86)\OpenLogic\jre-8.0.382.05-hotspot\bin;C:\Program Files\Common Files\Oracle\Java\javapath;C:\Program Files (x86)\Common Files\Oracle\Java\javapath;C:\WINDOWS\system32;C:\WINDOWS;C:\WINDOWS\System32\Wbem;C:\WINDOWS\System32\WindowsPowerShell\v1.0\;C:\WINDOWS\System32\OpenSSH\;C:\Program Files\Git\cmd;C:\Users\omars\tools\jdk-17\bin;C:\Users\omars\tools\apache-maven-3.9.4\bin;C:\Program Files (x86)\Microsoft SQL Server\160\DTS\Binn\;C:\Program Files\PuTTY\;C:\Program Files\Docker\Docker\resources\bin;C:\Program Files\dotnet\;C:\Users\omars\AppData\Local\Microsoft\WindowsApps;C:\Program Files\JetBrains\PyCharm Community Edition 2022.3\bin;C:\Users\omars\AppData\Local\Programs\Microsoft VS Code\bin;C:\Users\omars\AppData\Local\GitHubDesktop\bin;C:\Program Files\Azure Data Studio\bin;C:\Program Files\Markdown Monster;."/>
    <property name="java.vm.info" value="mixed mode, sharing"/>
    <property name="java.vendor" value="Oracle Corporation"/>
    <property name="java.vm.version" value="17.0.8+9-LTS-211"/>
    <property name="sun.io.unicode.encoding" value="UnicodeLittle"/>
    <property name="java.class.version" value="61.0"/>
  </properties>
  <testcase name="testThatGetUpdateAuthorReturnsHttpStatus200WhenAuthorExist" classname="com.omar.database3.controllers.AuthorControllerIntegrationTest" time="1.124">
    <system-out><![CDATA[21:36:36.247 [main] INFO org.springframework.test.context.support.AnnotationConfigContextLoaderUtils -- Could not detect default configuration classes for test class [com.omar.database3.controllers.AuthorControllerIntegrationTest]: AuthorControllerIntegrationTest does not declare any static, non-private, non-final, nested classes annotated with @Configuration.
21:36:36.508 [main] INFO org.springframework.boot.test.context.SpringBootTestContextBootstrapper -- Found @SpringBootConfiguration com.omar.database3.BooksApiApplication for test class com.omar.database3.controllers.AuthorControllerIntegrationTest
  .   ____          _            __ _ _
 /\\ / ___'_ __ _ _(_)_ __  __ _ \ \ \ \
( ( )\___ | '_ | '_| | '_ \/ _` | \ \ \ \
 \\/  ___)| |_)| | | | | || (_| |  ) ) ) )
  '  |____| .__|_| |_|_| |_\__, | / / / /
 =========|_|==============|___/=/_/_/_/

 :: Spring Boot ::             (v3.3.0-M3)

2024-05-21T21:36:37.253+02:00  INFO 1712 --- [           main] c.o.d.c.AuthorControllerIntegrationTest  : Starting AuthorControllerIntegrationTest using Java 17.0.8 with PID 1712 (started by omars in D:\RestAPI)
2024-05-21T21:36:37.256+02:00  INFO 1712 --- [           main] c.o.d.c.AuthorControllerIntegrationTest  : No active profile set, falling back to 1 default profile: "default"
2024-05-21T21:36:38.285+02:00  INFO 1712 --- [           main] .s.d.r.c.RepositoryConfigurationDelegate : Bootstrapping Spring Data JPA repositories in DEFAULT mode.
2024-05-21T21:36:38.380+02:00  INFO 1712 --- [           main] .s.d.r.c.RepositoryConfigurationDelegate : Finished Spring Data repository scanning in 79 ms. Found 2 JPA repository interfaces.
2024-05-21T21:36:39.049+02:00  INFO 1712 --- [           main] com.zaxxer.hikari.HikariDataSource       : HikariPool-1 - Starting...
2024-05-21T21:36:39.568+02:00  INFO 1712 --- [           main] com.zaxxer.hikari.pool.HikariPool        : HikariPool-1 - Added connection conn0: url=jdbc:h2:mem:testdb user=SA
2024-05-21T21:36:39.572+02:00  INFO 1712 --- [           main] com.zaxxer.hikari.HikariDataSource       : HikariPool-1 - Start completed.
2024-05-21T21:36:39.658+02:00  INFO 1712 --- [           main] o.hibernate.jpa.internal.util.LogHelper  : HHH000204: Processing PersistenceUnitInfo [name: default]
2024-05-21T21:36:39.792+02:00  INFO 1712 --- [           main] org.hibernate.Version                    : HHH000412: Hibernate ORM core version 6.4.4.Final
2024-05-21T21:36:39.865+02:00  INFO 1712 --- [           main] o.h.c.internal.RegionFactoryInitiator    : HHH000026: Second-level cache disabled
2024-05-21T21:36:40.362+02:00  INFO 1712 --- [           main] o.s.o.j.p.SpringPersistenceUnitInfo      : No LoadTimeWeaver setup: ignoring JPA class transformer
2024-05-21T21:36:42.221+02:00  INFO 1712 --- [           main] o.h.e.t.j.p.i.JtaPlatformInitiator       : HHH000489: No JTA platform available (set 'hibernate.transaction.jta.platform' to enable JTA platform integration)
2024-05-21T21:36:42.294+02:00  INFO 1712 --- [           main] j.LocalContainerEntityManagerFactoryBean : Initialized JPA EntityManagerFactory for persistence unit 'default'
2024-05-21T21:36:43.030+02:00  WARN 1712 --- [           main] JpaBaseConfiguration$JpaWebConfiguration : spring.jpa.open-in-view is enabled by default. Therefore, database queries may be performed during view rendering. Explicitly configure spring.jpa.open-in-view to disable this warning
2024-05-21T21:36:43.595+02:00  INFO 1712 --- [           main] o.s.b.t.m.w.SpringBootMockServletContext : Initializing Spring TestDispatcherServlet ''
2024-05-21T21:36:43.595+02:00  INFO 1712 --- [           main] o.s.t.web.servlet.TestDispatcherServlet  : Initializing Servlet ''
2024-05-21T21:36:43.597+02:00  INFO 1712 --- [           main] o.s.t.web.servlet.TestDispatcherServlet  : Completed initialization in 1 ms
2024-05-21T21:36:43.624+02:00  INFO 1712 --- [           main] c.o.d.c.AuthorControllerIntegrationTest  : Started AuthorControllerIntegrationTest in 6.806 seconds (process running for 8.816)
2024-05-21T21:36:44.231+02:00  INFO 1712 --- [   scheduling-1] c.o.database3.scheduled.AuthorWatcher    : There are 0 many authors in the database
2024-05-21T21:36:44.237+02:00  INFO 1712 --- [   scheduling-1] c.omar.database3.scheduled.BookWatcher   : There are 0 many books in the database
2024-05-21T21:36:44.237+02:00  INFO 1712 --- [   scheduling-1] c.omar.database3.scheduled.BookWatcher   : Go to the Postman ----------->
2024-05-21T21:36:44.237+02:00  INFO 1712 --- [   scheduling-1] c.omar.database3.scheduled.BookWatcher   : Use: Get, Put, Patch, Delete
2024-05-21T21:36:44.776+02:00  INFO 1712 --- [           main] j.LocalContainerEntityManagerFactoryBean : Closing JPA EntityManagerFactory for persistence unit 'default'
2024-05-21T21:36:44.781+02:00  INFO 1712 --- [           main] com.zaxxer.hikari.HikariDataSource       : HikariPool-1 - Shutdown initiated...
2024-05-21T21:36:44.783+02:00  INFO 1712 --- [           main] com.zaxxer.hikari.HikariDataSource       : HikariPool-1 - Shutdown completed.
]]></system-out>
  </testcase>
  <testcase name="testThatGetPartialUpdateAuthorReturnsHttpStatus200Ok" classname="com.omar.database3.controllers.AuthorControllerIntegrationTest" time="0.06">
    <system-out><![CDATA[  .   ____          _            __ _ _
 /\\ / ___'_ __ _ _(_)_ __  __ _ \ \ \ \
( ( )\___ | '_ | '_| | '_ \/ _` | \ \ \ \
 \\/  ___)| |_)| | | | | || (_| |  ) ) ) )
  '  |____| .__|_| |_|_| |_\__, | / / / /
 =========|_|==============|___/=/_/_/_/

 :: Spring Boot ::             (v3.3.0-M3)

2024-05-21T21:36:44.826+02:00  INFO 1712 --- [           main] c.o.d.c.AuthorControllerIntegrationTest  : Starting AuthorControllerIntegrationTest using Java 17.0.8 with PID 1712 (started by omars in D:\RestAPI)
2024-05-21T21:36:44.826+02:00  INFO 1712 --- [           main] c.o.d.c.AuthorControllerIntegrationTest  : No active profile set, falling back to 1 default profile: "default"
2024-05-21T21:36:45.006+02:00  INFO 1712 --- [           main] .s.d.r.c.RepositoryConfigurationDelegate : Bootstrapping Spring Data JPA repositories in DEFAULT mode.
2024-05-21T21:36:45.016+02:00  INFO 1712 --- [           main] .s.d.r.c.RepositoryConfigurationDelegate : Finished Spring Data repository scanning in 9 ms. Found 2 JPA repository interfaces.
2024-05-21T21:36:45.123+02:00  INFO 1712 --- [           main] com.zaxxer.hikari.HikariDataSource       : HikariPool-2 - Starting...
2024-05-21T21:36:45.124+02:00  INFO 1712 --- [           main] com.zaxxer.hikari.pool.HikariPool        : HikariPool-2 - Added connection conn10: url=jdbc:h2:mem:testdb user=SA
2024-05-21T21:36:45.124+02:00  INFO 1712 --- [           main] com.zaxxer.hikari.HikariDataSource       : HikariPool-2 - Start completed.
2024-05-21T21:36:45.126+02:00  INFO 1712 --- [           main] o.hibernate.jpa.internal.util.LogHelper  : HHH000204: Processing PersistenceUnitInfo [name: default]
2024-05-21T21:36:45.128+02:00  INFO 1712 --- [           main] o.h.c.internal.RegionFactoryInitiator    : HHH000026: Second-level cache disabled
2024-05-21T21:36:45.132+02:00  INFO 1712 --- [           main] o.s.o.j.p.SpringPersistenceUnitInfo      : No LoadTimeWeaver setup: ignoring JPA class transformer
2024-05-21T21:36:45.193+02:00  INFO 1712 --- [           main] o.h.e.t.j.p.i.JtaPlatformInitiator       : HHH000489: No JTA platform available (set 'hibernate.transaction.jta.platform' to enable JTA platform integration)
2024-05-21T21:36:45.199+02:00  INFO 1712 --- [           main] j.LocalContainerEntityManagerFactoryBean : Initialized JPA EntityManagerFactory for persistence unit 'default'
2024-05-21T21:36:45.323+02:00  WARN 1712 --- [           main] JpaBaseConfiguration$JpaWebConfiguration : spring.jpa.open-in-view is enabled by default. Therefore, database queries may be performed during view rendering. Explicitly configure spring.jpa.open-in-view to disable this warning
2024-05-21T21:36:45.472+02:00  INFO 1712 --- [           main] o.s.b.t.m.w.SpringBootMockServletContext : Initializing Spring TestDispatcherServlet ''
2024-05-21T21:36:45.473+02:00  INFO 1712 --- [           main] o.s.t.web.servlet.TestDispatcherServlet  : Initializing Servlet ''
2024-05-21T21:36:45.474+02:00  INFO 1712 --- [           main] o.s.t.web.servlet.TestDispatcherServlet  : Completed initialization in 1 ms
2024-05-21T21:36:45.483+02:00  INFO 1712 --- [           main] c.o.d.c.AuthorControllerIntegrationTest  : Started AuthorControllerIntegrationTest in 0.686 seconds (process running for 10.674)
2024-05-21T21:36:45.487+02:00  INFO 1712 --- [   scheduling-1] c.o.database3.scheduled.AuthorWatcher    : There are 0 many authors in the database
2024-05-21T21:36:45.492+02:00  INFO 1712 --- [   scheduling-1] c.omar.database3.scheduled.BookWatcher   : There are 0 many books in the database
2024-05-21T21:36:45.492+02:00  INFO 1712 --- [   scheduling-1] c.omar.database3.scheduled.BookWatcher   : Go to the Postman ----------->
2024-05-21T21:36:45.492+02:00  INFO 1712 --- [   scheduling-1] c.omar.database3.scheduled.BookWatcher   : Use: Get, Put, Patch, Delete
2024-05-21T21:36:45.539+02:00  INFO 1712 --- [           main] j.LocalContainerEntityManagerFactoryBean : Closing JPA EntityManagerFactory for persistence unit 'default'
2024-05-21T21:36:45.543+02:00  INFO 1712 --- [           main] com.zaxxer.hikari.HikariDataSource       : HikariPool-2 - Shutdown initiated...
2024-05-21T21:36:45.544+02:00  INFO 1712 --- [           main] com.zaxxer.hikari.HikariDataSource       : HikariPool-2 - Shutdown completed.
]]></system-out>
  </testcase>
  <testcase name="testThatCreateAuthorSuccessfullyReturnsHttp201Created" classname="com.omar.database3.controllers.AuthorControllerIntegrationTest" time="0.042">
    <system-out><![CDATA[  .   ____          _            __ _ _
 /\\ / ___'_ __ _ _(_)_ __  __ _ \ \ \ \
( ( )\___ | '_ | '_| | '_ \/ _` | \ \ \ \
 \\/  ___)| |_)| | | | | || (_| |  ) ) ) )
  '  |____| .__|_| |_|_| |_\__, | / / / /
 =========|_|==============|___/=/_/_/_/

 :: Spring Boot ::             (v3.3.0-M3)

2024-05-21T21:36:45.574+02:00  INFO 1712 --- [           main] c.o.d.c.AuthorControllerIntegrationTest  : Starting AuthorControllerIntegrationTest using Java 17.0.8 with PID 1712 (started by omars in D:\RestAPI)
2024-05-21T21:36:45.575+02:00  INFO 1712 --- [           main] c.o.d.c.AuthorControllerIntegrationTest  : No active profile set, falling back to 1 default profile: "default"
2024-05-21T21:36:45.723+02:00  INFO 1712 --- [           main] .s.d.r.c.RepositoryConfigurationDelegate : Bootstrapping Spring Data JPA repositories in DEFAULT mode.
2024-05-21T21:36:45.732+02:00  INFO 1712 --- [           main] .s.d.r.c.RepositoryConfigurationDelegate : Finished Spring Data repository scanning in 8 ms. Found 2 JPA repository interfaces.
2024-05-21T21:36:45.810+02:00  INFO 1712 --- [           main] com.zaxxer.hikari.HikariDataSource       : HikariPool-3 - Starting...
2024-05-21T21:36:45.812+02:00  INFO 1712 --- [           main] com.zaxxer.hikari.pool.HikariPool        : HikariPool-3 - Added connection conn20: url=jdbc:h2:mem:testdb user=SA
2024-05-21T21:36:45.812+02:00  INFO 1712 --- [           main] com.zaxxer.hikari.HikariDataSource       : HikariPool-3 - Start completed.
2024-05-21T21:36:45.813+02:00  INFO 1712 --- [           main] o.hibernate.jpa.internal.util.LogHelper  : HHH000204: Processing PersistenceUnitInfo [name: default]
2024-05-21T21:36:45.815+02:00  INFO 1712 --- [           main] o.h.c.internal.RegionFactoryInitiator    : HHH000026: Second-level cache disabled
2024-05-21T21:36:45.819+02:00  INFO 1712 --- [           main] o.s.o.j.p.SpringPersistenceUnitInfo      : No LoadTimeWeaver setup: ignoring JPA class transformer
2024-05-21T21:36:45.879+02:00  INFO 1712 --- [           main] o.h.e.t.j.p.i.JtaPlatformInitiator       : HHH000489: No JTA platform available (set 'hibernate.transaction.jta.platform' to enable JTA platform integration)
2024-05-21T21:36:45.886+02:00  INFO 1712 --- [           main] j.LocalContainerEntityManagerFactoryBean : Initialized JPA EntityManagerFactory for persistence unit 'default'
2024-05-21T21:36:45.980+02:00  WARN 1712 --- [           main] JpaBaseConfiguration$JpaWebConfiguration : spring.jpa.open-in-view is enabled by default. Therefore, database queries may be performed during view rendering. Explicitly configure spring.jpa.open-in-view to disable this warning
2024-05-21T21:36:46.123+02:00  INFO 1712 --- [           main] o.s.b.t.m.w.SpringBootMockServletContext : Initializing Spring TestDispatcherServlet ''
2024-05-21T21:36:46.123+02:00  INFO 1712 --- [           main] o.s.t.web.servlet.TestDispatcherServlet  : Initializing Servlet ''
2024-05-21T21:36:46.124+02:00  INFO 1712 --- [           main] o.s.t.web.servlet.TestDispatcherServlet  : Completed initialization in 1 ms
2024-05-21T21:36:46.131+02:00  INFO 1712 --- [           main] c.o.d.c.AuthorControllerIntegrationTest  : Started AuthorControllerIntegrationTest in 0.583 seconds (process running for 11.323)
2024-05-21T21:36:46.135+02:00  INFO 1712 --- [   scheduling-1] c.o.database3.scheduled.AuthorWatcher    : There are 0 many authors in the database
2024-05-21T21:36:46.139+02:00  INFO 1712 --- [   scheduling-1] c.omar.database3.scheduled.BookWatcher   : There are 0 many books in the database
2024-05-21T21:36:46.140+02:00  INFO 1712 --- [   scheduling-1] c.omar.database3.scheduled.BookWatcher   : Go to the Postman ----------->
2024-05-21T21:36:46.140+02:00  INFO 1712 --- [   scheduling-1] c.omar.database3.scheduled.BookWatcher   : Use: Get, Put, Patch, Delete
2024-05-21T21:36:46.159+02:00  INFO 1712 --- [           main] j.LocalContainerEntityManagerFactoryBean : Closing JPA EntityManagerFactory for persistence unit 'default'
2024-05-21T21:36:46.162+02:00  INFO 1712 --- [           main] com.zaxxer.hikari.HikariDataSource       : HikariPool-3 - Shutdown initiated...
2024-05-21T21:36:46.175+02:00  INFO 1712 --- [           main] com.zaxxer.hikari.HikariDataSource       : HikariPool-3 - Shutdown completed.
]]></system-out>
  </testcase>
  <testcase name="testThatGetPartialUpdateAuthorReturnsUpdatedAuthor" classname="com.omar.database3.controllers.AuthorControllerIntegrationTest" time="0.092">
    <system-out><![CDATA[  .   ____          _            __ _ _
 /\\ / ___'_ __ _ _(_)_ __  __ _ \ \ \ \
( ( )\___ | '_ | '_| | '_ \/ _` | \ \ \ \
 \\/  ___)| |_)| | | | | || (_| |  ) ) ) )
  '  |____| .__|_| |_|_| |_\__, | / / / /
 =========|_|==============|___/=/_/_/_/

 :: Spring Boot ::             (v3.3.0-M3)

2024-05-21T21:36:46.199+02:00  INFO 1712 --- [           main] c.o.d.c.AuthorControllerIntegrationTest  : Starting AuthorControllerIntegrationTest using Java 17.0.8 with PID 1712 (started by omars in D:\RestAPI)
2024-05-21T21:36:46.200+02:00  INFO 1712 --- [           main] c.o.d.c.AuthorControllerIntegrationTest  : No active profile set, falling back to 1 default profile: "default"
2024-05-21T21:36:46.349+02:00  INFO 1712 --- [           main] .s.d.r.c.RepositoryConfigurationDelegate : Bootstrapping Spring Data JPA repositories in DEFAULT mode.
2024-05-21T21:36:46.363+02:00  INFO 1712 --- [           main] .s.d.r.c.RepositoryConfigurationDelegate : Finished Spring Data repository scanning in 14 ms. Found 2 JPA repository interfaces.
2024-05-21T21:36:46.469+02:00  INFO 1712 --- [           main] com.zaxxer.hikari.HikariDataSource       : HikariPool-4 - Starting...
2024-05-21T21:36:46.475+02:00  INFO 1712 --- [           main] com.zaxxer.hikari.pool.HikariPool        : HikariPool-4 - Added connection conn29: url=jdbc:h2:mem:testdb user=SA
2024-05-21T21:36:46.476+02:00  INFO 1712 --- [           main] com.zaxxer.hikari.HikariDataSource       : HikariPool-4 - Start completed.
2024-05-21T21:36:46.478+02:00  INFO 1712 --- [           main] o.hibernate.jpa.internal.util.LogHelper  : HHH000204: Processing PersistenceUnitInfo [name: default]
2024-05-21T21:36:46.482+02:00  INFO 1712 --- [           main] o.h.c.internal.RegionFactoryInitiator    : HHH000026: Second-level cache disabled
2024-05-21T21:36:46.488+02:00  INFO 1712 --- [           main] o.s.o.j.p.SpringPersistenceUnitInfo      : No LoadTimeWeaver setup: ignoring JPA class transformer
2024-05-21T21:36:46.592+02:00  INFO 1712 --- [           main] o.h.e.t.j.p.i.JtaPlatformInitiator       : HHH000489: No JTA platform available (set 'hibernate.transaction.jta.platform' to enable JTA platform integration)
2024-05-21T21:36:46.600+02:00  INFO 1712 --- [           main] j.LocalContainerEntityManagerFactoryBean : Initialized JPA EntityManagerFactory for persistence unit 'default'
2024-05-21T21:36:46.708+02:00  WARN 1712 --- [           main] JpaBaseConfiguration$JpaWebConfiguration : spring.jpa.open-in-view is enabled by default. Therefore, database queries may be performed during view rendering. Explicitly configure spring.jpa.open-in-view to disable this warning
2024-05-21T21:36:46.836+02:00  INFO 1712 --- [           main] o.s.b.t.m.w.SpringBootMockServletContext : Initializing Spring TestDispatcherServlet ''
2024-05-21T21:36:46.836+02:00  INFO 1712 --- [           main] o.s.t.web.servlet.TestDispatcherServlet  : Initializing Servlet ''
2024-05-21T21:36:46.837+02:00  INFO 1712 --- [           main] o.s.t.web.servlet.TestDispatcherServlet  : Completed initialization in 1 ms
2024-05-21T21:36:46.847+02:00  INFO 1712 --- [           main] c.o.d.c.AuthorControllerIntegrationTest  : Started AuthorControllerIntegrationTest in 0.669 seconds (process running for 12.039)
2024-05-21T21:36:46.851+02:00  INFO 1712 --- [   scheduling-1] c.o.database3.scheduled.AuthorWatcher    : There are 0 many authors in the database
2024-05-21T21:36:46.855+02:00  INFO 1712 --- [   scheduling-1] c.omar.database3.scheduled.BookWatcher   : There are 0 many books in the database
2024-05-21T21:36:46.855+02:00  INFO 1712 --- [   scheduling-1] c.omar.database3.scheduled.BookWatcher   : Go to the Postman ----------->
2024-05-21T21:36:46.855+02:00  INFO 1712 --- [   scheduling-1] c.omar.database3.scheduled.BookWatcher   : Use: Get, Put, Patch, Delete
2024-05-21T21:36:46.939+02:00  INFO 1712 --- [           main] j.LocalContainerEntityManagerFactoryBean : Closing JPA EntityManagerFactory for persistence unit 'default'
2024-05-21T21:36:46.941+02:00  INFO 1712 --- [           main] com.zaxxer.hikari.HikariDataSource       : HikariPool-4 - Shutdown initiated...
2024-05-21T21:36:46.942+02:00  INFO 1712 --- [           main] com.zaxxer.hikari.HikariDataSource       : HikariPool-4 - Shutdown completed.
]]></system-out>
  </testcase>
  <testcase name="testThatGetAuthorReturnsHttpStatus404WhenNoAuthorExist" classname="com.omar.database3.controllers.AuthorControllerIntegrationTest" time="0.041">
    <system-out><![CDATA[  .   ____          _            __ _ _
 /\\ / ___'_ __ _ _(_)_ __  __ _ \ \ \ \
( ( )\___ | '_ | '_| | '_ \/ _` | \ \ \ \
 \\/  ___)| |_)| | | | | || (_| |  ) ) ) )
  '  |____| .__|_| |_|_| |_\__, | / / / /
 =========|_|==============|___/=/_/_/_/

 :: Spring Boot ::             (v3.3.0-M3)

2024-05-21T21:36:46.970+02:00  INFO 1712 --- [           main] c.o.d.c.AuthorControllerIntegrationTest  : Starting AuthorControllerIntegrationTest using Java 17.0.8 with PID 1712 (started by omars in D:\RestAPI)
2024-05-21T21:36:46.971+02:00  INFO 1712 --- [           main] c.o.d.c.AuthorControllerIntegrationTest  : No active profile set, falling back to 1 default profile: "default"
2024-05-21T21:36:47.136+02:00  INFO 1712 --- [           main] .s.d.r.c.RepositoryConfigurationDelegate : Bootstrapping Spring Data JPA repositories in DEFAULT mode.
2024-05-21T21:36:47.147+02:00  INFO 1712 --- [           main] .s.d.r.c.RepositoryConfigurationDelegate : Finished Spring Data repository scanning in 9 ms. Found 2 JPA repository interfaces.
2024-05-21T21:36:47.214+02:00  INFO 1712 --- [           main] com.zaxxer.hikari.HikariDataSource       : HikariPool-5 - Starting...
2024-05-21T21:36:47.216+02:00  INFO 1712 --- [           main] com.zaxxer.hikari.pool.HikariPool        : HikariPool-5 - Added connection conn39: url=jdbc:h2:mem:testdb user=SA
2024-05-21T21:36:47.216+02:00  INFO 1712 --- [           main] com.zaxxer.hikari.HikariDataSource       : HikariPool-5 - Start completed.
2024-05-21T21:36:47.217+02:00  INFO 1712 --- [           main] o.hibernate.jpa.internal.util.LogHelper  : HHH000204: Processing PersistenceUnitInfo [name: default]
2024-05-21T21:36:47.219+02:00  INFO 1712 --- [           main] o.h.c.internal.RegionFactoryInitiator    : HHH000026: Second-level cache disabled
2024-05-21T21:36:47.223+02:00  INFO 1712 --- [           main] o.s.o.j.p.SpringPersistenceUnitInfo      : No LoadTimeWeaver setup: ignoring JPA class transformer
2024-05-21T21:36:47.273+02:00  INFO 1712 --- [           main] o.h.e.t.j.p.i.JtaPlatformInitiator       : HHH000489: No JTA platform available (set 'hibernate.transaction.jta.platform' to enable JTA platform integration)
2024-05-21T21:36:47.279+02:00  INFO 1712 --- [           main] j.LocalContainerEntityManagerFactoryBean : Initialized JPA EntityManagerFactory for persistence unit 'default'
2024-05-21T21:36:47.343+02:00  WARN 1712 --- [           main] JpaBaseConfiguration$JpaWebConfiguration : spring.jpa.open-in-view is enabled by default. Therefore, database queries may be performed during view rendering. Explicitly configure spring.jpa.open-in-view to disable this warning
2024-05-21T21:36:47.450+02:00  INFO 1712 --- [           main] o.s.b.t.m.w.SpringBootMockServletContext : Initializing Spring TestDispatcherServlet ''
2024-05-21T21:36:47.450+02:00  INFO 1712 --- [           main] o.s.t.web.servlet.TestDispatcherServlet  : Initializing Servlet ''
2024-05-21T21:36:47.451+02:00  INFO 1712 --- [           main] o.s.t.web.servlet.TestDispatcherServlet  : Completed initialization in 1 ms
2024-05-21T21:36:47.461+02:00  INFO 1712 --- [           main] c.o.d.c.AuthorControllerIntegrationTest  : Started AuthorControllerIntegrationTest in 0.516 seconds (process running for 12.652)
2024-05-21T21:36:47.468+02:00  INFO 1712 --- [   scheduling-1] c.o.database3.scheduled.AuthorWatcher    : There are 0 many authors in the database
2024-05-21T21:36:47.473+02:00  INFO 1712 --- [   scheduling-1] c.omar.database3.scheduled.BookWatcher   : There are 0 many books in the database
2024-05-21T21:36:47.474+02:00  INFO 1712 --- [   scheduling-1] c.omar.database3.scheduled.BookWatcher   : Go to the Postman ----------->
2024-05-21T21:36:47.474+02:00  INFO 1712 --- [   scheduling-1] c.omar.database3.scheduled.BookWatcher   : Use: Get, Put, Patch, Delete
2024-05-21T21:36:47.493+02:00  INFO 1712 --- [           main] j.LocalContainerEntityManagerFactoryBean : Closing JPA EntityManagerFactory for persistence unit 'default'
2024-05-21T21:36:47.497+02:00  INFO 1712 --- [           main] com.zaxxer.hikari.HikariDataSource       : HikariPool-5 - Shutdown initiated...
2024-05-21T21:36:47.506+02:00  INFO 1712 --- [           main] com.zaxxer.hikari.HikariDataSource       : HikariPool-5 - Shutdown completed.
]]></system-out>
  </testcase>
  <testcase name="testThatGetUpdateAuthorReturnsHttpStatus404WhenNoAuthorExist" classname="com.omar.database3.controllers.AuthorControllerIntegrationTest" time="0.029">
    <system-out><![CDATA[  .   ____          _            __ _ _
 /\\ / ___'_ __ _ _(_)_ __  __ _ \ \ \ \
( ( )\___ | '_ | '_| | '_ \/ _` | \ \ \ \
 \\/  ___)| |_)| | | | | || (_| |  ) ) ) )
  '  |____| .__|_| |_|_| |_\__, | / / / /
 =========|_|==============|___/=/_/_/_/

 :: Spring Boot ::             (v3.3.0-M3)

2024-05-21T21:36:47.532+02:00  INFO 1712 --- [           main] c.o.d.c.AuthorControllerIntegrationTest  : Starting AuthorControllerIntegrationTest using Java 17.0.8 with PID 1712 (started by omars in D:\RestAPI)
2024-05-21T21:36:47.532+02:00  INFO 1712 --- [           main] c.o.d.c.AuthorControllerIntegrationTest  : No active profile set, falling back to 1 default profile: "default"
2024-05-21T21:36:47.685+02:00  INFO 1712 --- [           main] .s.d.r.c.RepositoryConfigurationDelegate : Bootstrapping Spring Data JPA repositories in DEFAULT mode.
2024-05-21T21:36:47.695+02:00  INFO 1712 --- [           main] .s.d.r.c.RepositoryConfigurationDelegate : Finished Spring Data repository scanning in 9 ms. Found 2 JPA repository interfaces.
2024-05-21T21:36:47.768+02:00  INFO 1712 --- [           main] com.zaxxer.hikari.HikariDataSource       : HikariPool-6 - Starting...
2024-05-21T21:36:47.769+02:00  INFO 1712 --- [           main] com.zaxxer.hikari.pool.HikariPool        : HikariPool-6 - Added connection conn46: url=jdbc:h2:mem:testdb user=SA
2024-05-21T21:36:47.770+02:00  INFO 1712 --- [           main] com.zaxxer.hikari.HikariDataSource       : HikariPool-6 - Start completed.
2024-05-21T21:36:47.771+02:00  INFO 1712 --- [           main] o.hibernate.jpa.internal.util.LogHelper  : HHH000204: Processing PersistenceUnitInfo [name: default]
2024-05-21T21:36:47.774+02:00  INFO 1712 --- [           main] o.h.c.internal.RegionFactoryInitiator    : HHH000026: Second-level cache disabled
2024-05-21T21:36:47.779+02:00  INFO 1712 --- [           main] o.s.o.j.p.SpringPersistenceUnitInfo      : No LoadTimeWeaver setup: ignoring JPA class transformer
2024-05-21T21:36:47.842+02:00  INFO 1712 --- [           main] o.h.e.t.j.p.i.JtaPlatformInitiator       : HHH000489: No JTA platform available (set 'hibernate.transaction.jta.platform' to enable JTA platform integration)
2024-05-21T21:36:47.848+02:00  INFO 1712 --- [           main] j.LocalContainerEntityManagerFactoryBean : Initialized JPA EntityManagerFactory for persistence unit 'default'
2024-05-21T21:36:47.920+02:00  WARN 1712 --- [           main] JpaBaseConfiguration$JpaWebConfiguration : spring.jpa.open-in-view is enabled by default. Therefore, database queries may be performed during view rendering. Explicitly configure spring.jpa.open-in-view to disable this warning
2024-05-21T21:36:48.026+02:00  INFO 1712 --- [           main] o.s.b.t.m.w.SpringBootMockServletContext : Initializing Spring TestDispatcherServlet ''
2024-05-21T21:36:48.026+02:00  INFO 1712 --- [           main] o.s.t.web.servlet.TestDispatcherServlet  : Initializing Servlet ''
2024-05-21T21:36:48.026+02:00  INFO 1712 --- [           main] o.s.t.web.servlet.TestDispatcherServlet  : Completed initialization in 0 ms
2024-05-21T21:36:48.032+02:00  INFO 1712 --- [           main] c.o.d.c.AuthorControllerIntegrationTest  : Started AuthorControllerIntegrationTest in 0.523 seconds (process running for 13.224)
2024-05-21T21:36:48.039+02:00  INFO 1712 --- [   scheduling-1] c.o.database3.scheduled.AuthorWatcher    : There are 0 many authors in the database
2024-05-21T21:36:48.042+02:00  INFO 1712 --- [   scheduling-1] c.omar.database3.scheduled.BookWatcher   : There are 0 many books in the database
2024-05-21T21:36:48.042+02:00  INFO 1712 --- [   scheduling-1] c.omar.database3.scheduled.BookWatcher   : Go to the Postman ----------->
2024-05-21T21:36:48.042+02:00  INFO 1712 --- [   scheduling-1] c.omar.database3.scheduled.BookWatcher   : Use: Get, Put, Patch, Delete
2024-05-21T21:36:48.054+02:00  INFO 1712 --- [           main] j.LocalContainerEntityManagerFactoryBean : Closing JPA EntityManagerFactory for persistence unit 'default'
2024-05-21T21:36:48.057+02:00  INFO 1712 --- [           main] com.zaxxer.hikari.HikariDataSource       : HikariPool-6 - Shutdown initiated...
2024-05-21T21:36:48.064+02:00  INFO 1712 --- [           main] com.zaxxer.hikari.HikariDataSource       : HikariPool-6 - Shutdown completed.
]]></system-out>
  </testcase>
  <testcase name="testThatDeleteAuthorReturnsHttpStatus204ForNotExistingAuthor" classname="com.omar.database3.controllers.AuthorControllerIntegrationTest" time="0.041">
    <system-out><![CDATA[  .   ____          _            __ _ _
 /\\ / ___'_ __ _ _(_)_ __  __ _ \ \ \ \
( ( )\___ | '_ | '_| | '_ \/ _` | \ \ \ \
 \\/  ___)| |_)| | | | | || (_| |  ) ) ) )
  '  |____| .__|_| |_|_| |_\__, | / / / /
 =========|_|==============|___/=/_/_/_/

 :: Spring Boot ::             (v3.3.0-M3)

2024-05-21T21:36:48.099+02:00  INFO 1712 --- [           main] c.o.d.c.AuthorControllerIntegrationTest  : Starting AuthorControllerIntegrationTest using Java 17.0.8 with PID 1712 (started by omars in D:\RestAPI)
2024-05-21T21:36:48.100+02:00  INFO 1712 --- [           main] c.o.d.c.AuthorControllerIntegrationTest  : No active profile set, falling back to 1 default profile: "default"
2024-05-21T21:36:48.246+02:00  INFO 1712 --- [           main] .s.d.r.c.RepositoryConfigurationDelegate : Bootstrapping Spring Data JPA repositories in DEFAULT mode.
2024-05-21T21:36:48.255+02:00  INFO 1712 --- [           main] .s.d.r.c.RepositoryConfigurationDelegate : Finished Spring Data repository scanning in 8 ms. Found 2 JPA repository interfaces.
2024-05-21T21:36:48.335+02:00  INFO 1712 --- [           main] com.zaxxer.hikari.HikariDataSource       : HikariPool-7 - Starting...
2024-05-21T21:36:48.336+02:00  INFO 1712 --- [           main] com.zaxxer.hikari.pool.HikariPool        : HikariPool-7 - Added connection conn53: url=jdbc:h2:mem:testdb user=SA
2024-05-21T21:36:48.337+02:00  INFO 1712 --- [           main] com.zaxxer.hikari.HikariDataSource       : HikariPool-7 - Start completed.
2024-05-21T21:36:48.338+02:00  INFO 1712 --- [           main] o.hibernate.jpa.internal.util.LogHelper  : HHH000204: Processing PersistenceUnitInfo [name: default]
2024-05-21T21:36:48.341+02:00  INFO 1712 --- [           main] o.h.c.internal.RegionFactoryInitiator    : HHH000026: Second-level cache disabled
2024-05-21T21:36:48.346+02:00  INFO 1712 --- [           main] o.s.o.j.p.SpringPersistenceUnitInfo      : No LoadTimeWeaver setup: ignoring JPA class transformer
2024-05-21T21:36:48.400+02:00  INFO 1712 --- [           main] o.h.e.t.j.p.i.JtaPlatformInitiator       : HHH000489: No JTA platform available (set 'hibernate.transaction.jta.platform' to enable JTA platform integration)
2024-05-21T21:36:48.407+02:00  INFO 1712 --- [           main] j.LocalContainerEntityManagerFactoryBean : Initialized JPA EntityManagerFactory for persistence unit 'default'
2024-05-21T21:36:48.484+02:00  WARN 1712 --- [           main] JpaBaseConfiguration$JpaWebConfiguration : spring.jpa.open-in-view is enabled by default. Therefore, database queries may be performed during view rendering. Explicitly configure spring.jpa.open-in-view to disable this warning
2024-05-21T21:36:48.578+02:00  INFO 1712 --- [           main] o.s.b.t.m.w.SpringBootMockServletContext : Initializing Spring TestDispatcherServlet ''
2024-05-21T21:36:48.579+02:00  INFO 1712 --- [           main] o.s.t.web.servlet.TestDispatcherServlet  : Initializing Servlet ''
2024-05-21T21:36:48.579+02:00  INFO 1712 --- [           main] o.s.t.web.servlet.TestDispatcherServlet  : Completed initialization in 0 ms
2024-05-21T21:36:48.586+02:00  INFO 1712 --- [           main] c.o.d.c.AuthorControllerIntegrationTest  : Started AuthorControllerIntegrationTest in 0.516 seconds (process running for 13.777)
2024-05-21T21:36:48.594+02:00  INFO 1712 --- [   scheduling-1] c.o.database3.scheduled.AuthorWatcher    : There are 0 many authors in the database
2024-05-21T21:36:48.597+02:00  INFO 1712 --- [   scheduling-1] c.omar.database3.scheduled.BookWatcher   : There are 0 many books in the database
2024-05-21T21:36:48.598+02:00  INFO 1712 --- [   scheduling-1] c.omar.database3.scheduled.BookWatcher   : Go to the Postman ----------->
2024-05-21T21:36:48.598+02:00  INFO 1712 --- [   scheduling-1] c.omar.database3.scheduled.BookWatcher   : Use: Get, Put, Patch, Delete
2024-05-21T21:36:48.611+02:00  INFO 1712 --- [           main] j.LocalContainerEntityManagerFactoryBean : Closing JPA EntityManagerFactory for persistence unit 'default'
2024-05-21T21:36:48.613+02:00  INFO 1712 --- [           main] com.zaxxer.hikari.HikariDataSource       : HikariPool-7 - Shutdown initiated...
2024-05-21T21:36:48.631+02:00  INFO 1712 --- [           main] com.zaxxer.hikari.HikariDataSource       : HikariPool-7 - Shutdown completed.
]]></system-out>
  </testcase>
  <testcase name="testThatFullUpdateUpdateExistingAuthor" classname="com.omar.database3.controllers.AuthorControllerIntegrationTest" time="0.059">
    <system-out><![CDATA[  .   ____          _            __ _ _
 /\\ / ___'_ __ _ _(_)_ __  __ _ \ \ \ \
( ( )\___ | '_ | '_| | '_ \/ _` | \ \ \ \
 \\/  ___)| |_)| | | | | || (_| |  ) ) ) )
  '  |____| .__|_| |_|_| |_\__, | / / / /
 =========|_|==============|___/=/_/_/_/

 :: Spring Boot ::             (v3.3.0-M3)

2024-05-21T21:36:48.650+02:00  INFO 1712 --- [           main] c.o.d.c.AuthorControllerIntegrationTest  : Starting AuthorControllerIntegrationTest using Java 17.0.8 with PID 1712 (started by omars in D:\RestAPI)
2024-05-21T21:36:48.651+02:00  INFO 1712 --- [           main] c.o.d.c.AuthorControllerIntegrationTest  : No active profile set, falling back to 1 default profile: "default"
2024-05-21T21:36:48.782+02:00  INFO 1712 --- [           main] .s.d.r.c.RepositoryConfigurationDelegate : Bootstrapping Spring Data JPA repositories in DEFAULT mode.
2024-05-21T21:36:48.789+02:00  INFO 1712 --- [           main] .s.d.r.c.RepositoryConfigurationDelegate : Finished Spring Data repository scanning in 7 ms. Found 2 JPA repository interfaces.
2024-05-21T21:36:48.855+02:00  INFO 1712 --- [           main] com.zaxxer.hikari.HikariDataSource       : HikariPool-8 - Starting...
2024-05-21T21:36:48.856+02:00  INFO 1712 --- [           main] com.zaxxer.hikari.pool.HikariPool        : HikariPool-8 - Added connection conn60: url=jdbc:h2:mem:testdb user=SA
2024-05-21T21:36:48.856+02:00  INFO 1712 --- [           main] com.zaxxer.hikari.HikariDataSource       : HikariPool-8 - Start completed.
2024-05-21T21:36:48.857+02:00  INFO 1712 --- [           main] o.hibernate.jpa.internal.util.LogHelper  : HHH000204: Processing PersistenceUnitInfo [name: default]
2024-05-21T21:36:48.858+02:00  INFO 1712 --- [           main] o.h.c.internal.RegionFactoryInitiator    : HHH000026: Second-level cache disabled
2024-05-21T21:36:48.862+02:00  INFO 1712 --- [           main] o.s.o.j.p.SpringPersistenceUnitInfo      : No LoadTimeWeaver setup: ignoring JPA class transformer
2024-05-21T21:36:48.905+02:00  INFO 1712 --- [           main] o.h.e.t.j.p.i.JtaPlatformInitiator       : HHH000489: No JTA platform available (set 'hibernate.transaction.jta.platform' to enable JTA platform integration)
2024-05-21T21:36:48.910+02:00  INFO 1712 --- [           main] j.LocalContainerEntityManagerFactoryBean : Initialized JPA EntityManagerFactory for persistence unit 'default'
2024-05-21T21:36:48.970+02:00  WARN 1712 --- [           main] JpaBaseConfiguration$JpaWebConfiguration : spring.jpa.open-in-view is enabled by default. Therefore, database queries may be performed during view rendering. Explicitly configure spring.jpa.open-in-view to disable this warning
2024-05-21T21:36:49.078+02:00  INFO 1712 --- [           main] o.s.b.t.m.w.SpringBootMockServletContext : Initializing Spring TestDispatcherServlet ''
2024-05-21T21:36:49.078+02:00  INFO 1712 --- [           main] o.s.t.web.servlet.TestDispatcherServlet  : Initializing Servlet ''
2024-05-21T21:36:49.079+02:00  INFO 1712 --- [           main] o.s.t.web.servlet.TestDispatcherServlet  : Completed initialization in 1 ms
2024-05-21T21:36:49.086+02:00  INFO 1712 --- [           main] c.o.d.c.AuthorControllerIntegrationTest  : Started AuthorControllerIntegrationTest in 0.452 seconds (process running for 14.277)
2024-05-21T21:36:49.090+02:00  INFO 1712 --- [   scheduling-1] c.o.database3.scheduled.AuthorWatcher    : There are 0 many authors in the database
2024-05-21T21:36:49.095+02:00  INFO 1712 --- [   scheduling-1] c.omar.database3.scheduled.BookWatcher   : There are 0 many books in the database
2024-05-21T21:36:49.096+02:00  INFO 1712 --- [   scheduling-1] c.omar.database3.scheduled.BookWatcher   : Go to the Postman ----------->
2024-05-21T21:36:49.096+02:00  INFO 1712 --- [   scheduling-1] c.omar.database3.scheduled.BookWatcher   : Use: Get, Put, Patch, Delete
2024-05-21T21:36:49.118+02:00  INFO 1712 --- [           main] j.LocalContainerEntityManagerFactoryBean : Closing JPA EntityManagerFactory for persistence unit 'default'
2024-05-21T21:36:49.121+02:00  INFO 1712 --- [           main] com.zaxxer.hikari.HikariDataSource       : HikariPool-8 - Shutdown initiated...
2024-05-21T21:36:49.148+02:00  INFO 1712 --- [           main] com.zaxxer.hikari.HikariDataSource       : HikariPool-8 - Shutdown completed.
]]></system-out>
  </testcase>
  <testcase name="testThatListAuthorsReturnsHttpStatus200" classname="com.omar.database3.controllers.AuthorControllerIntegrationTest" time="0.042">
    <system-out><![CDATA[  .   ____          _            __ _ _
 /\\ / ___'_ __ _ _(_)_ __  __ _ \ \ \ \
( ( )\___ | '_ | '_| | '_ \/ _` | \ \ \ \
 \\/  ___)| |_)| | | | | || (_| |  ) ) ) )
  '  |____| .__|_| |_|_| |_\__, | / / / /
 =========|_|==============|___/=/_/_/_/

 :: Spring Boot ::             (v3.3.0-M3)

2024-05-21T21:36:49.167+02:00  INFO 1712 --- [           main] c.o.d.c.AuthorControllerIntegrationTest  : Starting AuthorControllerIntegrationTest using Java 17.0.8 with PID 1712 (started by omars in D:\RestAPI)
2024-05-21T21:36:49.168+02:00  INFO 1712 --- [           main] c.o.d.c.AuthorControllerIntegrationTest  : No active profile set, falling back to 1 default profile: "default"
2024-05-21T21:36:49.310+02:00  INFO 1712 --- [           main] .s.d.r.c.RepositoryConfigurationDelegate : Bootstrapping Spring Data JPA repositories in DEFAULT mode.
2024-05-21T21:36:49.318+02:00  INFO 1712 --- [           main] .s.d.r.c.RepositoryConfigurationDelegate : Finished Spring Data repository scanning in 7 ms. Found 2 JPA repository interfaces.
2024-05-21T21:36:49.392+02:00  INFO 1712 --- [           main] com.zaxxer.hikari.HikariDataSource       : HikariPool-9 - Starting...
2024-05-21T21:36:49.394+02:00  INFO 1712 --- [           main] com.zaxxer.hikari.pool.HikariPool        : HikariPool-9 - Added connection conn67: url=jdbc:h2:mem:testdb user=SA
2024-05-21T21:36:49.394+02:00  INFO 1712 --- [           main] com.zaxxer.hikari.HikariDataSource       : HikariPool-9 - Start completed.
2024-05-21T21:36:49.396+02:00  INFO 1712 --- [           main] o.hibernate.jpa.internal.util.LogHelper  : HHH000204: Processing PersistenceUnitInfo [name: default]
2024-05-21T21:36:49.398+02:00  INFO 1712 --- [           main] o.h.c.internal.RegionFactoryInitiator    : HHH000026: Second-level cache disabled
2024-05-21T21:36:49.402+02:00  INFO 1712 --- [           main] o.s.o.j.p.SpringPersistenceUnitInfo      : No LoadTimeWeaver setup: ignoring JPA class transformer
2024-05-21T21:36:49.455+02:00  INFO 1712 --- [           main] o.h.e.t.j.p.i.JtaPlatformInitiator       : HHH000489: No JTA platform available (set 'hibernate.transaction.jta.platform' to enable JTA platform integration)
2024-05-21T21:36:49.460+02:00  INFO 1712 --- [           main] j.LocalContainerEntityManagerFactoryBean : Initialized JPA EntityManagerFactory for persistence unit 'default'
2024-05-21T21:36:49.534+02:00  WARN 1712 --- [           main] JpaBaseConfiguration$JpaWebConfiguration : spring.jpa.open-in-view is enabled by default. Therefore, database queries may be performed during view rendering. Explicitly configure spring.jpa.open-in-view to disable this warning
2024-05-21T21:36:49.667+02:00  INFO 1712 --- [           main] o.s.b.t.m.w.SpringBootMockServletContext : Initializing Spring TestDispatcherServlet ''
2024-05-21T21:36:49.667+02:00  INFO 1712 --- [           main] o.s.t.web.servlet.TestDispatcherServlet  : Initializing Servlet ''
2024-05-21T21:36:49.668+02:00  INFO 1712 --- [           main] o.s.t.web.servlet.TestDispatcherServlet  : Completed initialization in 1 ms
2024-05-21T21:36:49.672+02:00  INFO 1712 --- [           main] c.o.d.c.AuthorControllerIntegrationTest  : Started AuthorControllerIntegrationTest in 0.521 seconds (process running for 14.864)
2024-05-21T21:36:49.677+02:00  INFO 1712 --- [   scheduling-1] c.o.database3.scheduled.AuthorWatcher    : There are 0 many authors in the database
2024-05-21T21:36:49.681+02:00  INFO 1712 --- [   scheduling-1] c.omar.database3.scheduled.BookWatcher   : There are 0 many books in the database
2024-05-21T21:36:49.681+02:00  INFO 1712 --- [   scheduling-1] c.omar.database3.scheduled.BookWatcher   : Go to the Postman ----------->
2024-05-21T21:36:49.681+02:00  INFO 1712 --- [   scheduling-1] c.omar.database3.scheduled.BookWatcher   : Use: Get, Put, Patch, Delete
2024-05-21T21:36:49.710+02:00  INFO 1712 --- [           main] j.LocalContainerEntityManagerFactoryBean : Closing JPA EntityManagerFactory for persistence unit 'default'
2024-05-21T21:36:49.712+02:00  INFO 1712 --- [           main] com.zaxxer.hikari.HikariDataSource       : HikariPool-9 - Shutdown initiated...
2024-05-21T21:36:49.717+02:00  INFO 1712 --- [           main] com.zaxxer.hikari.HikariDataSource       : HikariPool-9 - Shutdown completed.
]]></system-out>
  </testcase>
  <testcase name="testThatListAuthorsReturnsListOfAuthors" classname="com.omar.database3.controllers.AuthorControllerIntegrationTest" time="0.07">
    <system-out><![CDATA[  .   ____          _            __ _ _
 /\\ / ___'_ __ _ _(_)_ __  __ _ \ \ \ \
( ( )\___ | '_ | '_| | '_ \/ _` | \ \ \ \
 \\/  ___)| |_)| | | | | || (_| |  ) ) ) )
  '  |____| .__|_| |_|_| |_\__, | / / / /
 =========|_|==============|___/=/_/_/_/

 :: Spring Boot ::             (v3.3.0-M3)

2024-05-21T21:36:49.744+02:00  INFO 1712 --- [           main] c.o.d.c.AuthorControllerIntegrationTest  : Starting AuthorControllerIntegrationTest using Java 17.0.8 with PID 1712 (started by omars in D:\RestAPI)
2024-05-21T21:36:49.744+02:00  INFO 1712 --- [           main] c.o.d.c.AuthorControllerIntegrationTest  : No active profile set, falling back to 1 default profile: "default"
2024-05-21T21:36:49.881+02:00  INFO 1712 --- [           main] .s.d.r.c.RepositoryConfigurationDelegate : Bootstrapping Spring Data JPA repositories in DEFAULT mode.
2024-05-21T21:36:49.892+02:00  INFO 1712 --- [           main] .s.d.r.c.RepositoryConfigurationDelegate : Finished Spring Data repository scanning in 10 ms. Found 2 JPA repository interfaces.
2024-05-21T21:36:49.962+02:00  INFO 1712 --- [           main] com.zaxxer.hikari.HikariDataSource       : HikariPool-10 - Starting...
2024-05-21T21:36:49.964+02:00  INFO 1712 --- [           main] com.zaxxer.hikari.pool.HikariPool        : HikariPool-10 - Added connection conn75: url=jdbc:h2:mem:testdb user=SA
2024-05-21T21:36:49.964+02:00  INFO 1712 --- [           main] com.zaxxer.hikari.HikariDataSource       : HikariPool-10 - Start completed.
2024-05-21T21:36:49.965+02:00  INFO 1712 --- [           main] o.hibernate.jpa.internal.util.LogHelper  : HHH000204: Processing PersistenceUnitInfo [name: default]
2024-05-21T21:36:49.967+02:00  INFO 1712 --- [           main] o.h.c.internal.RegionFactoryInitiator    : HHH000026: Second-level cache disabled
2024-05-21T21:36:49.971+02:00  INFO 1712 --- [           main] o.s.o.j.p.SpringPersistenceUnitInfo      : No LoadTimeWeaver setup: ignoring JPA class transformer
2024-05-21T21:36:50.021+02:00  INFO 1712 --- [           main] o.h.e.t.j.p.i.JtaPlatformInitiator       : HHH000489: No JTA platform available (set 'hibernate.transaction.jta.platform' to enable JTA platform integration)
2024-05-21T21:36:50.025+02:00  INFO 1712 --- [           main] j.LocalContainerEntityManagerFactoryBean : Initialized JPA EntityManagerFactory for persistence unit 'default'
2024-05-21T21:36:50.095+02:00  WARN 1712 --- [           main] JpaBaseConfiguration$JpaWebConfiguration : spring.jpa.open-in-view is enabled by default. Therefore, database queries may be performed during view rendering. Explicitly configure spring.jpa.open-in-view to disable this warning
2024-05-21T21:36:50.199+02:00  INFO 1712 --- [           main] o.s.b.t.m.w.SpringBootMockServletContext : Initializing Spring TestDispatcherServlet ''
2024-05-21T21:36:50.200+02:00  INFO 1712 --- [           main] o.s.t.web.servlet.TestDispatcherServlet  : Initializing Servlet ''
2024-05-21T21:36:50.200+02:00  INFO 1712 --- [           main] o.s.t.web.servlet.TestDispatcherServlet  : Completed initialization in 0 ms
2024-05-21T21:36:50.212+02:00  INFO 1712 --- [           main] c.o.d.c.AuthorControllerIntegrationTest  : Started AuthorControllerIntegrationTest in 0.49 seconds (process running for 15.403)
2024-05-21T21:36:50.217+02:00  INFO 1712 --- [   scheduling-1] c.o.database3.scheduled.AuthorWatcher    : There are 0 many authors in the database
2024-05-21T21:36:50.221+02:00  INFO 1712 --- [   scheduling-1] c.omar.database3.scheduled.BookWatcher   : There are 0 many books in the database
2024-05-21T21:36:50.221+02:00  INFO 1712 --- [   scheduling-1] c.omar.database3.scheduled.BookWatcher   : Go to the Postman ----------->
2024-05-21T21:36:50.221+02:00  INFO 1712 --- [   scheduling-1] c.omar.database3.scheduled.BookWatcher   : Use: Get, Put, Patch, Delete
2024-05-21T21:36:50.250+02:00  INFO 1712 --- [           main] j.LocalContainerEntityManagerFactoryBean : Closing JPA EntityManagerFactory for persistence unit 'default'
2024-05-21T21:36:50.253+02:00  INFO 1712 --- [           main] com.zaxxer.hikari.HikariDataSource       : HikariPool-10 - Shutdown initiated...
2024-05-21T21:36:50.286+02:00  INFO 1712 --- [           main] com.zaxxer.hikari.HikariDataSource       : HikariPool-10 - Shutdown completed.
]]></system-out>
  </testcase>
  <testcase name="testThatDeleteAuthorReturnsHttpStatus204ForExistingAuthor" classname="com.omar.database3.controllers.AuthorControllerIntegrationTest" time="0.034">
    <system-out><![CDATA[  .   ____          _            __ _ _
 /\\ / ___'_ __ _ _(_)_ __  __ _ \ \ \ \
( ( )\___ | '_ | '_| | '_ \/ _` | \ \ \ \
 \\/  ___)| |_)| | | | | || (_| |  ) ) ) )
  '  |____| .__|_| |_|_| |_\__, | / / / /
 =========|_|==============|___/=/_/_/_/

 :: Spring Boot ::             (v3.3.0-M3)

2024-05-21T21:36:50.311+02:00  INFO 1712 --- [           main] c.o.d.c.AuthorControllerIntegrationTest  : Starting AuthorControllerIntegrationTest using Java 17.0.8 with PID 1712 (started by omars in D:\RestAPI)
2024-05-21T21:36:50.311+02:00  INFO 1712 --- [           main] c.o.d.c.AuthorControllerIntegrationTest  : No active profile set, falling back to 1 default profile: "default"
2024-05-21T21:36:50.432+02:00  INFO 1712 --- [           main] .s.d.r.c.RepositoryConfigurationDelegate : Bootstrapping Spring Data JPA repositories in DEFAULT mode.
2024-05-21T21:36:50.443+02:00  INFO 1712 --- [           main] .s.d.r.c.RepositoryConfigurationDelegate : Finished Spring Data repository scanning in 10 ms. Found 2 JPA repository interfaces.
2024-05-21T21:36:50.517+02:00  INFO 1712 --- [           main] com.zaxxer.hikari.HikariDataSource       : HikariPool-11 - Starting...
2024-05-21T21:36:50.518+02:00  INFO 1712 --- [           main] com.zaxxer.hikari.pool.HikariPool        : HikariPool-11 - Added connection conn83: url=jdbc:h2:mem:testdb user=SA
2024-05-21T21:36:50.518+02:00  INFO 1712 --- [           main] com.zaxxer.hikari.HikariDataSource       : HikariPool-11 - Start completed.
2024-05-21T21:36:50.520+02:00  INFO 1712 --- [           main] o.hibernate.jpa.internal.util.LogHelper  : HHH000204: Processing PersistenceUnitInfo [name: default]
2024-05-21T21:36:50.522+02:00  INFO 1712 --- [           main] o.h.c.internal.RegionFactoryInitiator    : HHH000026: Second-level cache disabled
2024-05-21T21:36:50.526+02:00  INFO 1712 --- [           main] o.s.o.j.p.SpringPersistenceUnitInfo      : No LoadTimeWeaver setup: ignoring JPA class transformer
2024-05-21T21:36:50.575+02:00  INFO 1712 --- [           main] o.h.e.t.j.p.i.JtaPlatformInitiator       : HHH000489: No JTA platform available (set 'hibernate.transaction.jta.platform' to enable JTA platform integration)
2024-05-21T21:36:50.581+02:00  INFO 1712 --- [           main] j.LocalContainerEntityManagerFactoryBean : Initialized JPA EntityManagerFactory for persistence unit 'default'
2024-05-21T21:36:50.643+02:00  WARN 1712 --- [           main] JpaBaseConfiguration$JpaWebConfiguration : spring.jpa.open-in-view is enabled by default. Therefore, database queries may be performed during view rendering. Explicitly configure spring.jpa.open-in-view to disable this warning
2024-05-21T21:36:50.731+02:00  INFO 1712 --- [           main] o.s.b.t.m.w.SpringBootMockServletContext : Initializing Spring TestDispatcherServlet ''
2024-05-21T21:36:50.732+02:00  INFO 1712 --- [           main] o.s.t.web.servlet.TestDispatcherServlet  : Initializing Servlet ''
2024-05-21T21:36:50.732+02:00  INFO 1712 --- [           main] o.s.t.web.servlet.TestDispatcherServlet  : Completed initialization in 0 ms
2024-05-21T21:36:50.739+02:00  INFO 1712 --- [           main] c.o.d.c.AuthorControllerIntegrationTest  : Started AuthorControllerIntegrationTest in 0.451 seconds (process running for 15.931)
2024-05-21T21:36:50.744+02:00  INFO 1712 --- [   scheduling-1] c.o.database3.scheduled.AuthorWatcher    : There are 0 many authors in the database
2024-05-21T21:36:50.747+02:00  INFO 1712 --- [   scheduling-1] c.omar.database3.scheduled.BookWatcher   : There are 0 many books in the database
2024-05-21T21:36:50.747+02:00  INFO 1712 --- [   scheduling-1] c.omar.database3.scheduled.BookWatcher   : Go to the Postman ----------->
2024-05-21T21:36:50.747+02:00  INFO 1712 --- [   scheduling-1] c.omar.database3.scheduled.BookWatcher   : Use: Get, Put, Patch, Delete
2024-05-21T21:36:50.771+02:00  INFO 1712 --- [           main] j.LocalContainerEntityManagerFactoryBean : Closing JPA EntityManagerFactory for persistence unit 'default'
2024-05-21T21:36:50.774+02:00  INFO 1712 --- [           main] com.zaxxer.hikari.HikariDataSource       : HikariPool-11 - Shutdown initiated...
2024-05-21T21:36:50.776+02:00  INFO 1712 --- [           main] com.zaxxer.hikari.HikariDataSource       : HikariPool-11 - Shutdown completed.
]]></system-out>
  </testcase>
  <testcase name="testThatGetAuthorReturnsHttpStatus200WhenAuthorExist" classname="com.omar.database3.controllers.AuthorControllerIntegrationTest" time="0.034">
    <system-out><![CDATA[  .   ____          _            __ _ _
 /\\ / ___'_ __ _ _(_)_ __  __ _ \ \ \ \
( ( )\___ | '_ | '_| | '_ \/ _` | \ \ \ \
 \\/  ___)| |_)| | | | | || (_| |  ) ) ) )
  '  |____| .__|_| |_|_| |_\__, | / / / /
 =========|_|==============|___/=/_/_/_/

 :: Spring Boot ::             (v3.3.0-M3)

2024-05-21T21:36:50.795+02:00  INFO 1712 --- [           main] c.o.d.c.AuthorControllerIntegrationTest  : Starting AuthorControllerIntegrationTest using Java 17.0.8 with PID 1712 (started by omars in D:\RestAPI)
2024-05-21T21:36:50.796+02:00  INFO 1712 --- [           main] c.o.d.c.AuthorControllerIntegrationTest  : No active profile set, falling back to 1 default profile: "default"
2024-05-21T21:36:50.920+02:00  INFO 1712 --- [           main] .s.d.r.c.RepositoryConfigurationDelegate : Bootstrapping Spring Data JPA repositories in DEFAULT mode.
2024-05-21T21:36:50.930+02:00  INFO 1712 --- [           main] .s.d.r.c.RepositoryConfigurationDelegate : Finished Spring Data repository scanning in 8 ms. Found 2 JPA repository interfaces.
2024-05-21T21:36:50.992+02:00  INFO 1712 --- [           main] com.zaxxer.hikari.HikariDataSource       : HikariPool-12 - Starting...
2024-05-21T21:36:50.993+02:00  INFO 1712 --- [           main] com.zaxxer.hikari.pool.HikariPool        : HikariPool-12 - Added connection conn89: url=jdbc:h2:mem:testdb user=SA
2024-05-21T21:36:50.993+02:00  INFO 1712 --- [           main] com.zaxxer.hikari.HikariDataSource       : HikariPool-12 - Start completed.
2024-05-21T21:36:50.995+02:00  INFO 1712 --- [           main] o.hibernate.jpa.internal.util.LogHelper  : HHH000204: Processing PersistenceUnitInfo [name: default]
2024-05-21T21:36:50.997+02:00  INFO 1712 --- [           main] o.h.c.internal.RegionFactoryInitiator    : HHH000026: Second-level cache disabled
2024-05-21T21:36:51.001+02:00  INFO 1712 --- [           main] o.s.o.j.p.SpringPersistenceUnitInfo      : No LoadTimeWeaver setup: ignoring JPA class transformer
2024-05-21T21:36:51.051+02:00  INFO 1712 --- [           main] o.h.e.t.j.p.i.JtaPlatformInitiator       : HHH000489: No JTA platform available (set 'hibernate.transaction.jta.platform' to enable JTA platform integration)
2024-05-21T21:36:51.056+02:00  INFO 1712 --- [           main] j.LocalContainerEntityManagerFactoryBean : Initialized JPA EntityManagerFactory for persistence unit 'default'
2024-05-21T21:36:51.110+02:00  WARN 1712 --- [           main] JpaBaseConfiguration$JpaWebConfiguration : spring.jpa.open-in-view is enabled by default. Therefore, database queries may be performed during view rendering. Explicitly configure spring.jpa.open-in-view to disable this warning
2024-05-21T21:36:51.201+02:00  INFO 1712 --- [           main] o.s.b.t.m.w.SpringBootMockServletContext : Initializing Spring TestDispatcherServlet ''
2024-05-21T21:36:51.201+02:00  INFO 1712 --- [           main] o.s.t.web.servlet.TestDispatcherServlet  : Initializing Servlet ''
2024-05-21T21:36:51.202+02:00  INFO 1712 --- [           main] o.s.t.web.servlet.TestDispatcherServlet  : Completed initialization in 1 ms
2024-05-21T21:36:51.208+02:00  INFO 1712 --- [           main] c.o.d.c.AuthorControllerIntegrationTest  : Started AuthorControllerIntegrationTest in 0.43 seconds (process running for 16.4)
2024-05-21T21:36:51.216+02:00  INFO 1712 --- [   scheduling-1] c.o.database3.scheduled.AuthorWatcher    : There are 0 many authors in the database
2024-05-21T21:36:51.220+02:00  INFO 1712 --- [   scheduling-1] c.omar.database3.scheduled.BookWatcher   : There are 0 many books in the database
2024-05-21T21:36:51.220+02:00  INFO 1712 --- [   scheduling-1] c.omar.database3.scheduled.BookWatcher   : Go to the Postman ----------->
2024-05-21T21:36:51.220+02:00  INFO 1712 --- [   scheduling-1] c.omar.database3.scheduled.BookWatcher   : Use: Get, Put, Patch, Delete
2024-05-21T21:36:51.233+02:00  INFO 1712 --- [           main] j.LocalContainerEntityManagerFactoryBean : Closing JPA EntityManagerFactory for persistence unit 'default'
2024-05-21T21:36:51.238+02:00  INFO 1712 --- [           main] com.zaxxer.hikari.HikariDataSource       : HikariPool-12 - Shutdown initiated...
2024-05-21T21:36:51.249+02:00  INFO 1712 --- [           main] com.zaxxer.hikari.HikariDataSource       : HikariPool-12 - Shutdown completed.
]]></system-out>
  </testcase>
  <testcase name="testThatGetAuthorReturnsAuthorWhenAuthorExist" classname="com.omar.database3.controllers.AuthorControllerIntegrationTest" time="0.034">
    <system-out><![CDATA[  .   ____          _            __ _ _
 /\\ / ___'_ __ _ _(_)_ __  __ _ \ \ \ \
( ( )\___ | '_ | '_| | '_ \/ _` | \ \ \ \
 \\/  ___)| |_)| | | | | || (_| |  ) ) ) )
  '  |____| .__|_| |_|_| |_\__, | / / / /
 =========|_|==============|___/=/_/_/_/

 :: Spring Boot ::             (v3.3.0-M3)

2024-05-21T21:36:51.277+02:00  INFO 1712 --- [           main] c.o.d.c.AuthorControllerIntegrationTest  : Starting AuthorControllerIntegrationTest using Java 17.0.8 with PID 1712 (started by omars in D:\RestAPI)
2024-05-21T21:36:51.277+02:00  INFO 1712 --- [           main] c.o.d.c.AuthorControllerIntegrationTest  : No active profile set, falling back to 1 default profile: "default"
2024-05-21T21:36:51.426+02:00  INFO 1712 --- [           main] .s.d.r.c.RepositoryConfigurationDelegate : Bootstrapping Spring Data JPA repositories in DEFAULT mode.
2024-05-21T21:36:51.435+02:00  INFO 1712 --- [           main] .s.d.r.c.RepositoryConfigurationDelegate : Finished Spring Data repository scanning in 8 ms. Found 2 JPA repository interfaces.
2024-05-21T21:36:51.522+02:00  INFO 1712 --- [           main] com.zaxxer.hikari.HikariDataSource       : HikariPool-13 - Starting...
2024-05-21T21:36:51.523+02:00  INFO 1712 --- [           main] com.zaxxer.hikari.pool.HikariPool        : HikariPool-13 - Added connection conn95: url=jdbc:h2:mem:testdb user=SA
2024-05-21T21:36:51.524+02:00  INFO 1712 --- [           main] com.zaxxer.hikari.HikariDataSource       : HikariPool-13 - Start completed.
2024-05-21T21:36:51.526+02:00  INFO 1712 --- [           main] o.hibernate.jpa.internal.util.LogHelper  : HHH000204: Processing PersistenceUnitInfo [name: default]
2024-05-21T21:36:51.528+02:00  INFO 1712 --- [           main] o.h.c.internal.RegionFactoryInitiator    : HHH000026: Second-level cache disabled
2024-05-21T21:36:51.532+02:00  INFO 1712 --- [           main] o.s.o.j.p.SpringPersistenceUnitInfo      : No LoadTimeWeaver setup: ignoring JPA class transformer
2024-05-21T21:36:51.584+02:00  INFO 1712 --- [           main] o.h.e.t.j.p.i.JtaPlatformInitiator       : HHH000489: No JTA platform available (set 'hibernate.transaction.jta.platform' to enable JTA platform integration)
2024-05-21T21:36:51.591+02:00  INFO 1712 --- [           main] j.LocalContainerEntityManagerFactoryBean : Initialized JPA EntityManagerFactory for persistence unit 'default'
2024-05-21T21:36:51.665+02:00  WARN 1712 --- [           main] JpaBaseConfiguration$JpaWebConfiguration : spring.jpa.open-in-view is enabled by default. Therefore, database queries may be performed during view rendering. Explicitly configure spring.jpa.open-in-view to disable this warning
2024-05-21T21:36:51.775+02:00  INFO 1712 --- [           main] o.s.b.t.m.w.SpringBootMockServletContext : Initializing Spring TestDispatcherServlet ''
2024-05-21T21:36:51.775+02:00  INFO 1712 --- [           main] o.s.t.web.servlet.TestDispatcherServlet  : Initializing Servlet ''
2024-05-21T21:36:51.775+02:00  INFO 1712 --- [           main] o.s.t.web.servlet.TestDispatcherServlet  : Completed initialization in 0 ms
2024-05-21T21:36:51.781+02:00  INFO 1712 --- [           main] c.o.d.c.AuthorControllerIntegrationTest  : Started AuthorControllerIntegrationTest in 0.529 seconds (process running for 16.973)
2024-05-21T21:36:51.785+02:00  INFO 1712 --- [   scheduling-1] c.o.database3.scheduled.AuthorWatcher    : There are 0 many authors in the database
2024-05-21T21:36:51.790+02:00  INFO 1712 --- [   scheduling-1] c.omar.database3.scheduled.BookWatcher   : There are 0 many books in the database
2024-05-21T21:36:51.790+02:00  INFO 1712 --- [   scheduling-1] c.omar.database3.scheduled.BookWatcher   : Go to the Postman ----------->
2024-05-21T21:36:51.790+02:00  INFO 1712 --- [   scheduling-1] c.omar.database3.scheduled.BookWatcher   : Use: Get, Put, Patch, Delete
2024-05-21T21:36:51.802+02:00  INFO 1712 --- [           main] j.LocalContainerEntityManagerFactoryBean : Closing JPA EntityManagerFactory for persistence unit 'default'
2024-05-21T21:36:51.804+02:00  INFO 1712 --- [           main] com.zaxxer.hikari.HikariDataSource       : HikariPool-13 - Shutdown initiated...
2024-05-21T21:36:51.817+02:00  INFO 1712 --- [           main] com.zaxxer.hikari.HikariDataSource       : HikariPool-13 - Shutdown completed.
]]></system-out>
  </testcase>
  <testcase name="testThatCreateAuthorSuccessfullyReturnsSavedAuthor" classname="com.omar.database3.controllers.AuthorControllerIntegrationTest" time="0.053">
    <system-out><![CDATA[  .   ____          _            __ _ _
 /\\ / ___'_ __ _ _(_)_ __  __ _ \ \ \ \
( ( )\___ | '_ | '_| | '_ \/ _` | \ \ \ \
 \\/  ___)| |_)| | | | | || (_| |  ) ) ) )
  '  |____| .__|_| |_|_| |_\__, | / / / /
 =========|_|==============|___/=/_/_/_/

 :: Spring Boot ::             (v3.3.0-M3)

2024-05-21T21:36:51.841+02:00  INFO 1712 --- [           main] c.o.d.c.AuthorControllerIntegrationTest  : Starting AuthorControllerIntegrationTest using Java 17.0.8 with PID 1712 (started by omars in D:\RestAPI)
2024-05-21T21:36:51.841+02:00  INFO 1712 --- [           main] c.o.d.c.AuthorControllerIntegrationTest  : No active profile set, falling back to 1 default profile: "default"
2024-05-21T21:36:51.974+02:00  INFO 1712 --- [           main] .s.d.r.c.RepositoryConfigurationDelegate : Bootstrapping Spring Data JPA repositories in DEFAULT mode.
2024-05-21T21:36:51.984+02:00  INFO 1712 --- [           main] .s.d.r.c.RepositoryConfigurationDelegate : Finished Spring Data repository scanning in 9 ms. Found 2 JPA repository interfaces.
2024-05-21T21:36:52.051+02:00  INFO 1712 --- [           main] com.zaxxer.hikari.HikariDataSource       : HikariPool-14 - Starting...
2024-05-21T21:36:52.053+02:00  INFO 1712 --- [           main] com.zaxxer.hikari.pool.HikariPool        : HikariPool-14 - Added connection conn102: url=jdbc:h2:mem:testdb user=SA
2024-05-21T21:36:52.053+02:00  INFO 1712 --- [           main] com.zaxxer.hikari.HikariDataSource       : HikariPool-14 - Start completed.
2024-05-21T21:36:52.056+02:00  INFO 1712 --- [           main] o.hibernate.jpa.internal.util.LogHelper  : HHH000204: Processing PersistenceUnitInfo [name: default]
2024-05-21T21:36:52.058+02:00  INFO 1712 --- [           main] o.h.c.internal.RegionFactoryInitiator    : HHH000026: Second-level cache disabled
2024-05-21T21:36:52.061+02:00  INFO 1712 --- [           main] o.s.o.j.p.SpringPersistenceUnitInfo      : No LoadTimeWeaver setup: ignoring JPA class transformer
2024-05-21T21:36:52.097+02:00  INFO 1712 --- [           main] o.h.e.t.j.p.i.JtaPlatformInitiator       : HHH000489: No JTA platform available (set 'hibernate.transaction.jta.platform' to enable JTA platform integration)
2024-05-21T21:36:52.101+02:00  INFO 1712 --- [           main] j.LocalContainerEntityManagerFactoryBean : Initialized JPA EntityManagerFactory for persistence unit 'default'
2024-05-21T21:36:52.165+02:00  WARN 1712 --- [           main] JpaBaseConfiguration$JpaWebConfiguration : spring.jpa.open-in-view is enabled by default. Therefore, database queries may be performed during view rendering. Explicitly configure spring.jpa.open-in-view to disable this warning
2024-05-21T21:36:52.250+02:00  INFO 1712 --- [           main] o.s.b.t.m.w.SpringBootMockServletContext : Initializing Spring TestDispatcherServlet ''
2024-05-21T21:36:52.250+02:00  INFO 1712 --- [           main] o.s.t.web.servlet.TestDispatcherServlet  : Initializing Servlet ''
2024-05-21T21:36:52.251+02:00  INFO 1712 --- [           main] o.s.t.web.servlet.TestDispatcherServlet  : Completed initialization in 1 ms
2024-05-21T21:36:52.257+02:00  INFO 1712 --- [           main] c.o.d.c.AuthorControllerIntegrationTest  : Started AuthorControllerIntegrationTest in 0.438 seconds (process running for 17.449)
2024-05-21T21:36:52.260+02:00  INFO 1712 --- [   scheduling-1] c.o.database3.scheduled.AuthorWatcher    : There are 0 many authors in the database
2024-05-21T21:36:52.263+02:00  INFO 1712 --- [   scheduling-1] c.omar.database3.scheduled.BookWatcher   : There are 0 many books in the database
2024-05-21T21:36:52.263+02:00  INFO 1712 --- [   scheduling-1] c.omar.database3.scheduled.BookWatcher   : Go to the Postman ----------->
2024-05-21T21:36:52.263+02:00  INFO 1712 --- [   scheduling-1] c.omar.database3.scheduled.BookWatcher   : Use: Get, Put, Patch, Delete
2024-05-21T21:36:52.282+02:00  INFO 1712 --- [           main] j.LocalContainerEntityManagerFactoryBean : Closing JPA EntityManagerFactory for persistence unit 'default'
2024-05-21T21:36:52.284+02:00  INFO 1712 --- [           main] com.zaxxer.hikari.HikariDataSource       : HikariPool-14 - Shutdown initiated...
2024-05-21T21:36:52.313+02:00  INFO 1712 --- [           main] com.zaxxer.hikari.HikariDataSource       : HikariPool-14 - Shutdown completed.
]]></system-out>
  </testcase>
</testsuite>