<?xml version="1.0" encoding="UTF-8"?>
<testsuite xmlns:xsi="http://www.w3.org/2001/XMLSchema-instance" xsi:noNamespaceSchemaLocation="https://maven.apache.org/surefire/maven-surefire-plugin/xsd/surefire-test-report-3.0.xsd" version="3.0" name="com.omar.database3.controllers.AuthorControllerIntegrationTest" time="18.42" tests="14" errors="0" skipped="0" failures="0">
  <properties>
    <property name="java.specification.version" value="17"/>
    <property name="sun.cpu.isalist" value="amd64"/>
    <property name="sun.jnu.encoding" value="Cp1252"/>
    <property name="java.class.path" value="D:\RestAPI\target\test-classes;D:\RestAPI\target\classes;C:\Users\omars\.m2\repository\org\springframework\boot\spring-boot-starter-data-jpa\3.3.0-M3\spring-boot-starter-data-jpa-3.3.0-M3.jar;C:\Users\omars\.m2\repository\org\springframework\boot\spring-boot-starter-aop\3.3.0-M3\spring-boot-starter-aop-3.3.0-M3.jar;C:\Users\omars\.m2\repository\org\springframework\spring-aop\6.1.5\spring-aop-6.1.5.jar;C:\Users\omars\.m2\repository\org\aspectj\aspectjweaver\1.9.21\aspectjweaver-1.9.21.jar;C:\Users\omars\.m2\repository\org\springframework\boot\spring-boot-starter-jdbc\3.3.0-M3\spring-boot-starter-jdbc-3.3.0-M3.jar;C:\Users\omars\.m2\repository\com\zaxxer\HikariCP\5.1.0\HikariCP-5.1.0.jar;C:\Users\omars\.m2\repository\org\springframework\spring-jdbc\6.1.5\spring-jdbc-6.1.5.jar;C:\Users\omars\.m2\repository\org\hibernate\orm\hibernate-core\6.4.4.Final\hibernate-core-6.4.4.Final.jar;C:\Users\omars\.m2\repository\jakarta\persistence\jakarta.persistence-api\3.1.0\jakarta.persistence-api-3.1.0.jar;C:\Users\omars\.m2\repository\jakarta\transaction\jakarta.transaction-api\2.0.1\jakarta.transaction-api-2.0.1.jar;C:\Users\omars\.m2\repository\org\jboss\logging\jboss-logging\3.5.3.Final\jboss-logging-3.5.3.Final.jar;C:\Users\omars\.m2\repository\org\hibernate\common\hibernate-commons-annotations\6.0.6.Final\hibernate-commons-annotations-6.0.6.Final.jar;C:\Users\omars\.m2\repository\io\smallrye\jandex\3.1.2\jandex-3.1.2.jar;C:\Users\omars\.m2\repository\com\fasterxml\classmate\1.7.0\classmate-1.7.0.jar;C:\Users\omars\.m2\repository\net\bytebuddy\byte-buddy\1.14.12\byte-buddy-1.14.12.jar;C:\Users\omars\.m2\repository\org\glassfish\jaxb\jaxb-runtime\4.0.5\jaxb-runtime-4.0.5.jar;C:\Users\omars\.m2\repository\org\glassfish\jaxb\jaxb-core\4.0.5\jaxb-core-4.0.5.jar;C:\Users\omars\.m2\repository\org\eclipse\angus\angus-activation\2.0.2\angus-activation-2.0.2.jar;C:\Users\omars\.m2\repository\org\glassfish\jaxb\txw2\4.0.5\txw2-4.0.5.jar;C:\Users\omars\.m2\repository\com\sun\istack\istack-commons-runtime\4.1.2\istack-commons-runtime-4.1.2.jar;C:\Users\omars\.m2\repository\jakarta\inject\jakarta.inject-api\2.0.1\jakarta.inject-api-2.0.1.jar;C:\Users\omars\.m2\repository\org\antlr\antlr4-runtime\4.13.0\antlr4-runtime-4.13.0.jar;C:\Users\omars\.m2\repository\org\springframework\data\spring-data-jpa\3.3.0-M2\spring-data-jpa-3.3.0-M2.jar;C:\Users\omars\.m2\repository\org\springframework\data\spring-data-commons\3.3.0-M2\spring-data-commons-3.3.0-M2.jar;C:\Users\omars\.m2\repository\org\springframework\spring-orm\6.1.5\spring-orm-6.1.5.jar;C:\Users\omars\.m2\repository\org\springframework\spring-context\6.1.5\spring-context-6.1.5.jar;C:\Users\omars\.m2\repository\org\springframework\spring-tx\6.1.5\spring-tx-6.1.5.jar;C:\Users\omars\.m2\repository\org\springframework\spring-beans\6.1.5\spring-beans-6.1.5.jar;C:\Users\omars\.m2\repository\jakarta\annotation\jakarta.annotation-api\2.1.1\jakarta.annotation-api-2.1.1.jar;C:\Users\omars\.m2\repository\org\slf4j\slf4j-api\2.0.12\slf4j-api-2.0.12.jar;C:\Users\omars\.m2\repository\org\springframework\spring-aspects\6.1.5\spring-aspects-6.1.5.jar;C:\Users\omars\.m2\repository\org\springframework\boot\spring-boot-starter-web\3.3.0-M3\spring-boot-starter-web-3.3.0-M3.jar;C:\Users\omars\.m2\repository\org\springframework\boot\spring-boot-starter\3.3.0-M3\spring-boot-starter-3.3.0-M3.jar;C:\Users\omars\.m2\repository\org\springframework\boot\spring-boot\3.3.0-M3\spring-boot-3.3.0-M3.jar;C:\Users\omars\.m2\repository\org\springframework\boot\spring-boot-autoconfigure\3.3.0-M3\spring-boot-autoconfigure-3.3.0-M3.jar;C:\Users\omars\.m2\repository\org\springframework\boot\spring-boot-starter-logging\3.3.0-M3\spring-boot-starter-logging-3.3.0-M3.jar;C:\Users\omars\.m2\repository\ch\qos\logback\logback-classic\1.4.14\logback-classic-1.4.14.jar;C:\Users\omars\.m2\repository\ch\qos\logback\logback-core\1.4.14\logback-core-1.4.14.jar;C:\Users\omars\.m2\repository\org\apache\logging\log4j\log4j-to-slf4j\2.23.1\log4j-to-slf4j-2.23.1.jar;C:\Users\omars\.m2\repository\org\apache\logging\log4j\log4j-api\2.23.1\log4j-api-2.23.1.jar;C:\Users\omars\.m2\repository\org\slf4j\jul-to-slf4j\2.0.12\jul-to-slf4j-2.0.12.jar;C:\Users\omars\.m2\repository\org\yaml\snakeyaml\2.2\snakeyaml-2.2.jar;C:\Users\omars\.m2\repository\org\springframework\boot\spring-boot-starter-json\3.3.0-M3\spring-boot-starter-json-3.3.0-M3.jar;C:\Users\omars\.m2\repository\com\fasterxml\jackson\core\jackson-databind\2.17.0\jackson-databind-2.17.0.jar;C:\Users\omars\.m2\repository\com\fasterxml\jackson\core\jackson-annotations\2.17.0\jackson-annotations-2.17.0.jar;C:\Users\omars\.m2\repository\com\fasterxml\jackson\core\jackson-core\2.17.0\jackson-core-2.17.0.jar;C:\Users\omars\.m2\repository\com\fasterxml\jackson\datatype\jackson-datatype-jdk8\2.17.0\jackson-datatype-jdk8-2.17.0.jar;C:\Users\omars\.m2\repository\com\fasterxml\jackson\datatype\jackson-datatype-jsr310\2.17.0\jackson-datatype-jsr310-2.17.0.jar;C:\Users\omars\.m2\repository\com\fasterxml\jackson\module\jackson-module-parameter-names\2.17.0\jackson-module-parameter-names-2.17.0.jar;C:\Users\omars\.m2\repository\org\springframework\boot\spring-boot-starter-tomcat\3.3.0-M3\spring-boot-starter-tomcat-3.3.0-M3.jar;C:\Users\omars\.m2\repository\org\apache\tomcat\embed\tomcat-embed-core\10.1.19\tomcat-embed-core-10.1.19.jar;C:\Users\omars\.m2\repository\org\apache\tomcat\embed\tomcat-embed-el\10.1.19\tomcat-embed-el-10.1.19.jar;C:\Users\omars\.m2\repository\org\apache\tomcat\embed\tomcat-embed-websocket\10.1.19\tomcat-embed-websocket-10.1.19.jar;C:\Users\omars\.m2\repository\org\springframework\spring-web\6.1.5\spring-web-6.1.5.jar;C:\Users\omars\.m2\repository\io\micrometer\micrometer-observation\1.13.0-M2\micrometer-observation-1.13.0-M2.jar;C:\Users\omars\.m2\repository\io\micrometer\micrometer-commons\1.13.0-M2\micrometer-commons-1.13.0-M2.jar;C:\Users\omars\.m2\repository\org\springframework\spring-webmvc\6.1.5\spring-webmvc-6.1.5.jar;C:\Users\omars\.m2\repository\org\springframework\spring-expression\6.1.5\spring-expression-6.1.5.jar;C:\Users\omars\.m2\repository\org\modelmapper\modelmapper\3.0.0\modelmapper-3.0.0.jar;C:\Users\omars\.m2\repository\org\postgresql\postgresql\42.7.3\postgresql-42.7.3.jar;C:\Users\omars\.m2\repository\org\checkerframework\checker-qual\3.42.0\checker-qual-3.42.0.jar;C:\Users\omars\.m2\repository\org\projectlombok\lombok\1.18.30\lombok-1.18.30.jar;C:\Users\omars\.m2\repository\org\springframework\boot\spring-boot-starter-test\3.3.0-M3\spring-boot-starter-test-3.3.0-M3.jar;C:\Users\omars\.m2\repository\org\springframework\boot\spring-boot-test\3.3.0-M3\spring-boot-test-3.3.0-M3.jar;C:\Users\omars\.m2\repository\org\springframework\boot\spring-boot-test-autoconfigure\3.3.0-M3\spring-boot-test-autoconfigure-3.3.0-M3.jar;C:\Users\omars\.m2\repository\com\jayway\jsonpath\json-path\2.9.0\json-path-2.9.0.jar;C:\Users\omars\.m2\repository\jakarta\xml\bind\jakarta.xml.bind-api\4.0.2\jakarta.xml.bind-api-4.0.2.jar;C:\Users\omars\.m2\repository\jakarta\activation\jakarta.activation-api\2.1.3\jakarta.activation-api-2.1.3.jar;C:\Users\omars\.m2\repository\net\minidev\json-smart\2.5.0\json-smart-2.5.0.jar;C:\Users\omars\.m2\repository\net\minidev\accessors-smart\2.5.0\accessors-smart-2.5.0.jar;C:\Users\omars\.m2\repository\org\ow2\asm\asm\9.3\asm-9.3.jar;C:\Users\omars\.m2\repository\org\assertj\assertj-core\3.25.3\assertj-core-3.25.3.jar;C:\Users\omars\.m2\repository\org\awaitility\awaitility\4.2.0\awaitility-4.2.0.jar;C:\Users\omars\.m2\repository\org\hamcrest\hamcrest\2.2\hamcrest-2.2.jar;C:\Users\omars\.m2\repository\org\junit\jupiter\junit-jupiter\5.10.2\junit-jupiter-5.10.2.jar;C:\Users\omars\.m2\repository\org\junit\jupiter\junit-jupiter-api\5.10.2\junit-jupiter-api-5.10.2.jar;C:\Users\omars\.m2\repository\org\opentest4j\opentest4j\1.3.0\opentest4j-1.3.0.jar;C:\Users\omars\.m2\repository\org\junit\platform\junit-platform-commons\1.10.2\junit-platform-commons-1.10.2.jar;C:\Users\omars\.m2\repository\org\apiguardian\apiguardian-api\1.1.2\apiguardian-api-1.1.2.jar;C:\Users\omars\.m2\repository\org\junit\jupiter\junit-jupiter-params\5.10.2\junit-jupiter-params-5.10.2.jar;C:\Users\omars\.m2\repository\org\junit\jupiter\junit-jupiter-engine\5.10.2\junit-jupiter-engine-5.10.2.jar;C:\Users\omars\.m2\repository\org\junit\platform\junit-platform-engine\1.10.2\junit-platform-engine-1.10.2.jar;C:\Users\omars\.m2\repository\org\mockito\mockito-core\5.11.0\mockito-core-5.11.0.jar;C:\Users\omars\.m2\repository\net\bytebuddy\byte-buddy-agent\1.14.12\byte-buddy-agent-1.14.12.jar;C:\Users\omars\.m2\repository\org\objenesis\objenesis\3.3\objenesis-3.3.jar;C:\Users\omars\.m2\repository\org\mockito\mockito-junit-jupiter\5.11.0\mockito-junit-jupiter-5.11.0.jar;C:\Users\omars\.m2\repository\org\skyscreamer\jsonassert\1.5.1\jsonassert-1.5.1.jar;C:\Users\omars\.m2\repository\com\vaadin\external\google\android-json\0.0.20131108.vaadin1\android-json-0.0.20131108.vaadin1.jar;C:\Users\omars\.m2\repository\org\springframework\spring-core\6.1.5\spring-core-6.1.5.jar;C:\Users\omars\.m2\repository\org\springframework\spring-jcl\6.1.5\spring-jcl-6.1.5.jar;C:\Users\omars\.m2\repository\org\springframework\spring-test\6.1.5\spring-test-6.1.5.jar;C:\Users\omars\.m2\repository\org\xmlunit\xmlunit-core\2.9.1\xmlunit-core-2.9.1.jar;C:\Users\omars\.m2\repository\com\h2database\h2\2.2.224\h2-2.2.224.jar;C:\Users\omars\.m2\repository\junit\junit\4.13.2\junit-4.13.2.jar;C:\Users\omars\.m2\repository\org\hamcrest\hamcrest-core\2.2\hamcrest-core-2.2.jar;"/>
    <property name="java.vm.vendor" value="Oracle Corporation"/>
    <property name="sun.arch.data.model" value="64"/>
    <property name="user.variant" value=""/>
    <property name="java.vendor.url" value="https://java.oracle.com/"/>
    <property name="user.timezone" value="Europe/Budapest"/>
    <property name="org.jboss.logging.provider" value="slf4j"/>
    <property name="os.name" value="Windows 11"/>
    <property name="java.vm.specification.version" value="17"/>
    <property name="sun.java.launcher" value="SUN_STANDARD"/>
    <property name="user.country" value="US"/>
    <property name="sun.boot.library.path" value="C:\Users\omars\tools\jdk-17\bin"/>
    <property name="sun.java.command" value="C:\Users\omars\AppData\Local\Temp\surefire5391652624337274092\surefirebooter-20240519123233060_3.jar C:\Users\omars\AppData\Local\Temp\surefire5391652624337274092 2024-05-19T12-32-32_915-jvmRun1 surefire-20240519123233060_1tmp surefire_0-20240519123233060_2tmp"/>
    <property name="jdk.debug" value="release"/>
    <property name="surefire.test.class.path" value="D:\RestAPI\target\test-classes;D:\RestAPI\target\classes;C:\Users\omars\.m2\repository\org\springframework\boot\spring-boot-starter-data-jpa\3.3.0-M3\spring-boot-starter-data-jpa-3.3.0-M3.jar;C:\Users\omars\.m2\repository\org\springframework\boot\spring-boot-starter-aop\3.3.0-M3\spring-boot-starter-aop-3.3.0-M3.jar;C:\Users\omars\.m2\repository\org\springframework\spring-aop\6.1.5\spring-aop-6.1.5.jar;C:\Users\omars\.m2\repository\org\aspectj\aspectjweaver\1.9.21\aspectjweaver-1.9.21.jar;C:\Users\omars\.m2\repository\org\springframework\boot\spring-boot-starter-jdbc\3.3.0-M3\spring-boot-starter-jdbc-3.3.0-M3.jar;C:\Users\omars\.m2\repository\com\zaxxer\HikariCP\5.1.0\HikariCP-5.1.0.jar;C:\Users\omars\.m2\repository\org\springframework\spring-jdbc\6.1.5\spring-jdbc-6.1.5.jar;C:\Users\omars\.m2\repository\org\hibernate\orm\hibernate-core\6.4.4.Final\hibernate-core-6.4.4.Final.jar;C:\Users\omars\.m2\repository\jakarta\persistence\jakarta.persistence-api\3.1.0\jakarta.persistence-api-3.1.0.jar;C:\Users\omars\.m2\repository\jakarta\transaction\jakarta.transaction-api\2.0.1\jakarta.transaction-api-2.0.1.jar;C:\Users\omars\.m2\repository\org\jboss\logging\jboss-logging\3.5.3.Final\jboss-logging-3.5.3.Final.jar;C:\Users\omars\.m2\repository\org\hibernate\common\hibernate-commons-annotations\6.0.6.Final\hibernate-commons-annotations-6.0.6.Final.jar;C:\Users\omars\.m2\repository\io\smallrye\jandex\3.1.2\jandex-3.1.2.jar;C:\Users\omars\.m2\repository\com\fasterxml\classmate\1.7.0\classmate-1.7.0.jar;C:\Users\omars\.m2\repository\net\bytebuddy\byte-buddy\1.14.12\byte-buddy-1.14.12.jar;C:\Users\omars\.m2\repository\org\glassfish\jaxb\jaxb-runtime\4.0.5\jaxb-runtime-4.0.5.jar;C:\Users\omars\.m2\repository\org\glassfish\jaxb\jaxb-core\4.0.5\jaxb-core-4.0.5.jar;C:\Users\omars\.m2\repository\org\eclipse\angus\angus-activation\2.0.2\angus-activation-2.0.2.jar;C:\Users\omars\.m2\repository\org\glassfish\jaxb\txw2\4.0.5\txw2-4.0.5.jar;C:\Users\omars\.m2\repository\com\sun\istack\istack-commons-runtime\4.1.2\istack-commons-runtime-4.1.2.jar;C:\Users\omars\.m2\repository\jakarta\inject\jakarta.inject-api\2.0.1\jakarta.inject-api-2.0.1.jar;C:\Users\omars\.m2\repository\org\antlr\antlr4-runtime\4.13.0\antlr4-runtime-4.13.0.jar;C:\Users\omars\.m2\repository\org\springframework\data\spring-data-jpa\3.3.0-M2\spring-data-jpa-3.3.0-M2.jar;C:\Users\omars\.m2\repository\org\springframework\data\spring-data-commons\3.3.0-M2\spring-data-commons-3.3.0-M2.jar;C:\Users\omars\.m2\repository\org\springframework\spring-orm\6.1.5\spring-orm-6.1.5.jar;C:\Users\omars\.m2\repository\org\springframework\spring-context\6.1.5\spring-context-6.1.5.jar;C:\Users\omars\.m2\repository\org\springframework\spring-tx\6.1.5\spring-tx-6.1.5.jar;C:\Users\omars\.m2\repository\org\springframework\spring-beans\6.1.5\spring-beans-6.1.5.jar;C:\Users\omars\.m2\repository\jakarta\annotation\jakarta.annotation-api\2.1.1\jakarta.annotation-api-2.1.1.jar;C:\Users\omars\.m2\repository\org\slf4j\slf4j-api\2.0.12\slf4j-api-2.0.12.jar;C:\Users\omars\.m2\repository\org\springframework\spring-aspects\6.1.5\spring-aspects-6.1.5.jar;C:\Users\omars\.m2\repository\org\springframework\boot\spring-boot-starter-web\3.3.0-M3\spring-boot-starter-web-3.3.0-M3.jar;C:\Users\omars\.m2\repository\org\springframework\boot\spring-boot-starter\3.3.0-M3\spring-boot-starter-3.3.0-M3.jar;C:\Users\omars\.m2\repository\org\springframework\boot\spring-boot\3.3.0-M3\spring-boot-3.3.0-M3.jar;C:\Users\omars\.m2\repository\org\springframework\boot\spring-boot-autoconfigure\3.3.0-M3\spring-boot-autoconfigure-3.3.0-M3.jar;C:\Users\omars\.m2\repository\org\springframework\boot\spring-boot-starter-logging\3.3.0-M3\spring-boot-starter-logging-3.3.0-M3.jar;C:\Users\omars\.m2\repository\ch\qos\logback\logback-classic\1.4.14\logback-classic-1.4.14.jar;C:\Users\omars\.m2\repository\ch\qos\logback\logback-core\1.4.14\logback-core-1.4.14.jar;C:\Users\omars\.m2\repository\org\apache\logging\log4j\log4j-to-slf4j\2.23.1\log4j-to-slf4j-2.23.1.jar;C:\Users\omars\.m2\repository\org\apache\logging\log4j\log4j-api\2.23.1\log4j-api-2.23.1.jar;C:\Users\omars\.m2\repository\org\slf4j\jul-to-slf4j\2.0.12\jul-to-slf4j-2.0.12.jar;C:\Users\omars\.m2\repository\org\yaml\snakeyaml\2.2\snakeyaml-2.2.jar;C:\Users\omars\.m2\repository\org\springframework\boot\spring-boot-starter-json\3.3.0-M3\spring-boot-starter-json-3.3.0-M3.jar;C:\Users\omars\.m2\repository\com\fasterxml\jackson\core\jackson-databind\2.17.0\jackson-databind-2.17.0.jar;C:\Users\omars\.m2\repository\com\fasterxml\jackson\core\jackson-annotations\2.17.0\jackson-annotations-2.17.0.jar;C:\Users\omars\.m2\repository\com\fasterxml\jackson\core\jackson-core\2.17.0\jackson-core-2.17.0.jar;C:\Users\omars\.m2\repository\com\fasterxml\jackson\datatype\jackson-datatype-jdk8\2.17.0\jackson-datatype-jdk8-2.17.0.jar;C:\Users\omars\.m2\repository\com\fasterxml\jackson\datatype\jackson-datatype-jsr310\2.17.0\jackson-datatype-jsr310-2.17.0.jar;C:\Users\omars\.m2\repository\com\fasterxml\jackson\module\jackson-module-parameter-names\2.17.0\jackson-module-parameter-names-2.17.0.jar;C:\Users\omars\.m2\repository\org\springframework\boot\spring-boot-starter-tomcat\3.3.0-M3\spring-boot-starter-tomcat-3.3.0-M3.jar;C:\Users\omars\.m2\repository\org\apache\tomcat\embed\tomcat-embed-core\10.1.19\tomcat-embed-core-10.1.19.jar;C:\Users\omars\.m2\repository\org\apache\tomcat\embed\tomcat-embed-el\10.1.19\tomcat-embed-el-10.1.19.jar;C:\Users\omars\.m2\repository\org\apache\tomcat\embed\tomcat-embed-websocket\10.1.19\tomcat-embed-websocket-10.1.19.jar;C:\Users\omars\.m2\repository\org\springframework\spring-web\6.1.5\spring-web-6.1.5.jar;C:\Users\omars\.m2\repository\io\micrometer\micrometer-observation\1.13.0-M2\micrometer-observation-1.13.0-M2.jar;C:\Users\omars\.m2\repository\io\micrometer\micrometer-commons\1.13.0-M2\micrometer-commons-1.13.0-M2.jar;C:\Users\omars\.m2\repository\org\springframework\spring-webmvc\6.1.5\spring-webmvc-6.1.5.jar;C:\Users\omars\.m2\repository\org\springframework\spring-expression\6.1.5\spring-expression-6.1.5.jar;C:\Users\omars\.m2\repository\org\modelmapper\modelmapper\3.0.0\modelmapper-3.0.0.jar;C:\Users\omars\.m2\repository\org\postgresql\postgresql\42.7.3\postgresql-42.7.3.jar;C:\Users\omars\.m2\repository\org\checkerframework\checker-qual\3.42.0\checker-qual-3.42.0.jar;C:\Users\omars\.m2\repository\org\projectlombok\lombok\1.18.30\lombok-1.18.30.jar;C:\Users\omars\.m2\repository\org\springframework\boot\spring-boot-starter-test\3.3.0-M3\spring-boot-starter-test-3.3.0-M3.jar;C:\Users\omars\.m2\repository\org\springframework\boot\spring-boot-test\3.3.0-M3\spring-boot-test-3.3.0-M3.jar;C:\Users\omars\.m2\repository\org\springframework\boot\spring-boot-test-autoconfigure\3.3.0-M3\spring-boot-test-autoconfigure-3.3.0-M3.jar;C:\Users\omars\.m2\repository\com\jayway\jsonpath\json-path\2.9.0\json-path-2.9.0.jar;C:\Users\omars\.m2\repository\jakarta\xml\bind\jakarta.xml.bind-api\4.0.2\jakarta.xml.bind-api-4.0.2.jar;C:\Users\omars\.m2\repository\jakarta\activation\jakarta.activation-api\2.1.3\jakarta.activation-api-2.1.3.jar;C:\Users\omars\.m2\repository\net\minidev\json-smart\2.5.0\json-smart-2.5.0.jar;C:\Users\omars\.m2\repository\net\minidev\accessors-smart\2.5.0\accessors-smart-2.5.0.jar;C:\Users\omars\.m2\repository\org\ow2\asm\asm\9.3\asm-9.3.jar;C:\Users\omars\.m2\repository\org\assertj\assertj-core\3.25.3\assertj-core-3.25.3.jar;C:\Users\omars\.m2\repository\org\awaitility\awaitility\4.2.0\awaitility-4.2.0.jar;C:\Users\omars\.m2\repository\org\hamcrest\hamcrest\2.2\hamcrest-2.2.jar;C:\Users\omars\.m2\repository\org\junit\jupiter\junit-jupiter\5.10.2\junit-jupiter-5.10.2.jar;C:\Users\omars\.m2\repository\org\junit\jupiter\junit-jupiter-api\5.10.2\junit-jupiter-api-5.10.2.jar;C:\Users\omars\.m2\repository\org\opentest4j\opentest4j\1.3.0\opentest4j-1.3.0.jar;C:\Users\omars\.m2\repository\org\junit\platform\junit-platform-commons\1.10.2\junit-platform-commons-1.10.2.jar;C:\Users\omars\.m2\repository\org\apiguardian\apiguardian-api\1.1.2\apiguardian-api-1.1.2.jar;C:\Users\omars\.m2\repository\org\junit\jupiter\junit-jupiter-params\5.10.2\junit-jupiter-params-5.10.2.jar;C:\Users\omars\.m2\repository\org\junit\jupiter\junit-jupiter-engine\5.10.2\junit-jupiter-engine-5.10.2.jar;C:\Users\omars\.m2\repository\org\junit\platform\junit-platform-engine\1.10.2\junit-platform-engine-1.10.2.jar;C:\Users\omars\.m2\repository\org\mockito\mockito-core\5.11.0\mockito-core-5.11.0.jar;C:\Users\omars\.m2\repository\net\bytebuddy\byte-buddy-agent\1.14.12\byte-buddy-agent-1.14.12.jar;C:\Users\omars\.m2\repository\org\objenesis\objenesis\3.3\objenesis-3.3.jar;C:\Users\omars\.m2\repository\org\mockito\mockito-junit-jupiter\5.11.0\mockito-junit-jupiter-5.11.0.jar;C:\Users\omars\.m2\repository\org\skyscreamer\jsonassert\1.5.1\jsonassert-1.5.1.jar;C:\Users\omars\.m2\repository\com\vaadin\external\google\android-json\0.0.20131108.vaadin1\android-json-0.0.20131108.vaadin1.jar;C:\Users\omars\.m2\repository\org\springframework\spring-core\6.1.5\spring-core-6.1.5.jar;C:\Users\omars\.m2\repository\org\springframework\spring-jcl\6.1.5\spring-jcl-6.1.5.jar;C:\Users\omars\.m2\repository\org\springframework\spring-test\6.1.5\spring-test-6.1.5.jar;C:\Users\omars\.m2\repository\org\xmlunit\xmlunit-core\2.9.1\xmlunit-core-2.9.1.jar;C:\Users\omars\.m2\repository\com\h2database\h2\2.2.224\h2-2.2.224.jar;C:\Users\omars\.m2\repository\junit\junit\4.13.2\junit-4.13.2.jar;C:\Users\omars\.m2\repository\org\hamcrest\hamcrest-core\2.2\hamcrest-core-2.2.jar;"/>
    <property name="sun.cpu.endian" value="little"/>
    <property name="user.home" value="C:\Users\omars"/>
    <property name="user.language" value="en"/>
    <property name="java.specification.vendor" value="Oracle Corporation"/>
    <property name="java.version.date" value="2023-07-18"/>
    <property name="java.home" value="C:\Users\omars\tools\jdk-17"/>
    <property name="file.separator" value="\"/>
    <property name="basedir" value="D:\RestAPI"/>
    <property name="java.vm.compressedOopsMode" value="32-bit"/>
    <property name="line.separator" value="&#10;"/>
    <property name="java.vm.specification.vendor" value="Oracle Corporation"/>
    <property name="java.specification.name" value="Java Platform API Specification"/>
    <property name="FILE_LOG_CHARSET" value="windows-1252"/>
    <property name="java.awt.headless" value="true"/>
    <property name="surefire.real.class.path" value="C:\Users\omars\AppData\Local\Temp\surefire5391652624337274092\surefirebooter-20240519123233060_3.jar"/>
    <property name="user.script" value=""/>
    <property name="sun.management.compiler" value="HotSpot 64-Bit Tiered Compilers"/>
    <property name="java.runtime.version" value="17.0.8+9-LTS-211"/>
    <property name="user.name" value="omars"/>
    <property name="path.separator" value=";"/>
    <property name="os.version" value="10.0"/>
    <property name="java.runtime.name" value="Java(TM) SE Runtime Environment"/>
    <property name="file.encoding" value="Cp1252"/>
    <property name="java.vm.name" value="Java HotSpot(TM) 64-Bit Server VM"/>
    <property name="localRepository" value="C:\Users\omars\.m2\repository"/>
    <property name="java.vendor.url.bug" value="https://bugreport.java.com/bugreport/"/>
    <property name="java.io.tmpdir" value="C:\Users\omars\AppData\Local\Temp\"/>
    <property name="idea.version" value="2023.2.2"/>
    <property name="com.zaxxer.hikari.pool_number" value="14"/>
    <property name="java.version" value="17.0.8"/>
    <property name="user.dir" value="D:\RestAPI"/>
    <property name="os.arch" value="amd64"/>
    <property name="java.vm.specification.name" value="Java Virtual Machine Specification"/>
    <property name="PID" value="13728"/>
    <property name="sun.os.patch.level" value=""/>
    <property name="CONSOLE_LOG_CHARSET" value="windows-1252"/>
    <property name="native.encoding" value="Cp1252"/>
    <property name="java.library.path" value="C:\Users\omars\tools\jdk-17\bin;C:\WINDOWS\Sun\Java\bin;C:\WINDOWS\system32;C:\WINDOWS;C:\Program Files\Eclipse Adoptium\jdk-21.0.2.13-hotspot\bin;C:\Program Files (x86)\OpenLogic\jre-8.0.382.05-hotspot\bin;C:\Program Files\Common Files\Oracle\Java\javapath;C:\Program Files (x86)\Common Files\Oracle\Java\javapath;C:\WINDOWS\system32;C:\WINDOWS;C:\WINDOWS\System32\Wbem;C:\WINDOWS\System32\WindowsPowerShell\v1.0\;C:\WINDOWS\System32\OpenSSH\;C:\Program Files\Git\cmd;C:\Users\omars\tools\jdk-17\bin;C:\Users\omars\tools\apache-maven-3.9.4\bin;C:\Program Files (x86)\Microsoft SQL Server\160\DTS\Binn\;C:\Program Files\PuTTY\;C:\Program Files\Docker\Docker\resources\bin;C:\Program Files\dotnet\;C:\Users\omars\AppData\Local\Microsoft\WindowsApps;C:\Program Files\JetBrains\PyCharm Community Edition 2022.3\bin;C:\Users\omars\AppData\Local\Programs\Microsoft VS Code\bin;C:\Users\omars\AppData\Local\GitHubDesktop\bin;C:\Program Files\Azure Data Studio\bin;C:\Program Files\Markdown Monster;."/>
    <property name="java.vm.info" value="mixed mode, sharing"/>
    <property name="java.vendor" value="Oracle Corporation"/>
    <property name="java.vm.version" value="17.0.8+9-LTS-211"/>
    <property name="sun.io.unicode.encoding" value="UnicodeLittle"/>
    <property name="java.class.version" value="61.0"/>
  </properties>
  <testcase name="testThatGetUpdateAuthorReturnsHttpStatus200WhenAuthorExist" classname="com.omar.database3.controllers.AuthorControllerIntegrationTest" time="1.151">
    <system-out><![CDATA[12:32:34.817 [main] INFO org.springframework.test.context.support.AnnotationConfigContextLoaderUtils -- Could not detect default configuration classes for test class [com.omar.database3.controllers.AuthorControllerIntegrationTest]: AuthorControllerIntegrationTest does not declare any static, non-private, non-final, nested classes annotated with @Configuration.
12:32:35.101 [main] INFO org.springframework.boot.test.context.SpringBootTestContextBootstrapper -- Found @SpringBootConfiguration com.omar.database3.BooksApiApplication for test class com.omar.database3.controllers.AuthorControllerIntegrationTest
  .   ____          _            __ _ _
 /\\ / ___'_ __ _ _(_)_ __  __ _ \ \ \ \
( ( )\___ | '_ | '_| | '_ \/ _` | \ \ \ \
 \\/  ___)| |_)| | | | | || (_| |  ) ) ) )
  '  |____| .__|_| |_|_| |_\__, | / / / /
 =========|_|==============|___/=/_/_/_/

 :: Spring Boot ::             (v3.3.0-M3)

2024-05-19T12:32:36.111+02:00  INFO 13728 --- [           main] c.o.d.c.AuthorControllerIntegrationTest  : Starting AuthorControllerIntegrationTest using Java 17.0.8 with PID 13728 (started by omars in D:\RestAPI)
2024-05-19T12:32:36.115+02:00  INFO 13728 --- [           main] c.o.d.c.AuthorControllerIntegrationTest  : No active profile set, falling back to 1 default profile: "default"
2024-05-19T12:32:37.495+02:00  INFO 13728 --- [           main] .s.d.r.c.RepositoryConfigurationDelegate : Bootstrapping Spring Data JPA repositories in DEFAULT mode.
2024-05-19T12:32:37.614+02:00  INFO 13728 --- [           main] .s.d.r.c.RepositoryConfigurationDelegate : Finished Spring Data repository scanning in 99 ms. Found 2 JPA repository interfaces.
2024-05-19T12:32:38.459+02:00  INFO 13728 --- [           main] com.zaxxer.hikari.HikariDataSource       : HikariPool-1 - Starting...
2024-05-19T12:32:38.955+02:00  INFO 13728 --- [           main] com.zaxxer.hikari.pool.HikariPool        : HikariPool-1 - Added connection conn0: url=jdbc:h2:mem:testdb user=SA
2024-05-19T12:32:38.957+02:00  INFO 13728 --- [           main] com.zaxxer.hikari.HikariDataSource       : HikariPool-1 - Start completed.
2024-05-19T12:32:39.070+02:00  INFO 13728 --- [           main] o.hibernate.jpa.internal.util.LogHelper  : HHH000204: Processing PersistenceUnitInfo [name: default]
2024-05-19T12:32:39.184+02:00  INFO 13728 --- [           main] org.hibernate.Version                    : HHH000412: Hibernate ORM core version 6.4.4.Final
2024-05-19T12:32:39.254+02:00  INFO 13728 --- [           main] o.h.c.internal.RegionFactoryInitiator    : HHH000026: Second-level cache disabled
2024-05-19T12:32:39.832+02:00  INFO 13728 --- [           main] o.s.o.j.p.SpringPersistenceUnitInfo      : No LoadTimeWeaver setup: ignoring JPA class transformer
2024-05-19T12:32:41.670+02:00  INFO 13728 --- [           main] o.h.e.t.j.p.i.JtaPlatformInitiator       : HHH000489: No JTA platform available (set 'hibernate.transaction.jta.platform' to enable JTA platform integration)
2024-05-19T12:32:41.737+02:00  INFO 13728 --- [           main] j.LocalContainerEntityManagerFactoryBean : Initialized JPA EntityManagerFactory for persistence unit 'default'
2024-05-19T12:32:42.483+02:00  WARN 13728 --- [           main] JpaBaseConfiguration$JpaWebConfiguration : spring.jpa.open-in-view is enabled by default. Therefore, database queries may be performed during view rendering. Explicitly configure spring.jpa.open-in-view to disable this warning
2024-05-19T12:32:43.126+02:00  INFO 13728 --- [           main] o.s.b.t.m.w.SpringBootMockServletContext : Initializing Spring TestDispatcherServlet ''
2024-05-19T12:32:43.126+02:00  INFO 13728 --- [           main] o.s.t.web.servlet.TestDispatcherServlet  : Initializing Servlet ''
2024-05-19T12:32:43.129+02:00  INFO 13728 --- [           main] o.s.t.web.servlet.TestDispatcherServlet  : Completed initialization in 2 ms
2024-05-19T12:32:43.162+02:00  INFO 13728 --- [           main] c.o.d.c.AuthorControllerIntegrationTest  : Started AuthorControllerIntegrationTest in 7.671 seconds (process running for 9.99)
2024-05-19T12:32:43.788+02:00  INFO 13728 --- [   scheduling-1] c.o.database3.scheduled.AuthorWatcher    : There are 0 many authors in the database
2024-05-19T12:32:43.796+02:00  INFO 13728 --- [   scheduling-1] c.omar.database3.scheduled.BookWatcher   : There are 0 many books in the database
2024-05-19T12:32:43.796+02:00  INFO 13728 --- [   scheduling-1] c.omar.database3.scheduled.BookWatcher   : Go to the Postman ----------->
2024-05-19T12:32:43.796+02:00  INFO 13728 --- [   scheduling-1] c.omar.database3.scheduled.BookWatcher   : Use: Get, Put, Patch, Delete
2024-05-19T12:32:44.331+02:00  INFO 13728 --- [           main] j.LocalContainerEntityManagerFactoryBean : Closing JPA EntityManagerFactory for persistence unit 'default'
2024-05-19T12:32:44.339+02:00  INFO 13728 --- [           main] com.zaxxer.hikari.HikariDataSource       : HikariPool-1 - Shutdown initiated...
2024-05-19T12:32:44.342+02:00  INFO 13728 --- [           main] com.zaxxer.hikari.HikariDataSource       : HikariPool-1 - Shutdown completed.
]]></system-out>
  </testcase>
  <testcase name="testThatGetPartialUpdateAuthorReturnsHttpStatus200Ok" classname="com.omar.database3.controllers.AuthorControllerIntegrationTest" time="0.064">
    <system-out><![CDATA[  .   ____          _            __ _ _
 /\\ / ___'_ __ _ _(_)_ __  __ _ \ \ \ \
( ( )\___ | '_ | '_| | '_ \/ _` | \ \ \ \
 \\/  ___)| |_)| | | | | || (_| |  ) ) ) )
  '  |____| .__|_| |_|_| |_\__, | / / / /
 =========|_|==============|___/=/_/_/_/

 :: Spring Boot ::             (v3.3.0-M3)

2024-05-19T12:32:44.385+02:00  INFO 13728 --- [           main] c.o.d.c.AuthorControllerIntegrationTest  : Starting AuthorControllerIntegrationTest using Java 17.0.8 with PID 13728 (started by omars in D:\RestAPI)
2024-05-19T12:32:44.386+02:00  INFO 13728 --- [           main] c.o.d.c.AuthorControllerIntegrationTest  : No active profile set, falling back to 1 default profile: "default"
2024-05-19T12:32:44.666+02:00  INFO 13728 --- [           main] .s.d.r.c.RepositoryConfigurationDelegate : Bootstrapping Spring Data JPA repositories in DEFAULT mode.
2024-05-19T12:32:44.683+02:00  INFO 13728 --- [           main] .s.d.r.c.RepositoryConfigurationDelegate : Finished Spring Data repository scanning in 17 ms. Found 2 JPA repository interfaces.
2024-05-19T12:32:44.844+02:00  INFO 13728 --- [           main] com.zaxxer.hikari.HikariDataSource       : HikariPool-2 - Starting...
2024-05-19T12:32:44.846+02:00  INFO 13728 --- [           main] com.zaxxer.hikari.pool.HikariPool        : HikariPool-2 - Added connection conn10: url=jdbc:h2:mem:testdb user=SA
2024-05-19T12:32:44.846+02:00  INFO 13728 --- [           main] com.zaxxer.hikari.HikariDataSource       : HikariPool-2 - Start completed.
2024-05-19T12:32:44.848+02:00  INFO 13728 --- [           main] o.hibernate.jpa.internal.util.LogHelper  : HHH000204: Processing PersistenceUnitInfo [name: default]
2024-05-19T12:32:44.850+02:00  INFO 13728 --- [           main] o.h.c.internal.RegionFactoryInitiator    : HHH000026: Second-level cache disabled
2024-05-19T12:32:44.855+02:00  INFO 13728 --- [           main] o.s.o.j.p.SpringPersistenceUnitInfo      : No LoadTimeWeaver setup: ignoring JPA class transformer
2024-05-19T12:32:44.924+02:00  INFO 13728 --- [           main] o.h.e.t.j.p.i.JtaPlatformInitiator       : HHH000489: No JTA platform available (set 'hibernate.transaction.jta.platform' to enable JTA platform integration)
2024-05-19T12:32:44.938+02:00  INFO 13728 --- [           main] j.LocalContainerEntityManagerFactoryBean : Initialized JPA EntityManagerFactory for persistence unit 'default'
2024-05-19T12:32:45.043+02:00  WARN 13728 --- [           main] JpaBaseConfiguration$JpaWebConfiguration : spring.jpa.open-in-view is enabled by default. Therefore, database queries may be performed during view rendering. Explicitly configure spring.jpa.open-in-view to disable this warning
2024-05-19T12:32:45.238+02:00  INFO 13728 --- [           main] o.s.b.t.m.w.SpringBootMockServletContext : Initializing Spring TestDispatcherServlet ''
2024-05-19T12:32:45.238+02:00  INFO 13728 --- [           main] o.s.t.web.servlet.TestDispatcherServlet  : Initializing Servlet ''
2024-05-19T12:32:45.239+02:00  INFO 13728 --- [           main] o.s.t.web.servlet.TestDispatcherServlet  : Completed initialization in 1 ms
2024-05-19T12:32:45.248+02:00  INFO 13728 --- [           main] c.o.d.c.AuthorControllerIntegrationTest  : Started AuthorControllerIntegrationTest in 0.892 seconds (process running for 12.076)
2024-05-19T12:32:45.255+02:00  INFO 13728 --- [   scheduling-1] c.o.database3.scheduled.AuthorWatcher    : There are 0 many authors in the database
2024-05-19T12:32:45.259+02:00  INFO 13728 --- [   scheduling-1] c.omar.database3.scheduled.BookWatcher   : There are 0 many books in the database
2024-05-19T12:32:45.260+02:00  INFO 13728 --- [   scheduling-1] c.omar.database3.scheduled.BookWatcher   : Go to the Postman ----------->
2024-05-19T12:32:45.260+02:00  INFO 13728 --- [   scheduling-1] c.omar.database3.scheduled.BookWatcher   : Use: Get, Put, Patch, Delete
2024-05-19T12:32:45.310+02:00  INFO 13728 --- [           main] j.LocalContainerEntityManagerFactoryBean : Closing JPA EntityManagerFactory for persistence unit 'default'
2024-05-19T12:32:45.313+02:00  INFO 13728 --- [           main] com.zaxxer.hikari.HikariDataSource       : HikariPool-2 - Shutdown initiated...
2024-05-19T12:32:45.315+02:00  INFO 13728 --- [           main] com.zaxxer.hikari.HikariDataSource       : HikariPool-2 - Shutdown completed.
]]></system-out>
  </testcase>
  <testcase name="testThatCreateAuthorSuccessfullyReturnsHttp201Created" classname="com.omar.database3.controllers.AuthorControllerIntegrationTest" time="0.035">
    <system-out><![CDATA[  .   ____          _            __ _ _
 /\\ / ___'_ __ _ _(_)_ __  __ _ \ \ \ \
( ( )\___ | '_ | '_| | '_ \/ _` | \ \ \ \
 \\/  ___)| |_)| | | | | || (_| |  ) ) ) )
  '  |____| .__|_| |_|_| |_\__, | / / / /
 =========|_|==============|___/=/_/_/_/

 :: Spring Boot ::             (v3.3.0-M3)

2024-05-19T12:32:45.349+02:00  INFO 13728 --- [           main] c.o.d.c.AuthorControllerIntegrationTest  : Starting AuthorControllerIntegrationTest using Java 17.0.8 with PID 13728 (started by omars in D:\RestAPI)
2024-05-19T12:32:45.350+02:00  INFO 13728 --- [           main] c.o.d.c.AuthorControllerIntegrationTest  : No active profile set, falling back to 1 default profile: "default"
2024-05-19T12:32:45.593+02:00  INFO 13728 --- [           main] .s.d.r.c.RepositoryConfigurationDelegate : Bootstrapping Spring Data JPA repositories in DEFAULT mode.
2024-05-19T12:32:45.608+02:00  INFO 13728 --- [           main] .s.d.r.c.RepositoryConfigurationDelegate : Finished Spring Data repository scanning in 14 ms. Found 2 JPA repository interfaces.
2024-05-19T12:32:45.760+02:00  INFO 13728 --- [           main] com.zaxxer.hikari.HikariDataSource       : HikariPool-3 - Starting...
2024-05-19T12:32:45.761+02:00  INFO 13728 --- [           main] com.zaxxer.hikari.pool.HikariPool        : HikariPool-3 - Added connection conn20: url=jdbc:h2:mem:testdb user=SA
2024-05-19T12:32:45.762+02:00  INFO 13728 --- [           main] com.zaxxer.hikari.HikariDataSource       : HikariPool-3 - Start completed.
2024-05-19T12:32:45.764+02:00  INFO 13728 --- [           main] o.hibernate.jpa.internal.util.LogHelper  : HHH000204: Processing PersistenceUnitInfo [name: default]
2024-05-19T12:32:45.766+02:00  INFO 13728 --- [           main] o.h.c.internal.RegionFactoryInitiator    : HHH000026: Second-level cache disabled
2024-05-19T12:32:45.773+02:00  INFO 13728 --- [           main] o.s.o.j.p.SpringPersistenceUnitInfo      : No LoadTimeWeaver setup: ignoring JPA class transformer
2024-05-19T12:32:45.846+02:00  INFO 13728 --- [           main] o.h.e.t.j.p.i.JtaPlatformInitiator       : HHH000489: No JTA platform available (set 'hibernate.transaction.jta.platform' to enable JTA platform integration)
2024-05-19T12:32:45.857+02:00  INFO 13728 --- [           main] j.LocalContainerEntityManagerFactoryBean : Initialized JPA EntityManagerFactory for persistence unit 'default'
2024-05-19T12:32:45.949+02:00  WARN 13728 --- [           main] JpaBaseConfiguration$JpaWebConfiguration : spring.jpa.open-in-view is enabled by default. Therefore, database queries may be performed during view rendering. Explicitly configure spring.jpa.open-in-view to disable this warning
2024-05-19T12:32:46.100+02:00  INFO 13728 --- [           main] o.s.b.t.m.w.SpringBootMockServletContext : Initializing Spring TestDispatcherServlet ''
2024-05-19T12:32:46.101+02:00  INFO 13728 --- [           main] o.s.t.web.servlet.TestDispatcherServlet  : Initializing Servlet ''
2024-05-19T12:32:46.106+02:00  INFO 13728 --- [           main] o.s.t.web.servlet.TestDispatcherServlet  : Completed initialization in 4 ms
2024-05-19T12:32:46.117+02:00  INFO 13728 --- [           main] c.o.d.c.AuthorControllerIntegrationTest  : Started AuthorControllerIntegrationTest in 0.798 seconds (process running for 12.945)
2024-05-19T12:32:46.127+02:00  INFO 13728 --- [   scheduling-1] c.o.database3.scheduled.AuthorWatcher    : There are 0 many authors in the database
2024-05-19T12:32:46.132+02:00  INFO 13728 --- [   scheduling-1] c.omar.database3.scheduled.BookWatcher   : There are 0 many books in the database
2024-05-19T12:32:46.133+02:00  INFO 13728 --- [   scheduling-1] c.omar.database3.scheduled.BookWatcher   : Go to the Postman ----------->
2024-05-19T12:32:46.133+02:00  INFO 13728 --- [   scheduling-1] c.omar.database3.scheduled.BookWatcher   : Use: Get, Put, Patch, Delete
2024-05-19T12:32:46.155+02:00  INFO 13728 --- [           main] j.LocalContainerEntityManagerFactoryBean : Closing JPA EntityManagerFactory for persistence unit 'default'
2024-05-19T12:32:46.159+02:00  INFO 13728 --- [           main] com.zaxxer.hikari.HikariDataSource       : HikariPool-3 - Shutdown initiated...
2024-05-19T12:32:46.160+02:00  INFO 13728 --- [           main] com.zaxxer.hikari.HikariDataSource       : HikariPool-3 - Shutdown completed.
]]></system-out>
  </testcase>
  <testcase name="testThatGetPartialUpdateAuthorReturnsUpdatedAuthor" classname="com.omar.database3.controllers.AuthorControllerIntegrationTest" time="0.132">
    <system-out><![CDATA[  .   ____          _            __ _ _
 /\\ / ___'_ __ _ _(_)_ __  __ _ \ \ \ \
( ( )\___ | '_ | '_| | '_ \/ _` | \ \ \ \
 \\/  ___)| |_)| | | | | || (_| |  ) ) ) )
  '  |____| .__|_| |_|_| |_\__, | / / / /
 =========|_|==============|___/=/_/_/_/

 :: Spring Boot ::             (v3.3.0-M3)

2024-05-19T12:32:46.187+02:00  INFO 13728 --- [           main] c.o.d.c.AuthorControllerIntegrationTest  : Starting AuthorControllerIntegrationTest using Java 17.0.8 with PID 13728 (started by omars in D:\RestAPI)
2024-05-19T12:32:46.188+02:00  INFO 13728 --- [           main] c.o.d.c.AuthorControllerIntegrationTest  : No active profile set, falling back to 1 default profile: "default"
2024-05-19T12:32:46.416+02:00  INFO 13728 --- [           main] .s.d.r.c.RepositoryConfigurationDelegate : Bootstrapping Spring Data JPA repositories in DEFAULT mode.
2024-05-19T12:32:46.434+02:00  INFO 13728 --- [           main] .s.d.r.c.RepositoryConfigurationDelegate : Finished Spring Data repository scanning in 17 ms. Found 2 JPA repository interfaces.
2024-05-19T12:32:46.631+02:00  INFO 13728 --- [           main] com.zaxxer.hikari.HikariDataSource       : HikariPool-4 - Starting...
2024-05-19T12:32:46.633+02:00  INFO 13728 --- [           main] com.zaxxer.hikari.pool.HikariPool        : HikariPool-4 - Added connection conn30: url=jdbc:h2:mem:testdb user=SA
2024-05-19T12:32:46.634+02:00  INFO 13728 --- [           main] com.zaxxer.hikari.HikariDataSource       : HikariPool-4 - Start completed.
2024-05-19T12:32:46.636+02:00  INFO 13728 --- [           main] o.hibernate.jpa.internal.util.LogHelper  : HHH000204: Processing PersistenceUnitInfo [name: default]
2024-05-19T12:32:46.641+02:00  INFO 13728 --- [           main] o.h.c.internal.RegionFactoryInitiator    : HHH000026: Second-level cache disabled
2024-05-19T12:32:46.650+02:00  INFO 13728 --- [           main] o.s.o.j.p.SpringPersistenceUnitInfo      : No LoadTimeWeaver setup: ignoring JPA class transformer
2024-05-19T12:32:46.718+02:00  INFO 13728 --- [           main] o.h.e.t.j.p.i.JtaPlatformInitiator       : HHH000489: No JTA platform available (set 'hibernate.transaction.jta.platform' to enable JTA platform integration)
2024-05-19T12:32:46.725+02:00  INFO 13728 --- [           main] j.LocalContainerEntityManagerFactoryBean : Initialized JPA EntityManagerFactory for persistence unit 'default'
2024-05-19T12:32:46.820+02:00  WARN 13728 --- [           main] JpaBaseConfiguration$JpaWebConfiguration : spring.jpa.open-in-view is enabled by default. Therefore, database queries may be performed during view rendering. Explicitly configure spring.jpa.open-in-view to disable this warning
2024-05-19T12:32:46.918+02:00  INFO 13728 --- [           main] o.s.b.t.m.w.SpringBootMockServletContext : Initializing Spring TestDispatcherServlet ''
2024-05-19T12:32:46.918+02:00  INFO 13728 --- [           main] o.s.t.web.servlet.TestDispatcherServlet  : Initializing Servlet ''
2024-05-19T12:32:46.919+02:00  INFO 13728 --- [           main] o.s.t.web.servlet.TestDispatcherServlet  : Completed initialization in 1 ms
2024-05-19T12:32:46.925+02:00  INFO 13728 --- [           main] c.o.d.c.AuthorControllerIntegrationTest  : Started AuthorControllerIntegrationTest in 0.762 seconds (process running for 13.753)
2024-05-19T12:32:46.932+02:00  INFO 13728 --- [   scheduling-1] c.o.database3.scheduled.AuthorWatcher    : There are 0 many authors in the database
2024-05-19T12:32:46.939+02:00  INFO 13728 --- [   scheduling-1] c.omar.database3.scheduled.BookWatcher   : There are 0 many books in the database
2024-05-19T12:32:46.939+02:00  INFO 13728 --- [   scheduling-1] c.omar.database3.scheduled.BookWatcher   : Go to the Postman ----------->
2024-05-19T12:32:46.939+02:00  INFO 13728 --- [   scheduling-1] c.omar.database3.scheduled.BookWatcher   : Use: Get, Put, Patch, Delete
2024-05-19T12:32:47.056+02:00  INFO 13728 --- [           main] j.LocalContainerEntityManagerFactoryBean : Closing JPA EntityManagerFactory for persistence unit 'default'
2024-05-19T12:32:47.060+02:00  INFO 13728 --- [           main] com.zaxxer.hikari.HikariDataSource       : HikariPool-4 - Shutdown initiated...
2024-05-19T12:32:47.061+02:00  INFO 13728 --- [           main] com.zaxxer.hikari.HikariDataSource       : HikariPool-4 - Shutdown completed.
]]></system-out>
  </testcase>
  <testcase name="testThatGetAuthorReturnsHttpStatus404WhenNoAuthorExist" classname="com.omar.database3.controllers.AuthorControllerIntegrationTest" time="0.046">
    <system-out><![CDATA[  .   ____          _            __ _ _
 /\\ / ___'_ __ _ _(_)_ __  __ _ \ \ \ \
( ( )\___ | '_ | '_| | '_ \/ _` | \ \ \ \
 \\/  ___)| |_)| | | | | || (_| |  ) ) ) )
  '  |____| .__|_| |_|_| |_\__, | / / / /
 =========|_|==============|___/=/_/_/_/

 :: Spring Boot ::             (v3.3.0-M3)

2024-05-19T12:32:47.092+02:00  INFO 13728 --- [           main] c.o.d.c.AuthorControllerIntegrationTest  : Starting AuthorControllerIntegrationTest using Java 17.0.8 with PID 13728 (started by omars in D:\RestAPI)
2024-05-19T12:32:47.092+02:00  INFO 13728 --- [           main] c.o.d.c.AuthorControllerIntegrationTest  : No active profile set, falling back to 1 default profile: "default"
2024-05-19T12:32:47.255+02:00  INFO 13728 --- [           main] .s.d.r.c.RepositoryConfigurationDelegate : Bootstrapping Spring Data JPA repositories in DEFAULT mode.
2024-05-19T12:32:47.264+02:00  INFO 13728 --- [           main] .s.d.r.c.RepositoryConfigurationDelegate : Finished Spring Data repository scanning in 8 ms. Found 2 JPA repository interfaces.
2024-05-19T12:32:47.325+02:00  INFO 13728 --- [           main] com.zaxxer.hikari.HikariDataSource       : HikariPool-5 - Starting...
2024-05-19T12:32:47.326+02:00  INFO 13728 --- [           main] com.zaxxer.hikari.pool.HikariPool        : HikariPool-5 - Added connection conn40: url=jdbc:h2:mem:testdb user=SA
2024-05-19T12:32:47.334+02:00  INFO 13728 --- [           main] com.zaxxer.hikari.HikariDataSource       : HikariPool-5 - Start completed.
2024-05-19T12:32:47.336+02:00  INFO 13728 --- [           main] o.hibernate.jpa.internal.util.LogHelper  : HHH000204: Processing PersistenceUnitInfo [name: default]
2024-05-19T12:32:47.340+02:00  INFO 13728 --- [           main] o.h.c.internal.RegionFactoryInitiator    : HHH000026: Second-level cache disabled
2024-05-19T12:32:47.344+02:00  INFO 13728 --- [           main] o.s.o.j.p.SpringPersistenceUnitInfo      : No LoadTimeWeaver setup: ignoring JPA class transformer
2024-05-19T12:32:47.428+02:00  INFO 13728 --- [           main] o.h.e.t.j.p.i.JtaPlatformInitiator       : HHH000489: No JTA platform available (set 'hibernate.transaction.jta.platform' to enable JTA platform integration)
2024-05-19T12:32:47.440+02:00  INFO 13728 --- [           main] j.LocalContainerEntityManagerFactoryBean : Initialized JPA EntityManagerFactory for persistence unit 'default'
2024-05-19T12:32:47.511+02:00  WARN 13728 --- [           main] JpaBaseConfiguration$JpaWebConfiguration : spring.jpa.open-in-view is enabled by default. Therefore, database queries may be performed during view rendering. Explicitly configure spring.jpa.open-in-view to disable this warning
2024-05-19T12:32:47.658+02:00  INFO 13728 --- [           main] o.s.b.t.m.w.SpringBootMockServletContext : Initializing Spring TestDispatcherServlet ''
2024-05-19T12:32:47.659+02:00  INFO 13728 --- [           main] o.s.t.web.servlet.TestDispatcherServlet  : Initializing Servlet ''
2024-05-19T12:32:47.660+02:00  INFO 13728 --- [           main] o.s.t.web.servlet.TestDispatcherServlet  : Completed initialization in 1 ms
2024-05-19T12:32:47.676+02:00  INFO 13728 --- [           main] c.o.d.c.AuthorControllerIntegrationTest  : Started AuthorControllerIntegrationTest in 0.612 seconds (process running for 14.503)
2024-05-19T12:32:47.684+02:00  INFO 13728 --- [   scheduling-1] c.o.database3.scheduled.AuthorWatcher    : There are 0 many authors in the database
2024-05-19T12:32:47.692+02:00  INFO 13728 --- [   scheduling-1] c.omar.database3.scheduled.BookWatcher   : There are 0 many books in the database
2024-05-19T12:32:47.693+02:00  INFO 13728 --- [   scheduling-1] c.omar.database3.scheduled.BookWatcher   : Go to the Postman ----------->
2024-05-19T12:32:47.693+02:00  INFO 13728 --- [   scheduling-1] c.omar.database3.scheduled.BookWatcher   : Use: Get, Put, Patch, Delete
2024-05-19T12:32:47.709+02:00  INFO 13728 --- [           main] j.LocalContainerEntityManagerFactoryBean : Closing JPA EntityManagerFactory for persistence unit 'default'
2024-05-19T12:32:47.712+02:00  INFO 13728 --- [           main] com.zaxxer.hikari.HikariDataSource       : HikariPool-5 - Shutdown initiated...
2024-05-19T12:32:47.730+02:00  INFO 13728 --- [           main] com.zaxxer.hikari.HikariDataSource       : HikariPool-5 - Shutdown completed.
]]></system-out>
  </testcase>
  <testcase name="testThatGetUpdateAuthorReturnsHttpStatus404WhenNoAuthorExist" classname="com.omar.database3.controllers.AuthorControllerIntegrationTest" time="0.042">
    <system-out><![CDATA[  .   ____          _            __ _ _
 /\\ / ___'_ __ _ _(_)_ __  __ _ \ \ \ \
( ( )\___ | '_ | '_| | '_ \/ _` | \ \ \ \
 \\/  ___)| |_)| | | | | || (_| |  ) ) ) )
  '  |____| .__|_| |_|_| |_\__, | / / / /
 =========|_|==============|___/=/_/_/_/

 :: Spring Boot ::             (v3.3.0-M3)

2024-05-19T12:32:47.749+02:00  INFO 13728 --- [           main] c.o.d.c.AuthorControllerIntegrationTest  : Starting AuthorControllerIntegrationTest using Java 17.0.8 with PID 13728 (started by omars in D:\RestAPI)
2024-05-19T12:32:47.750+02:00  INFO 13728 --- [           main] c.o.d.c.AuthorControllerIntegrationTest  : No active profile set, falling back to 1 default profile: "default"
2024-05-19T12:32:47.932+02:00  INFO 13728 --- [           main] .s.d.r.c.RepositoryConfigurationDelegate : Bootstrapping Spring Data JPA repositories in DEFAULT mode.
2024-05-19T12:32:47.941+02:00  INFO 13728 --- [           main] .s.d.r.c.RepositoryConfigurationDelegate : Finished Spring Data repository scanning in 8 ms. Found 2 JPA repository interfaces.
2024-05-19T12:32:48.040+02:00  INFO 13728 --- [           main] com.zaxxer.hikari.HikariDataSource       : HikariPool-6 - Starting...
2024-05-19T12:32:48.042+02:00  INFO 13728 --- [           main] com.zaxxer.hikari.pool.HikariPool        : HikariPool-6 - Added connection conn50: url=jdbc:h2:mem:testdb user=SA
2024-05-19T12:32:48.043+02:00  INFO 13728 --- [           main] com.zaxxer.hikari.HikariDataSource       : HikariPool-6 - Start completed.
2024-05-19T12:32:48.044+02:00  INFO 13728 --- [           main] o.hibernate.jpa.internal.util.LogHelper  : HHH000204: Processing PersistenceUnitInfo [name: default]
2024-05-19T12:32:48.049+02:00  INFO 13728 --- [           main] o.h.c.internal.RegionFactoryInitiator    : HHH000026: Second-level cache disabled
2024-05-19T12:32:48.059+02:00  INFO 13728 --- [           main] o.s.o.j.p.SpringPersistenceUnitInfo      : No LoadTimeWeaver setup: ignoring JPA class transformer
2024-05-19T12:32:48.114+02:00  INFO 13728 --- [           main] o.h.e.t.j.p.i.JtaPlatformInitiator       : HHH000489: No JTA platform available (set 'hibernate.transaction.jta.platform' to enable JTA platform integration)
2024-05-19T12:32:48.122+02:00  INFO 13728 --- [           main] j.LocalContainerEntityManagerFactoryBean : Initialized JPA EntityManagerFactory for persistence unit 'default'
2024-05-19T12:32:48.188+02:00  WARN 13728 --- [           main] JpaBaseConfiguration$JpaWebConfiguration : spring.jpa.open-in-view is enabled by default. Therefore, database queries may be performed during view rendering. Explicitly configure spring.jpa.open-in-view to disable this warning
2024-05-19T12:32:48.281+02:00  INFO 13728 --- [           main] o.s.b.t.m.w.SpringBootMockServletContext : Initializing Spring TestDispatcherServlet ''
2024-05-19T12:32:48.281+02:00  INFO 13728 --- [           main] o.s.t.web.servlet.TestDispatcherServlet  : Initializing Servlet ''
2024-05-19T12:32:48.282+02:00  INFO 13728 --- [           main] o.s.t.web.servlet.TestDispatcherServlet  : Completed initialization in 0 ms
2024-05-19T12:32:48.289+02:00  INFO 13728 --- [           main] c.o.d.c.AuthorControllerIntegrationTest  : Started AuthorControllerIntegrationTest in 0.556 seconds (process running for 15.118)
2024-05-19T12:32:48.295+02:00  INFO 13728 --- [   scheduling-1] c.o.database3.scheduled.AuthorWatcher    : There are 0 many authors in the database
2024-05-19T12:32:48.298+02:00  INFO 13728 --- [   scheduling-1] c.omar.database3.scheduled.BookWatcher   : There are 0 many books in the database
2024-05-19T12:32:48.298+02:00  INFO 13728 --- [   scheduling-1] c.omar.database3.scheduled.BookWatcher   : Go to the Postman ----------->
2024-05-19T12:32:48.298+02:00  INFO 13728 --- [   scheduling-1] c.omar.database3.scheduled.BookWatcher   : Use: Get, Put, Patch, Delete
2024-05-19T12:32:48.312+02:00  INFO 13728 --- [           main] j.LocalContainerEntityManagerFactoryBean : Closing JPA EntityManagerFactory for persistence unit 'default'
2024-05-19T12:32:48.314+02:00  INFO 13728 --- [           main] com.zaxxer.hikari.HikariDataSource       : HikariPool-6 - Shutdown initiated...
2024-05-19T12:32:48.334+02:00  INFO 13728 --- [           main] com.zaxxer.hikari.HikariDataSource       : HikariPool-6 - Shutdown completed.
]]></system-out>
  </testcase>
  <testcase name="testThatDeleteAuthorReturnsHttpStatus204ForNotExistingAuthor" classname="com.omar.database3.controllers.AuthorControllerIntegrationTest" time="0.019">
    <system-out><![CDATA[  .   ____          _            __ _ _
 /\\ / ___'_ __ _ _(_)_ __  __ _ \ \ \ \
( ( )\___ | '_ | '_| | '_ \/ _` | \ \ \ \
 \\/  ___)| |_)| | | | | || (_| |  ) ) ) )
  '  |____| .__|_| |_|_| |_\__, | / / / /
 =========|_|==============|___/=/_/_/_/

 :: Spring Boot ::             (v3.3.0-M3)

2024-05-19T12:32:48.352+02:00  INFO 13728 --- [           main] c.o.d.c.AuthorControllerIntegrationTest  : Starting AuthorControllerIntegrationTest using Java 17.0.8 with PID 13728 (started by omars in D:\RestAPI)
2024-05-19T12:32:48.352+02:00  INFO 13728 --- [           main] c.o.d.c.AuthorControllerIntegrationTest  : No active profile set, falling back to 1 default profile: "default"
2024-05-19T12:32:48.532+02:00  INFO 13728 --- [           main] .s.d.r.c.RepositoryConfigurationDelegate : Bootstrapping Spring Data JPA repositories in DEFAULT mode.
2024-05-19T12:32:48.541+02:00  INFO 13728 --- [           main] .s.d.r.c.RepositoryConfigurationDelegate : Finished Spring Data repository scanning in 8 ms. Found 2 JPA repository interfaces.
2024-05-19T12:32:48.640+02:00  INFO 13728 --- [           main] com.zaxxer.hikari.HikariDataSource       : HikariPool-7 - Starting...
2024-05-19T12:32:48.641+02:00  INFO 13728 --- [           main] com.zaxxer.hikari.pool.HikariPool        : HikariPool-7 - Added connection conn57: url=jdbc:h2:mem:testdb user=SA
2024-05-19T12:32:48.642+02:00  INFO 13728 --- [           main] com.zaxxer.hikari.HikariDataSource       : HikariPool-7 - Start completed.
2024-05-19T12:32:48.645+02:00  INFO 13728 --- [           main] o.hibernate.jpa.internal.util.LogHelper  : HHH000204: Processing PersistenceUnitInfo [name: default]
2024-05-19T12:32:48.647+02:00  INFO 13728 --- [           main] o.h.c.internal.RegionFactoryInitiator    : HHH000026: Second-level cache disabled
2024-05-19T12:32:48.656+02:00  INFO 13728 --- [           main] o.s.o.j.p.SpringPersistenceUnitInfo      : No LoadTimeWeaver setup: ignoring JPA class transformer
2024-05-19T12:32:48.714+02:00  INFO 13728 --- [           main] o.h.e.t.j.p.i.JtaPlatformInitiator       : HHH000489: No JTA platform available (set 'hibernate.transaction.jta.platform' to enable JTA platform integration)
2024-05-19T12:32:48.722+02:00  INFO 13728 --- [           main] j.LocalContainerEntityManagerFactoryBean : Initialized JPA EntityManagerFactory for persistence unit 'default'
2024-05-19T12:32:48.810+02:00  WARN 13728 --- [           main] JpaBaseConfiguration$JpaWebConfiguration : spring.jpa.open-in-view is enabled by default. Therefore, database queries may be performed during view rendering. Explicitly configure spring.jpa.open-in-view to disable this warning
2024-05-19T12:32:48.908+02:00  INFO 13728 --- [           main] o.s.b.t.m.w.SpringBootMockServletContext : Initializing Spring TestDispatcherServlet ''
2024-05-19T12:32:48.908+02:00  INFO 13728 --- [           main] o.s.t.web.servlet.TestDispatcherServlet  : Initializing Servlet ''
2024-05-19T12:32:48.909+02:00  INFO 13728 --- [           main] o.s.t.web.servlet.TestDispatcherServlet  : Completed initialization in 1 ms
2024-05-19T12:32:48.915+02:00  INFO 13728 --- [           main] c.o.d.c.AuthorControllerIntegrationTest  : Started AuthorControllerIntegrationTest in 0.578 seconds (process running for 15.743)
2024-05-19T12:32:48.919+02:00  INFO 13728 --- [   scheduling-1] c.o.database3.scheduled.AuthorWatcher    : There are 0 many authors in the database
2024-05-19T12:32:48.922+02:00  INFO 13728 --- [   scheduling-1] c.omar.database3.scheduled.BookWatcher   : There are 0 many books in the database
2024-05-19T12:32:48.923+02:00  INFO 13728 --- [   scheduling-1] c.omar.database3.scheduled.BookWatcher   : Go to the Postman ----------->
2024-05-19T12:32:48.923+02:00  INFO 13728 --- [   scheduling-1] c.omar.database3.scheduled.BookWatcher   : Use: Get, Put, Patch, Delete
2024-05-19T12:32:48.931+02:00  INFO 13728 --- [           main] j.LocalContainerEntityManagerFactoryBean : Closing JPA EntityManagerFactory for persistence unit 'default'
2024-05-19T12:32:48.934+02:00  INFO 13728 --- [           main] com.zaxxer.hikari.HikariDataSource       : HikariPool-7 - Shutdown initiated...
2024-05-19T12:32:48.936+02:00  INFO 13728 --- [           main] com.zaxxer.hikari.HikariDataSource       : HikariPool-7 - Shutdown completed.
]]></system-out>
  </testcase>
  <testcase name="testThatFullUpdateUpdateExistingAuthor" classname="com.omar.database3.controllers.AuthorControllerIntegrationTest" time="0.063">
    <system-out><![CDATA[  .   ____          _            __ _ _
 /\\ / ___'_ __ _ _(_)_ __  __ _ \ \ \ \
( ( )\___ | '_ | '_| | '_ \/ _` | \ \ \ \
 \\/  ___)| |_)| | | | | || (_| |  ) ) ) )
  '  |____| .__|_| |_|_| |_\__, | / / / /
 =========|_|==============|___/=/_/_/_/

 :: Spring Boot ::             (v3.3.0-M3)

2024-05-19T12:32:48.953+02:00  INFO 13728 --- [           main] c.o.d.c.AuthorControllerIntegrationTest  : Starting AuthorControllerIntegrationTest using Java 17.0.8 with PID 13728 (started by omars in D:\RestAPI)
2024-05-19T12:32:48.954+02:00  INFO 13728 --- [           main] c.o.d.c.AuthorControllerIntegrationTest  : No active profile set, falling back to 1 default profile: "default"
2024-05-19T12:32:49.122+02:00  INFO 13728 --- [           main] .s.d.r.c.RepositoryConfigurationDelegate : Bootstrapping Spring Data JPA repositories in DEFAULT mode.
2024-05-19T12:32:49.130+02:00  INFO 13728 --- [           main] .s.d.r.c.RepositoryConfigurationDelegate : Finished Spring Data repository scanning in 7 ms. Found 2 JPA repository interfaces.
2024-05-19T12:32:49.214+02:00  INFO 13728 --- [           main] com.zaxxer.hikari.HikariDataSource       : HikariPool-8 - Starting...
2024-05-19T12:32:49.219+02:00  INFO 13728 --- [           main] com.zaxxer.hikari.pool.HikariPool        : HikariPool-8 - Added connection conn64: url=jdbc:h2:mem:testdb user=SA
2024-05-19T12:32:49.219+02:00  INFO 13728 --- [           main] com.zaxxer.hikari.HikariDataSource       : HikariPool-8 - Start completed.
2024-05-19T12:32:49.223+02:00  INFO 13728 --- [           main] o.hibernate.jpa.internal.util.LogHelper  : HHH000204: Processing PersistenceUnitInfo [name: default]
2024-05-19T12:32:49.228+02:00  INFO 13728 --- [           main] o.h.c.internal.RegionFactoryInitiator    : HHH000026: Second-level cache disabled
2024-05-19T12:32:49.237+02:00  INFO 13728 --- [           main] o.s.o.j.p.SpringPersistenceUnitInfo      : No LoadTimeWeaver setup: ignoring JPA class transformer
2024-05-19T12:32:49.329+02:00  INFO 13728 --- [           main] o.h.e.t.j.p.i.JtaPlatformInitiator       : HHH000489: No JTA platform available (set 'hibernate.transaction.jta.platform' to enable JTA platform integration)
2024-05-19T12:32:49.339+02:00  INFO 13728 --- [           main] j.LocalContainerEntityManagerFactoryBean : Initialized JPA EntityManagerFactory for persistence unit 'default'
2024-05-19T12:32:49.434+02:00  WARN 13728 --- [           main] JpaBaseConfiguration$JpaWebConfiguration : spring.jpa.open-in-view is enabled by default. Therefore, database queries may be performed during view rendering. Explicitly configure spring.jpa.open-in-view to disable this warning
2024-05-19T12:32:49.535+02:00  INFO 13728 --- [           main] o.s.b.t.m.w.SpringBootMockServletContext : Initializing Spring TestDispatcherServlet ''
2024-05-19T12:32:49.536+02:00  INFO 13728 --- [           main] o.s.t.web.servlet.TestDispatcherServlet  : Initializing Servlet ''
2024-05-19T12:32:49.536+02:00  INFO 13728 --- [           main] o.s.t.web.servlet.TestDispatcherServlet  : Completed initialization in 0 ms
2024-05-19T12:32:49.543+02:00  INFO 13728 --- [           main] c.o.d.c.AuthorControllerIntegrationTest  : Started AuthorControllerIntegrationTest in 0.604 seconds (process running for 16.371)
2024-05-19T12:32:49.549+02:00  INFO 13728 --- [   scheduling-1] c.o.database3.scheduled.AuthorWatcher    : There are 0 many authors in the database
2024-05-19T12:32:49.556+02:00  INFO 13728 --- [   scheduling-1] c.omar.database3.scheduled.BookWatcher   : There are 0 many books in the database
2024-05-19T12:32:49.556+02:00  INFO 13728 --- [   scheduling-1] c.omar.database3.scheduled.BookWatcher   : Go to the Postman ----------->
2024-05-19T12:32:49.557+02:00  INFO 13728 --- [   scheduling-1] c.omar.database3.scheduled.BookWatcher   : Use: Get, Put, Patch, Delete
2024-05-19T12:32:49.593+02:00  INFO 13728 --- [           main] j.LocalContainerEntityManagerFactoryBean : Closing JPA EntityManagerFactory for persistence unit 'default'
2024-05-19T12:32:49.596+02:00  INFO 13728 --- [           main] com.zaxxer.hikari.HikariDataSource       : HikariPool-8 - Shutdown initiated...
2024-05-19T12:32:49.609+02:00  INFO 13728 --- [           main] com.zaxxer.hikari.HikariDataSource       : HikariPool-8 - Shutdown completed.
]]></system-out>
  </testcase>
  <testcase name="testThatListAuthorsReturnsHttpStatus200" classname="com.omar.database3.controllers.AuthorControllerIntegrationTest" time="0.085">
    <system-out><![CDATA[  .   ____          _            __ _ _
 /\\ / ___'_ __ _ _(_)_ __  __ _ \ \ \ \
( ( )\___ | '_ | '_| | '_ \/ _` | \ \ \ \
 \\/  ___)| |_)| | | | | || (_| |  ) ) ) )
  '  |____| .__|_| |_|_| |_\__, | / / / /
 =========|_|==============|___/=/_/_/_/

 :: Spring Boot ::             (v3.3.0-M3)

2024-05-19T12:32:49.640+02:00  INFO 13728 --- [           main] c.o.d.c.AuthorControllerIntegrationTest  : Starting AuthorControllerIntegrationTest using Java 17.0.8 with PID 13728 (started by omars in D:\RestAPI)
2024-05-19T12:32:49.641+02:00  INFO 13728 --- [           main] c.o.d.c.AuthorControllerIntegrationTest  : No active profile set, falling back to 1 default profile: "default"
2024-05-19T12:32:49.795+02:00  INFO 13728 --- [           main] .s.d.r.c.RepositoryConfigurationDelegate : Bootstrapping Spring Data JPA repositories in DEFAULT mode.
2024-05-19T12:32:49.813+02:00  INFO 13728 --- [           main] .s.d.r.c.RepositoryConfigurationDelegate : Finished Spring Data repository scanning in 17 ms. Found 2 JPA repository interfaces.
2024-05-19T12:32:49.902+02:00  INFO 13728 --- [           main] com.zaxxer.hikari.HikariDataSource       : HikariPool-9 - Starting...
2024-05-19T12:32:49.904+02:00  INFO 13728 --- [           main] com.zaxxer.hikari.pool.HikariPool        : HikariPool-9 - Added connection conn74: url=jdbc:h2:mem:testdb user=SA
2024-05-19T12:32:49.904+02:00  INFO 13728 --- [           main] com.zaxxer.hikari.HikariDataSource       : HikariPool-9 - Start completed.
2024-05-19T12:32:49.906+02:00  INFO 13728 --- [           main] o.hibernate.jpa.internal.util.LogHelper  : HHH000204: Processing PersistenceUnitInfo [name: default]
2024-05-19T12:32:49.908+02:00  INFO 13728 --- [           main] o.h.c.internal.RegionFactoryInitiator    : HHH000026: Second-level cache disabled
2024-05-19T12:32:49.912+02:00  INFO 13728 --- [           main] o.s.o.j.p.SpringPersistenceUnitInfo      : No LoadTimeWeaver setup: ignoring JPA class transformer
2024-05-19T12:32:49.957+02:00  INFO 13728 --- [           main] o.h.e.t.j.p.i.JtaPlatformInitiator       : HHH000489: No JTA platform available (set 'hibernate.transaction.jta.platform' to enable JTA platform integration)
2024-05-19T12:32:49.963+02:00  INFO 13728 --- [           main] j.LocalContainerEntityManagerFactoryBean : Initialized JPA EntityManagerFactory for persistence unit 'default'
2024-05-19T12:32:50.006+02:00  WARN 13728 --- [           main] JpaBaseConfiguration$JpaWebConfiguration : spring.jpa.open-in-view is enabled by default. Therefore, database queries may be performed during view rendering. Explicitly configure spring.jpa.open-in-view to disable this warning
2024-05-19T12:32:50.069+02:00  INFO 13728 --- [           main] o.s.b.t.m.w.SpringBootMockServletContext : Initializing Spring TestDispatcherServlet ''
2024-05-19T12:32:50.070+02:00  INFO 13728 --- [           main] o.s.t.web.servlet.TestDispatcherServlet  : Initializing Servlet ''
2024-05-19T12:32:50.070+02:00  INFO 13728 --- [           main] o.s.t.web.servlet.TestDispatcherServlet  : Completed initialization in 0 ms
2024-05-19T12:32:50.075+02:00  INFO 13728 --- [           main] c.o.d.c.AuthorControllerIntegrationTest  : Started AuthorControllerIntegrationTest in 0.463 seconds (process running for 16.903)
2024-05-19T12:32:50.081+02:00  INFO 13728 --- [   scheduling-1] c.o.database3.scheduled.AuthorWatcher    : There are 0 many authors in the database
2024-05-19T12:32:50.087+02:00  INFO 13728 --- [   scheduling-1] c.omar.database3.scheduled.BookWatcher   : There are 0 many books in the database
2024-05-19T12:32:50.087+02:00  INFO 13728 --- [   scheduling-1] c.omar.database3.scheduled.BookWatcher   : Go to the Postman ----------->
2024-05-19T12:32:50.088+02:00  INFO 13728 --- [   scheduling-1] c.omar.database3.scheduled.BookWatcher   : Use: Get, Put, Patch, Delete
2024-05-19T12:32:50.136+02:00  INFO 13728 --- [           main] j.LocalContainerEntityManagerFactoryBean : Closing JPA EntityManagerFactory for persistence unit 'default'
2024-05-19T12:32:50.140+02:00  INFO 13728 --- [           main] com.zaxxer.hikari.HikariDataSource       : HikariPool-9 - Shutdown initiated...
2024-05-19T12:32:50.163+02:00  INFO 13728 --- [           main] com.zaxxer.hikari.HikariDataSource       : HikariPool-9 - Shutdown completed.
]]></system-out>
  </testcase>
  <testcase name="testThatListAuthorsReturnsListOfAuthors" classname="com.omar.database3.controllers.AuthorControllerIntegrationTest" time="0.058">
    <system-out><![CDATA[  .   ____          _            __ _ _
 /\\ / ___'_ __ _ _(_)_ __  __ _ \ \ \ \
( ( )\___ | '_ | '_| | '_ \/ _` | \ \ \ \
 \\/  ___)| |_)| | | | | || (_| |  ) ) ) )
  '  |____| .__|_| |_|_| |_\__, | / / / /
 =========|_|==============|___/=/_/_/_/

 :: Spring Boot ::             (v3.3.0-M3)

2024-05-19T12:32:50.181+02:00  INFO 13728 --- [           main] c.o.d.c.AuthorControllerIntegrationTest  : Starting AuthorControllerIntegrationTest using Java 17.0.8 with PID 13728 (started by omars in D:\RestAPI)
2024-05-19T12:32:50.181+02:00  INFO 13728 --- [           main] c.o.d.c.AuthorControllerIntegrationTest  : No active profile set, falling back to 1 default profile: "default"
2024-05-19T12:32:50.302+02:00  INFO 13728 --- [           main] .s.d.r.c.RepositoryConfigurationDelegate : Bootstrapping Spring Data JPA repositories in DEFAULT mode.
2024-05-19T12:32:50.319+02:00  INFO 13728 --- [           main] .s.d.r.c.RepositoryConfigurationDelegate : Finished Spring Data repository scanning in 16 ms. Found 2 JPA repository interfaces.
2024-05-19T12:32:50.405+02:00  INFO 13728 --- [           main] com.zaxxer.hikari.HikariDataSource       : HikariPool-10 - Starting...
2024-05-19T12:32:50.406+02:00  INFO 13728 --- [           main] com.zaxxer.hikari.pool.HikariPool        : HikariPool-10 - Added connection conn80: url=jdbc:h2:mem:testdb user=SA
2024-05-19T12:32:50.407+02:00  INFO 13728 --- [           main] com.zaxxer.hikari.HikariDataSource       : HikariPool-10 - Start completed.
2024-05-19T12:32:50.408+02:00  INFO 13728 --- [           main] o.hibernate.jpa.internal.util.LogHelper  : HHH000204: Processing PersistenceUnitInfo [name: default]
2024-05-19T12:32:50.411+02:00  INFO 13728 --- [           main] o.h.c.internal.RegionFactoryInitiator    : HHH000026: Second-level cache disabled
2024-05-19T12:32:50.415+02:00  INFO 13728 --- [           main] o.s.o.j.p.SpringPersistenceUnitInfo      : No LoadTimeWeaver setup: ignoring JPA class transformer
2024-05-19T12:32:50.473+02:00  INFO 13728 --- [           main] o.h.e.t.j.p.i.JtaPlatformInitiator       : HHH000489: No JTA platform available (set 'hibernate.transaction.jta.platform' to enable JTA platform integration)
2024-05-19T12:32:50.479+02:00  INFO 13728 --- [           main] j.LocalContainerEntityManagerFactoryBean : Initialized JPA EntityManagerFactory for persistence unit 'default'
2024-05-19T12:32:50.580+02:00  WARN 13728 --- [           main] JpaBaseConfiguration$JpaWebConfiguration : spring.jpa.open-in-view is enabled by default. Therefore, database queries may be performed during view rendering. Explicitly configure spring.jpa.open-in-view to disable this warning
2024-05-19T12:32:50.688+02:00  INFO 13728 --- [           main] o.s.b.t.m.w.SpringBootMockServletContext : Initializing Spring TestDispatcherServlet ''
2024-05-19T12:32:50.689+02:00  INFO 13728 --- [           main] o.s.t.web.servlet.TestDispatcherServlet  : Initializing Servlet ''
2024-05-19T12:32:50.690+02:00  INFO 13728 --- [           main] o.s.t.web.servlet.TestDispatcherServlet  : Completed initialization in 1 ms
2024-05-19T12:32:50.698+02:00  INFO 13728 --- [           main] c.o.d.c.AuthorControllerIntegrationTest  : Started AuthorControllerIntegrationTest in 0.532 seconds (process running for 17.527)
2024-05-19T12:32:50.706+02:00  INFO 13728 --- [   scheduling-1] c.o.database3.scheduled.AuthorWatcher    : There are 0 many authors in the database
2024-05-19T12:32:50.709+02:00  INFO 13728 --- [   scheduling-1] c.omar.database3.scheduled.BookWatcher   : There are 0 many books in the database
2024-05-19T12:32:50.709+02:00  INFO 13728 --- [   scheduling-1] c.omar.database3.scheduled.BookWatcher   : Go to the Postman ----------->
2024-05-19T12:32:50.709+02:00  INFO 13728 --- [   scheduling-1] c.omar.database3.scheduled.BookWatcher   : Use: Get, Put, Patch, Delete
2024-05-19T12:32:50.733+02:00  INFO 13728 --- [           main] j.LocalContainerEntityManagerFactoryBean : Closing JPA EntityManagerFactory for persistence unit 'default'
2024-05-19T12:32:50.736+02:00  INFO 13728 --- [           main] com.zaxxer.hikari.HikariDataSource       : HikariPool-10 - Shutdown initiated...
2024-05-19T12:32:50.762+02:00  INFO 13728 --- [           main] com.zaxxer.hikari.HikariDataSource       : HikariPool-10 - Shutdown completed.
]]></system-out>
  </testcase>
  <testcase name="testThatDeleteAuthorReturnsHttpStatus204ForExistingAuthor" classname="com.omar.database3.controllers.AuthorControllerIntegrationTest" time="0.05">
    <system-out><![CDATA[  .   ____          _            __ _ _
 /\\ / ___'_ __ _ _(_)_ __  __ _ \ \ \ \
( ( )\___ | '_ | '_| | '_ \/ _` | \ \ \ \
 \\/  ___)| |_)| | | | | || (_| |  ) ) ) )
  '  |____| .__|_| |_|_| |_\__, | / / / /
 =========|_|==============|___/=/_/_/_/

 :: Spring Boot ::             (v3.3.0-M3)

2024-05-19T12:32:50.780+02:00  INFO 13728 --- [           main] c.o.d.c.AuthorControllerIntegrationTest  : Starting AuthorControllerIntegrationTest using Java 17.0.8 with PID 13728 (started by omars in D:\RestAPI)
2024-05-19T12:32:50.781+02:00  INFO 13728 --- [           main] c.o.d.c.AuthorControllerIntegrationTest  : No active profile set, falling back to 1 default profile: "default"
2024-05-19T12:32:50.925+02:00  INFO 13728 --- [           main] .s.d.r.c.RepositoryConfigurationDelegate : Bootstrapping Spring Data JPA repositories in DEFAULT mode.
2024-05-19T12:32:50.935+02:00  INFO 13728 --- [           main] .s.d.r.c.RepositoryConfigurationDelegate : Finished Spring Data repository scanning in 9 ms. Found 2 JPA repository interfaces.
2024-05-19T12:32:51.001+02:00  INFO 13728 --- [           main] com.zaxxer.hikari.HikariDataSource       : HikariPool-11 - Starting...
2024-05-19T12:32:51.002+02:00  INFO 13728 --- [           main] com.zaxxer.hikari.pool.HikariPool        : HikariPool-11 - Added connection conn89: url=jdbc:h2:mem:testdb user=SA
2024-05-19T12:32:51.003+02:00  INFO 13728 --- [           main] com.zaxxer.hikari.HikariDataSource       : HikariPool-11 - Start completed.
2024-05-19T12:32:51.005+02:00  INFO 13728 --- [           main] o.hibernate.jpa.internal.util.LogHelper  : HHH000204: Processing PersistenceUnitInfo [name: default]
2024-05-19T12:32:51.008+02:00  INFO 13728 --- [           main] o.h.c.internal.RegionFactoryInitiator    : HHH000026: Second-level cache disabled
2024-05-19T12:32:51.013+02:00  INFO 13728 --- [           main] o.s.o.j.p.SpringPersistenceUnitInfo      : No LoadTimeWeaver setup: ignoring JPA class transformer
2024-05-19T12:32:51.087+02:00  INFO 13728 --- [           main] o.h.e.t.j.p.i.JtaPlatformInitiator       : HHH000489: No JTA platform available (set 'hibernate.transaction.jta.platform' to enable JTA platform integration)
2024-05-19T12:32:51.095+02:00  INFO 13728 --- [           main] j.LocalContainerEntityManagerFactoryBean : Initialized JPA EntityManagerFactory for persistence unit 'default'
2024-05-19T12:32:51.158+02:00  WARN 13728 --- [           main] JpaBaseConfiguration$JpaWebConfiguration : spring.jpa.open-in-view is enabled by default. Therefore, database queries may be performed during view rendering. Explicitly configure spring.jpa.open-in-view to disable this warning
2024-05-19T12:32:51.238+02:00  INFO 13728 --- [           main] o.s.b.t.m.w.SpringBootMockServletContext : Initializing Spring TestDispatcherServlet ''
2024-05-19T12:32:51.238+02:00  INFO 13728 --- [           main] o.s.t.web.servlet.TestDispatcherServlet  : Initializing Servlet ''
2024-05-19T12:32:51.238+02:00  INFO 13728 --- [           main] o.s.t.web.servlet.TestDispatcherServlet  : Completed initialization in 0 ms
2024-05-19T12:32:51.243+02:00  INFO 13728 --- [           main] c.o.d.c.AuthorControllerIntegrationTest  : Started AuthorControllerIntegrationTest in 0.479 seconds (process running for 18.071)
2024-05-19T12:32:51.247+02:00  INFO 13728 --- [   scheduling-1] c.o.database3.scheduled.AuthorWatcher    : There are 0 many authors in the database
2024-05-19T12:32:51.252+02:00  INFO 13728 --- [   scheduling-1] c.omar.database3.scheduled.BookWatcher   : There are 0 many books in the database
2024-05-19T12:32:51.252+02:00  INFO 13728 --- [   scheduling-1] c.omar.database3.scheduled.BookWatcher   : Go to the Postman ----------->
2024-05-19T12:32:51.252+02:00  INFO 13728 --- [   scheduling-1] c.omar.database3.scheduled.BookWatcher   : Use: Get, Put, Patch, Delete
2024-05-19T12:32:51.272+02:00  INFO 13728 --- [           main] j.LocalContainerEntityManagerFactoryBean : Closing JPA EntityManagerFactory for persistence unit 'default'
2024-05-19T12:32:51.274+02:00  INFO 13728 --- [           main] com.zaxxer.hikari.HikariDataSource       : HikariPool-11 - Shutdown initiated...
2024-05-19T12:32:51.294+02:00  INFO 13728 --- [           main] com.zaxxer.hikari.HikariDataSource       : HikariPool-11 - Shutdown completed.
]]></system-out>
  </testcase>
  <testcase name="testThatGetAuthorReturnsHttpStatus200WhenAuthorExist" classname="com.omar.database3.controllers.AuthorControllerIntegrationTest" time="0.029">
    <system-out><![CDATA[  .   ____          _            __ _ _
 /\\ / ___'_ __ _ _(_)_ __  __ _ \ \ \ \
( ( )\___ | '_ | '_| | '_ \/ _` | \ \ \ \
 \\/  ___)| |_)| | | | | || (_| |  ) ) ) )
  '  |____| .__|_| |_|_| |_\__, | / / / /
 =========|_|==============|___/=/_/_/_/

 :: Spring Boot ::             (v3.3.0-M3)

2024-05-19T12:32:51.318+02:00  INFO 13728 --- [           main] c.o.d.c.AuthorControllerIntegrationTest  : Starting AuthorControllerIntegrationTest using Java 17.0.8 with PID 13728 (started by omars in D:\RestAPI)
2024-05-19T12:32:51.319+02:00  INFO 13728 --- [           main] c.o.d.c.AuthorControllerIntegrationTest  : No active profile set, falling back to 1 default profile: "default"
2024-05-19T12:32:51.458+02:00  INFO 13728 --- [           main] .s.d.r.c.RepositoryConfigurationDelegate : Bootstrapping Spring Data JPA repositories in DEFAULT mode.
2024-05-19T12:32:51.468+02:00  INFO 13728 --- [           main] .s.d.r.c.RepositoryConfigurationDelegate : Finished Spring Data repository scanning in 9 ms. Found 2 JPA repository interfaces.
2024-05-19T12:32:51.548+02:00  INFO 13728 --- [           main] com.zaxxer.hikari.HikariDataSource       : HikariPool-12 - Starting...
2024-05-19T12:32:51.549+02:00  INFO 13728 --- [           main] com.zaxxer.hikari.pool.HikariPool        : HikariPool-12 - Added connection conn96: url=jdbc:h2:mem:testdb user=SA
2024-05-19T12:32:51.549+02:00  INFO 13728 --- [           main] com.zaxxer.hikari.HikariDataSource       : HikariPool-12 - Start completed.
2024-05-19T12:32:51.551+02:00  INFO 13728 --- [           main] o.hibernate.jpa.internal.util.LogHelper  : HHH000204: Processing PersistenceUnitInfo [name: default]
2024-05-19T12:32:51.555+02:00  INFO 13728 --- [           main] o.h.c.internal.RegionFactoryInitiator    : HHH000026: Second-level cache disabled
2024-05-19T12:32:51.561+02:00  INFO 13728 --- [           main] o.s.o.j.p.SpringPersistenceUnitInfo      : No LoadTimeWeaver setup: ignoring JPA class transformer
2024-05-19T12:32:51.627+02:00  INFO 13728 --- [           main] o.h.e.t.j.p.i.JtaPlatformInitiator       : HHH000489: No JTA platform available (set 'hibernate.transaction.jta.platform' to enable JTA platform integration)
2024-05-19T12:32:51.634+02:00  INFO 13728 --- [           main] j.LocalContainerEntityManagerFactoryBean : Initialized JPA EntityManagerFactory for persistence unit 'default'
2024-05-19T12:32:51.685+02:00  WARN 13728 --- [           main] JpaBaseConfiguration$JpaWebConfiguration : spring.jpa.open-in-view is enabled by default. Therefore, database queries may be performed during view rendering. Explicitly configure spring.jpa.open-in-view to disable this warning
2024-05-19T12:32:51.802+02:00  INFO 13728 --- [           main] o.s.b.t.m.w.SpringBootMockServletContext : Initializing Spring TestDispatcherServlet ''
2024-05-19T12:32:51.802+02:00  INFO 13728 --- [           main] o.s.t.web.servlet.TestDispatcherServlet  : Initializing Servlet ''
2024-05-19T12:32:51.803+02:00  INFO 13728 --- [           main] o.s.t.web.servlet.TestDispatcherServlet  : Completed initialization in 1 ms
2024-05-19T12:32:51.809+02:00  INFO 13728 --- [           main] c.o.d.c.AuthorControllerIntegrationTest  : Started AuthorControllerIntegrationTest in 0.513 seconds (process running for 18.637)
2024-05-19T12:32:51.814+02:00  INFO 13728 --- [   scheduling-1] c.o.database3.scheduled.AuthorWatcher    : There are 0 many authors in the database
2024-05-19T12:32:51.819+02:00  INFO 13728 --- [   scheduling-1] c.omar.database3.scheduled.BookWatcher   : There are 0 many books in the database
2024-05-19T12:32:51.820+02:00  INFO 13728 --- [   scheduling-1] c.omar.database3.scheduled.BookWatcher   : Go to the Postman ----------->
2024-05-19T12:32:51.820+02:00  INFO 13728 --- [   scheduling-1] c.omar.database3.scheduled.BookWatcher   : Use: Get, Put, Patch, Delete
2024-05-19T12:32:51.830+02:00  INFO 13728 --- [           main] j.LocalContainerEntityManagerFactoryBean : Closing JPA EntityManagerFactory for persistence unit 'default'
2024-05-19T12:32:51.832+02:00  INFO 13728 --- [           main] com.zaxxer.hikari.HikariDataSource       : HikariPool-12 - Shutdown initiated...
2024-05-19T12:32:51.840+02:00  INFO 13728 --- [           main] com.zaxxer.hikari.HikariDataSource       : HikariPool-12 - Shutdown completed.
]]></system-out>
  </testcase>
  <testcase name="testThatGetAuthorReturnsAuthorWhenAuthorExist" classname="com.omar.database3.controllers.AuthorControllerIntegrationTest" time="0.032">
    <system-out><![CDATA[  .   ____          _            __ _ _
 /\\ / ___'_ __ _ _(_)_ __  __ _ \ \ \ \
( ( )\___ | '_ | '_| | '_ \/ _` | \ \ \ \
 \\/  ___)| |_)| | | | | || (_| |  ) ) ) )
  '  |____| .__|_| |_|_| |_\__, | / / / /
 =========|_|==============|___/=/_/_/_/

 :: Spring Boot ::             (v3.3.0-M3)

2024-05-19T12:32:51.859+02:00  INFO 13728 --- [           main] c.o.d.c.AuthorControllerIntegrationTest  : Starting AuthorControllerIntegrationTest using Java 17.0.8 with PID 13728 (started by omars in D:\RestAPI)
2024-05-19T12:32:51.859+02:00  INFO 13728 --- [           main] c.o.d.c.AuthorControllerIntegrationTest  : No active profile set, falling back to 1 default profile: "default"
2024-05-19T12:32:51.964+02:00  INFO 13728 --- [           main] .s.d.r.c.RepositoryConfigurationDelegate : Bootstrapping Spring Data JPA repositories in DEFAULT mode.
2024-05-19T12:32:51.975+02:00  INFO 13728 --- [           main] .s.d.r.c.RepositoryConfigurationDelegate : Finished Spring Data repository scanning in 10 ms. Found 2 JPA repository interfaces.
2024-05-19T12:32:52.045+02:00  INFO 13728 --- [           main] com.zaxxer.hikari.HikariDataSource       : HikariPool-13 - Starting...
2024-05-19T12:32:52.046+02:00  INFO 13728 --- [           main] com.zaxxer.hikari.pool.HikariPool        : HikariPool-13 - Added connection conn103: url=jdbc:h2:mem:testdb user=SA
2024-05-19T12:32:52.047+02:00  INFO 13728 --- [           main] com.zaxxer.hikari.HikariDataSource       : HikariPool-13 - Start completed.
2024-05-19T12:32:52.048+02:00  INFO 13728 --- [           main] o.hibernate.jpa.internal.util.LogHelper  : HHH000204: Processing PersistenceUnitInfo [name: default]
2024-05-19T12:32:52.050+02:00  INFO 13728 --- [           main] o.h.c.internal.RegionFactoryInitiator    : HHH000026: Second-level cache disabled
2024-05-19T12:32:52.053+02:00  INFO 13728 --- [           main] o.s.o.j.p.SpringPersistenceUnitInfo      : No LoadTimeWeaver setup: ignoring JPA class transformer
2024-05-19T12:32:52.101+02:00  INFO 13728 --- [           main] o.h.e.t.j.p.i.JtaPlatformInitiator       : HHH000489: No JTA platform available (set 'hibernate.transaction.jta.platform' to enable JTA platform integration)
2024-05-19T12:32:52.111+02:00  INFO 13728 --- [           main] j.LocalContainerEntityManagerFactoryBean : Initialized JPA EntityManagerFactory for persistence unit 'default'
2024-05-19T12:32:52.189+02:00  WARN 13728 --- [           main] JpaBaseConfiguration$JpaWebConfiguration : spring.jpa.open-in-view is enabled by default. Therefore, database queries may be performed during view rendering. Explicitly configure spring.jpa.open-in-view to disable this warning
2024-05-19T12:32:52.265+02:00  INFO 13728 --- [           main] o.s.b.t.m.w.SpringBootMockServletContext : Initializing Spring TestDispatcherServlet ''
2024-05-19T12:32:52.265+02:00  INFO 13728 --- [           main] o.s.t.web.servlet.TestDispatcherServlet  : Initializing Servlet ''
2024-05-19T12:32:52.266+02:00  INFO 13728 --- [           main] o.s.t.web.servlet.TestDispatcherServlet  : Completed initialization in 1 ms
2024-05-19T12:32:52.273+02:00  INFO 13728 --- [           main] c.o.d.c.AuthorControllerIntegrationTest  : Started AuthorControllerIntegrationTest in 0.43 seconds (process running for 19.101)
2024-05-19T12:32:52.278+02:00  INFO 13728 --- [   scheduling-1] c.o.database3.scheduled.AuthorWatcher    : There are 0 many authors in the database
2024-05-19T12:32:52.281+02:00  INFO 13728 --- [   scheduling-1] c.omar.database3.scheduled.BookWatcher   : There are 0 many books in the database
2024-05-19T12:32:52.281+02:00  INFO 13728 --- [   scheduling-1] c.omar.database3.scheduled.BookWatcher   : Go to the Postman ----------->
2024-05-19T12:32:52.281+02:00  INFO 13728 --- [   scheduling-1] c.omar.database3.scheduled.BookWatcher   : Use: Get, Put, Patch, Delete
2024-05-19T12:32:52.294+02:00  INFO 13728 --- [           main] j.LocalContainerEntityManagerFactoryBean : Closing JPA EntityManagerFactory for persistence unit 'default'
2024-05-19T12:32:52.296+02:00  INFO 13728 --- [           main] com.zaxxer.hikari.HikariDataSource       : HikariPool-13 - Shutdown initiated...
2024-05-19T12:32:52.308+02:00  INFO 13728 --- [           main] com.zaxxer.hikari.HikariDataSource       : HikariPool-13 - Shutdown completed.
]]></system-out>
  </testcase>
  <testcase name="testThatCreateAuthorSuccessfullyReturnsSavedAuthor" classname="com.omar.database3.controllers.AuthorControllerIntegrationTest" time="0.026">
    <system-out><![CDATA[  .   ____          _            __ _ _
 /\\ / ___'_ __ _ _(_)_ __  __ _ \ \ \ \
( ( )\___ | '_ | '_| | '_ \/ _` | \ \ \ \
 \\/  ___)| |_)| | | | | || (_| |  ) ) ) )
  '  |____| .__|_| |_|_| |_\__, | / / / /
 =========|_|==============|___/=/_/_/_/

 :: Spring Boot ::             (v3.3.0-M3)

2024-05-19T12:32:52.329+02:00  INFO 13728 --- [           main] c.o.d.c.AuthorControllerIntegrationTest  : Starting AuthorControllerIntegrationTest using Java 17.0.8 with PID 13728 (started by omars in D:\RestAPI)
2024-05-19T12:32:52.329+02:00  INFO 13728 --- [           main] c.o.d.c.AuthorControllerIntegrationTest  : No active profile set, falling back to 1 default profile: "default"
2024-05-19T12:32:52.466+02:00  INFO 13728 --- [           main] .s.d.r.c.RepositoryConfigurationDelegate : Bootstrapping Spring Data JPA repositories in DEFAULT mode.
2024-05-19T12:32:52.473+02:00  INFO 13728 --- [           main] .s.d.r.c.RepositoryConfigurationDelegate : Finished Spring Data repository scanning in 6 ms. Found 2 JPA repository interfaces.
2024-05-19T12:32:52.524+02:00  INFO 13728 --- [           main] com.zaxxer.hikari.HikariDataSource       : HikariPool-14 - Starting...
2024-05-19T12:32:52.525+02:00  INFO 13728 --- [           main] com.zaxxer.hikari.pool.HikariPool        : HikariPool-14 - Added connection conn109: url=jdbc:h2:mem:testdb user=SA
2024-05-19T12:32:52.525+02:00  INFO 13728 --- [           main] com.zaxxer.hikari.HikariDataSource       : HikariPool-14 - Start completed.
2024-05-19T12:32:52.527+02:00  INFO 13728 --- [           main] o.hibernate.jpa.internal.util.LogHelper  : HHH000204: Processing PersistenceUnitInfo [name: default]
2024-05-19T12:32:52.530+02:00  INFO 13728 --- [           main] o.h.c.internal.RegionFactoryInitiator    : HHH000026: Second-level cache disabled
2024-05-19T12:32:52.536+02:00  INFO 13728 --- [           main] o.s.o.j.p.SpringPersistenceUnitInfo      : No LoadTimeWeaver setup: ignoring JPA class transformer
2024-05-19T12:32:52.612+02:00  INFO 13728 --- [           main] o.h.e.t.j.p.i.JtaPlatformInitiator       : HHH000489: No JTA platform available (set 'hibernate.transaction.jta.platform' to enable JTA platform integration)
2024-05-19T12:32:52.622+02:00  INFO 13728 --- [           main] j.LocalContainerEntityManagerFactoryBean : Initialized JPA EntityManagerFactory for persistence unit 'default'
2024-05-19T12:32:52.677+02:00  WARN 13728 --- [           main] JpaBaseConfiguration$JpaWebConfiguration : spring.jpa.open-in-view is enabled by default. Therefore, database queries may be performed during view rendering. Explicitly configure spring.jpa.open-in-view to disable this warning
2024-05-19T12:32:52.773+02:00  INFO 13728 --- [           main] o.s.b.t.m.w.SpringBootMockServletContext : Initializing Spring TestDispatcherServlet ''
2024-05-19T12:32:52.774+02:00  INFO 13728 --- [           main] o.s.t.web.servlet.TestDispatcherServlet  : Initializing Servlet ''
2024-05-19T12:32:52.775+02:00  INFO 13728 --- [           main] o.s.t.web.servlet.TestDispatcherServlet  : Completed initialization in 1 ms
2024-05-19T12:32:52.787+02:00  INFO 13728 --- [           main] c.o.d.c.AuthorControllerIntegrationTest  : Started AuthorControllerIntegrationTest in 0.475 seconds (process running for 19.614)
2024-05-19T12:32:52.791+02:00  INFO 13728 --- [   scheduling-1] c.o.database3.scheduled.AuthorWatcher    : There are 0 many authors in the database
2024-05-19T12:32:52.795+02:00  INFO 13728 --- [   scheduling-1] c.omar.database3.scheduled.BookWatcher   : There are 0 many books in the database
2024-05-19T12:32:52.796+02:00  INFO 13728 --- [   scheduling-1] c.omar.database3.scheduled.BookWatcher   : Go to the Postman ----------->
2024-05-19T12:32:52.796+02:00  INFO 13728 --- [   scheduling-1] c.omar.database3.scheduled.BookWatcher   : Use: Get, Put, Patch, Delete
2024-05-19T12:32:52.811+02:00  INFO 13728 --- [           main] j.LocalContainerEntityManagerFactoryBean : Closing JPA EntityManagerFactory for persistence unit 'default'
2024-05-19T12:32:52.813+02:00  INFO 13728 --- [           main] com.zaxxer.hikari.HikariDataSource       : HikariPool-14 - Shutdown initiated...
2024-05-19T12:32:52.817+02:00  INFO 13728 --- [           main] com.zaxxer.hikari.HikariDataSource       : HikariPool-14 - Shutdown completed.
]]></system-out>
  </testcase>
</testsuite>