<?xml version="1.0" encoding="UTF-8"?>
<testsuite xmlns:xsi="http://www.w3.org/2001/XMLSchema-instance" xsi:noNamespaceSchemaLocation="https://maven.apache.org/surefire/maven-surefire-plugin/xsd/surefire-test-report-3.0.xsd" version="3.0" name="com.omar.database3.controllers.AuthorControllerIntegrationTest" time="24.185" tests="14" errors="0" skipped="0" failures="0">
  <properties>
    <property name="java.specification.version" value="17"/>
    <property name="sun.cpu.isalist" value="amd64"/>
    <property name="sun.jnu.encoding" value="Cp1252"/>
    <property name="java.class.path" value="D:\RestAPI\target\test-classes;D:\RestAPI\target\classes;C:\Users\omars\.m2\repository\org\springframework\boot\spring-boot-starter-data-jpa\3.3.0-M3\spring-boot-starter-data-jpa-3.3.0-M3.jar;C:\Users\omars\.m2\repository\org\springframework\boot\spring-boot-starter-aop\3.3.0-M3\spring-boot-starter-aop-3.3.0-M3.jar;C:\Users\omars\.m2\repository\org\springframework\spring-aop\6.1.5\spring-aop-6.1.5.jar;C:\Users\omars\.m2\repository\org\aspectj\aspectjweaver\1.9.21\aspectjweaver-1.9.21.jar;C:\Users\omars\.m2\repository\org\springframework\boot\spring-boot-starter-jdbc\3.3.0-M3\spring-boot-starter-jdbc-3.3.0-M3.jar;C:\Users\omars\.m2\repository\com\zaxxer\HikariCP\5.1.0\HikariCP-5.1.0.jar;C:\Users\omars\.m2\repository\org\springframework\spring-jdbc\6.1.5\spring-jdbc-6.1.5.jar;C:\Users\omars\.m2\repository\org\hibernate\orm\hibernate-core\6.4.4.Final\hibernate-core-6.4.4.Final.jar;C:\Users\omars\.m2\repository\jakarta\persistence\jakarta.persistence-api\3.1.0\jakarta.persistence-api-3.1.0.jar;C:\Users\omars\.m2\repository\jakarta\transaction\jakarta.transaction-api\2.0.1\jakarta.transaction-api-2.0.1.jar;C:\Users\omars\.m2\repository\org\jboss\logging\jboss-logging\3.5.3.Final\jboss-logging-3.5.3.Final.jar;C:\Users\omars\.m2\repository\org\hibernate\common\hibernate-commons-annotations\6.0.6.Final\hibernate-commons-annotations-6.0.6.Final.jar;C:\Users\omars\.m2\repository\io\smallrye\jandex\3.1.2\jandex-3.1.2.jar;C:\Users\omars\.m2\repository\com\fasterxml\classmate\1.7.0\classmate-1.7.0.jar;C:\Users\omars\.m2\repository\net\bytebuddy\byte-buddy\1.14.12\byte-buddy-1.14.12.jar;C:\Users\omars\.m2\repository\org\glassfish\jaxb\jaxb-runtime\4.0.5\jaxb-runtime-4.0.5.jar;C:\Users\omars\.m2\repository\org\glassfish\jaxb\jaxb-core\4.0.5\jaxb-core-4.0.5.jar;C:\Users\omars\.m2\repository\org\eclipse\angus\angus-activation\2.0.2\angus-activation-2.0.2.jar;C:\Users\omars\.m2\repository\org\glassfish\jaxb\txw2\4.0.5\txw2-4.0.5.jar;C:\Users\omars\.m2\repository\com\sun\istack\istack-commons-runtime\4.1.2\istack-commons-runtime-4.1.2.jar;C:\Users\omars\.m2\repository\jakarta\inject\jakarta.inject-api\2.0.1\jakarta.inject-api-2.0.1.jar;C:\Users\omars\.m2\repository\org\antlr\antlr4-runtime\4.13.0\antlr4-runtime-4.13.0.jar;C:\Users\omars\.m2\repository\org\springframework\data\spring-data-jpa\3.3.0-M2\spring-data-jpa-3.3.0-M2.jar;C:\Users\omars\.m2\repository\org\springframework\data\spring-data-commons\3.3.0-M2\spring-data-commons-3.3.0-M2.jar;C:\Users\omars\.m2\repository\org\springframework\spring-orm\6.1.5\spring-orm-6.1.5.jar;C:\Users\omars\.m2\repository\org\springframework\spring-context\6.1.5\spring-context-6.1.5.jar;C:\Users\omars\.m2\repository\org\springframework\spring-tx\6.1.5\spring-tx-6.1.5.jar;C:\Users\omars\.m2\repository\org\springframework\spring-beans\6.1.5\spring-beans-6.1.5.jar;C:\Users\omars\.m2\repository\jakarta\annotation\jakarta.annotation-api\2.1.1\jakarta.annotation-api-2.1.1.jar;C:\Users\omars\.m2\repository\org\slf4j\slf4j-api\2.0.12\slf4j-api-2.0.12.jar;C:\Users\omars\.m2\repository\org\springframework\spring-aspects\6.1.5\spring-aspects-6.1.5.jar;C:\Users\omars\.m2\repository\org\springframework\boot\spring-boot-starter-web\3.3.0-M3\spring-boot-starter-web-3.3.0-M3.jar;C:\Users\omars\.m2\repository\org\springframework\boot\spring-boot-starter\3.3.0-M3\spring-boot-starter-3.3.0-M3.jar;C:\Users\omars\.m2\repository\org\springframework\boot\spring-boot\3.3.0-M3\spring-boot-3.3.0-M3.jar;C:\Users\omars\.m2\repository\org\springframework\boot\spring-boot-autoconfigure\3.3.0-M3\spring-boot-autoconfigure-3.3.0-M3.jar;C:\Users\omars\.m2\repository\org\springframework\boot\spring-boot-starter-logging\3.3.0-M3\spring-boot-starter-logging-3.3.0-M3.jar;C:\Users\omars\.m2\repository\ch\qos\logback\logback-classic\1.4.14\logback-classic-1.4.14.jar;C:\Users\omars\.m2\repository\ch\qos\logback\logback-core\1.4.14\logback-core-1.4.14.jar;C:\Users\omars\.m2\repository\org\apache\logging\log4j\log4j-to-slf4j\2.23.1\log4j-to-slf4j-2.23.1.jar;C:\Users\omars\.m2\repository\org\apache\logging\log4j\log4j-api\2.23.1\log4j-api-2.23.1.jar;C:\Users\omars\.m2\repository\org\slf4j\jul-to-slf4j\2.0.12\jul-to-slf4j-2.0.12.jar;C:\Users\omars\.m2\repository\org\yaml\snakeyaml\2.2\snakeyaml-2.2.jar;C:\Users\omars\.m2\repository\org\springframework\boot\spring-boot-starter-json\3.3.0-M3\spring-boot-starter-json-3.3.0-M3.jar;C:\Users\omars\.m2\repository\com\fasterxml\jackson\core\jackson-databind\2.17.0\jackson-databind-2.17.0.jar;C:\Users\omars\.m2\repository\com\fasterxml\jackson\core\jackson-annotations\2.17.0\jackson-annotations-2.17.0.jar;C:\Users\omars\.m2\repository\com\fasterxml\jackson\core\jackson-core\2.17.0\jackson-core-2.17.0.jar;C:\Users\omars\.m2\repository\com\fasterxml\jackson\datatype\jackson-datatype-jdk8\2.17.0\jackson-datatype-jdk8-2.17.0.jar;C:\Users\omars\.m2\repository\com\fasterxml\jackson\datatype\jackson-datatype-jsr310\2.17.0\jackson-datatype-jsr310-2.17.0.jar;C:\Users\omars\.m2\repository\com\fasterxml\jackson\module\jackson-module-parameter-names\2.17.0\jackson-module-parameter-names-2.17.0.jar;C:\Users\omars\.m2\repository\org\springframework\boot\spring-boot-starter-tomcat\3.3.0-M3\spring-boot-starter-tomcat-3.3.0-M3.jar;C:\Users\omars\.m2\repository\org\apache\tomcat\embed\tomcat-embed-core\10.1.19\tomcat-embed-core-10.1.19.jar;C:\Users\omars\.m2\repository\org\apache\tomcat\embed\tomcat-embed-el\10.1.19\tomcat-embed-el-10.1.19.jar;C:\Users\omars\.m2\repository\org\apache\tomcat\embed\tomcat-embed-websocket\10.1.19\tomcat-embed-websocket-10.1.19.jar;C:\Users\omars\.m2\repository\org\springframework\spring-web\6.1.5\spring-web-6.1.5.jar;C:\Users\omars\.m2\repository\io\micrometer\micrometer-observation\1.13.0-M2\micrometer-observation-1.13.0-M2.jar;C:\Users\omars\.m2\repository\io\micrometer\micrometer-commons\1.13.0-M2\micrometer-commons-1.13.0-M2.jar;C:\Users\omars\.m2\repository\org\springframework\spring-webmvc\6.1.5\spring-webmvc-6.1.5.jar;C:\Users\omars\.m2\repository\org\springframework\spring-expression\6.1.5\spring-expression-6.1.5.jar;C:\Users\omars\.m2\repository\org\modelmapper\modelmapper\3.0.0\modelmapper-3.0.0.jar;C:\Users\omars\.m2\repository\org\postgresql\postgresql\42.7.3\postgresql-42.7.3.jar;C:\Users\omars\.m2\repository\org\checkerframework\checker-qual\3.42.0\checker-qual-3.42.0.jar;C:\Users\omars\.m2\repository\org\projectlombok\lombok\1.18.30\lombok-1.18.30.jar;C:\Users\omars\.m2\repository\org\springframework\boot\spring-boot-starter-test\3.3.0-M3\spring-boot-starter-test-3.3.0-M3.jar;C:\Users\omars\.m2\repository\org\springframework\boot\spring-boot-test\3.3.0-M3\spring-boot-test-3.3.0-M3.jar;C:\Users\omars\.m2\repository\org\springframework\boot\spring-boot-test-autoconfigure\3.3.0-M3\spring-boot-test-autoconfigure-3.3.0-M3.jar;C:\Users\omars\.m2\repository\com\jayway\jsonpath\json-path\2.9.0\json-path-2.9.0.jar;C:\Users\omars\.m2\repository\jakarta\xml\bind\jakarta.xml.bind-api\4.0.2\jakarta.xml.bind-api-4.0.2.jar;C:\Users\omars\.m2\repository\jakarta\activation\jakarta.activation-api\2.1.3\jakarta.activation-api-2.1.3.jar;C:\Users\omars\.m2\repository\net\minidev\json-smart\2.5.0\json-smart-2.5.0.jar;C:\Users\omars\.m2\repository\net\minidev\accessors-smart\2.5.0\accessors-smart-2.5.0.jar;C:\Users\omars\.m2\repository\org\ow2\asm\asm\9.3\asm-9.3.jar;C:\Users\omars\.m2\repository\org\assertj\assertj-core\3.25.3\assertj-core-3.25.3.jar;C:\Users\omars\.m2\repository\org\awaitility\awaitility\4.2.0\awaitility-4.2.0.jar;C:\Users\omars\.m2\repository\org\hamcrest\hamcrest\2.2\hamcrest-2.2.jar;C:\Users\omars\.m2\repository\org\junit\jupiter\junit-jupiter\5.10.2\junit-jupiter-5.10.2.jar;C:\Users\omars\.m2\repository\org\junit\jupiter\junit-jupiter-api\5.10.2\junit-jupiter-api-5.10.2.jar;C:\Users\omars\.m2\repository\org\opentest4j\opentest4j\1.3.0\opentest4j-1.3.0.jar;C:\Users\omars\.m2\repository\org\junit\platform\junit-platform-commons\1.10.2\junit-platform-commons-1.10.2.jar;C:\Users\omars\.m2\repository\org\apiguardian\apiguardian-api\1.1.2\apiguardian-api-1.1.2.jar;C:\Users\omars\.m2\repository\org\junit\jupiter\junit-jupiter-params\5.10.2\junit-jupiter-params-5.10.2.jar;C:\Users\omars\.m2\repository\org\junit\jupiter\junit-jupiter-engine\5.10.2\junit-jupiter-engine-5.10.2.jar;C:\Users\omars\.m2\repository\org\junit\platform\junit-platform-engine\1.10.2\junit-platform-engine-1.10.2.jar;C:\Users\omars\.m2\repository\org\mockito\mockito-core\5.11.0\mockito-core-5.11.0.jar;C:\Users\omars\.m2\repository\net\bytebuddy\byte-buddy-agent\1.14.12\byte-buddy-agent-1.14.12.jar;C:\Users\omars\.m2\repository\org\objenesis\objenesis\3.3\objenesis-3.3.jar;C:\Users\omars\.m2\repository\org\mockito\mockito-junit-jupiter\5.11.0\mockito-junit-jupiter-5.11.0.jar;C:\Users\omars\.m2\repository\org\skyscreamer\jsonassert\1.5.1\jsonassert-1.5.1.jar;C:\Users\omars\.m2\repository\com\vaadin\external\google\android-json\0.0.20131108.vaadin1\android-json-0.0.20131108.vaadin1.jar;C:\Users\omars\.m2\repository\org\springframework\spring-core\6.1.5\spring-core-6.1.5.jar;C:\Users\omars\.m2\repository\org\springframework\spring-jcl\6.1.5\spring-jcl-6.1.5.jar;C:\Users\omars\.m2\repository\org\springframework\spring-test\6.1.5\spring-test-6.1.5.jar;C:\Users\omars\.m2\repository\org\xmlunit\xmlunit-core\2.9.1\xmlunit-core-2.9.1.jar;C:\Users\omars\.m2\repository\com\h2database\h2\2.2.224\h2-2.2.224.jar;C:\Users\omars\.m2\repository\junit\junit\4.13.2\junit-4.13.2.jar;C:\Users\omars\.m2\repository\org\hamcrest\hamcrest-core\2.2\hamcrest-core-2.2.jar;"/>
    <property name="java.vm.vendor" value="Oracle Corporation"/>
    <property name="sun.arch.data.model" value="64"/>
    <property name="user.variant" value=""/>
    <property name="java.vendor.url" value="https://java.oracle.com/"/>
    <property name="user.timezone" value="Europe/Budapest"/>
    <property name="org.jboss.logging.provider" value="slf4j"/>
    <property name="os.name" value="Windows 11"/>
    <property name="java.vm.specification.version" value="17"/>
    <property name="sun.java.launcher" value="SUN_STANDARD"/>
    <property name="user.country" value="US"/>
    <property name="sun.boot.library.path" value="C:\Users\omars\tools\jdk-17\bin"/>
    <property name="sun.java.command" value="C:\Users\omars\AppData\Local\Temp\surefire1012551457307331434\surefirebooter-20240519114052105_3.jar C:\Users\omars\AppData\Local\Temp\surefire1012551457307331434 2024-05-19T11-40-51_964-jvmRun1 surefire-20240519114052105_1tmp surefire_0-20240519114052105_2tmp"/>
    <property name="jdk.debug" value="release"/>
    <property name="surefire.test.class.path" value="D:\RestAPI\target\test-classes;D:\RestAPI\target\classes;C:\Users\omars\.m2\repository\org\springframework\boot\spring-boot-starter-data-jpa\3.3.0-M3\spring-boot-starter-data-jpa-3.3.0-M3.jar;C:\Users\omars\.m2\repository\org\springframework\boot\spring-boot-starter-aop\3.3.0-M3\spring-boot-starter-aop-3.3.0-M3.jar;C:\Users\omars\.m2\repository\org\springframework\spring-aop\6.1.5\spring-aop-6.1.5.jar;C:\Users\omars\.m2\repository\org\aspectj\aspectjweaver\1.9.21\aspectjweaver-1.9.21.jar;C:\Users\omars\.m2\repository\org\springframework\boot\spring-boot-starter-jdbc\3.3.0-M3\spring-boot-starter-jdbc-3.3.0-M3.jar;C:\Users\omars\.m2\repository\com\zaxxer\HikariCP\5.1.0\HikariCP-5.1.0.jar;C:\Users\omars\.m2\repository\org\springframework\spring-jdbc\6.1.5\spring-jdbc-6.1.5.jar;C:\Users\omars\.m2\repository\org\hibernate\orm\hibernate-core\6.4.4.Final\hibernate-core-6.4.4.Final.jar;C:\Users\omars\.m2\repository\jakarta\persistence\jakarta.persistence-api\3.1.0\jakarta.persistence-api-3.1.0.jar;C:\Users\omars\.m2\repository\jakarta\transaction\jakarta.transaction-api\2.0.1\jakarta.transaction-api-2.0.1.jar;C:\Users\omars\.m2\repository\org\jboss\logging\jboss-logging\3.5.3.Final\jboss-logging-3.5.3.Final.jar;C:\Users\omars\.m2\repository\org\hibernate\common\hibernate-commons-annotations\6.0.6.Final\hibernate-commons-annotations-6.0.6.Final.jar;C:\Users\omars\.m2\repository\io\smallrye\jandex\3.1.2\jandex-3.1.2.jar;C:\Users\omars\.m2\repository\com\fasterxml\classmate\1.7.0\classmate-1.7.0.jar;C:\Users\omars\.m2\repository\net\bytebuddy\byte-buddy\1.14.12\byte-buddy-1.14.12.jar;C:\Users\omars\.m2\repository\org\glassfish\jaxb\jaxb-runtime\4.0.5\jaxb-runtime-4.0.5.jar;C:\Users\omars\.m2\repository\org\glassfish\jaxb\jaxb-core\4.0.5\jaxb-core-4.0.5.jar;C:\Users\omars\.m2\repository\org\eclipse\angus\angus-activation\2.0.2\angus-activation-2.0.2.jar;C:\Users\omars\.m2\repository\org\glassfish\jaxb\txw2\4.0.5\txw2-4.0.5.jar;C:\Users\omars\.m2\repository\com\sun\istack\istack-commons-runtime\4.1.2\istack-commons-runtime-4.1.2.jar;C:\Users\omars\.m2\repository\jakarta\inject\jakarta.inject-api\2.0.1\jakarta.inject-api-2.0.1.jar;C:\Users\omars\.m2\repository\org\antlr\antlr4-runtime\4.13.0\antlr4-runtime-4.13.0.jar;C:\Users\omars\.m2\repository\org\springframework\data\spring-data-jpa\3.3.0-M2\spring-data-jpa-3.3.0-M2.jar;C:\Users\omars\.m2\repository\org\springframework\data\spring-data-commons\3.3.0-M2\spring-data-commons-3.3.0-M2.jar;C:\Users\omars\.m2\repository\org\springframework\spring-orm\6.1.5\spring-orm-6.1.5.jar;C:\Users\omars\.m2\repository\org\springframework\spring-context\6.1.5\spring-context-6.1.5.jar;C:\Users\omars\.m2\repository\org\springframework\spring-tx\6.1.5\spring-tx-6.1.5.jar;C:\Users\omars\.m2\repository\org\springframework\spring-beans\6.1.5\spring-beans-6.1.5.jar;C:\Users\omars\.m2\repository\jakarta\annotation\jakarta.annotation-api\2.1.1\jakarta.annotation-api-2.1.1.jar;C:\Users\omars\.m2\repository\org\slf4j\slf4j-api\2.0.12\slf4j-api-2.0.12.jar;C:\Users\omars\.m2\repository\org\springframework\spring-aspects\6.1.5\spring-aspects-6.1.5.jar;C:\Users\omars\.m2\repository\org\springframework\boot\spring-boot-starter-web\3.3.0-M3\spring-boot-starter-web-3.3.0-M3.jar;C:\Users\omars\.m2\repository\org\springframework\boot\spring-boot-starter\3.3.0-M3\spring-boot-starter-3.3.0-M3.jar;C:\Users\omars\.m2\repository\org\springframework\boot\spring-boot\3.3.0-M3\spring-boot-3.3.0-M3.jar;C:\Users\omars\.m2\repository\org\springframework\boot\spring-boot-autoconfigure\3.3.0-M3\spring-boot-autoconfigure-3.3.0-M3.jar;C:\Users\omars\.m2\repository\org\springframework\boot\spring-boot-starter-logging\3.3.0-M3\spring-boot-starter-logging-3.3.0-M3.jar;C:\Users\omars\.m2\repository\ch\qos\logback\logback-classic\1.4.14\logback-classic-1.4.14.jar;C:\Users\omars\.m2\repository\ch\qos\logback\logback-core\1.4.14\logback-core-1.4.14.jar;C:\Users\omars\.m2\repository\org\apache\logging\log4j\log4j-to-slf4j\2.23.1\log4j-to-slf4j-2.23.1.jar;C:\Users\omars\.m2\repository\org\apache\logging\log4j\log4j-api\2.23.1\log4j-api-2.23.1.jar;C:\Users\omars\.m2\repository\org\slf4j\jul-to-slf4j\2.0.12\jul-to-slf4j-2.0.12.jar;C:\Users\omars\.m2\repository\org\yaml\snakeyaml\2.2\snakeyaml-2.2.jar;C:\Users\omars\.m2\repository\org\springframework\boot\spring-boot-starter-json\3.3.0-M3\spring-boot-starter-json-3.3.0-M3.jar;C:\Users\omars\.m2\repository\com\fasterxml\jackson\core\jackson-databind\2.17.0\jackson-databind-2.17.0.jar;C:\Users\omars\.m2\repository\com\fasterxml\jackson\core\jackson-annotations\2.17.0\jackson-annotations-2.17.0.jar;C:\Users\omars\.m2\repository\com\fasterxml\jackson\core\jackson-core\2.17.0\jackson-core-2.17.0.jar;C:\Users\omars\.m2\repository\com\fasterxml\jackson\datatype\jackson-datatype-jdk8\2.17.0\jackson-datatype-jdk8-2.17.0.jar;C:\Users\omars\.m2\repository\com\fasterxml\jackson\datatype\jackson-datatype-jsr310\2.17.0\jackson-datatype-jsr310-2.17.0.jar;C:\Users\omars\.m2\repository\com\fasterxml\jackson\module\jackson-module-parameter-names\2.17.0\jackson-module-parameter-names-2.17.0.jar;C:\Users\omars\.m2\repository\org\springframework\boot\spring-boot-starter-tomcat\3.3.0-M3\spring-boot-starter-tomcat-3.3.0-M3.jar;C:\Users\omars\.m2\repository\org\apache\tomcat\embed\tomcat-embed-core\10.1.19\tomcat-embed-core-10.1.19.jar;C:\Users\omars\.m2\repository\org\apache\tomcat\embed\tomcat-embed-el\10.1.19\tomcat-embed-el-10.1.19.jar;C:\Users\omars\.m2\repository\org\apache\tomcat\embed\tomcat-embed-websocket\10.1.19\tomcat-embed-websocket-10.1.19.jar;C:\Users\omars\.m2\repository\org\springframework\spring-web\6.1.5\spring-web-6.1.5.jar;C:\Users\omars\.m2\repository\io\micrometer\micrometer-observation\1.13.0-M2\micrometer-observation-1.13.0-M2.jar;C:\Users\omars\.m2\repository\io\micrometer\micrometer-commons\1.13.0-M2\micrometer-commons-1.13.0-M2.jar;C:\Users\omars\.m2\repository\org\springframework\spring-webmvc\6.1.5\spring-webmvc-6.1.5.jar;C:\Users\omars\.m2\repository\org\springframework\spring-expression\6.1.5\spring-expression-6.1.5.jar;C:\Users\omars\.m2\repository\org\modelmapper\modelmapper\3.0.0\modelmapper-3.0.0.jar;C:\Users\omars\.m2\repository\org\postgresql\postgresql\42.7.3\postgresql-42.7.3.jar;C:\Users\omars\.m2\repository\org\checkerframework\checker-qual\3.42.0\checker-qual-3.42.0.jar;C:\Users\omars\.m2\repository\org\projectlombok\lombok\1.18.30\lombok-1.18.30.jar;C:\Users\omars\.m2\repository\org\springframework\boot\spring-boot-starter-test\3.3.0-M3\spring-boot-starter-test-3.3.0-M3.jar;C:\Users\omars\.m2\repository\org\springframework\boot\spring-boot-test\3.3.0-M3\spring-boot-test-3.3.0-M3.jar;C:\Users\omars\.m2\repository\org\springframework\boot\spring-boot-test-autoconfigure\3.3.0-M3\spring-boot-test-autoconfigure-3.3.0-M3.jar;C:\Users\omars\.m2\repository\com\jayway\jsonpath\json-path\2.9.0\json-path-2.9.0.jar;C:\Users\omars\.m2\repository\jakarta\xml\bind\jakarta.xml.bind-api\4.0.2\jakarta.xml.bind-api-4.0.2.jar;C:\Users\omars\.m2\repository\jakarta\activation\jakarta.activation-api\2.1.3\jakarta.activation-api-2.1.3.jar;C:\Users\omars\.m2\repository\net\minidev\json-smart\2.5.0\json-smart-2.5.0.jar;C:\Users\omars\.m2\repository\net\minidev\accessors-smart\2.5.0\accessors-smart-2.5.0.jar;C:\Users\omars\.m2\repository\org\ow2\asm\asm\9.3\asm-9.3.jar;C:\Users\omars\.m2\repository\org\assertj\assertj-core\3.25.3\assertj-core-3.25.3.jar;C:\Users\omars\.m2\repository\org\awaitility\awaitility\4.2.0\awaitility-4.2.0.jar;C:\Users\omars\.m2\repository\org\hamcrest\hamcrest\2.2\hamcrest-2.2.jar;C:\Users\omars\.m2\repository\org\junit\jupiter\junit-jupiter\5.10.2\junit-jupiter-5.10.2.jar;C:\Users\omars\.m2\repository\org\junit\jupiter\junit-jupiter-api\5.10.2\junit-jupiter-api-5.10.2.jar;C:\Users\omars\.m2\repository\org\opentest4j\opentest4j\1.3.0\opentest4j-1.3.0.jar;C:\Users\omars\.m2\repository\org\junit\platform\junit-platform-commons\1.10.2\junit-platform-commons-1.10.2.jar;C:\Users\omars\.m2\repository\org\apiguardian\apiguardian-api\1.1.2\apiguardian-api-1.1.2.jar;C:\Users\omars\.m2\repository\org\junit\jupiter\junit-jupiter-params\5.10.2\junit-jupiter-params-5.10.2.jar;C:\Users\omars\.m2\repository\org\junit\jupiter\junit-jupiter-engine\5.10.2\junit-jupiter-engine-5.10.2.jar;C:\Users\omars\.m2\repository\org\junit\platform\junit-platform-engine\1.10.2\junit-platform-engine-1.10.2.jar;C:\Users\omars\.m2\repository\org\mockito\mockito-core\5.11.0\mockito-core-5.11.0.jar;C:\Users\omars\.m2\repository\net\bytebuddy\byte-buddy-agent\1.14.12\byte-buddy-agent-1.14.12.jar;C:\Users\omars\.m2\repository\org\objenesis\objenesis\3.3\objenesis-3.3.jar;C:\Users\omars\.m2\repository\org\mockito\mockito-junit-jupiter\5.11.0\mockito-junit-jupiter-5.11.0.jar;C:\Users\omars\.m2\repository\org\skyscreamer\jsonassert\1.5.1\jsonassert-1.5.1.jar;C:\Users\omars\.m2\repository\com\vaadin\external\google\android-json\0.0.20131108.vaadin1\android-json-0.0.20131108.vaadin1.jar;C:\Users\omars\.m2\repository\org\springframework\spring-core\6.1.5\spring-core-6.1.5.jar;C:\Users\omars\.m2\repository\org\springframework\spring-jcl\6.1.5\spring-jcl-6.1.5.jar;C:\Users\omars\.m2\repository\org\springframework\spring-test\6.1.5\spring-test-6.1.5.jar;C:\Users\omars\.m2\repository\org\xmlunit\xmlunit-core\2.9.1\xmlunit-core-2.9.1.jar;C:\Users\omars\.m2\repository\com\h2database\h2\2.2.224\h2-2.2.224.jar;C:\Users\omars\.m2\repository\junit\junit\4.13.2\junit-4.13.2.jar;C:\Users\omars\.m2\repository\org\hamcrest\hamcrest-core\2.2\hamcrest-core-2.2.jar;"/>
    <property name="sun.cpu.endian" value="little"/>
    <property name="user.home" value="C:\Users\omars"/>
    <property name="user.language" value="en"/>
    <property name="java.specification.vendor" value="Oracle Corporation"/>
    <property name="java.version.date" value="2023-07-18"/>
    <property name="java.home" value="C:\Users\omars\tools\jdk-17"/>
    <property name="file.separator" value="\"/>
    <property name="basedir" value="D:\RestAPI"/>
    <property name="java.vm.compressedOopsMode" value="32-bit"/>
    <property name="line.separator" value="&#10;"/>
    <property name="java.vm.specification.vendor" value="Oracle Corporation"/>
    <property name="java.specification.name" value="Java Platform API Specification"/>
    <property name="FILE_LOG_CHARSET" value="windows-1252"/>
    <property name="java.awt.headless" value="true"/>
    <property name="surefire.real.class.path" value="C:\Users\omars\AppData\Local\Temp\surefire1012551457307331434\surefirebooter-20240519114052105_3.jar"/>
    <property name="user.script" value=""/>
    <property name="sun.management.compiler" value="HotSpot 64-Bit Tiered Compilers"/>
    <property name="java.runtime.version" value="17.0.8+9-LTS-211"/>
    <property name="user.name" value="omars"/>
    <property name="path.separator" value=";"/>
    <property name="os.version" value="10.0"/>
    <property name="java.runtime.name" value="Java(TM) SE Runtime Environment"/>
    <property name="file.encoding" value="Cp1252"/>
    <property name="java.vm.name" value="Java HotSpot(TM) 64-Bit Server VM"/>
    <property name="localRepository" value="C:\Users\omars\.m2\repository"/>
    <property name="java.vendor.url.bug" value="https://bugreport.java.com/bugreport/"/>
    <property name="java.io.tmpdir" value="C:\Users\omars\AppData\Local\Temp\"/>
    <property name="idea.version" value="2023.2.2"/>
    <property name="com.zaxxer.hikari.pool_number" value="14"/>
    <property name="java.version" value="17.0.8"/>
    <property name="user.dir" value="D:\RestAPI"/>
    <property name="os.arch" value="amd64"/>
    <property name="java.vm.specification.name" value="Java Virtual Machine Specification"/>
    <property name="PID" value="4876"/>
    <property name="sun.os.patch.level" value=""/>
    <property name="CONSOLE_LOG_CHARSET" value="windows-1252"/>
    <property name="native.encoding" value="Cp1252"/>
    <property name="java.library.path" value="C:\Users\omars\tools\jdk-17\bin;C:\WINDOWS\Sun\Java\bin;C:\WINDOWS\system32;C:\WINDOWS;C:\Program Files\Eclipse Adoptium\jdk-21.0.2.13-hotspot\bin;C:\Program Files (x86)\OpenLogic\jre-8.0.382.05-hotspot\bin;C:\Program Files\Common Files\Oracle\Java\javapath;C:\Program Files (x86)\Common Files\Oracle\Java\javapath;C:\WINDOWS\system32;C:\WINDOWS;C:\WINDOWS\System32\Wbem;C:\WINDOWS\System32\WindowsPowerShell\v1.0\;C:\WINDOWS\System32\OpenSSH\;C:\Program Files\Git\cmd;C:\Users\omars\tools\jdk-17\bin;C:\Users\omars\tools\apache-maven-3.9.4\bin;C:\Program Files (x86)\Microsoft SQL Server\160\DTS\Binn\;C:\Program Files\PuTTY\;C:\Program Files\Docker\Docker\resources\bin;C:\Program Files\dotnet\;C:\Users\omars\AppData\Local\Microsoft\WindowsApps;C:\Program Files\JetBrains\PyCharm Community Edition 2022.3\bin;C:\Users\omars\AppData\Local\Programs\Microsoft VS Code\bin;C:\Users\omars\AppData\Local\GitHubDesktop\bin;C:\Program Files\Azure Data Studio\bin;C:\Program Files\Markdown Monster;."/>
    <property name="java.vm.info" value="mixed mode, sharing"/>
    <property name="java.vendor" value="Oracle Corporation"/>
    <property name="java.vm.version" value="17.0.8+9-LTS-211"/>
    <property name="sun.io.unicode.encoding" value="UnicodeLittle"/>
    <property name="java.class.version" value="61.0"/>
  </properties>
  <testcase name="testThatGetUpdateAuthorReturnsHttpStatus200WhenAuthorExist" classname="com.omar.database3.controllers.AuthorControllerIntegrationTest" time="1.5">
    <system-out><![CDATA[11:40:54.041 [main] INFO org.springframework.test.context.support.AnnotationConfigContextLoaderUtils -- Could not detect default configuration classes for test class [com.omar.database3.controllers.AuthorControllerIntegrationTest]: AuthorControllerIntegrationTest does not declare any static, non-private, non-final, nested classes annotated with @Configuration.
11:40:54.428 [main] INFO org.springframework.boot.test.context.SpringBootTestContextBootstrapper -- Found @SpringBootConfiguration com.omar.database3.BooksApiApplication for test class com.omar.database3.controllers.AuthorControllerIntegrationTest
  .   ____          _            __ _ _
 /\\ / ___'_ __ _ _(_)_ __  __ _ \ \ \ \
( ( )\___ | '_ | '_| | '_ \/ _` | \ \ \ \
 \\/  ___)| |_)| | | | | || (_| |  ) ) ) )
  '  |____| .__|_| |_|_| |_\__, | / / / /
 =========|_|==============|___/=/_/_/_/

 :: Spring Boot ::             (v3.3.0-M3)

2024-05-19T11:40:56.636+02:00  INFO 4876 --- [           main] c.o.d.c.AuthorControllerIntegrationTest  : Starting AuthorControllerIntegrationTest using Java 17.0.8 with PID 4876 (started by omars in D:\RestAPI)
2024-05-19T11:40:56.640+02:00  INFO 4876 --- [           main] c.o.d.c.AuthorControllerIntegrationTest  : No active profile set, falling back to 1 default profile: "default"
2024-05-19T11:40:58.181+02:00  INFO 4876 --- [           main] .s.d.r.c.RepositoryConfigurationDelegate : Bootstrapping Spring Data JPA repositories in DEFAULT mode.
2024-05-19T11:40:58.309+02:00  INFO 4876 --- [           main] .s.d.r.c.RepositoryConfigurationDelegate : Finished Spring Data repository scanning in 97 ms. Found 2 JPA repository interfaces.
2024-05-19T11:40:59.303+02:00  INFO 4876 --- [           main] com.zaxxer.hikari.HikariDataSource       : HikariPool-1 - Starting...
2024-05-19T11:40:59.875+02:00  INFO 4876 --- [           main] com.zaxxer.hikari.pool.HikariPool        : HikariPool-1 - Added connection conn0: url=jdbc:h2:mem:testdb user=SA
2024-05-19T11:40:59.878+02:00  INFO 4876 --- [           main] com.zaxxer.hikari.HikariDataSource       : HikariPool-1 - Start completed.
2024-05-19T11:40:59.995+02:00  INFO 4876 --- [           main] o.hibernate.jpa.internal.util.LogHelper  : HHH000204: Processing PersistenceUnitInfo [name: default]
2024-05-19T11:41:00.204+02:00  INFO 4876 --- [           main] org.hibernate.Version                    : HHH000412: Hibernate ORM core version 6.4.4.Final
2024-05-19T11:41:00.307+02:00  INFO 4876 --- [           main] o.h.c.internal.RegionFactoryInitiator    : HHH000026: Second-level cache disabled
2024-05-19T11:41:01.323+02:00  INFO 4876 --- [           main] o.s.o.j.p.SpringPersistenceUnitInfo      : No LoadTimeWeaver setup: ignoring JPA class transformer
2024-05-19T11:41:04.360+02:00  INFO 4876 --- [           main] o.h.e.t.j.p.i.JtaPlatformInitiator       : HHH000489: No JTA platform available (set 'hibernate.transaction.jta.platform' to enable JTA platform integration)
2024-05-19T11:41:04.474+02:00  INFO 4876 --- [           main] j.LocalContainerEntityManagerFactoryBean : Initialized JPA EntityManagerFactory for persistence unit 'default'
2024-05-19T11:41:05.707+02:00  WARN 4876 --- [           main] JpaBaseConfiguration$JpaWebConfiguration : spring.jpa.open-in-view is enabled by default. Therefore, database queries may be performed during view rendering. Explicitly configure spring.jpa.open-in-view to disable this warning
2024-05-19T11:41:06.617+02:00  INFO 4876 --- [           main] o.s.b.t.m.w.SpringBootMockServletContext : Initializing Spring TestDispatcherServlet ''
2024-05-19T11:41:06.618+02:00  INFO 4876 --- [           main] o.s.t.web.servlet.TestDispatcherServlet  : Initializing Servlet ''
2024-05-19T11:41:06.622+02:00  INFO 4876 --- [           main] o.s.t.web.servlet.TestDispatcherServlet  : Completed initialization in 2 ms
2024-05-19T11:41:06.657+02:00  INFO 4876 --- [           main] c.o.d.c.AuthorControllerIntegrationTest  : Started AuthorControllerIntegrationTest in 11.474 seconds (process running for 14.404)
2024-05-19T11:41:07.515+02:00  INFO 4876 --- [   scheduling-1] c.o.database3.scheduled.AuthorWatcher    : There are 0 many authors in the database
2024-05-19T11:41:07.525+02:00  INFO 4876 --- [   scheduling-1] c.omar.database3.scheduled.BookWatcher   : There are 0 many books in the database
2024-05-19T11:41:07.526+02:00  INFO 4876 --- [   scheduling-1] c.omar.database3.scheduled.BookWatcher   : Go to the Postman ----------->
2024-05-19T11:41:07.526+02:00  INFO 4876 --- [   scheduling-1] c.omar.database3.scheduled.BookWatcher   : Use: Get, Put, Patch, Delete
2024-05-19T11:41:08.184+02:00  INFO 4876 --- [           main] j.LocalContainerEntityManagerFactoryBean : Closing JPA EntityManagerFactory for persistence unit 'default'
2024-05-19T11:41:08.190+02:00  INFO 4876 --- [           main] com.zaxxer.hikari.HikariDataSource       : HikariPool-1 - Shutdown initiated...
2024-05-19T11:41:08.193+02:00  INFO 4876 --- [           main] com.zaxxer.hikari.HikariDataSource       : HikariPool-1 - Shutdown completed.
]]></system-out>
  </testcase>
  <testcase name="testThatGetPartialUpdateAuthorReturnsHttpStatus200Ok" classname="com.omar.database3.controllers.AuthorControllerIntegrationTest" time="0.081">
    <system-out><![CDATA[  .   ____          _            __ _ _
 /\\ / ___'_ __ _ _(_)_ __  __ _ \ \ \ \
( ( )\___ | '_ | '_| | '_ \/ _` | \ \ \ \
 \\/  ___)| |_)| | | | | || (_| |  ) ) ) )
  '  |____| .__|_| |_|_| |_\__, | / / / /
 =========|_|==============|___/=/_/_/_/

 :: Spring Boot ::             (v3.3.0-M3)

2024-05-19T11:41:08.238+02:00  INFO 4876 --- [           main] c.o.d.c.AuthorControllerIntegrationTest  : Starting AuthorControllerIntegrationTest using Java 17.0.8 with PID 4876 (started by omars in D:\RestAPI)
2024-05-19T11:41:08.238+02:00  INFO 4876 --- [           main] c.o.d.c.AuthorControllerIntegrationTest  : No active profile set, falling back to 1 default profile: "default"
2024-05-19T11:41:08.523+02:00  INFO 4876 --- [           main] .s.d.r.c.RepositoryConfigurationDelegate : Bootstrapping Spring Data JPA repositories in DEFAULT mode.
2024-05-19T11:41:08.540+02:00  INFO 4876 --- [           main] .s.d.r.c.RepositoryConfigurationDelegate : Finished Spring Data repository scanning in 16 ms. Found 2 JPA repository interfaces.
2024-05-19T11:41:08.662+02:00  INFO 4876 --- [           main] com.zaxxer.hikari.HikariDataSource       : HikariPool-2 - Starting...
2024-05-19T11:41:08.664+02:00  INFO 4876 --- [           main] com.zaxxer.hikari.pool.HikariPool        : HikariPool-2 - Added connection conn10: url=jdbc:h2:mem:testdb user=SA
2024-05-19T11:41:08.664+02:00  INFO 4876 --- [           main] com.zaxxer.hikari.HikariDataSource       : HikariPool-2 - Start completed.
2024-05-19T11:41:08.667+02:00  INFO 4876 --- [           main] o.hibernate.jpa.internal.util.LogHelper  : HHH000204: Processing PersistenceUnitInfo [name: default]
2024-05-19T11:41:08.673+02:00  INFO 4876 --- [           main] o.h.c.internal.RegionFactoryInitiator    : HHH000026: Second-level cache disabled
2024-05-19T11:41:08.680+02:00  INFO 4876 --- [           main] o.s.o.j.p.SpringPersistenceUnitInfo      : No LoadTimeWeaver setup: ignoring JPA class transformer
2024-05-19T11:41:08.770+02:00  INFO 4876 --- [           main] o.h.e.t.j.p.i.JtaPlatformInitiator       : HHH000489: No JTA platform available (set 'hibernate.transaction.jta.platform' to enable JTA platform integration)
2024-05-19T11:41:08.778+02:00  INFO 4876 --- [           main] j.LocalContainerEntityManagerFactoryBean : Initialized JPA EntityManagerFactory for persistence unit 'default'
2024-05-19T11:41:08.923+02:00  WARN 4876 --- [           main] JpaBaseConfiguration$JpaWebConfiguration : spring.jpa.open-in-view is enabled by default. Therefore, database queries may be performed during view rendering. Explicitly configure spring.jpa.open-in-view to disable this warning
2024-05-19T11:41:09.105+02:00  INFO 4876 --- [           main] o.s.b.t.m.w.SpringBootMockServletContext : Initializing Spring TestDispatcherServlet ''
2024-05-19T11:41:09.106+02:00  INFO 4876 --- [           main] o.s.t.web.servlet.TestDispatcherServlet  : Initializing Servlet ''
2024-05-19T11:41:09.107+02:00  INFO 4876 --- [           main] o.s.t.web.servlet.TestDispatcherServlet  : Completed initialization in 1 ms
2024-05-19T11:41:09.116+02:00  INFO 4876 --- [           main] c.o.d.c.AuthorControllerIntegrationTest  : Started AuthorControllerIntegrationTest in 0.907 seconds (process running for 16.863)
2024-05-19T11:41:09.127+02:00  INFO 4876 --- [   scheduling-1] c.o.database3.scheduled.AuthorWatcher    : There are 0 many authors in the database
2024-05-19T11:41:09.133+02:00  INFO 4876 --- [   scheduling-1] c.omar.database3.scheduled.BookWatcher   : There are 0 many books in the database
2024-05-19T11:41:09.134+02:00  INFO 4876 --- [   scheduling-1] c.omar.database3.scheduled.BookWatcher   : Go to the Postman ----------->
2024-05-19T11:41:09.134+02:00  INFO 4876 --- [   scheduling-1] c.omar.database3.scheduled.BookWatcher   : Use: Get, Put, Patch, Delete
2024-05-19T11:41:09.196+02:00  INFO 4876 --- [           main] j.LocalContainerEntityManagerFactoryBean : Closing JPA EntityManagerFactory for persistence unit 'default'
2024-05-19T11:41:09.203+02:00  INFO 4876 --- [           main] com.zaxxer.hikari.HikariDataSource       : HikariPool-2 - Shutdown initiated...
2024-05-19T11:41:09.205+02:00  INFO 4876 --- [           main] com.zaxxer.hikari.HikariDataSource       : HikariPool-2 - Shutdown completed.
]]></system-out>
  </testcase>
  <testcase name="testThatCreateAuthorSuccessfullyReturnsHttp201Created" classname="com.omar.database3.controllers.AuthorControllerIntegrationTest" time="0.036">
    <system-out><![CDATA[  .   ____          _            __ _ _
 /\\ / ___'_ __ _ _(_)_ __  __ _ \ \ \ \
( ( )\___ | '_ | '_| | '_ \/ _` | \ \ \ \
 \\/  ___)| |_)| | | | | || (_| |  ) ) ) )
  '  |____| .__|_| |_|_| |_\__, | / / / /
 =========|_|==============|___/=/_/_/_/

 :: Spring Boot ::             (v3.3.0-M3)

2024-05-19T11:41:09.244+02:00  INFO 4876 --- [           main] c.o.d.c.AuthorControllerIntegrationTest  : Starting AuthorControllerIntegrationTest using Java 17.0.8 with PID 4876 (started by omars in D:\RestAPI)
2024-05-19T11:41:09.245+02:00  INFO 4876 --- [           main] c.o.d.c.AuthorControllerIntegrationTest  : No active profile set, falling back to 1 default profile: "default"
2024-05-19T11:41:09.506+02:00  INFO 4876 --- [           main] .s.d.r.c.RepositoryConfigurationDelegate : Bootstrapping Spring Data JPA repositories in DEFAULT mode.
2024-05-19T11:41:09.524+02:00  INFO 4876 --- [           main] .s.d.r.c.RepositoryConfigurationDelegate : Finished Spring Data repository scanning in 17 ms. Found 2 JPA repository interfaces.
2024-05-19T11:41:09.646+02:00  INFO 4876 --- [           main] com.zaxxer.hikari.HikariDataSource       : HikariPool-3 - Starting...
2024-05-19T11:41:09.648+02:00  INFO 4876 --- [           main] com.zaxxer.hikari.pool.HikariPool        : HikariPool-3 - Added connection conn20: url=jdbc:h2:mem:testdb user=SA
2024-05-19T11:41:09.649+02:00  INFO 4876 --- [           main] com.zaxxer.hikari.HikariDataSource       : HikariPool-3 - Start completed.
2024-05-19T11:41:09.651+02:00  INFO 4876 --- [           main] o.hibernate.jpa.internal.util.LogHelper  : HHH000204: Processing PersistenceUnitInfo [name: default]
2024-05-19T11:41:09.653+02:00  INFO 4876 --- [           main] o.h.c.internal.RegionFactoryInitiator    : HHH000026: Second-level cache disabled
2024-05-19T11:41:09.657+02:00  INFO 4876 --- [           main] o.s.o.j.p.SpringPersistenceUnitInfo      : No LoadTimeWeaver setup: ignoring JPA class transformer
2024-05-19T11:41:09.723+02:00  INFO 4876 --- [           main] o.h.e.t.j.p.i.JtaPlatformInitiator       : HHH000489: No JTA platform available (set 'hibernate.transaction.jta.platform' to enable JTA platform integration)
2024-05-19T11:41:09.731+02:00  INFO 4876 --- [           main] j.LocalContainerEntityManagerFactoryBean : Initialized JPA EntityManagerFactory for persistence unit 'default'
2024-05-19T11:41:09.824+02:00  WARN 4876 --- [           main] JpaBaseConfiguration$JpaWebConfiguration : spring.jpa.open-in-view is enabled by default. Therefore, database queries may be performed during view rendering. Explicitly configure spring.jpa.open-in-view to disable this warning
2024-05-19T11:41:09.996+02:00  INFO 4876 --- [           main] o.s.b.t.m.w.SpringBootMockServletContext : Initializing Spring TestDispatcherServlet ''
2024-05-19T11:41:09.996+02:00  INFO 4876 --- [           main] o.s.t.web.servlet.TestDispatcherServlet  : Initializing Servlet ''
2024-05-19T11:41:09.998+02:00  INFO 4876 --- [           main] o.s.t.web.servlet.TestDispatcherServlet  : Completed initialization in 1 ms
2024-05-19T11:41:10.012+02:00  INFO 4876 --- [           main] c.o.d.c.AuthorControllerIntegrationTest  : Started AuthorControllerIntegrationTest in 0.802 seconds (process running for 17.759)
2024-05-19T11:41:10.021+02:00  INFO 4876 --- [   scheduling-1] c.o.database3.scheduled.AuthorWatcher    : There are 0 many authors in the database
2024-05-19T11:41:10.026+02:00  INFO 4876 --- [   scheduling-1] c.omar.database3.scheduled.BookWatcher   : There are 0 many books in the database
2024-05-19T11:41:10.027+02:00  INFO 4876 --- [   scheduling-1] c.omar.database3.scheduled.BookWatcher   : Go to the Postman ----------->
2024-05-19T11:41:10.028+02:00  INFO 4876 --- [   scheduling-1] c.omar.database3.scheduled.BookWatcher   : Use: Get, Put, Patch, Delete
2024-05-19T11:41:10.052+02:00  INFO 4876 --- [           main] j.LocalContainerEntityManagerFactoryBean : Closing JPA EntityManagerFactory for persistence unit 'default'
2024-05-19T11:41:10.054+02:00  INFO 4876 --- [           main] com.zaxxer.hikari.HikariDataSource       : HikariPool-3 - Shutdown initiated...
2024-05-19T11:41:10.056+02:00  INFO 4876 --- [           main] com.zaxxer.hikari.HikariDataSource       : HikariPool-3 - Shutdown completed.
]]></system-out>
  </testcase>
  <testcase name="testThatGetPartialUpdateAuthorReturnsUpdatedAuthor" classname="com.omar.database3.controllers.AuthorControllerIntegrationTest" time="0.139">
    <system-out><![CDATA[  .   ____          _            __ _ _
 /\\ / ___'_ __ _ _(_)_ __  __ _ \ \ \ \
( ( )\___ | '_ | '_| | '_ \/ _` | \ \ \ \
 \\/  ___)| |_)| | | | | || (_| |  ) ) ) )
  '  |____| .__|_| |_|_| |_\__, | / / / /
 =========|_|==============|___/=/_/_/_/

 :: Spring Boot ::             (v3.3.0-M3)

2024-05-19T11:41:10.087+02:00  INFO 4876 --- [           main] c.o.d.c.AuthorControllerIntegrationTest  : Starting AuthorControllerIntegrationTest using Java 17.0.8 with PID 4876 (started by omars in D:\RestAPI)
2024-05-19T11:41:10.088+02:00  INFO 4876 --- [           main] c.o.d.c.AuthorControllerIntegrationTest  : No active profile set, falling back to 1 default profile: "default"
2024-05-19T11:41:10.305+02:00  INFO 4876 --- [           main] .s.d.r.c.RepositoryConfigurationDelegate : Bootstrapping Spring Data JPA repositories in DEFAULT mode.
2024-05-19T11:41:10.322+02:00  INFO 4876 --- [           main] .s.d.r.c.RepositoryConfigurationDelegate : Finished Spring Data repository scanning in 16 ms. Found 2 JPA repository interfaces.
2024-05-19T11:41:10.422+02:00  INFO 4876 --- [           main] com.zaxxer.hikari.HikariDataSource       : HikariPool-4 - Starting...
2024-05-19T11:41:10.424+02:00  INFO 4876 --- [           main] com.zaxxer.hikari.pool.HikariPool        : HikariPool-4 - Added connection conn30: url=jdbc:h2:mem:testdb user=SA
2024-05-19T11:41:10.425+02:00  INFO 4876 --- [           main] com.zaxxer.hikari.HikariDataSource       : HikariPool-4 - Start completed.
2024-05-19T11:41:10.426+02:00  INFO 4876 --- [           main] o.hibernate.jpa.internal.util.LogHelper  : HHH000204: Processing PersistenceUnitInfo [name: default]
2024-05-19T11:41:10.430+02:00  INFO 4876 --- [           main] o.h.c.internal.RegionFactoryInitiator    : HHH000026: Second-level cache disabled
2024-05-19T11:41:10.436+02:00  INFO 4876 --- [           main] o.s.o.j.p.SpringPersistenceUnitInfo      : No LoadTimeWeaver setup: ignoring JPA class transformer
2024-05-19T11:41:10.510+02:00  INFO 4876 --- [           main] o.h.e.t.j.p.i.JtaPlatformInitiator       : HHH000489: No JTA platform available (set 'hibernate.transaction.jta.platform' to enable JTA platform integration)
2024-05-19T11:41:10.524+02:00  INFO 4876 --- [           main] j.LocalContainerEntityManagerFactoryBean : Initialized JPA EntityManagerFactory for persistence unit 'default'
2024-05-19T11:41:10.609+02:00  WARN 4876 --- [           main] JpaBaseConfiguration$JpaWebConfiguration : spring.jpa.open-in-view is enabled by default. Therefore, database queries may be performed during view rendering. Explicitly configure spring.jpa.open-in-view to disable this warning
2024-05-19T11:41:10.754+02:00  INFO 4876 --- [           main] o.s.b.t.m.w.SpringBootMockServletContext : Initializing Spring TestDispatcherServlet ''
2024-05-19T11:41:10.755+02:00  INFO 4876 --- [           main] o.s.t.web.servlet.TestDispatcherServlet  : Initializing Servlet ''
2024-05-19T11:41:10.756+02:00  INFO 4876 --- [           main] o.s.t.web.servlet.TestDispatcherServlet  : Completed initialization in 1 ms
2024-05-19T11:41:10.772+02:00  INFO 4876 --- [           main] c.o.d.c.AuthorControllerIntegrationTest  : Started AuthorControllerIntegrationTest in 0.713 seconds (process running for 18.518)
2024-05-19T11:41:10.778+02:00  INFO 4876 --- [   scheduling-1] c.o.database3.scheduled.AuthorWatcher    : There are 0 many authors in the database
2024-05-19T11:41:10.785+02:00  INFO 4876 --- [   scheduling-1] c.omar.database3.scheduled.BookWatcher   : There are 0 many books in the database
2024-05-19T11:41:10.786+02:00  INFO 4876 --- [   scheduling-1] c.omar.database3.scheduled.BookWatcher   : Go to the Postman ----------->
2024-05-19T11:41:10.786+02:00  INFO 4876 --- [   scheduling-1] c.omar.database3.scheduled.BookWatcher   : Use: Get, Put, Patch, Delete
2024-05-19T11:41:10.910+02:00  INFO 4876 --- [           main] j.LocalContainerEntityManagerFactoryBean : Closing JPA EntityManagerFactory for persistence unit 'default'
2024-05-19T11:41:10.914+02:00  INFO 4876 --- [           main] com.zaxxer.hikari.HikariDataSource       : HikariPool-4 - Shutdown initiated...
2024-05-19T11:41:10.915+02:00  INFO 4876 --- [           main] com.zaxxer.hikari.HikariDataSource       : HikariPool-4 - Shutdown completed.
]]></system-out>
  </testcase>
  <testcase name="testThatGetAuthorReturnsHttpStatus404WhenNoAuthorExist" classname="com.omar.database3.controllers.AuthorControllerIntegrationTest" time="0.041">
    <system-out><![CDATA[  .   ____          _            __ _ _
 /\\ / ___'_ __ _ _(_)_ __  __ _ \ \ \ \
( ( )\___ | '_ | '_| | '_ \/ _` | \ \ \ \
 \\/  ___)| |_)| | | | | || (_| |  ) ) ) )
  '  |____| .__|_| |_|_| |_\__, | / / / /
 =========|_|==============|___/=/_/_/_/

 :: Spring Boot ::             (v3.3.0-M3)

2024-05-19T11:41:10.951+02:00  INFO 4876 --- [           main] c.o.d.c.AuthorControllerIntegrationTest  : Starting AuthorControllerIntegrationTest using Java 17.0.8 with PID 4876 (started by omars in D:\RestAPI)
2024-05-19T11:41:10.951+02:00  INFO 4876 --- [           main] c.o.d.c.AuthorControllerIntegrationTest  : No active profile set, falling back to 1 default profile: "default"
2024-05-19T11:41:11.165+02:00  INFO 4876 --- [           main] .s.d.r.c.RepositoryConfigurationDelegate : Bootstrapping Spring Data JPA repositories in DEFAULT mode.
2024-05-19T11:41:11.215+02:00  INFO 4876 --- [           main] .s.d.r.c.RepositoryConfigurationDelegate : Finished Spring Data repository scanning in 49 ms. Found 2 JPA repository interfaces.
2024-05-19T11:41:11.425+02:00  INFO 4876 --- [           main] com.zaxxer.hikari.HikariDataSource       : HikariPool-5 - Starting...
2024-05-19T11:41:11.440+02:00  INFO 4876 --- [           main] com.zaxxer.hikari.pool.HikariPool        : HikariPool-5 - Added connection conn40: url=jdbc:h2:mem:testdb user=SA
2024-05-19T11:41:11.441+02:00  INFO 4876 --- [           main] com.zaxxer.hikari.HikariDataSource       : HikariPool-5 - Start completed.
2024-05-19T11:41:11.444+02:00  INFO 4876 --- [           main] o.hibernate.jpa.internal.util.LogHelper  : HHH000204: Processing PersistenceUnitInfo [name: default]
2024-05-19T11:41:11.448+02:00  INFO 4876 --- [           main] o.h.c.internal.RegionFactoryInitiator    : HHH000026: Second-level cache disabled
2024-05-19T11:41:11.454+02:00  INFO 4876 --- [           main] o.s.o.j.p.SpringPersistenceUnitInfo      : No LoadTimeWeaver setup: ignoring JPA class transformer
2024-05-19T11:41:11.515+02:00  INFO 4876 --- [           main] o.h.e.t.j.p.i.JtaPlatformInitiator       : HHH000489: No JTA platform available (set 'hibernate.transaction.jta.platform' to enable JTA platform integration)
2024-05-19T11:41:11.523+02:00  INFO 4876 --- [           main] j.LocalContainerEntityManagerFactoryBean : Initialized JPA EntityManagerFactory for persistence unit 'default'
2024-05-19T11:41:11.616+02:00  WARN 4876 --- [           main] JpaBaseConfiguration$JpaWebConfiguration : spring.jpa.open-in-view is enabled by default. Therefore, database queries may be performed during view rendering. Explicitly configure spring.jpa.open-in-view to disable this warning
2024-05-19T11:41:11.774+02:00  INFO 4876 --- [           main] o.s.b.t.m.w.SpringBootMockServletContext : Initializing Spring TestDispatcherServlet ''
2024-05-19T11:41:11.774+02:00  INFO 4876 --- [           main] o.s.t.web.servlet.TestDispatcherServlet  : Initializing Servlet ''
2024-05-19T11:41:11.775+02:00  INFO 4876 --- [           main] o.s.t.web.servlet.TestDispatcherServlet  : Completed initialization in 1 ms
2024-05-19T11:41:11.784+02:00  INFO 4876 --- [           main] c.o.d.c.AuthorControllerIntegrationTest  : Started AuthorControllerIntegrationTest in 0.865 seconds (process running for 19.531)
2024-05-19T11:41:11.792+02:00  INFO 4876 --- [   scheduling-1] c.o.database3.scheduled.AuthorWatcher    : There are 0 many authors in the database
2024-05-19T11:41:11.798+02:00  INFO 4876 --- [   scheduling-1] c.omar.database3.scheduled.BookWatcher   : There are 0 many books in the database
2024-05-19T11:41:11.798+02:00  INFO 4876 --- [   scheduling-1] c.omar.database3.scheduled.BookWatcher   : Go to the Postman ----------->
2024-05-19T11:41:11.798+02:00  INFO 4876 --- [   scheduling-1] c.omar.database3.scheduled.BookWatcher   : Use: Get, Put, Patch, Delete
2024-05-19T11:41:11.803+02:00  INFO 4876 --- [           main] j.LocalContainerEntityManagerFactoryBean : Closing JPA EntityManagerFactory for persistence unit 'default'
2024-05-19T11:41:11.806+02:00  INFO 4876 --- [           main] com.zaxxer.hikari.HikariDataSource       : HikariPool-5 - Shutdown initiated...
2024-05-19T11:41:11.828+02:00  INFO 4876 --- [           main] com.zaxxer.hikari.HikariDataSource       : HikariPool-5 - Shutdown completed.
]]></system-out>
  </testcase>
  <testcase name="testThatGetUpdateAuthorReturnsHttpStatus404WhenNoAuthorExist" classname="com.omar.database3.controllers.AuthorControllerIntegrationTest" time="0.042">
    <system-out><![CDATA[  .   ____          _            __ _ _
 /\\ / ___'_ __ _ _(_)_ __  __ _ \ \ \ \
( ( )\___ | '_ | '_| | '_ \/ _` | \ \ \ \
 \\/  ___)| |_)| | | | | || (_| |  ) ) ) )
  '  |____| .__|_| |_|_| |_\__, | / / / /
 =========|_|==============|___/=/_/_/_/

 :: Spring Boot ::             (v3.3.0-M3)

2024-05-19T11:41:11.860+02:00  INFO 4876 --- [           main] c.o.d.c.AuthorControllerIntegrationTest  : Starting AuthorControllerIntegrationTest using Java 17.0.8 with PID 4876 (started by omars in D:\RestAPI)
2024-05-19T11:41:11.860+02:00  INFO 4876 --- [           main] c.o.d.c.AuthorControllerIntegrationTest  : No active profile set, falling back to 1 default profile: "default"
2024-05-19T11:41:12.057+02:00  INFO 4876 --- [           main] .s.d.r.c.RepositoryConfigurationDelegate : Bootstrapping Spring Data JPA repositories in DEFAULT mode.
2024-05-19T11:41:12.066+02:00  INFO 4876 --- [           main] .s.d.r.c.RepositoryConfigurationDelegate : Finished Spring Data repository scanning in 8 ms. Found 2 JPA repository interfaces.
2024-05-19T11:41:12.178+02:00  INFO 4876 --- [           main] com.zaxxer.hikari.HikariDataSource       : HikariPool-6 - Starting...
2024-05-19T11:41:12.181+02:00  INFO 4876 --- [           main] com.zaxxer.hikari.pool.HikariPool        : HikariPool-6 - Added connection conn50: url=jdbc:h2:mem:testdb user=SA
2024-05-19T11:41:12.181+02:00  INFO 4876 --- [           main] com.zaxxer.hikari.HikariDataSource       : HikariPool-6 - Start completed.
2024-05-19T11:41:12.184+02:00  INFO 4876 --- [           main] o.hibernate.jpa.internal.util.LogHelper  : HHH000204: Processing PersistenceUnitInfo [name: default]
2024-05-19T11:41:12.186+02:00  INFO 4876 --- [           main] o.h.c.internal.RegionFactoryInitiator    : HHH000026: Second-level cache disabled
2024-05-19T11:41:12.192+02:00  INFO 4876 --- [           main] o.s.o.j.p.SpringPersistenceUnitInfo      : No LoadTimeWeaver setup: ignoring JPA class transformer
2024-05-19T11:41:12.260+02:00  INFO 4876 --- [           main] o.h.e.t.j.p.i.JtaPlatformInitiator       : HHH000489: No JTA platform available (set 'hibernate.transaction.jta.platform' to enable JTA platform integration)
2024-05-19T11:41:12.267+02:00  INFO 4876 --- [           main] j.LocalContainerEntityManagerFactoryBean : Initialized JPA EntityManagerFactory for persistence unit 'default'
2024-05-19T11:41:12.378+02:00  WARN 4876 --- [           main] JpaBaseConfiguration$JpaWebConfiguration : spring.jpa.open-in-view is enabled by default. Therefore, database queries may be performed during view rendering. Explicitly configure spring.jpa.open-in-view to disable this warning
2024-05-19T11:41:12.518+02:00  INFO 4876 --- [           main] o.s.b.t.m.w.SpringBootMockServletContext : Initializing Spring TestDispatcherServlet ''
2024-05-19T11:41:12.518+02:00  INFO 4876 --- [           main] o.s.t.web.servlet.TestDispatcherServlet  : Initializing Servlet ''
2024-05-19T11:41:12.519+02:00  INFO 4876 --- [           main] o.s.t.web.servlet.TestDispatcherServlet  : Completed initialization in 1 ms
2024-05-19T11:41:12.529+02:00  INFO 4876 --- [           main] c.o.d.c.AuthorControllerIntegrationTest  : Started AuthorControllerIntegrationTest in 0.696 seconds (process running for 20.275)
2024-05-19T11:41:12.537+02:00  INFO 4876 --- [   scheduling-1] c.o.database3.scheduled.AuthorWatcher    : There are 0 many authors in the database
2024-05-19T11:41:12.541+02:00  INFO 4876 --- [   scheduling-1] c.omar.database3.scheduled.BookWatcher   : There are 0 many books in the database
2024-05-19T11:41:12.542+02:00  INFO 4876 --- [   scheduling-1] c.omar.database3.scheduled.BookWatcher   : Go to the Postman ----------->
2024-05-19T11:41:12.542+02:00  INFO 4876 --- [   scheduling-1] c.omar.database3.scheduled.BookWatcher   : Use: Get, Put, Patch, Delete
2024-05-19T11:41:12.558+02:00  INFO 4876 --- [           main] j.LocalContainerEntityManagerFactoryBean : Closing JPA EntityManagerFactory for persistence unit 'default'
2024-05-19T11:41:12.561+02:00  INFO 4876 --- [           main] com.zaxxer.hikari.HikariDataSource       : HikariPool-6 - Shutdown initiated...
2024-05-19T11:41:12.575+02:00  INFO 4876 --- [           main] com.zaxxer.hikari.HikariDataSource       : HikariPool-6 - Shutdown completed.
]]></system-out>
  </testcase>
  <testcase name="testThatDeleteAuthorReturnsHttpStatus204ForNotExistingAuthor" classname="com.omar.database3.controllers.AuthorControllerIntegrationTest" time="0.031">
    <system-out><![CDATA[  .   ____          _            __ _ _
 /\\ / ___'_ __ _ _(_)_ __  __ _ \ \ \ \
( ( )\___ | '_ | '_| | '_ \/ _` | \ \ \ \
 \\/  ___)| |_)| | | | | || (_| |  ) ) ) )
  '  |____| .__|_| |_|_| |_\__, | / / / /
 =========|_|==============|___/=/_/_/_/

 :: Spring Boot ::             (v3.3.0-M3)

2024-05-19T11:41:12.601+02:00  INFO 4876 --- [           main] c.o.d.c.AuthorControllerIntegrationTest  : Starting AuthorControllerIntegrationTest using Java 17.0.8 with PID 4876 (started by omars in D:\RestAPI)
2024-05-19T11:41:12.601+02:00  INFO 4876 --- [           main] c.o.d.c.AuthorControllerIntegrationTest  : No active profile set, falling back to 1 default profile: "default"
2024-05-19T11:41:12.837+02:00  INFO 4876 --- [           main] .s.d.r.c.RepositoryConfigurationDelegate : Bootstrapping Spring Data JPA repositories in DEFAULT mode.
2024-05-19T11:41:12.847+02:00  INFO 4876 --- [           main] .s.d.r.c.RepositoryConfigurationDelegate : Finished Spring Data repository scanning in 9 ms. Found 2 JPA repository interfaces.
2024-05-19T11:41:12.945+02:00  INFO 4876 --- [           main] com.zaxxer.hikari.HikariDataSource       : HikariPool-7 - Starting...
2024-05-19T11:41:12.948+02:00  INFO 4876 --- [           main] com.zaxxer.hikari.pool.HikariPool        : HikariPool-7 - Added connection conn60: url=jdbc:h2:mem:testdb user=SA
2024-05-19T11:41:12.948+02:00  INFO 4876 --- [           main] com.zaxxer.hikari.HikariDataSource       : HikariPool-7 - Start completed.
2024-05-19T11:41:12.950+02:00  INFO 4876 --- [           main] o.hibernate.jpa.internal.util.LogHelper  : HHH000204: Processing PersistenceUnitInfo [name: default]
2024-05-19T11:41:12.953+02:00  INFO 4876 --- [           main] o.h.c.internal.RegionFactoryInitiator    : HHH000026: Second-level cache disabled
2024-05-19T11:41:12.960+02:00  INFO 4876 --- [           main] o.s.o.j.p.SpringPersistenceUnitInfo      : No LoadTimeWeaver setup: ignoring JPA class transformer
2024-05-19T11:41:13.031+02:00  INFO 4876 --- [           main] o.h.e.t.j.p.i.JtaPlatformInitiator       : HHH000489: No JTA platform available (set 'hibernate.transaction.jta.platform' to enable JTA platform integration)
2024-05-19T11:41:13.038+02:00  INFO 4876 --- [           main] j.LocalContainerEntityManagerFactoryBean : Initialized JPA EntityManagerFactory for persistence unit 'default'
2024-05-19T11:41:13.096+02:00  WARN 4876 --- [           main] JpaBaseConfiguration$JpaWebConfiguration : spring.jpa.open-in-view is enabled by default. Therefore, database queries may be performed during view rendering. Explicitly configure spring.jpa.open-in-view to disable this warning
2024-05-19T11:41:13.223+02:00  INFO 4876 --- [           main] o.s.b.t.m.w.SpringBootMockServletContext : Initializing Spring TestDispatcherServlet ''
2024-05-19T11:41:13.223+02:00  INFO 4876 --- [           main] o.s.t.web.servlet.TestDispatcherServlet  : Initializing Servlet ''
2024-05-19T11:41:13.224+02:00  INFO 4876 --- [           main] o.s.t.web.servlet.TestDispatcherServlet  : Completed initialization in 1 ms
2024-05-19T11:41:13.237+02:00  INFO 4876 --- [           main] c.o.d.c.AuthorControllerIntegrationTest  : Started AuthorControllerIntegrationTest in 0.659 seconds (process running for 20.983)
2024-05-19T11:41:13.242+02:00  INFO 4876 --- [   scheduling-1] c.o.database3.scheduled.AuthorWatcher    : There are 0 many authors in the database
2024-05-19T11:41:13.248+02:00  INFO 4876 --- [   scheduling-1] c.omar.database3.scheduled.BookWatcher   : There are 0 many books in the database
2024-05-19T11:41:13.248+02:00  INFO 4876 --- [   scheduling-1] c.omar.database3.scheduled.BookWatcher   : Go to the Postman ----------->
2024-05-19T11:41:13.248+02:00  INFO 4876 --- [   scheduling-1] c.omar.database3.scheduled.BookWatcher   : Use: Get, Put, Patch, Delete
2024-05-19T11:41:13.255+02:00  INFO 4876 --- [           main] j.LocalContainerEntityManagerFactoryBean : Closing JPA EntityManagerFactory for persistence unit 'default'
2024-05-19T11:41:13.257+02:00  INFO 4876 --- [           main] com.zaxxer.hikari.HikariDataSource       : HikariPool-7 - Shutdown initiated...
2024-05-19T11:41:13.269+02:00  INFO 4876 --- [           main] com.zaxxer.hikari.HikariDataSource       : HikariPool-7 - Shutdown completed.
]]></system-out>
  </testcase>
  <testcase name="testThatFullUpdateUpdateExistingAuthor" classname="com.omar.database3.controllers.AuthorControllerIntegrationTest" time="0.061">
    <system-out><![CDATA[  .   ____          _            __ _ _
 /\\ / ___'_ __ _ _(_)_ __  __ _ \ \ \ \
( ( )\___ | '_ | '_| | '_ \/ _` | \ \ \ \
 \\/  ___)| |_)| | | | | || (_| |  ) ) ) )
  '  |____| .__|_| |_|_| |_\__, | / / / /
 =========|_|==============|___/=/_/_/_/

 :: Spring Boot ::             (v3.3.0-M3)

2024-05-19T11:41:13.294+02:00  INFO 4876 --- [           main] c.o.d.c.AuthorControllerIntegrationTest  : Starting AuthorControllerIntegrationTest using Java 17.0.8 with PID 4876 (started by omars in D:\RestAPI)
2024-05-19T11:41:13.295+02:00  INFO 4876 --- [           main] c.o.d.c.AuthorControllerIntegrationTest  : No active profile set, falling back to 1 default profile: "default"
2024-05-19T11:41:13.508+02:00  INFO 4876 --- [           main] .s.d.r.c.RepositoryConfigurationDelegate : Bootstrapping Spring Data JPA repositories in DEFAULT mode.
2024-05-19T11:41:13.520+02:00  INFO 4876 --- [           main] .s.d.r.c.RepositoryConfigurationDelegate : Finished Spring Data repository scanning in 11 ms. Found 2 JPA repository interfaces.
2024-05-19T11:41:13.592+02:00  INFO 4876 --- [           main] com.zaxxer.hikari.HikariDataSource       : HikariPool-8 - Starting...
2024-05-19T11:41:13.593+02:00  INFO 4876 --- [           main] com.zaxxer.hikari.pool.HikariPool        : HikariPool-8 - Added connection conn68: url=jdbc:h2:mem:testdb user=SA
2024-05-19T11:41:13.594+02:00  INFO 4876 --- [           main] com.zaxxer.hikari.HikariDataSource       : HikariPool-8 - Start completed.
2024-05-19T11:41:13.595+02:00  INFO 4876 --- [           main] o.hibernate.jpa.internal.util.LogHelper  : HHH000204: Processing PersistenceUnitInfo [name: default]
2024-05-19T11:41:13.597+02:00  INFO 4876 --- [           main] o.h.c.internal.RegionFactoryInitiator    : HHH000026: Second-level cache disabled
2024-05-19T11:41:13.604+02:00  INFO 4876 --- [           main] o.s.o.j.p.SpringPersistenceUnitInfo      : No LoadTimeWeaver setup: ignoring JPA class transformer
2024-05-19T11:41:13.679+02:00  INFO 4876 --- [           main] o.h.e.t.j.p.i.JtaPlatformInitiator       : HHH000489: No JTA platform available (set 'hibernate.transaction.jta.platform' to enable JTA platform integration)
2024-05-19T11:41:13.688+02:00  INFO 4876 --- [           main] j.LocalContainerEntityManagerFactoryBean : Initialized JPA EntityManagerFactory for persistence unit 'default'
2024-05-19T11:41:13.759+02:00  WARN 4876 --- [           main] JpaBaseConfiguration$JpaWebConfiguration : spring.jpa.open-in-view is enabled by default. Therefore, database queries may be performed during view rendering. Explicitly configure spring.jpa.open-in-view to disable this warning
2024-05-19T11:41:13.844+02:00  INFO 4876 --- [           main] o.s.b.t.m.w.SpringBootMockServletContext : Initializing Spring TestDispatcherServlet ''
2024-05-19T11:41:13.844+02:00  INFO 4876 --- [           main] o.s.t.web.servlet.TestDispatcherServlet  : Initializing Servlet ''
2024-05-19T11:41:13.845+02:00  INFO 4876 --- [           main] o.s.t.web.servlet.TestDispatcherServlet  : Completed initialization in 1 ms
2024-05-19T11:41:13.854+02:00  INFO 4876 --- [           main] c.o.d.c.AuthorControllerIntegrationTest  : Started AuthorControllerIntegrationTest in 0.581 seconds (process running for 21.6)
2024-05-19T11:41:13.858+02:00  INFO 4876 --- [   scheduling-1] c.o.database3.scheduled.AuthorWatcher    : There are 0 many authors in the database
2024-05-19T11:41:13.862+02:00  INFO 4876 --- [   scheduling-1] c.omar.database3.scheduled.BookWatcher   : There are 0 many books in the database
2024-05-19T11:41:13.862+02:00  INFO 4876 --- [   scheduling-1] c.omar.database3.scheduled.BookWatcher   : Go to the Postman ----------->
2024-05-19T11:41:13.862+02:00  INFO 4876 --- [   scheduling-1] c.omar.database3.scheduled.BookWatcher   : Use: Get, Put, Patch, Delete
2024-05-19T11:41:13.887+02:00  INFO 4876 --- [           main] j.LocalContainerEntityManagerFactoryBean : Closing JPA EntityManagerFactory for persistence unit 'default'
2024-05-19T11:41:13.892+02:00  INFO 4876 --- [           main] com.zaxxer.hikari.HikariDataSource       : HikariPool-8 - Shutdown initiated...
2024-05-19T11:41:13.916+02:00  INFO 4876 --- [           main] com.zaxxer.hikari.HikariDataSource       : HikariPool-8 - Shutdown completed.
]]></system-out>
  </testcase>
  <testcase name="testThatListAuthorsReturnsHttpStatus200" classname="com.omar.database3.controllers.AuthorControllerIntegrationTest" time="0.066">
    <system-out><![CDATA[  .   ____          _            __ _ _
 /\\ / ___'_ __ _ _(_)_ __  __ _ \ \ \ \
( ( )\___ | '_ | '_| | '_ \/ _` | \ \ \ \
 \\/  ___)| |_)| | | | | || (_| |  ) ) ) )
  '  |____| .__|_| |_|_| |_\__, | / / / /
 =========|_|==============|___/=/_/_/_/

 :: Spring Boot ::             (v3.3.0-M3)

2024-05-19T11:41:13.953+02:00  INFO 4876 --- [           main] c.o.d.c.AuthorControllerIntegrationTest  : Starting AuthorControllerIntegrationTest using Java 17.0.8 with PID 4876 (started by omars in D:\RestAPI)
2024-05-19T11:41:13.953+02:00  INFO 4876 --- [           main] c.o.d.c.AuthorControllerIntegrationTest  : No active profile set, falling back to 1 default profile: "default"
2024-05-19T11:41:14.122+02:00  INFO 4876 --- [           main] .s.d.r.c.RepositoryConfigurationDelegate : Bootstrapping Spring Data JPA repositories in DEFAULT mode.
2024-05-19T11:41:14.136+02:00  INFO 4876 --- [           main] .s.d.r.c.RepositoryConfigurationDelegate : Finished Spring Data repository scanning in 13 ms. Found 2 JPA repository interfaces.
2024-05-19T11:41:14.232+02:00  INFO 4876 --- [           main] com.zaxxer.hikari.HikariDataSource       : HikariPool-9 - Starting...
2024-05-19T11:41:14.234+02:00  INFO 4876 --- [           main] com.zaxxer.hikari.pool.HikariPool        : HikariPool-9 - Added connection conn76: url=jdbc:h2:mem:testdb user=SA
2024-05-19T11:41:14.234+02:00  INFO 4876 --- [           main] com.zaxxer.hikari.HikariDataSource       : HikariPool-9 - Start completed.
2024-05-19T11:41:14.235+02:00  INFO 4876 --- [           main] o.hibernate.jpa.internal.util.LogHelper  : HHH000204: Processing PersistenceUnitInfo [name: default]
2024-05-19T11:41:14.238+02:00  INFO 4876 --- [           main] o.h.c.internal.RegionFactoryInitiator    : HHH000026: Second-level cache disabled
2024-05-19T11:41:14.243+02:00  INFO 4876 --- [           main] o.s.o.j.p.SpringPersistenceUnitInfo      : No LoadTimeWeaver setup: ignoring JPA class transformer
2024-05-19T11:41:14.289+02:00  INFO 4876 --- [           main] o.h.e.t.j.p.i.JtaPlatformInitiator       : HHH000489: No JTA platform available (set 'hibernate.transaction.jta.platform' to enable JTA platform integration)
2024-05-19T11:41:14.295+02:00  INFO 4876 --- [           main] j.LocalContainerEntityManagerFactoryBean : Initialized JPA EntityManagerFactory for persistence unit 'default'
2024-05-19T11:41:14.351+02:00  WARN 4876 --- [           main] JpaBaseConfiguration$JpaWebConfiguration : spring.jpa.open-in-view is enabled by default. Therefore, database queries may be performed during view rendering. Explicitly configure spring.jpa.open-in-view to disable this warning
2024-05-19T11:41:14.476+02:00  INFO 4876 --- [           main] o.s.b.t.m.w.SpringBootMockServletContext : Initializing Spring TestDispatcherServlet ''
2024-05-19T11:41:14.476+02:00  INFO 4876 --- [           main] o.s.t.web.servlet.TestDispatcherServlet  : Initializing Servlet ''
2024-05-19T11:41:14.478+02:00  INFO 4876 --- [           main] o.s.t.web.servlet.TestDispatcherServlet  : Completed initialization in 2 ms
2024-05-19T11:41:14.490+02:00  INFO 4876 --- [           main] c.o.d.c.AuthorControllerIntegrationTest  : Started AuthorControllerIntegrationTest in 0.568 seconds (process running for 22.236)
2024-05-19T11:41:14.493+02:00  INFO 4876 --- [   scheduling-1] c.o.database3.scheduled.AuthorWatcher    : There are 0 many authors in the database
2024-05-19T11:41:14.498+02:00  INFO 4876 --- [   scheduling-1] c.omar.database3.scheduled.BookWatcher   : There are 0 many books in the database
2024-05-19T11:41:14.498+02:00  INFO 4876 --- [   scheduling-1] c.omar.database3.scheduled.BookWatcher   : Go to the Postman ----------->
2024-05-19T11:41:14.498+02:00  INFO 4876 --- [   scheduling-1] c.omar.database3.scheduled.BookWatcher   : Use: Get, Put, Patch, Delete
2024-05-19T11:41:14.539+02:00  INFO 4876 --- [           main] j.LocalContainerEntityManagerFactoryBean : Closing JPA EntityManagerFactory for persistence unit 'default'
2024-05-19T11:41:14.541+02:00  INFO 4876 --- [           main] com.zaxxer.hikari.HikariDataSource       : HikariPool-9 - Shutdown initiated...
2024-05-19T11:41:14.559+02:00  INFO 4876 --- [           main] com.zaxxer.hikari.HikariDataSource       : HikariPool-9 - Shutdown completed.
]]></system-out>
  </testcase>
  <testcase name="testThatListAuthorsReturnsListOfAuthors" classname="com.omar.database3.controllers.AuthorControllerIntegrationTest" time="0.042">
    <system-out><![CDATA[  .   ____          _            __ _ _
 /\\ / ___'_ __ _ _(_)_ __  __ _ \ \ \ \
( ( )\___ | '_ | '_| | '_ \/ _` | \ \ \ \
 \\/  ___)| |_)| | | | | || (_| |  ) ) ) )
  '  |____| .__|_| |_|_| |_\__, | / / / /
 =========|_|==============|___/=/_/_/_/

 :: Spring Boot ::             (v3.3.0-M3)

2024-05-19T11:41:14.587+02:00  INFO 4876 --- [           main] c.o.d.c.AuthorControllerIntegrationTest  : Starting AuthorControllerIntegrationTest using Java 17.0.8 with PID 4876 (started by omars in D:\RestAPI)
2024-05-19T11:41:14.588+02:00  INFO 4876 --- [           main] c.o.d.c.AuthorControllerIntegrationTest  : No active profile set, falling back to 1 default profile: "default"
2024-05-19T11:41:14.776+02:00  INFO 4876 --- [           main] .s.d.r.c.RepositoryConfigurationDelegate : Bootstrapping Spring Data JPA repositories in DEFAULT mode.
2024-05-19T11:41:14.789+02:00  INFO 4876 --- [           main] .s.d.r.c.RepositoryConfigurationDelegate : Finished Spring Data repository scanning in 13 ms. Found 2 JPA repository interfaces.
2024-05-19T11:41:14.895+02:00  INFO 4876 --- [           main] com.zaxxer.hikari.HikariDataSource       : HikariPool-10 - Starting...
2024-05-19T11:41:14.896+02:00  INFO 4876 --- [           main] com.zaxxer.hikari.pool.HikariPool        : HikariPool-10 - Added connection conn84: url=jdbc:h2:mem:testdb user=SA
2024-05-19T11:41:14.897+02:00  INFO 4876 --- [           main] com.zaxxer.hikari.HikariDataSource       : HikariPool-10 - Start completed.
2024-05-19T11:41:14.899+02:00  INFO 4876 --- [           main] o.hibernate.jpa.internal.util.LogHelper  : HHH000204: Processing PersistenceUnitInfo [name: default]
2024-05-19T11:41:14.903+02:00  INFO 4876 --- [           main] o.h.c.internal.RegionFactoryInitiator    : HHH000026: Second-level cache disabled
2024-05-19T11:41:14.910+02:00  INFO 4876 --- [           main] o.s.o.j.p.SpringPersistenceUnitInfo      : No LoadTimeWeaver setup: ignoring JPA class transformer
2024-05-19T11:41:14.960+02:00  INFO 4876 --- [           main] o.h.e.t.j.p.i.JtaPlatformInitiator       : HHH000489: No JTA platform available (set 'hibernate.transaction.jta.platform' to enable JTA platform integration)
2024-05-19T11:41:14.966+02:00  INFO 4876 --- [           main] j.LocalContainerEntityManagerFactoryBean : Initialized JPA EntityManagerFactory for persistence unit 'default'
2024-05-19T11:41:15.021+02:00  WARN 4876 --- [           main] JpaBaseConfiguration$JpaWebConfiguration : spring.jpa.open-in-view is enabled by default. Therefore, database queries may be performed during view rendering. Explicitly configure spring.jpa.open-in-view to disable this warning
2024-05-19T11:41:15.134+02:00  INFO 4876 --- [           main] o.s.b.t.m.w.SpringBootMockServletContext : Initializing Spring TestDispatcherServlet ''
2024-05-19T11:41:15.135+02:00  INFO 4876 --- [           main] o.s.t.web.servlet.TestDispatcherServlet  : Initializing Servlet ''
2024-05-19T11:41:15.136+02:00  INFO 4876 --- [           main] o.s.t.web.servlet.TestDispatcherServlet  : Completed initialization in 1 ms
2024-05-19T11:41:15.145+02:00  INFO 4876 --- [           main] c.o.d.c.AuthorControllerIntegrationTest  : Started AuthorControllerIntegrationTest in 0.581 seconds (process running for 22.891)
2024-05-19T11:41:15.153+02:00  INFO 4876 --- [   scheduling-1] c.o.database3.scheduled.AuthorWatcher    : There are 0 many authors in the database
2024-05-19T11:41:15.156+02:00  INFO 4876 --- [   scheduling-1] c.omar.database3.scheduled.BookWatcher   : There are 0 many books in the database
2024-05-19T11:41:15.156+02:00  INFO 4876 --- [   scheduling-1] c.omar.database3.scheduled.BookWatcher   : Go to the Postman ----------->
2024-05-19T11:41:15.157+02:00  INFO 4876 --- [   scheduling-1] c.omar.database3.scheduled.BookWatcher   : Use: Get, Put, Patch, Delete
2024-05-19T11:41:15.177+02:00  INFO 4876 --- [           main] j.LocalContainerEntityManagerFactoryBean : Closing JPA EntityManagerFactory for persistence unit 'default'
2024-05-19T11:41:15.179+02:00  INFO 4876 --- [           main] com.zaxxer.hikari.HikariDataSource       : HikariPool-10 - Shutdown initiated...
2024-05-19T11:41:15.191+02:00  INFO 4876 --- [           main] com.zaxxer.hikari.HikariDataSource       : HikariPool-10 - Shutdown completed.
]]></system-out>
  </testcase>
  <testcase name="testThatDeleteAuthorReturnsHttpStatus204ForExistingAuthor" classname="com.omar.database3.controllers.AuthorControllerIntegrationTest" time="0.046">
    <system-out><![CDATA[  .   ____          _            __ _ _
 /\\ / ___'_ __ _ _(_)_ __  __ _ \ \ \ \
( ( )\___ | '_ | '_| | '_ \/ _` | \ \ \ \
 \\/  ___)| |_)| | | | | || (_| |  ) ) ) )
  '  |____| .__|_| |_|_| |_\__, | / / / /
 =========|_|==============|___/=/_/_/_/

 :: Spring Boot ::             (v3.3.0-M3)

2024-05-19T11:41:15.217+02:00  INFO 4876 --- [           main] c.o.d.c.AuthorControllerIntegrationTest  : Starting AuthorControllerIntegrationTest using Java 17.0.8 with PID 4876 (started by omars in D:\RestAPI)
2024-05-19T11:41:15.217+02:00  INFO 4876 --- [           main] c.o.d.c.AuthorControllerIntegrationTest  : No active profile set, falling back to 1 default profile: "default"
2024-05-19T11:41:15.437+02:00  INFO 4876 --- [           main] .s.d.r.c.RepositoryConfigurationDelegate : Bootstrapping Spring Data JPA repositories in DEFAULT mode.
2024-05-19T11:41:15.447+02:00  INFO 4876 --- [           main] .s.d.r.c.RepositoryConfigurationDelegate : Finished Spring Data repository scanning in 9 ms. Found 2 JPA repository interfaces.
2024-05-19T11:41:15.559+02:00  INFO 4876 --- [           main] com.zaxxer.hikari.HikariDataSource       : HikariPool-11 - Starting...
2024-05-19T11:41:15.561+02:00  INFO 4876 --- [           main] com.zaxxer.hikari.pool.HikariPool        : HikariPool-11 - Added connection conn91: url=jdbc:h2:mem:testdb user=SA
2024-05-19T11:41:15.561+02:00  INFO 4876 --- [           main] com.zaxxer.hikari.HikariDataSource       : HikariPool-11 - Start completed.
2024-05-19T11:41:15.567+02:00  INFO 4876 --- [           main] o.hibernate.jpa.internal.util.LogHelper  : HHH000204: Processing PersistenceUnitInfo [name: default]
2024-05-19T11:41:15.573+02:00  INFO 4876 --- [           main] o.h.c.internal.RegionFactoryInitiator    : HHH000026: Second-level cache disabled
2024-05-19T11:41:15.579+02:00  INFO 4876 --- [           main] o.s.o.j.p.SpringPersistenceUnitInfo      : No LoadTimeWeaver setup: ignoring JPA class transformer
2024-05-19T11:41:15.657+02:00  INFO 4876 --- [           main] o.h.e.t.j.p.i.JtaPlatformInitiator       : HHH000489: No JTA platform available (set 'hibernate.transaction.jta.platform' to enable JTA platform integration)
2024-05-19T11:41:15.665+02:00  INFO 4876 --- [           main] j.LocalContainerEntityManagerFactoryBean : Initialized JPA EntityManagerFactory for persistence unit 'default'
2024-05-19T11:41:15.743+02:00  WARN 4876 --- [           main] JpaBaseConfiguration$JpaWebConfiguration : spring.jpa.open-in-view is enabled by default. Therefore, database queries may be performed during view rendering. Explicitly configure spring.jpa.open-in-view to disable this warning
2024-05-19T11:41:15.891+02:00  INFO 4876 --- [           main] o.s.b.t.m.w.SpringBootMockServletContext : Initializing Spring TestDispatcherServlet ''
2024-05-19T11:41:15.891+02:00  INFO 4876 --- [           main] o.s.t.web.servlet.TestDispatcherServlet  : Initializing Servlet ''
2024-05-19T11:41:15.892+02:00  INFO 4876 --- [           main] o.s.t.web.servlet.TestDispatcherServlet  : Completed initialization in 1 ms
2024-05-19T11:41:15.899+02:00  INFO 4876 --- [           main] c.o.d.c.AuthorControllerIntegrationTest  : Started AuthorControllerIntegrationTest in 0.705 seconds (process running for 23.646)
2024-05-19T11:41:15.904+02:00  INFO 4876 --- [   scheduling-1] c.o.database3.scheduled.AuthorWatcher    : There are 0 many authors in the database
2024-05-19T11:41:15.908+02:00  INFO 4876 --- [   scheduling-1] c.omar.database3.scheduled.BookWatcher   : There are 0 many books in the database
2024-05-19T11:41:15.908+02:00  INFO 4876 --- [   scheduling-1] c.omar.database3.scheduled.BookWatcher   : Go to the Postman ----------->
2024-05-19T11:41:15.908+02:00  INFO 4876 --- [   scheduling-1] c.omar.database3.scheduled.BookWatcher   : Use: Get, Put, Patch, Delete
2024-05-19T11:41:15.934+02:00  INFO 4876 --- [           main] j.LocalContainerEntityManagerFactoryBean : Closing JPA EntityManagerFactory for persistence unit 'default'
2024-05-19T11:41:15.936+02:00  INFO 4876 --- [           main] com.zaxxer.hikari.HikariDataSource       : HikariPool-11 - Shutdown initiated...
2024-05-19T11:41:15.947+02:00  INFO 4876 --- [           main] com.zaxxer.hikari.HikariDataSource       : HikariPool-11 - Shutdown completed.
]]></system-out>
  </testcase>
  <testcase name="testThatGetAuthorReturnsHttpStatus200WhenAuthorExist" classname="com.omar.database3.controllers.AuthorControllerIntegrationTest" time="0.049">
    <system-out><![CDATA[  .   ____          _            __ _ _
 /\\ / ___'_ __ _ _(_)_ __  __ _ \ \ \ \
( ( )\___ | '_ | '_| | '_ \/ _` | \ \ \ \
 \\/  ___)| |_)| | | | | || (_| |  ) ) ) )
  '  |____| .__|_| |_|_| |_\__, | / / / /
 =========|_|==============|___/=/_/_/_/

 :: Spring Boot ::             (v3.3.0-M3)

2024-05-19T11:41:15.972+02:00  INFO 4876 --- [           main] c.o.d.c.AuthorControllerIntegrationTest  : Starting AuthorControllerIntegrationTest using Java 17.0.8 with PID 4876 (started by omars in D:\RestAPI)
2024-05-19T11:41:15.973+02:00  INFO 4876 --- [           main] c.o.d.c.AuthorControllerIntegrationTest  : No active profile set, falling back to 1 default profile: "default"
2024-05-19T11:41:16.155+02:00  INFO 4876 --- [           main] .s.d.r.c.RepositoryConfigurationDelegate : Bootstrapping Spring Data JPA repositories in DEFAULT mode.
2024-05-19T11:41:16.165+02:00  INFO 4876 --- [           main] .s.d.r.c.RepositoryConfigurationDelegate : Finished Spring Data repository scanning in 9 ms. Found 2 JPA repository interfaces.
2024-05-19T11:41:16.229+02:00  INFO 4876 --- [           main] com.zaxxer.hikari.HikariDataSource       : HikariPool-12 - Starting...
2024-05-19T11:41:16.231+02:00  INFO 4876 --- [           main] com.zaxxer.hikari.pool.HikariPool        : HikariPool-12 - Added connection conn101: url=jdbc:h2:mem:testdb user=SA
2024-05-19T11:41:16.232+02:00  INFO 4876 --- [           main] com.zaxxer.hikari.HikariDataSource       : HikariPool-12 - Start completed.
2024-05-19T11:41:16.234+02:00  INFO 4876 --- [           main] o.hibernate.jpa.internal.util.LogHelper  : HHH000204: Processing PersistenceUnitInfo [name: default]
2024-05-19T11:41:16.237+02:00  INFO 4876 --- [           main] o.h.c.internal.RegionFactoryInitiator    : HHH000026: Second-level cache disabled
2024-05-19T11:41:16.241+02:00  INFO 4876 --- [           main] o.s.o.j.p.SpringPersistenceUnitInfo      : No LoadTimeWeaver setup: ignoring JPA class transformer
2024-05-19T11:41:16.303+02:00  INFO 4876 --- [           main] o.h.e.t.j.p.i.JtaPlatformInitiator       : HHH000489: No JTA platform available (set 'hibernate.transaction.jta.platform' to enable JTA platform integration)
2024-05-19T11:41:16.311+02:00  INFO 4876 --- [           main] j.LocalContainerEntityManagerFactoryBean : Initialized JPA EntityManagerFactory for persistence unit 'default'
2024-05-19T11:41:16.380+02:00  WARN 4876 --- [           main] JpaBaseConfiguration$JpaWebConfiguration : spring.jpa.open-in-view is enabled by default. Therefore, database queries may be performed during view rendering. Explicitly configure spring.jpa.open-in-view to disable this warning
2024-05-19T11:41:16.489+02:00  INFO 4876 --- [           main] o.s.b.t.m.w.SpringBootMockServletContext : Initializing Spring TestDispatcherServlet ''
2024-05-19T11:41:16.489+02:00  INFO 4876 --- [           main] o.s.t.web.servlet.TestDispatcherServlet  : Initializing Servlet ''
2024-05-19T11:41:16.490+02:00  INFO 4876 --- [           main] o.s.t.web.servlet.TestDispatcherServlet  : Completed initialization in 1 ms
2024-05-19T11:41:16.500+02:00  INFO 4876 --- [           main] c.o.d.c.AuthorControllerIntegrationTest  : Started AuthorControllerIntegrationTest in 0.551 seconds (process running for 24.247)
2024-05-19T11:41:16.508+02:00  INFO 4876 --- [   scheduling-1] c.o.database3.scheduled.AuthorWatcher    : There are 0 many authors in the database
2024-05-19T11:41:16.511+02:00  INFO 4876 --- [   scheduling-1] c.omar.database3.scheduled.BookWatcher   : There are 0 many books in the database
2024-05-19T11:41:16.512+02:00  INFO 4876 --- [   scheduling-1] c.omar.database3.scheduled.BookWatcher   : Go to the Postman ----------->
2024-05-19T11:41:16.512+02:00  INFO 4876 --- [   scheduling-1] c.omar.database3.scheduled.BookWatcher   : Use: Get, Put, Patch, Delete
2024-05-19T11:41:16.528+02:00  INFO 4876 --- [           main] j.LocalContainerEntityManagerFactoryBean : Closing JPA EntityManagerFactory for persistence unit 'default'
2024-05-19T11:41:16.532+02:00  INFO 4876 --- [           main] com.zaxxer.hikari.HikariDataSource       : HikariPool-12 - Shutdown initiated...
2024-05-19T11:41:16.554+02:00  INFO 4876 --- [           main] com.zaxxer.hikari.HikariDataSource       : HikariPool-12 - Shutdown completed.
]]></system-out>
  </testcase>
  <testcase name="testThatGetAuthorReturnsAuthorWhenAuthorExist" classname="com.omar.database3.controllers.AuthorControllerIntegrationTest" time="0.048">
    <system-out><![CDATA[  .   ____          _            __ _ _
 /\\ / ___'_ __ _ _(_)_ __  __ _ \ \ \ \
( ( )\___ | '_ | '_| | '_ \/ _` | \ \ \ \
 \\/  ___)| |_)| | | | | || (_| |  ) ) ) )
  '  |____| .__|_| |_|_| |_\__, | / / / /
 =========|_|==============|___/=/_/_/_/

 :: Spring Boot ::             (v3.3.0-M3)

2024-05-19T11:41:16.585+02:00  INFO 4876 --- [           main] c.o.d.c.AuthorControllerIntegrationTest  : Starting AuthorControllerIntegrationTest using Java 17.0.8 with PID 4876 (started by omars in D:\RestAPI)
2024-05-19T11:41:16.585+02:00  INFO 4876 --- [           main] c.o.d.c.AuthorControllerIntegrationTest  : No active profile set, falling back to 1 default profile: "default"
2024-05-19T11:41:16.736+02:00  INFO 4876 --- [           main] .s.d.r.c.RepositoryConfigurationDelegate : Bootstrapping Spring Data JPA repositories in DEFAULT mode.
2024-05-19T11:41:16.745+02:00  INFO 4876 --- [           main] .s.d.r.c.RepositoryConfigurationDelegate : Finished Spring Data repository scanning in 9 ms. Found 2 JPA repository interfaces.
2024-05-19T11:41:16.849+02:00  INFO 4876 --- [           main] com.zaxxer.hikari.HikariDataSource       : HikariPool-13 - Starting...
2024-05-19T11:41:16.850+02:00  INFO 4876 --- [           main] com.zaxxer.hikari.pool.HikariPool        : HikariPool-13 - Added connection conn109: url=jdbc:h2:mem:testdb user=SA
2024-05-19T11:41:16.851+02:00  INFO 4876 --- [           main] com.zaxxer.hikari.HikariDataSource       : HikariPool-13 - Start completed.
2024-05-19T11:41:16.853+02:00  INFO 4876 --- [           main] o.hibernate.jpa.internal.util.LogHelper  : HHH000204: Processing PersistenceUnitInfo [name: default]
2024-05-19T11:41:16.856+02:00  INFO 4876 --- [           main] o.h.c.internal.RegionFactoryInitiator    : HHH000026: Second-level cache disabled
2024-05-19T11:41:16.861+02:00  INFO 4876 --- [           main] o.s.o.j.p.SpringPersistenceUnitInfo      : No LoadTimeWeaver setup: ignoring JPA class transformer
2024-05-19T11:41:16.913+02:00  INFO 4876 --- [           main] o.h.e.t.j.p.i.JtaPlatformInitiator       : HHH000489: No JTA platform available (set 'hibernate.transaction.jta.platform' to enable JTA platform integration)
2024-05-19T11:41:16.923+02:00  INFO 4876 --- [           main] j.LocalContainerEntityManagerFactoryBean : Initialized JPA EntityManagerFactory for persistence unit 'default'
2024-05-19T11:41:16.972+02:00  WARN 4876 --- [           main] JpaBaseConfiguration$JpaWebConfiguration : spring.jpa.open-in-view is enabled by default. Therefore, database queries may be performed during view rendering. Explicitly configure spring.jpa.open-in-view to disable this warning
2024-05-19T11:41:17.108+02:00  INFO 4876 --- [           main] o.s.b.t.m.w.SpringBootMockServletContext : Initializing Spring TestDispatcherServlet ''
2024-05-19T11:41:17.108+02:00  INFO 4876 --- [           main] o.s.t.web.servlet.TestDispatcherServlet  : Initializing Servlet ''
2024-05-19T11:41:17.109+02:00  INFO 4876 --- [           main] o.s.t.web.servlet.TestDispatcherServlet  : Completed initialization in 1 ms
2024-05-19T11:41:17.120+02:00  INFO 4876 --- [           main] c.o.d.c.AuthorControllerIntegrationTest  : Started AuthorControllerIntegrationTest in 0.561 seconds (process running for 24.866)
2024-05-19T11:41:17.125+02:00  INFO 4876 --- [   scheduling-1] c.o.database3.scheduled.AuthorWatcher    : There are 0 many authors in the database
2024-05-19T11:41:17.129+02:00  INFO 4876 --- [   scheduling-1] c.omar.database3.scheduled.BookWatcher   : There are 0 many books in the database
2024-05-19T11:41:17.129+02:00  INFO 4876 --- [   scheduling-1] c.omar.database3.scheduled.BookWatcher   : Go to the Postman ----------->
2024-05-19T11:41:17.129+02:00  INFO 4876 --- [   scheduling-1] c.omar.database3.scheduled.BookWatcher   : Use: Get, Put, Patch, Delete
2024-05-19T11:41:17.150+02:00  INFO 4876 --- [           main] j.LocalContainerEntityManagerFactoryBean : Closing JPA EntityManagerFactory for persistence unit 'default'
2024-05-19T11:41:17.152+02:00  INFO 4876 --- [           main] com.zaxxer.hikari.HikariDataSource       : HikariPool-13 - Shutdown initiated...
2024-05-19T11:41:17.172+02:00  INFO 4876 --- [           main] com.zaxxer.hikari.HikariDataSource       : HikariPool-13 - Shutdown completed.
]]></system-out>
  </testcase>
  <testcase name="testThatCreateAuthorSuccessfullyReturnsSavedAuthor" classname="com.omar.database3.controllers.AuthorControllerIntegrationTest" time="0.046">
    <system-out><![CDATA[  .   ____          _            __ _ _
 /\\ / ___'_ __ _ _(_)_ __  __ _ \ \ \ \
( ( )\___ | '_ | '_| | '_ \/ _` | \ \ \ \
 \\/  ___)| |_)| | | | | || (_| |  ) ) ) )
  '  |____| .__|_| |_|_| |_\__, | / / / /
 =========|_|==============|___/=/_/_/_/

 :: Spring Boot ::             (v3.3.0-M3)

2024-05-19T11:41:17.189+02:00  INFO 4876 --- [           main] c.o.d.c.AuthorControllerIntegrationTest  : Starting AuthorControllerIntegrationTest using Java 17.0.8 with PID 4876 (started by omars in D:\RestAPI)
2024-05-19T11:41:17.190+02:00  INFO 4876 --- [           main] c.o.d.c.AuthorControllerIntegrationTest  : No active profile set, falling back to 1 default profile: "default"
2024-05-19T11:41:17.344+02:00  INFO 4876 --- [           main] .s.d.r.c.RepositoryConfigurationDelegate : Bootstrapping Spring Data JPA repositories in DEFAULT mode.
2024-05-19T11:41:17.357+02:00  INFO 4876 --- [           main] .s.d.r.c.RepositoryConfigurationDelegate : Finished Spring Data repository scanning in 12 ms. Found 2 JPA repository interfaces.
2024-05-19T11:41:17.455+02:00  INFO 4876 --- [           main] com.zaxxer.hikari.HikariDataSource       : HikariPool-14 - Starting...
2024-05-19T11:41:17.456+02:00  INFO 4876 --- [           main] com.zaxxer.hikari.pool.HikariPool        : HikariPool-14 - Added connection conn117: url=jdbc:h2:mem:testdb user=SA
2024-05-19T11:41:17.456+02:00  INFO 4876 --- [           main] com.zaxxer.hikari.HikariDataSource       : HikariPool-14 - Start completed.
2024-05-19T11:41:17.457+02:00  INFO 4876 --- [           main] o.hibernate.jpa.internal.util.LogHelper  : HHH000204: Processing PersistenceUnitInfo [name: default]
2024-05-19T11:41:17.460+02:00  INFO 4876 --- [           main] o.h.c.internal.RegionFactoryInitiator    : HHH000026: Second-level cache disabled
2024-05-19T11:41:17.464+02:00  INFO 4876 --- [           main] o.s.o.j.p.SpringPersistenceUnitInfo      : No LoadTimeWeaver setup: ignoring JPA class transformer
2024-05-19T11:41:17.536+02:00  INFO 4876 --- [           main] o.h.e.t.j.p.i.JtaPlatformInitiator       : HHH000489: No JTA platform available (set 'hibernate.transaction.jta.platform' to enable JTA platform integration)
2024-05-19T11:41:17.542+02:00  INFO 4876 --- [           main] j.LocalContainerEntityManagerFactoryBean : Initialized JPA EntityManagerFactory for persistence unit 'default'
2024-05-19T11:41:17.605+02:00  WARN 4876 --- [           main] JpaBaseConfiguration$JpaWebConfiguration : spring.jpa.open-in-view is enabled by default. Therefore, database queries may be performed during view rendering. Explicitly configure spring.jpa.open-in-view to disable this warning
2024-05-19T11:41:17.726+02:00  INFO 4876 --- [           main] o.s.b.t.m.w.SpringBootMockServletContext : Initializing Spring TestDispatcherServlet ''
2024-05-19T11:41:17.727+02:00  INFO 4876 --- [           main] o.s.t.web.servlet.TestDispatcherServlet  : Initializing Servlet ''
2024-05-19T11:41:17.728+02:00  INFO 4876 --- [           main] o.s.t.web.servlet.TestDispatcherServlet  : Completed initialization in 1 ms
2024-05-19T11:41:17.733+02:00  INFO 4876 --- [           main] c.o.d.c.AuthorControllerIntegrationTest  : Started AuthorControllerIntegrationTest in 0.559 seconds (process running for 25.48)
2024-05-19T11:41:17.737+02:00  INFO 4876 --- [   scheduling-1] c.o.database3.scheduled.AuthorWatcher    : There are 0 many authors in the database
2024-05-19T11:41:17.741+02:00  INFO 4876 --- [   scheduling-1] c.omar.database3.scheduled.BookWatcher   : There are 0 many books in the database
2024-05-19T11:41:17.741+02:00  INFO 4876 --- [   scheduling-1] c.omar.database3.scheduled.BookWatcher   : Go to the Postman ----------->
2024-05-19T11:41:17.742+02:00  INFO 4876 --- [   scheduling-1] c.omar.database3.scheduled.BookWatcher   : Use: Get, Put, Patch, Delete
2024-05-19T11:41:17.758+02:00  INFO 4876 --- [           main] j.LocalContainerEntityManagerFactoryBean : Closing JPA EntityManagerFactory for persistence unit 'default'
2024-05-19T11:41:17.761+02:00  INFO 4876 --- [           main] com.zaxxer.hikari.HikariDataSource       : HikariPool-14 - Shutdown initiated...
2024-05-19T11:41:17.781+02:00  INFO 4876 --- [           main] com.zaxxer.hikari.HikariDataSource       : HikariPool-14 - Shutdown completed.
]]></system-out>
  </testcase>
</testsuite>